2026-04-06 13:08:33,365 | ============================================================
2026-04-06 13:08:33,365 | EXPERIMENT BETA — Config 2 (723K)
2026-04-06 13:08:33,365 | d=120 L=3 h=3 ff=480
2026-04-06 13:08:33,365 | Device: cuda
2026-04-06 13:08:33,365 | ============================================================
2026-04-06 13:08:33,442 | Loaded byte table: 110284 entries from C:\Users\Travi\OneDrive\Desktop\Project Beta\723kBeta\..\JalekCore_Base_Table.txt
2026-04-06 13:08:41,643 | bfloat16 enabled
2026-04-06 13:08:41,647 | Parameters: 722,760
2026-04-06 13:08:41,647 | Train: 393,816 | Eval: 20,728 | Batches/epoch: 1,538
2026-04-06 13:08:42,674 | Reference sentence (38 bytes): al [SPACE] mi [SPACE] indik [BOUNDARY] -i [SPACE] tr [BOUNDARY] -i [SPACE] en [SPACE] la [SPACE] supr [BOUNDARY] -a [SPACE] artikol [BOUNDARY] -o [SPACE] [SPACE] . [END]
2026-04-06 13:09:22,807 | Epoch 1 | Step 200 | Loss: 4.2809 | LR: 6.00e-05
2026-04-06 13:09:55,615 | Epoch 1 | Step 400 | Loss: 2.7056 | LR: 1.20e-04
2026-04-06 13:10:28,422 | Epoch 1 | Step 600 | Loss: 1.6673 | LR: 1.80e-04
2026-04-06 13:11:01,228 | Epoch 1 | Step 800 | Loss: 1.5145 | LR: 2.40e-04
2026-04-06 13:11:34,047 | Epoch 1 | Step 1,000 | Loss: 1.3484 | LR: 3.00e-04
2026-04-06 13:12:06,853 | Epoch 1 | Step 1,200 | Loss: 1.2713 | LR: 3.00e-04
2026-04-06 13:12:39,659 | Epoch 1 | Step 1,400 | Loss: 1.2154 | LR: 2.99e-04
2026-04-06 13:13:14,131 | Epoch 1 | Train: 2.2033 | Eval: 1.2534 | PPL: 3.50 | Time: 4.5m
2026-04-06 13:13:14,160 |   NEW BEST — saved
2026-04-06 13:13:24,372 | Epoch 2 | Step 1,600 | Loss: 1.2246 | LR: 2.99e-04
2026-04-06 13:13:57,174 | Epoch 2 | Step 1,800 | Loss: 1.1989 | LR: 2.98e-04
2026-04-06 13:14:29,981 | Epoch 2 | Step 2,000 | Loss: 1.1950 | LR: 2.96e-04
2026-04-06 13:15:02,778 | Epoch 2 | Step 2,200 | Loss: 1.2223 | LR: 2.95e-04
2026-04-06 13:15:35,632 | Epoch 2 | Step 2,400 | Loss: 1.1610 | LR: 2.93e-04
2026-04-06 13:16:08,594 | Epoch 2 | Step 2,600 | Loss: 1.1578 | LR: 2.91e-04
2026-04-06 13:16:41,423 | Epoch 2 | Step 2,800 | Loss: 1.1555 | LR: 2.89e-04
2026-04-06 13:17:14,259 | Epoch 2 | Step 3,000 | Loss: 1.1495 | LR: 2.86e-04
2026-04-06 13:17:31,753 | Epoch 2 | Train: 1.1901 | Eval: 1.1581 | PPL: 3.18 | Time: 8.8m
2026-04-06 13:17:31,781 |   NEW BEST — saved
2026-04-06 13:17:52,228 | Epoch 3 | Step 3,200 | Loss: 1.1600 | LR: 2.83e-04
2026-04-06 13:18:25,103 | Epoch 3 | Step 3,400 | Loss: 1.1173 | LR: 2.80e-04
2026-04-06 13:18:58,143 | Epoch 3 | Step 3,600 | Loss: 1.1451 | LR: 2.76e-04
2026-04-06 13:19:31,043 | Epoch 3 | Step 3,800 | Loss: 1.1633 | LR: 2.73e-04
2026-04-06 13:20:03,888 | Epoch 3 | Step 4,000 | Loss: 1.0828 | LR: 2.69e-04
2026-04-06 13:20:36,811 | Epoch 3 | Step 4,200 | Loss: 1.1620 | LR: 2.65e-04
2026-04-06 13:21:10,132 | Epoch 3 | Step 4,400 | Loss: 1.1098 | LR: 2.61e-04
2026-04-06 13:21:42,982 | Epoch 3 | Step 4,600 | Loss: 1.1172 | LR: 2.56e-04
2026-04-06 13:21:50,275 | Epoch 3 | Train: 1.1327 | Eval: 1.1250 | PPL: 3.08 | Time: 13.1m
2026-04-06 13:21:50,304 |   NEW BEST — saved
2026-04-06 13:22:20,956 | Epoch 4 | Step 4,800 | Loss: 1.0828 | LR: 2.51e-04
2026-04-06 13:22:53,887 | Epoch 4 | Step 5,000 | Loss: 1.0861 | LR: 2.46e-04
2026-04-06 13:23:26,841 | Epoch 4 | Step 5,200 | Loss: 1.0787 | LR: 2.41e-04
2026-04-06 13:23:59,687 | Epoch 4 | Step 5,400 | Loss: 1.1459 | LR: 2.36e-04
2026-04-06 13:24:32,569 | Epoch 4 | Step 5,600 | Loss: 1.1276 | LR: 2.30e-04
2026-04-06 13:25:05,481 | Epoch 4 | Step 5,800 | Loss: 1.1225 | LR: 2.25e-04
2026-04-06 13:25:38,337 | Epoch 4 | Step 6,000 | Loss: 1.1167 | LR: 2.19e-04
2026-04-06 13:26:08,378 | Epoch 4 | Train: 1.1080 | Eval: 1.1090 | PPL: 3.03 | Time: 17.4m
2026-04-06 13:26:08,407 |   NEW BEST — saved
2026-04-06 13:26:16,329 | Epoch 5 | Step 6,200 | Loss: 1.0972 | LR: 2.13e-04
2026-04-06 13:26:49,290 | Epoch 5 | Step 6,400 | Loss: 1.1375 | LR: 2.07e-04
2026-04-06 13:27:22,163 | Epoch 5 | Step 6,600 | Loss: 1.0651 | LR: 2.01e-04
2026-04-06 13:27:55,763 | Epoch 5 | Step 6,800 | Loss: 1.1186 | LR: 1.95e-04
2026-04-06 13:28:29,421 | Epoch 5 | Step 7,000 | Loss: 1.1358 | LR: 1.89e-04
2026-04-06 13:29:03,106 | Epoch 5 | Step 7,200 | Loss: 1.0684 | LR: 1.82e-04
2026-04-06 13:29:36,051 | Epoch 5 | Step 7,400 | Loss: 1.1191 | LR: 1.76e-04
2026-04-06 13:30:08,855 | Epoch 5 | Step 7,600 | Loss: 1.0703 | LR: 1.69e-04
2026-04-06 13:30:28,593 | Epoch 5 | Train: 1.0938 | Eval: 1.0980 | PPL: 3.00 | Time: 21.8m
2026-04-06 13:30:28,623 |   NEW BEST — saved
2026-04-06 13:30:46,702 | Epoch 6 | Step 7,800 | Loss: 1.0954 | LR: 1.63e-04
2026-04-06 13:31:19,505 | Epoch 6 | Step 8,000 | Loss: 1.0881 | LR: 1.56e-04
2026-04-06 13:31:52,308 | Epoch 6 | Step 8,200 | Loss: 1.0846 | LR: 1.50e-04
2026-04-06 13:32:25,405 | Epoch 6 | Step 8,400 | Loss: 1.0261 | LR: 1.43e-04
2026-04-06 13:32:58,213 | Epoch 6 | Step 8,600 | Loss: 1.0778 | LR: 1.37e-04
2026-04-06 13:33:30,970 | Epoch 6 | Step 8,800 | Loss: 1.0990 | LR: 1.30e-04
2026-04-06 13:34:03,728 | Epoch 6 | Step 9,000 | Loss: 1.0745 | LR: 1.24e-04
2026-04-06 13:34:36,493 | Epoch 6 | Step 9,200 | Loss: 1.0823 | LR: 1.17e-04
2026-04-06 13:34:46,054 | Epoch 6 | Train: 1.0842 | Eval: 1.0914 | PPL: 2.98 | Time: 26.1m
2026-04-06 13:34:46,083 |   NEW BEST — saved
2026-04-06 13:35:14,388 | Epoch 7 | Step 9,400 | Loss: 1.0292 | LR: 1.11e-04
2026-04-06 13:35:47,335 | Epoch 7 | Step 9,600 | Loss: 1.0589 | LR: 1.05e-04
2026-04-06 13:36:20,193 | Epoch 7 | Step 9,800 | Loss: 1.0991 | LR: 9.84e-05
2026-04-06 13:36:53,194 | Epoch 7 | Step 10,000 | Loss: 1.0621 | LR: 9.22e-05
2026-04-06 13:37:26,078 | Epoch 7 | Step 10,200 | Loss: 1.0794 | LR: 8.63e-05
2026-04-06 13:37:59,037 | Epoch 7 | Step 10,400 | Loss: 1.0969 | LR: 8.04e-05
2026-04-06 13:38:31,904 | Epoch 7 | Step 10,600 | Loss: 1.0744 | LR: 7.47e-05
2026-04-06 13:39:04,192 | Epoch 7 | Train: 1.0774 | Eval: 1.0876 | PPL: 2.97 | Time: 30.4m
2026-04-06 13:39:04,221 |   NEW BEST — saved
2026-04-06 13:39:09,843 | Epoch 8 | Step 10,800 | Loss: 1.0523 | LR: 6.91e-05
2026-04-06 13:39:42,782 | Epoch 8 | Step 11,000 | Loss: 1.0820 | LR: 6.36e-05
2026-04-06 13:40:15,587 | Epoch 8 | Step 11,200 | Loss: 1.0979 | LR: 5.83e-05
2026-04-06 13:40:48,384 | Epoch 8 | Step 11,400 | Loss: 1.0970 | LR: 5.32e-05
2026-04-06 13:41:21,183 | Epoch 8 | Step 11,600 | Loss: 1.0698 | LR: 4.83e-05
2026-04-06 13:41:53,983 | Epoch 8 | Step 11,800 | Loss: 1.0750 | LR: 4.36e-05
2026-04-06 13:42:26,794 | Epoch 8 | Step 12,000 | Loss: 1.0551 | LR: 3.91e-05
2026-04-06 13:42:59,636 | Epoch 8 | Step 12,200 | Loss: 1.0497 | LR: 3.48e-05
2026-04-06 13:43:21,779 | Epoch 8 | Train: 1.0735 | Eval: 1.0855 | PPL: 2.96 | Time: 34.6m
2026-04-06 13:43:21,809 |   NEW BEST — saved
2026-04-06 13:43:37,939 | Epoch 9 | Step 12,400 | Loss: 1.0631 | LR: 3.07e-05
2026-04-06 13:44:10,762 | Epoch 9 | Step 12,600 | Loss: 1.0657 | LR: 2.68e-05
2026-04-06 13:44:43,756 | Epoch 9 | Step 12,800 | Loss: 1.0954 | LR: 2.32e-05
2026-04-06 13:45:16,858 | Epoch 9 | Step 13,000 | Loss: 1.0916 | LR: 1.98e-05
2026-04-06 13:45:49,737 | Epoch 9 | Step 13,200 | Loss: 1.0804 | LR: 1.67e-05
2026-04-06 13:46:22,594 | Epoch 9 | Step 13,400 | Loss: 1.0695 | LR: 1.38e-05
2026-04-06 13:46:55,497 | Epoch 9 | Step 13,600 | Loss: 1.0461 | LR: 1.12e-05
2026-04-06 13:47:28,365 | Epoch 9 | Step 13,800 | Loss: 1.0556 | LR: 8.86e-06
2026-04-06 13:47:40,340 | Epoch 9 | Train: 1.0720 | Eval: 1.0853 | PPL: 2.96 | Time: 39.0m
2026-04-06 13:47:40,371 |   NEW BEST — saved
2026-04-06 13:48:06,804 | Epoch 10 | Step 14,000 | Loss: 1.0513 | LR: 6.78e-06
2026-04-06 13:48:39,734 | Epoch 10 | Step 14,200 | Loss: 1.0464 | LR: 4.97e-06
2026-04-06 13:49:12,643 | Epoch 10 | Step 14,400 | Loss: 1.1140 | LR: 3.43e-06
2026-04-06 13:49:45,512 | Epoch 10 | Step 14,600 | Loss: 1.1248 | LR: 2.18e-06
2026-04-06 13:50:18,733 | Epoch 10 | Step 14,800 | Loss: 1.0820 | LR: 1.21e-06
2026-04-06 13:50:51,889 | Epoch 10 | Step 15,000 | Loss: 1.0269 | LR: 5.19e-07
2026-04-06 13:51:24,778 | Epoch 10 | Step 15,200 | Loss: 1.0792 | LR: 1.17e-07
2026-04-06 13:51:59,275 | Epoch 10 | Train: 1.0716 | Eval: 1.0855 | PPL: 2.96 | Time: 43.3m
2026-04-06 13:51:59,302 |   No improvement (1/3)
2026-04-06 13:51:59,303 | 
2026-04-06 13:51:59,303 | ============================================================
2026-04-06 13:51:59,303 | Config 2 (723K) COMPLETE
2026-04-06 13:51:59,303 | Best eval loss: 1.0853 | Best PPL: 2.96
2026-04-06 13:51:59,303 | Total time: 43.3m | Epochs: 10
2026-04-06 13:51:59,303 | ============================================================
