2026-04-05 22:07:51,217 | ============================================================
2026-04-05 22:07:51,219 | BPE Baseline A — English-only, BPE tokenized
2026-04-05 22:07:51,220 | ============================================================
2026-04-05 22:07:51,222 | Device: cuda
2026-04-05 22:08:06,097 | Chains: 1,854,960
2026-04-05 22:08:06,250 | Train: 1,762,212 | Eval: 92,748 | Batches/epoch: 27,534
2026-04-05 22:08:06,632 | Params: 7,185,024 | Arch: 3L d=384 8h ff=1344 vocab=2000
2026-04-05 22:08:07,770 | Steps: 82,602 | Epochs: 3 | Batch: 64 | LR: 0.0003
2026-04-05 22:08:07,772 | 
2026-04-05 22:08:16,049 | Epoch 1/3 | Step 100 | Loss: 7.0425 | LR: 3.00e-05
2026-04-05 22:08:23,760 | Epoch 1/3 | Step 200 | Loss: 6.4515 | LR: 6.00e-05
2026-04-05 22:08:31,357 | Epoch 1/3 | Step 300 | Loss: 6.2714 | LR: 9.00e-05
2026-04-05 22:08:38,900 | Epoch 1/3 | Step 400 | Loss: 5.9450 | LR: 1.20e-04
2026-04-05 22:08:46,443 | Epoch 1/3 | Step 500 | Loss: 5.6398 | LR: 1.50e-04
2026-04-05 22:08:53,974 | Epoch 1/3 | Step 600 | Loss: 5.4137 | LR: 1.80e-04
2026-04-05 22:09:01,500 | Epoch 1/3 | Step 700 | Loss: 5.3296 | LR: 2.10e-04
2026-04-05 22:09:09,043 | Epoch 1/3 | Step 800 | Loss: 5.0333 | LR: 2.40e-04
2026-04-05 22:09:16,607 | Epoch 1/3 | Step 900 | Loss: 4.8615 | LR: 2.70e-04
2026-04-05 22:09:24,161 | Epoch 1/3 | Step 1,000 | Loss: 4.7492 | LR: 3.00e-04
2026-04-05 22:10:06,049 |   EVAL | Loss: 4.7236 | Perplexity: 112.57
2026-04-05 22:10:06,176 |   NEW BEST
2026-04-05 22:10:13,698 | Epoch 1/3 | Step 1,100 | Loss: 4.6811 | LR: 3.00e-04
2026-04-05 22:10:21,233 | Epoch 1/3 | Step 1,200 | Loss: 4.4073 | LR: 3.00e-04
2026-04-05 22:10:28,748 | Epoch 1/3 | Step 1,300 | Loss: 4.4402 | LR: 3.00e-04
2026-04-05 22:10:36,256 | Epoch 1/3 | Step 1,400 | Loss: 4.3334 | LR: 3.00e-04
2026-04-05 22:10:43,801 | Epoch 1/3 | Step 1,500 | Loss: 4.3817 | LR: 3.00e-04
2026-04-05 22:10:51,356 | Epoch 1/3 | Step 1,600 | Loss: 4.2965 | LR: 3.00e-04
2026-04-05 22:10:58,894 | Epoch 1/3 | Step 1,700 | Loss: 4.2986 | LR: 3.00e-04
2026-04-05 22:11:06,419 | Epoch 1/3 | Step 1,800 | Loss: 4.0915 | LR: 3.00e-04
2026-04-05 22:11:13,943 | Epoch 1/3 | Step 1,900 | Loss: 4.2358 | LR: 3.00e-04
2026-04-05 22:11:21,470 | Epoch 1/3 | Step 2,000 | Loss: 4.1161 | LR: 3.00e-04
2026-04-05 22:12:03,626 |   EVAL | Loss: 4.1424 | Perplexity: 62.95
2026-04-05 22:12:03,754 |   NEW BEST
2026-04-05 22:12:11,297 | Epoch 1/3 | Step 2,100 | Loss: 3.9927 | LR: 3.00e-04
2026-04-05 22:12:18,858 | Epoch 1/3 | Step 2,200 | Loss: 4.1022 | LR: 3.00e-04
2026-04-05 22:12:26,391 | Epoch 1/3 | Step 2,300 | Loss: 4.2515 | LR: 3.00e-04
2026-04-05 22:12:33,926 | Epoch 1/3 | Step 2,400 | Loss: 4.0880 | LR: 3.00e-04
2026-04-05 22:12:41,497 | Epoch 1/3 | Step 2,500 | Loss: 3.9767 | LR: 3.00e-04
2026-04-05 22:12:49,025 | Epoch 1/3 | Step 2,600 | Loss: 4.1589 | LR: 3.00e-04
2026-04-05 22:12:56,581 | Epoch 1/3 | Step 2,700 | Loss: 3.9545 | LR: 3.00e-04
2026-04-05 22:13:04,138 | Epoch 1/3 | Step 2,800 | Loss: 4.0009 | LR: 3.00e-04
2026-04-05 22:13:11,673 | Epoch 1/3 | Step 2,900 | Loss: 3.8196 | LR: 3.00e-04
2026-04-05 22:13:19,240 | Epoch 1/3 | Step 3,000 | Loss: 4.0330 | LR: 3.00e-04
2026-04-05 22:14:01,689 |   EVAL | Loss: 3.9834 | Perplexity: 53.70
2026-04-05 22:14:01,821 |   NEW BEST
2026-04-05 22:14:09,352 | Epoch 1/3 | Step 3,100 | Loss: 3.9256 | LR: 3.00e-04
2026-04-05 22:14:16,873 | Epoch 1/3 | Step 3,200 | Loss: 3.8455 | LR: 2.99e-04
2026-04-05 22:14:24,373 | Epoch 1/3 | Step 3,300 | Loss: 4.0492 | LR: 2.99e-04
2026-04-05 22:14:31,914 | Epoch 1/3 | Step 3,400 | Loss: 3.9749 | LR: 2.99e-04
2026-04-05 22:14:39,472 | Epoch 1/3 | Step 3,500 | Loss: 3.9774 | LR: 2.99e-04
2026-04-05 22:14:47,005 | Epoch 1/3 | Step 3,600 | Loss: 4.0059 | LR: 2.99e-04
2026-04-05 22:14:54,554 | Epoch 1/3 | Step 3,700 | Loss: 3.7423 | LR: 2.99e-04
2026-04-05 22:15:02,107 | Epoch 1/3 | Step 3,800 | Loss: 3.9013 | LR: 2.99e-04
2026-04-05 22:15:09,655 | Epoch 1/3 | Step 3,900 | Loss: 3.9469 | LR: 2.99e-04
2026-04-05 22:15:17,199 | Epoch 1/3 | Step 4,000 | Loss: 3.8075 | LR: 2.99e-04
2026-04-05 22:15:59,556 |   EVAL | Loss: 3.8900 | Perplexity: 48.91
2026-04-05 22:15:59,666 |   NEW BEST
2026-04-05 22:16:07,197 | Epoch 1/3 | Step 4,100 | Loss: 4.0959 | LR: 2.99e-04
2026-04-05 22:16:14,709 | Epoch 1/3 | Step 4,200 | Loss: 3.7438 | LR: 2.99e-04
2026-04-05 22:16:22,241 | Epoch 1/3 | Step 4,300 | Loss: 3.7717 | LR: 2.99e-04
2026-04-05 22:16:29,789 | Epoch 1/3 | Step 4,400 | Loss: 3.9871 | LR: 2.99e-04
2026-04-05 22:16:37,331 | Epoch 1/3 | Step 4,500 | Loss: 3.8065 | LR: 2.99e-04
2026-04-05 22:16:44,867 | Epoch 1/3 | Step 4,600 | Loss: 3.6885 | LR: 2.99e-04
2026-04-05 22:16:52,392 | Epoch 1/3 | Step 4,700 | Loss: 3.9673 | LR: 2.98e-04
2026-04-05 22:16:59,932 | Epoch 1/3 | Step 4,800 | Loss: 3.9589 | LR: 2.98e-04
2026-04-05 22:17:07,466 | Epoch 1/3 | Step 4,900 | Loss: 3.7773 | LR: 2.98e-04
2026-04-05 22:17:15,025 | Epoch 1/3 | Step 5,000 | Loss: 3.7966 | LR: 2.98e-04
2026-04-05 22:17:57,474 |   EVAL | Loss: 3.8238 | Perplexity: 45.78
2026-04-05 22:17:57,575 |   NEW BEST
2026-04-05 22:18:05,134 | Epoch 1/3 | Step 5,100 | Loss: 3.8509 | LR: 2.98e-04
2026-04-05 22:18:12,713 | Epoch 1/3 | Step 5,200 | Loss: 3.8585 | LR: 2.98e-04
2026-04-05 22:18:20,280 | Epoch 1/3 | Step 5,300 | Loss: 3.9275 | LR: 2.98e-04
2026-04-05 22:18:27,834 | Epoch 1/3 | Step 5,400 | Loss: 3.7425 | LR: 2.98e-04
2026-04-05 22:18:35,406 | Epoch 1/3 | Step 5,500 | Loss: 3.7293 | LR: 2.98e-04
2026-04-05 22:18:42,977 | Epoch 1/3 | Step 5,600 | Loss: 3.8841 | LR: 2.98e-04
2026-04-05 22:18:50,537 | Epoch 1/3 | Step 5,700 | Loss: 3.7995 | LR: 2.98e-04
2026-04-05 22:18:58,060 | Epoch 1/3 | Step 5,800 | Loss: 3.8479 | LR: 2.97e-04
2026-04-05 22:19:05,622 | Epoch 1/3 | Step 5,900 | Loss: 3.7553 | LR: 2.97e-04
2026-04-05 22:19:13,157 | Epoch 1/3 | Step 6,000 | Loss: 3.8145 | LR: 2.97e-04
2026-04-05 22:19:55,366 |   EVAL | Loss: 3.7804 | Perplexity: 43.83
2026-04-05 22:19:55,485 |   NEW BEST
2026-04-05 22:20:03,048 | Epoch 1/3 | Step 6,100 | Loss: 3.8077 | LR: 2.97e-04
2026-04-05 22:20:10,577 | Epoch 1/3 | Step 6,200 | Loss: 3.6541 | LR: 2.97e-04
2026-04-05 22:20:18,129 | Epoch 1/3 | Step 6,300 | Loss: 3.6932 | LR: 2.97e-04
2026-04-05 22:20:25,681 | Epoch 1/3 | Step 6,400 | Loss: 3.7226 | LR: 2.97e-04
2026-04-05 22:20:33,231 | Epoch 1/3 | Step 6,500 | Loss: 3.8790 | LR: 2.97e-04
2026-04-05 22:20:40,801 | Epoch 1/3 | Step 6,600 | Loss: 3.8074 | LR: 2.97e-04
2026-04-05 22:20:48,477 | Epoch 1/3 | Step 6,700 | Loss: 3.8155 | LR: 2.96e-04
2026-04-05 22:20:56,018 | Epoch 1/3 | Step 6,800 | Loss: 3.7089 | LR: 2.96e-04
2026-04-05 22:21:03,556 | Epoch 1/3 | Step 6,900 | Loss: 3.8686 | LR: 2.96e-04
2026-04-05 22:21:11,090 | Epoch 1/3 | Step 7,000 | Loss: 3.8648 | LR: 2.96e-04
2026-04-05 22:21:53,224 |   EVAL | Loss: 3.7419 | Perplexity: 42.18
2026-04-05 22:21:53,342 |   NEW BEST
2026-04-05 22:22:00,903 | Epoch 1/3 | Step 7,100 | Loss: 3.6735 | LR: 2.96e-04
2026-04-05 22:22:08,434 | Epoch 1/3 | Step 7,200 | Loss: 3.7100 | LR: 2.96e-04
2026-04-05 22:22:15,963 | Epoch 1/3 | Step 7,300 | Loss: 3.7204 | LR: 2.96e-04
2026-04-05 22:22:23,510 | Epoch 1/3 | Step 7,400 | Loss: 3.8362 | LR: 2.95e-04
2026-04-05 22:22:31,040 | Epoch 1/3 | Step 7,500 | Loss: 3.6577 | LR: 2.95e-04
2026-04-05 22:22:38,556 | Epoch 1/3 | Step 7,600 | Loss: 3.8227 | LR: 2.95e-04
2026-04-05 22:22:46,091 | Epoch 1/3 | Step 7,700 | Loss: 3.7908 | LR: 2.95e-04
2026-04-05 22:22:53,647 | Epoch 1/3 | Step 7,800 | Loss: 3.6375 | LR: 2.95e-04
2026-04-05 22:23:01,189 | Epoch 1/3 | Step 7,900 | Loss: 3.7799 | LR: 2.95e-04
2026-04-05 22:23:08,733 | Epoch 1/3 | Step 8,000 | Loss: 3.7710 | LR: 2.95e-04
2026-04-05 22:23:51,127 |   EVAL | Loss: 3.7147 | Perplexity: 41.04
2026-04-05 22:23:51,244 |   NEW BEST
2026-04-05 22:23:58,848 | Epoch 1/3 | Step 8,100 | Loss: 3.7660 | LR: 2.94e-04
2026-04-05 22:24:06,433 | Epoch 1/3 | Step 8,200 | Loss: 3.7129 | LR: 2.94e-04
2026-04-05 22:24:14,005 | Epoch 1/3 | Step 8,300 | Loss: 3.6882 | LR: 2.94e-04
2026-04-05 22:24:21,578 | Epoch 1/3 | Step 8,400 | Loss: 3.8134 | LR: 2.94e-04
2026-04-05 22:24:29,145 | Epoch 1/3 | Step 8,500 | Loss: 3.7551 | LR: 2.94e-04
2026-04-05 22:24:36,697 | Epoch 1/3 | Step 8,600 | Loss: 3.6841 | LR: 2.94e-04
2026-04-05 22:24:44,299 | Epoch 1/3 | Step 8,700 | Loss: 3.7801 | LR: 2.93e-04
2026-04-05 22:24:51,857 | Epoch 1/3 | Step 8,800 | Loss: 3.6546 | LR: 2.93e-04
2026-04-05 22:24:59,412 | Epoch 1/3 | Step 8,900 | Loss: 3.5066 | LR: 2.93e-04
2026-04-05 22:25:06,982 | Epoch 1/3 | Step 9,000 | Loss: 3.6476 | LR: 2.93e-04
2026-04-05 22:25:50,539 |   EVAL | Loss: 3.6833 | Perplexity: 39.78
2026-04-05 22:25:50,667 |   NEW BEST
2026-04-05 22:25:58,246 | Epoch 1/3 | Step 9,100 | Loss: 3.6959 | LR: 2.93e-04
2026-04-05 22:26:05,838 | Epoch 1/3 | Step 9,200 | Loss: 3.6213 | LR: 2.93e-04
2026-04-05 22:26:13,441 | Epoch 1/3 | Step 9,300 | Loss: 3.6944 | LR: 2.92e-04
2026-04-05 22:26:21,009 | Epoch 1/3 | Step 9,400 | Loss: 3.6659 | LR: 2.92e-04
2026-04-05 22:26:28,589 | Epoch 1/3 | Step 9,500 | Loss: 3.6755 | LR: 2.92e-04
2026-04-05 22:26:36,184 | Epoch 1/3 | Step 9,600 | Loss: 3.7720 | LR: 2.92e-04
2026-04-05 22:26:43,759 | Epoch 1/3 | Step 9,700 | Loss: 3.6929 | LR: 2.92e-04
2026-04-05 22:26:51,311 | Epoch 1/3 | Step 9,800 | Loss: 3.6168 | LR: 2.91e-04
2026-04-05 22:26:58,842 | Epoch 1/3 | Step 9,900 | Loss: 3.6010 | LR: 2.91e-04
2026-04-05 22:27:06,384 | Epoch 1/3 | Step 10,000 | Loss: 3.6199 | LR: 2.91e-04
2026-04-05 22:27:48,779 |   EVAL | Loss: 3.6607 | Perplexity: 38.89
2026-04-05 22:27:48,903 |   NEW BEST
2026-04-05 22:27:56,466 | Epoch 1/3 | Step 10,100 | Loss: 3.6207 | LR: 2.91e-04
2026-04-05 22:28:04,020 | Epoch 1/3 | Step 10,200 | Loss: 3.4287 | LR: 2.91e-04
2026-04-05 22:28:11,565 | Epoch 1/3 | Step 10,300 | Loss: 3.6969 | LR: 2.90e-04
2026-04-05 22:28:19,113 | Epoch 1/3 | Step 10,400 | Loss: 3.7964 | LR: 2.90e-04
2026-04-05 22:28:26,675 | Epoch 1/3 | Step 10,500 | Loss: 3.6367 | LR: 2.90e-04
2026-04-05 22:28:34,223 | Epoch 1/3 | Step 10,600 | Loss: 3.5566 | LR: 2.90e-04
2026-04-05 22:28:41,751 | Epoch 1/3 | Step 10,700 | Loss: 3.6007 | LR: 2.90e-04
2026-04-05 22:28:49,296 | Epoch 1/3 | Step 10,800 | Loss: 3.7308 | LR: 2.89e-04
2026-04-05 22:28:56,849 | Epoch 1/3 | Step 10,900 | Loss: 3.5673 | LR: 2.89e-04
2026-04-05 22:29:04,393 | Epoch 1/3 | Step 11,000 | Loss: 3.5985 | LR: 2.89e-04
2026-04-05 22:29:46,811 |   EVAL | Loss: 3.6421 | Perplexity: 38.17
2026-04-05 22:29:46,917 |   NEW BEST
2026-04-05 22:29:54,458 | Epoch 1/3 | Step 11,100 | Loss: 3.7035 | LR: 2.89e-04
2026-04-05 22:30:02,002 | Epoch 1/3 | Step 11,200 | Loss: 3.6703 | LR: 2.89e-04
2026-04-05 22:30:09,582 | Epoch 1/3 | Step 11,300 | Loss: 3.7760 | LR: 2.88e-04
2026-04-05 22:30:17,131 | Epoch 1/3 | Step 11,400 | Loss: 3.6860 | LR: 2.88e-04
2026-04-05 22:30:24,677 | Epoch 1/3 | Step 11,500 | Loss: 3.6143 | LR: 2.88e-04
2026-04-05 22:30:32,234 | Epoch 1/3 | Step 11,600 | Loss: 3.5628 | LR: 2.88e-04
2026-04-05 22:30:39,770 | Epoch 1/3 | Step 11,700 | Loss: 3.6358 | LR: 2.87e-04
2026-04-05 22:30:47,305 | Epoch 1/3 | Step 11,800 | Loss: 3.7716 | LR: 2.87e-04
2026-04-05 22:30:54,836 | Epoch 1/3 | Step 11,900 | Loss: 3.5197 | LR: 2.87e-04
2026-04-05 22:31:02,377 | Epoch 1/3 | Step 12,000 | Loss: 3.8106 | LR: 2.87e-04
2026-04-05 22:31:44,617 |   EVAL | Loss: 3.6229 | Perplexity: 37.45
2026-04-05 22:31:44,771 |   NEW BEST
2026-04-05 22:31:52,311 | Epoch 1/3 | Step 12,100 | Loss: 3.4201 | LR: 2.87e-04
2026-04-05 22:31:59,837 | Epoch 1/3 | Step 12,200 | Loss: 3.7807 | LR: 2.86e-04
2026-04-05 22:32:07,362 | Epoch 1/3 | Step 12,300 | Loss: 3.5334 | LR: 2.86e-04
2026-04-05 22:32:14,886 | Epoch 1/3 | Step 12,400 | Loss: 3.5835 | LR: 2.86e-04
2026-04-05 22:32:22,440 | Epoch 1/3 | Step 12,500 | Loss: 3.4987 | LR: 2.86e-04
2026-04-05 22:32:29,992 | Epoch 1/3 | Step 12,600 | Loss: 3.4094 | LR: 2.85e-04
2026-04-05 22:32:37,545 | Epoch 1/3 | Step 12,700 | Loss: 3.6058 | LR: 2.85e-04
2026-04-05 22:32:45,070 | Epoch 1/3 | Step 12,800 | Loss: 3.7255 | LR: 2.85e-04
2026-04-05 22:32:52,599 | Epoch 1/3 | Step 12,900 | Loss: 3.3911 | LR: 2.85e-04
2026-04-05 22:33:00,117 | Epoch 1/3 | Step 13,000 | Loss: 3.6206 | LR: 2.84e-04
2026-04-05 22:33:42,190 |   EVAL | Loss: 3.6084 | Perplexity: 36.91
2026-04-05 22:33:42,383 |   NEW BEST
2026-04-05 22:33:49,930 | Epoch 1/3 | Step 13,100 | Loss: 3.5840 | LR: 2.84e-04
2026-04-05 22:33:57,467 | Epoch 1/3 | Step 13,200 | Loss: 3.8081 | LR: 2.84e-04
2026-04-05 22:34:04,992 | Epoch 1/3 | Step 13,300 | Loss: 3.5549 | LR: 2.83e-04
2026-04-05 22:34:12,523 | Epoch 1/3 | Step 13,400 | Loss: 3.6477 | LR: 2.83e-04
2026-04-05 22:34:20,043 | Epoch 1/3 | Step 13,500 | Loss: 3.6740 | LR: 2.83e-04
2026-04-05 22:34:27,564 | Epoch 1/3 | Step 13,600 | Loss: 3.7996 | LR: 2.83e-04
2026-04-05 22:34:35,098 | Epoch 1/3 | Step 13,700 | Loss: 3.5818 | LR: 2.82e-04
2026-04-05 22:34:42,627 | Epoch 1/3 | Step 13,800 | Loss: 3.5658 | LR: 2.82e-04
2026-04-05 22:34:50,157 | Epoch 1/3 | Step 13,900 | Loss: 3.6111 | LR: 2.82e-04
2026-04-05 22:34:57,685 | Epoch 1/3 | Step 14,000 | Loss: 3.6952 | LR: 2.82e-04
2026-04-05 22:35:39,637 |   EVAL | Loss: 3.5900 | Perplexity: 36.23
2026-04-05 22:35:39,759 |   NEW BEST
2026-04-05 22:35:47,286 | Epoch 1/3 | Step 14,100 | Loss: 3.7213 | LR: 2.81e-04
2026-04-05 22:35:54,826 | Epoch 1/3 | Step 14,200 | Loss: 3.6451 | LR: 2.81e-04
2026-04-05 22:36:02,365 | Epoch 1/3 | Step 14,300 | Loss: 3.7175 | LR: 2.81e-04
2026-04-05 22:36:09,904 | Epoch 1/3 | Step 14,400 | Loss: 3.3929 | LR: 2.80e-04
2026-04-05 22:36:17,457 | Epoch 1/3 | Step 14,500 | Loss: 3.4973 | LR: 2.80e-04
2026-04-05 22:36:25,010 | Epoch 1/3 | Step 14,600 | Loss: 3.5945 | LR: 2.80e-04
2026-04-05 22:36:33,635 | Epoch 1/3 | Step 14,700 | Loss: 3.5807 | LR: 2.80e-04
2026-04-05 22:36:41,194 | Epoch 1/3 | Step 14,800 | Loss: 3.6203 | LR: 2.79e-04
2026-04-05 22:36:48,733 | Epoch 1/3 | Step 14,900 | Loss: 3.4916 | LR: 2.79e-04
2026-04-05 22:36:56,263 | Epoch 1/3 | Step 15,000 | Loss: 3.5042 | LR: 2.79e-04
2026-04-05 22:37:38,379 |   EVAL | Loss: 3.5776 | Perplexity: 35.79
2026-04-05 22:37:38,502 |   NEW BEST
2026-04-05 22:37:46,043 | Epoch 1/3 | Step 15,100 | Loss: 3.4712 | LR: 2.78e-04
2026-04-05 22:37:53,579 | Epoch 1/3 | Step 15,200 | Loss: 3.6641 | LR: 2.78e-04
2026-04-05 22:38:01,111 | Epoch 1/3 | Step 15,300 | Loss: 3.5677 | LR: 2.78e-04
2026-04-05 22:38:08,638 | Epoch 1/3 | Step 15,400 | Loss: 3.5637 | LR: 2.78e-04
2026-04-05 22:38:16,166 | Epoch 1/3 | Step 15,500 | Loss: 3.5978 | LR: 2.77e-04
2026-04-05 22:38:23,706 | Epoch 1/3 | Step 15,600 | Loss: 3.6133 | LR: 2.77e-04
2026-04-05 22:38:31,239 | Epoch 1/3 | Step 15,700 | Loss: 3.5600 | LR: 2.77e-04
2026-04-05 22:38:38,768 | Epoch 1/3 | Step 15,800 | Loss: 3.6225 | LR: 2.76e-04
2026-04-05 22:38:46,299 | Epoch 1/3 | Step 15,900 | Loss: 3.5536 | LR: 2.76e-04
2026-04-05 22:38:53,826 | Epoch 1/3 | Step 16,000 | Loss: 3.7050 | LR: 2.76e-04
2026-04-05 22:39:36,226 |   EVAL | Loss: 3.5646 | Perplexity: 35.33
2026-04-05 22:39:36,398 |   NEW BEST
2026-04-05 22:39:43,972 | Epoch 1/3 | Step 16,100 | Loss: 3.4695 | LR: 2.75e-04
2026-04-05 22:39:51,540 | Epoch 1/3 | Step 16,200 | Loss: 3.6261 | LR: 2.75e-04
2026-04-05 22:39:59,133 | Epoch 1/3 | Step 16,300 | Loss: 3.6614 | LR: 2.75e-04
2026-04-05 22:40:06,722 | Epoch 1/3 | Step 16,400 | Loss: 3.5994 | LR: 2.74e-04
2026-04-05 22:40:14,249 | Epoch 1/3 | Step 16,500 | Loss: 3.4079 | LR: 2.74e-04
2026-04-05 22:40:21,774 | Epoch 1/3 | Step 16,600 | Loss: 3.5376 | LR: 2.74e-04
2026-04-05 22:40:29,303 | Epoch 1/3 | Step 16,700 | Loss: 3.4741 | LR: 2.73e-04
2026-04-05 22:40:36,854 | Epoch 1/3 | Step 16,800 | Loss: 3.6606 | LR: 2.73e-04
2026-04-05 22:40:44,392 | Epoch 1/3 | Step 16,900 | Loss: 3.5237 | LR: 2.73e-04
2026-04-05 22:40:51,916 | Epoch 1/3 | Step 17,000 | Loss: 3.5642 | LR: 2.72e-04
2026-04-05 22:41:34,026 |   EVAL | Loss: 3.5525 | Perplexity: 34.90
2026-04-05 22:41:34,188 |   NEW BEST
2026-04-05 22:41:41,731 | Epoch 1/3 | Step 17,100 | Loss: 3.6166 | LR: 2.72e-04
2026-04-05 22:41:49,267 | Epoch 1/3 | Step 17,200 | Loss: 3.4774 | LR: 2.72e-04
2026-04-05 22:41:56,799 | Epoch 1/3 | Step 17,300 | Loss: 3.6088 | LR: 2.71e-04
2026-04-05 22:42:04,325 | Epoch 1/3 | Step 17,400 | Loss: 3.6305 | LR: 2.71e-04
2026-04-05 22:42:12,005 | Epoch 1/3 | Step 17,500 | Loss: 3.4119 | LR: 2.71e-04
2026-04-05 22:42:19,557 | Epoch 1/3 | Step 17,600 | Loss: 3.4546 | LR: 2.70e-04
2026-04-05 22:42:27,107 | Epoch 1/3 | Step 17,700 | Loss: 3.5210 | LR: 2.70e-04
2026-04-05 22:42:34,646 | Epoch 1/3 | Step 17,800 | Loss: 3.6911 | LR: 2.70e-04
2026-04-05 22:42:42,194 | Epoch 1/3 | Step 17,900 | Loss: 3.4411 | LR: 2.69e-04
2026-04-05 22:42:49,723 | Epoch 1/3 | Step 18,000 | Loss: 3.5031 | LR: 2.69e-04
2026-04-05 22:43:31,834 |   EVAL | Loss: 3.5383 | Perplexity: 34.41
2026-04-05 22:43:31,952 |   NEW BEST
2026-04-05 22:43:39,484 | Epoch 1/3 | Step 18,100 | Loss: 3.4694 | LR: 2.69e-04
2026-04-05 22:43:47,027 | Epoch 1/3 | Step 18,200 | Loss: 3.5026 | LR: 2.68e-04
2026-04-05 22:43:54,563 | Epoch 1/3 | Step 18,300 | Loss: 3.6668 | LR: 2.68e-04
2026-04-05 22:44:02,106 | Epoch 1/3 | Step 18,400 | Loss: 3.4690 | LR: 2.68e-04
2026-04-05 22:44:09,650 | Epoch 1/3 | Step 18,500 | Loss: 3.7291 | LR: 2.67e-04
2026-04-05 22:44:17,181 | Epoch 1/3 | Step 18,600 | Loss: 3.4591 | LR: 2.67e-04
2026-04-05 22:44:24,756 | Epoch 1/3 | Step 18,700 | Loss: 3.3575 | LR: 2.67e-04
2026-04-05 22:44:32,264 | Epoch 1/3 | Step 18,800 | Loss: 3.5767 | LR: 2.66e-04
2026-04-05 22:44:39,790 | Epoch 1/3 | Step 18,900 | Loss: 3.5238 | LR: 2.66e-04
2026-04-05 22:44:47,306 | Epoch 1/3 | Step 19,000 | Loss: 3.5489 | LR: 2.65e-04
2026-04-05 22:45:29,573 |   EVAL | Loss: 3.5285 | Perplexity: 34.07
2026-04-05 22:45:29,681 |   NEW BEST
2026-04-05 22:45:37,215 | Epoch 1/3 | Step 19,100 | Loss: 3.2789 | LR: 2.65e-04
2026-04-05 22:45:44,764 | Epoch 1/3 | Step 19,200 | Loss: 3.5140 | LR: 2.65e-04
2026-04-05 22:45:52,302 | Epoch 1/3 | Step 19,300 | Loss: 3.5934 | LR: 2.64e-04
2026-04-05 22:45:59,833 | Epoch 1/3 | Step 19,400 | Loss: 3.5274 | LR: 2.64e-04
2026-04-05 22:46:07,367 | Epoch 1/3 | Step 19,500 | Loss: 3.5338 | LR: 2.64e-04
2026-04-05 22:46:14,896 | Epoch 1/3 | Step 19,600 | Loss: 3.4533 | LR: 2.63e-04
2026-04-05 22:46:22,426 | Epoch 1/3 | Step 19,700 | Loss: 3.5499 | LR: 2.63e-04
2026-04-05 22:46:29,965 | Epoch 1/3 | Step 19,800 | Loss: 3.4888 | LR: 2.62e-04
2026-04-05 22:46:37,512 | Epoch 1/3 | Step 19,900 | Loss: 3.5833 | LR: 2.62e-04
2026-04-05 22:46:45,048 | Epoch 1/3 | Step 20,000 | Loss: 3.4695 | LR: 2.62e-04
2026-04-05 22:47:27,118 |   EVAL | Loss: 3.5180 | Perplexity: 33.72
2026-04-05 22:47:27,232 |   NEW BEST
2026-04-05 22:47:34,759 | Epoch 1/3 | Step 20,100 | Loss: 3.4105 | LR: 2.61e-04
2026-04-05 22:47:42,282 | Epoch 1/3 | Step 20,200 | Loss: 3.6033 | LR: 2.61e-04
2026-04-05 22:47:49,802 | Epoch 1/3 | Step 20,300 | Loss: 3.4219 | LR: 2.60e-04
2026-04-05 22:47:57,318 | Epoch 1/3 | Step 20,400 | Loss: 3.4381 | LR: 2.60e-04
2026-04-05 22:48:04,836 | Epoch 1/3 | Step 20,500 | Loss: 3.4641 | LR: 2.60e-04
2026-04-05 22:48:12,350 | Epoch 1/3 | Step 20,600 | Loss: 3.4405 | LR: 2.59e-04
2026-04-05 22:48:19,860 | Epoch 1/3 | Step 20,700 | Loss: 3.4486 | LR: 2.59e-04
2026-04-05 22:48:27,384 | Epoch 1/3 | Step 20,800 | Loss: 3.3451 | LR: 2.58e-04
2026-04-05 22:48:34,914 | Epoch 1/3 | Step 20,900 | Loss: 3.5677 | LR: 2.58e-04
2026-04-05 22:48:42,442 | Epoch 1/3 | Step 21,000 | Loss: 3.4621 | LR: 2.58e-04
2026-04-05 22:49:25,454 |   EVAL | Loss: 3.5059 | Perplexity: 33.31
2026-04-05 22:49:25,572 |   NEW BEST
2026-04-05 22:49:33,116 | Epoch 1/3 | Step 21,100 | Loss: 3.4692 | LR: 2.57e-04
2026-04-05 22:49:40,660 | Epoch 1/3 | Step 21,200 | Loss: 3.5580 | LR: 2.57e-04
2026-04-05 22:49:48,186 | Epoch 1/3 | Step 21,300 | Loss: 3.4202 | LR: 2.56e-04
2026-04-05 22:49:55,726 | Epoch 1/3 | Step 21,400 | Loss: 3.4647 | LR: 2.56e-04
2026-04-05 22:50:03,258 | Epoch 1/3 | Step 21,500 | Loss: 3.4688 | LR: 2.56e-04
2026-04-05 22:50:11,190 | Epoch 1/3 | Step 21,600 | Loss: 3.5576 | LR: 2.55e-04
2026-04-05 22:50:18,733 | Epoch 1/3 | Step 21,700 | Loss: 3.5228 | LR: 2.55e-04
2026-04-05 22:50:26,276 | Epoch 1/3 | Step 21,800 | Loss: 3.5034 | LR: 2.54e-04
2026-04-05 22:50:33,839 | Epoch 1/3 | Step 21,900 | Loss: 3.4299 | LR: 2.54e-04
2026-04-05 22:50:41,374 | Epoch 1/3 | Step 22,000 | Loss: 3.4249 | LR: 2.54e-04
2026-04-05 22:51:23,626 |   EVAL | Loss: 3.4992 | Perplexity: 33.09
2026-04-05 22:51:23,746 |   NEW BEST
2026-04-05 22:51:31,289 | Epoch 1/3 | Step 22,100 | Loss: 3.5571 | LR: 2.53e-04
2026-04-05 22:51:38,839 | Epoch 1/3 | Step 22,200 | Loss: 3.6181 | LR: 2.53e-04
2026-04-05 22:51:46,366 | Epoch 1/3 | Step 22,300 | Loss: 3.3801 | LR: 2.52e-04
2026-04-05 22:51:53,900 | Epoch 1/3 | Step 22,400 | Loss: 3.5678 | LR: 2.52e-04
2026-04-05 22:52:01,429 | Epoch 1/3 | Step 22,500 | Loss: 3.5164 | LR: 2.51e-04
2026-04-05 22:52:08,953 | Epoch 1/3 | Step 22,600 | Loss: 3.4598 | LR: 2.51e-04
2026-04-05 22:52:16,498 | Epoch 1/3 | Step 22,700 | Loss: 3.6768 | LR: 2.51e-04
2026-04-05 22:52:24,031 | Epoch 1/3 | Step 22,800 | Loss: 3.5502 | LR: 2.50e-04
2026-04-05 22:52:31,582 | Epoch 1/3 | Step 22,900 | Loss: 3.5859 | LR: 2.50e-04
2026-04-05 22:52:39,117 | Epoch 1/3 | Step 23,000 | Loss: 3.6214 | LR: 2.49e-04
2026-04-05 22:53:21,238 |   EVAL | Loss: 3.4915 | Perplexity: 32.83
2026-04-05 22:53:21,366 |   NEW BEST
2026-04-05 22:53:28,903 | Epoch 1/3 | Step 23,100 | Loss: 3.4500 | LR: 2.49e-04
2026-04-05 22:53:36,425 | Epoch 1/3 | Step 23,200 | Loss: 3.5211 | LR: 2.48e-04
2026-04-05 22:53:43,959 | Epoch 1/3 | Step 23,300 | Loss: 3.3462 | LR: 2.48e-04
2026-04-05 22:53:51,500 | Epoch 1/3 | Step 23,400 | Loss: 3.4267 | LR: 2.48e-04
2026-04-05 22:53:59,044 | Epoch 1/3 | Step 23,500 | Loss: 3.4745 | LR: 2.47e-04
2026-04-05 22:54:06,588 | Epoch 1/3 | Step 23,600 | Loss: 3.3879 | LR: 2.47e-04
2026-04-05 22:54:14,123 | Epoch 1/3 | Step 23,700 | Loss: 3.3473 | LR: 2.46e-04
2026-04-05 22:54:21,647 | Epoch 1/3 | Step 23,800 | Loss: 3.4811 | LR: 2.46e-04
2026-04-05 22:54:29,184 | Epoch 1/3 | Step 23,900 | Loss: 3.4998 | LR: 2.45e-04
2026-04-05 22:54:36,704 | Epoch 1/3 | Step 24,000 | Loss: 3.4182 | LR: 2.45e-04
2026-04-05 22:55:18,860 |   EVAL | Loss: 3.4784 | Perplexity: 32.41
2026-04-05 22:55:18,985 |   NEW BEST
2026-04-05 22:55:26,522 | Epoch 1/3 | Step 24,100 | Loss: 3.3899 | LR: 2.44e-04
2026-04-05 22:55:34,073 | Epoch 1/3 | Step 24,200 | Loss: 3.6006 | LR: 2.44e-04
2026-04-05 22:55:41,614 | Epoch 1/3 | Step 24,300 | Loss: 3.3600 | LR: 2.44e-04
2026-04-05 22:55:49,134 | Epoch 1/3 | Step 24,400 | Loss: 3.5372 | LR: 2.43e-04
2026-04-05 22:55:56,650 | Epoch 1/3 | Step 24,500 | Loss: 3.5514 | LR: 2.43e-04
2026-04-05 22:56:04,161 | Epoch 1/3 | Step 24,600 | Loss: 3.4215 | LR: 2.42e-04
2026-04-05 22:56:11,680 | Epoch 1/3 | Step 24,700 | Loss: 3.3901 | LR: 2.42e-04
2026-04-05 22:56:19,225 | Epoch 1/3 | Step 24,800 | Loss: 3.5330 | LR: 2.41e-04
2026-04-05 22:56:26,773 | Epoch 1/3 | Step 24,900 | Loss: 3.6293 | LR: 2.41e-04
2026-04-05 22:56:34,303 | Epoch 1/3 | Step 25,000 | Loss: 3.4722 | LR: 2.40e-04
2026-04-05 22:57:16,476 |   EVAL | Loss: 3.4700 | Perplexity: 32.14
2026-04-05 22:57:16,590 |   NEW BEST
2026-04-05 22:57:24,120 | Epoch 1/3 | Step 25,100 | Loss: 3.4392 | LR: 2.40e-04
2026-04-05 22:57:31,645 | Epoch 1/3 | Step 25,200 | Loss: 3.5712 | LR: 2.39e-04
2026-04-05 22:57:39,169 | Epoch 1/3 | Step 25,300 | Loss: 3.4498 | LR: 2.39e-04
2026-04-05 22:57:46,687 | Epoch 1/3 | Step 25,400 | Loss: 3.6170 | LR: 2.39e-04
2026-04-05 22:57:54,209 | Epoch 1/3 | Step 25,500 | Loss: 3.5111 | LR: 2.38e-04
2026-04-05 22:58:01,740 | Epoch 1/3 | Step 25,600 | Loss: 3.4890 | LR: 2.38e-04
2026-04-05 22:58:09,289 | Epoch 1/3 | Step 25,700 | Loss: 3.4974 | LR: 2.37e-04
2026-04-05 22:58:16,833 | Epoch 1/3 | Step 25,800 | Loss: 3.5059 | LR: 2.37e-04
2026-04-05 22:58:24,364 | Epoch 1/3 | Step 25,900 | Loss: 3.4406 | LR: 2.36e-04
2026-04-05 22:58:31,904 | Epoch 1/3 | Step 26,000 | Loss: 3.4648 | LR: 2.36e-04
2026-04-05 22:59:14,064 |   EVAL | Loss: 3.4627 | Perplexity: 31.90
2026-04-05 22:59:14,176 |   NEW BEST
2026-04-05 22:59:21,699 | Epoch 1/3 | Step 26,100 | Loss: 3.4084 | LR: 2.35e-04
2026-04-05 22:59:29,233 | Epoch 1/3 | Step 26,200 | Loss: 3.3863 | LR: 2.35e-04
2026-04-05 22:59:36,777 | Epoch 1/3 | Step 26,300 | Loss: 3.5065 | LR: 2.34e-04
2026-04-05 22:59:44,335 | Epoch 1/3 | Step 26,400 | Loss: 3.4627 | LR: 2.34e-04
2026-04-05 22:59:51,888 | Epoch 1/3 | Step 26,500 | Loss: 3.6299 | LR: 2.33e-04
2026-04-05 22:59:59,420 | Epoch 1/3 | Step 26,600 | Loss: 3.3646 | LR: 2.33e-04
2026-04-05 23:00:07,010 | Epoch 1/3 | Step 26,700 | Loss: 3.4173 | LR: 2.32e-04
2026-04-05 23:00:14,573 | Epoch 1/3 | Step 26,800 | Loss: 3.3840 | LR: 2.32e-04
2026-04-05 23:00:22,138 | Epoch 1/3 | Step 26,900 | Loss: 3.4912 | LR: 2.31e-04
2026-04-05 23:00:29,716 | Epoch 1/3 | Step 27,000 | Loss: 3.4015 | LR: 2.31e-04
2026-04-05 23:01:11,976 |   EVAL | Loss: 3.4561 | Perplexity: 31.69
2026-04-05 23:01:12,098 |   NEW BEST
2026-04-05 23:01:19,620 | Epoch 1/3 | Step 27,100 | Loss: 3.3917 | LR: 2.30e-04
2026-04-05 23:01:27,149 | Epoch 1/3 | Step 27,200 | Loss: 3.6816 | LR: 2.30e-04
2026-04-05 23:01:34,714 | Epoch 1/3 | Step 27,300 | Loss: 3.4925 | LR: 2.29e-04
2026-04-05 23:01:42,285 | Epoch 1/3 | Step 27,400 | Loss: 3.3387 | LR: 2.29e-04
2026-04-05 23:01:49,864 | Epoch 1/3 | Step 27,500 | Loss: 3.4894 | LR: 2.28e-04
2026-04-05 23:01:52,613 | Epoch 1 complete | Avg loss: 3.7334 | Time: 53.7m
2026-04-05 23:01:57,695 | Epoch 2/3 | Step 27,600 | Loss: 3.5814 | LR: 2.28e-04
2026-04-05 23:02:05,274 | Epoch 2/3 | Step 27,700 | Loss: 3.3406 | LR: 2.27e-04
2026-04-05 23:02:12,846 | Epoch 2/3 | Step 27,800 | Loss: 3.3696 | LR: 2.27e-04
2026-04-05 23:02:20,414 | Epoch 2/3 | Step 27,900 | Loss: 3.3849 | LR: 2.27e-04
2026-04-05 23:02:27,967 | Epoch 2/3 | Step 28,000 | Loss: 3.4041 | LR: 2.26e-04
2026-04-05 23:03:10,000 |   EVAL | Loss: 3.4479 | Perplexity: 31.43
2026-04-05 23:03:10,117 |   NEW BEST
2026-04-05 23:03:17,638 | Epoch 2/3 | Step 28,100 | Loss: 3.5822 | LR: 2.26e-04
2026-04-05 23:03:25,149 | Epoch 2/3 | Step 28,200 | Loss: 3.4798 | LR: 2.25e-04
2026-04-05 23:03:32,656 | Epoch 2/3 | Step 28,300 | Loss: 3.5147 | LR: 2.25e-04
2026-04-05 23:03:40,164 | Epoch 2/3 | Step 28,400 | Loss: 3.4097 | LR: 2.24e-04
2026-04-05 23:03:47,679 | Epoch 2/3 | Step 28,500 | Loss: 3.3758 | LR: 2.24e-04
2026-04-05 23:03:55,189 | Epoch 2/3 | Step 28,600 | Loss: 3.5613 | LR: 2.23e-04
2026-04-05 23:04:02,698 | Epoch 2/3 | Step 28,700 | Loss: 3.3948 | LR: 2.22e-04
2026-04-05 23:04:10,207 | Epoch 2/3 | Step 28,800 | Loss: 3.4003 | LR: 2.22e-04
2026-04-05 23:04:17,728 | Epoch 2/3 | Step 28,900 | Loss: 3.5052 | LR: 2.21e-04
2026-04-05 23:04:25,243 | Epoch 2/3 | Step 29,000 | Loss: 3.4453 | LR: 2.21e-04
2026-04-05 23:05:07,474 |   EVAL | Loss: 3.4392 | Perplexity: 31.16
2026-04-05 23:05:07,593 |   NEW BEST
2026-04-05 23:05:15,188 | Epoch 2/3 | Step 29,100 | Loss: 3.4428 | LR: 2.20e-04
2026-04-05 23:05:22,753 | Epoch 2/3 | Step 29,200 | Loss: 3.4420 | LR: 2.20e-04
2026-04-05 23:05:30,298 | Epoch 2/3 | Step 29,300 | Loss: 3.4685 | LR: 2.19e-04
2026-04-05 23:05:37,873 | Epoch 2/3 | Step 29,400 | Loss: 3.5514 | LR: 2.19e-04
2026-04-05 23:05:45,439 | Epoch 2/3 | Step 29,500 | Loss: 3.3753 | LR: 2.18e-04
2026-04-05 23:05:52,981 | Epoch 2/3 | Step 29,600 | Loss: 3.3185 | LR: 2.18e-04
2026-04-05 23:06:00,529 | Epoch 2/3 | Step 29,700 | Loss: 3.5224 | LR: 2.17e-04
2026-04-05 23:06:08,097 | Epoch 2/3 | Step 29,800 | Loss: 3.4624 | LR: 2.17e-04
2026-04-05 23:06:15,685 | Epoch 2/3 | Step 29,900 | Loss: 3.4409 | LR: 2.16e-04
2026-04-05 23:06:23,292 | Epoch 2/3 | Step 30,000 | Loss: 3.4719 | LR: 2.16e-04
2026-04-05 23:07:05,516 |   EVAL | Loss: 3.4349 | Perplexity: 31.03
2026-04-05 23:07:05,637 |   NEW BEST
2026-04-05 23:07:13,166 | Epoch 2/3 | Step 30,100 | Loss: 3.4176 | LR: 2.15e-04
2026-04-05 23:07:20,692 | Epoch 2/3 | Step 30,200 | Loss: 3.3435 | LR: 2.15e-04
2026-04-05 23:07:28,222 | Epoch 2/3 | Step 30,300 | Loss: 3.3894 | LR: 2.14e-04
2026-04-05 23:07:35,772 | Epoch 2/3 | Step 30,400 | Loss: 3.3764 | LR: 2.14e-04
2026-04-05 23:07:43,316 | Epoch 2/3 | Step 30,500 | Loss: 3.3917 | LR: 2.13e-04
2026-04-05 23:07:50,839 | Epoch 2/3 | Step 30,600 | Loss: 3.3226 | LR: 2.13e-04
2026-04-05 23:07:58,380 | Epoch 2/3 | Step 30,700 | Loss: 3.5865 | LR: 2.12e-04
2026-04-05 23:08:05,903 | Epoch 2/3 | Step 30,800 | Loss: 3.4528 | LR: 2.12e-04
2026-04-05 23:08:13,429 | Epoch 2/3 | Step 30,900 | Loss: 3.5403 | LR: 2.11e-04
2026-04-05 23:08:20,951 | Epoch 2/3 | Step 31,000 | Loss: 3.3867 | LR: 2.11e-04
2026-04-05 23:09:03,040 |   EVAL | Loss: 3.4259 | Perplexity: 30.75
2026-04-05 23:09:03,161 |   NEW BEST
2026-04-05 23:09:10,683 | Epoch 2/3 | Step 31,100 | Loss: 3.3888 | LR: 2.10e-04
2026-04-05 23:09:18,205 | Epoch 2/3 | Step 31,200 | Loss: 3.3850 | LR: 2.10e-04
2026-04-05 23:09:25,725 | Epoch 2/3 | Step 31,300 | Loss: 3.4462 | LR: 2.09e-04
2026-04-05 23:09:33,244 | Epoch 2/3 | Step 31,400 | Loss: 3.3341 | LR: 2.08e-04
2026-04-05 23:09:40,777 | Epoch 2/3 | Step 31,500 | Loss: 3.5177 | LR: 2.08e-04
2026-04-05 23:09:48,289 | Epoch 2/3 | Step 31,600 | Loss: 3.3739 | LR: 2.07e-04
2026-04-05 23:09:55,801 | Epoch 2/3 | Step 31,700 | Loss: 3.4101 | LR: 2.07e-04
2026-04-05 23:10:03,314 | Epoch 2/3 | Step 31,800 | Loss: 3.5168 | LR: 2.06e-04
2026-04-05 23:10:10,871 | Epoch 2/3 | Step 31,900 | Loss: 3.3830 | LR: 2.06e-04
2026-04-05 23:10:18,397 | Epoch 2/3 | Step 32,000 | Loss: 3.3759 | LR: 2.05e-04
2026-04-05 23:11:00,336 |   EVAL | Loss: 3.4210 | Perplexity: 30.60
2026-04-05 23:11:00,450 |   NEW BEST
2026-04-05 23:11:07,961 | Epoch 2/3 | Step 32,100 | Loss: 3.3977 | LR: 2.05e-04
2026-04-05 23:11:15,470 | Epoch 2/3 | Step 32,200 | Loss: 3.5669 | LR: 2.04e-04
2026-04-05 23:11:22,985 | Epoch 2/3 | Step 32,300 | Loss: 3.5111 | LR: 2.04e-04
2026-04-05 23:11:30,495 | Epoch 2/3 | Step 32,400 | Loss: 3.4193 | LR: 2.03e-04
2026-04-05 23:11:38,005 | Epoch 2/3 | Step 32,500 | Loss: 3.2486 | LR: 2.03e-04
2026-04-05 23:11:45,514 | Epoch 2/3 | Step 32,600 | Loss: 3.3628 | LR: 2.02e-04
2026-04-05 23:11:53,021 | Epoch 2/3 | Step 32,700 | Loss: 3.4816 | LR: 2.01e-04
2026-04-05 23:12:00,528 | Epoch 2/3 | Step 32,800 | Loss: 3.3439 | LR: 2.01e-04
2026-04-05 23:12:08,035 | Epoch 2/3 | Step 32,900 | Loss: 3.3735 | LR: 2.00e-04
2026-04-05 23:12:15,538 | Epoch 2/3 | Step 33,000 | Loss: 3.6151 | LR: 2.00e-04
2026-04-05 23:12:57,494 |   EVAL | Loss: 3.4157 | Perplexity: 30.44
2026-04-05 23:12:57,604 |   NEW BEST
2026-04-05 23:13:05,125 | Epoch 2/3 | Step 33,100 | Loss: 3.4291 | LR: 1.99e-04
2026-04-05 23:13:12,636 | Epoch 2/3 | Step 33,200 | Loss: 3.4464 | LR: 1.99e-04
2026-04-05 23:13:20,146 | Epoch 2/3 | Step 33,300 | Loss: 3.3478 | LR: 1.98e-04
2026-04-05 23:13:27,656 | Epoch 2/3 | Step 33,400 | Loss: 3.4673 | LR: 1.98e-04
2026-04-05 23:13:35,182 | Epoch 2/3 | Step 33,500 | Loss: 3.4086 | LR: 1.97e-04
2026-04-05 23:13:42,698 | Epoch 2/3 | Step 33,600 | Loss: 3.3985 | LR: 1.97e-04
2026-04-05 23:13:50,217 | Epoch 2/3 | Step 33,700 | Loss: 3.2594 | LR: 1.96e-04
2026-04-05 23:13:57,737 | Epoch 2/3 | Step 33,800 | Loss: 3.3630 | LR: 1.95e-04
2026-04-05 23:14:05,256 | Epoch 2/3 | Step 33,900 | Loss: 3.4371 | LR: 1.95e-04
2026-04-05 23:14:12,773 | Epoch 2/3 | Step 34,000 | Loss: 3.4191 | LR: 1.94e-04
2026-04-05 23:14:55,075 |   EVAL | Loss: 3.4092 | Perplexity: 30.24
2026-04-05 23:14:55,191 |   NEW BEST
2026-04-05 23:15:02,710 | Epoch 2/3 | Step 34,100 | Loss: 3.2281 | LR: 1.94e-04
2026-04-05 23:15:10,225 | Epoch 2/3 | Step 34,200 | Loss: 3.6915 | LR: 1.93e-04
2026-04-05 23:15:17,742 | Epoch 2/3 | Step 34,300 | Loss: 3.3692 | LR: 1.93e-04
2026-04-05 23:15:25,257 | Epoch 2/3 | Step 34,400 | Loss: 3.5419 | LR: 1.92e-04
2026-04-05 23:15:32,776 | Epoch 2/3 | Step 34,500 | Loss: 3.2764 | LR: 1.92e-04
2026-04-05 23:15:40,288 | Epoch 2/3 | Step 34,600 | Loss: 3.4468 | LR: 1.91e-04
2026-04-05 23:15:47,799 | Epoch 2/3 | Step 34,700 | Loss: 3.3307 | LR: 1.91e-04
2026-04-05 23:15:55,344 | Epoch 2/3 | Step 34,800 | Loss: 3.2250 | LR: 1.90e-04
2026-04-05 23:16:02,898 | Epoch 2/3 | Step 34,900 | Loss: 3.3518 | LR: 1.89e-04
2026-04-05 23:16:10,401 | Epoch 2/3 | Step 35,000 | Loss: 3.4550 | LR: 1.89e-04
2026-04-05 23:16:52,513 |   EVAL | Loss: 3.4021 | Perplexity: 30.03
2026-04-05 23:16:52,629 |   NEW BEST
2026-04-05 23:17:00,161 | Epoch 2/3 | Step 35,100 | Loss: 3.2742 | LR: 1.88e-04
2026-04-05 23:17:07,691 | Epoch 2/3 | Step 35,200 | Loss: 3.5017 | LR: 1.88e-04
2026-04-05 23:17:15,218 | Epoch 2/3 | Step 35,300 | Loss: 3.3602 | LR: 1.87e-04
2026-04-05 23:17:22,736 | Epoch 2/3 | Step 35,400 | Loss: 3.3798 | LR: 1.87e-04
2026-04-05 23:17:30,250 | Epoch 2/3 | Step 35,500 | Loss: 3.3814 | LR: 1.86e-04
2026-04-05 23:17:37,767 | Epoch 2/3 | Step 35,600 | Loss: 3.2319 | LR: 1.85e-04
2026-04-05 23:17:45,278 | Epoch 2/3 | Step 35,700 | Loss: 3.4616 | LR: 1.85e-04
2026-04-05 23:17:52,797 | Epoch 2/3 | Step 35,800 | Loss: 3.2270 | LR: 1.84e-04
2026-04-05 23:18:00,328 | Epoch 2/3 | Step 35,900 | Loss: 3.2075 | LR: 1.84e-04
2026-04-05 23:18:07,853 | Epoch 2/3 | Step 36,000 | Loss: 3.4764 | LR: 1.83e-04
2026-04-05 23:18:49,896 |   EVAL | Loss: 3.3930 | Perplexity: 29.76
2026-04-05 23:18:50,016 |   NEW BEST
2026-04-05 23:18:57,575 | Epoch 2/3 | Step 36,100 | Loss: 3.4109 | LR: 1.83e-04
2026-04-05 23:19:05,135 | Epoch 2/3 | Step 36,200 | Loss: 3.3491 | LR: 1.82e-04
2026-04-05 23:19:12,663 | Epoch 2/3 | Step 36,300 | Loss: 3.4075 | LR: 1.82e-04
2026-04-05 23:19:20,195 | Epoch 2/3 | Step 36,400 | Loss: 3.3723 | LR: 1.81e-04
2026-04-05 23:19:27,742 | Epoch 2/3 | Step 36,500 | Loss: 3.3807 | LR: 1.80e-04
2026-04-05 23:19:35,297 | Epoch 2/3 | Step 36,600 | Loss: 3.2866 | LR: 1.80e-04
2026-04-05 23:19:42,833 | Epoch 2/3 | Step 36,700 | Loss: 3.2856 | LR: 1.79e-04
2026-04-05 23:19:50,349 | Epoch 2/3 | Step 36,800 | Loss: 3.4441 | LR: 1.79e-04
2026-04-05 23:19:57,867 | Epoch 2/3 | Step 36,900 | Loss: 3.4018 | LR: 1.78e-04
2026-04-05 23:20:05,400 | Epoch 2/3 | Step 37,000 | Loss: 3.3453 | LR: 1.78e-04
2026-04-05 23:20:47,844 |   EVAL | Loss: 3.3890 | Perplexity: 29.63
2026-04-05 23:20:47,958 |   NEW BEST
2026-04-05 23:20:55,523 | Epoch 2/3 | Step 37,100 | Loss: 3.3299 | LR: 1.77e-04
2026-04-05 23:21:03,082 | Epoch 2/3 | Step 37,200 | Loss: 3.4092 | LR: 1.76e-04
2026-04-05 23:21:10,652 | Epoch 2/3 | Step 37,300 | Loss: 3.4941 | LR: 1.76e-04
2026-04-05 23:21:18,243 | Epoch 2/3 | Step 37,400 | Loss: 3.3465 | LR: 1.75e-04
2026-04-05 23:21:25,789 | Epoch 2/3 | Step 37,500 | Loss: 3.4635 | LR: 1.75e-04
2026-04-05 23:21:33,314 | Epoch 2/3 | Step 37,600 | Loss: 3.3493 | LR: 1.74e-04
2026-04-05 23:21:40,847 | Epoch 2/3 | Step 37,700 | Loss: 3.4398 | LR: 1.74e-04
2026-04-05 23:21:48,361 | Epoch 2/3 | Step 37,800 | Loss: 3.4039 | LR: 1.73e-04
2026-04-05 23:21:55,904 | Epoch 2/3 | Step 37,900 | Loss: 3.4015 | LR: 1.72e-04
2026-04-05 23:22:03,428 | Epoch 2/3 | Step 38,000 | Loss: 3.1410 | LR: 1.72e-04
2026-04-05 23:22:45,500 |   EVAL | Loss: 3.3822 | Perplexity: 29.43
2026-04-05 23:22:45,619 |   NEW BEST
2026-04-05 23:22:53,135 | Epoch 2/3 | Step 38,100 | Loss: 3.2988 | LR: 1.71e-04
2026-04-05 23:23:00,670 | Epoch 2/3 | Step 38,200 | Loss: 3.3900 | LR: 1.71e-04
2026-04-05 23:23:08,204 | Epoch 2/3 | Step 38,300 | Loss: 3.4387 | LR: 1.70e-04
2026-04-05 23:23:15,718 | Epoch 2/3 | Step 38,400 | Loss: 3.3866 | LR: 1.70e-04
2026-04-05 23:23:23,235 | Epoch 2/3 | Step 38,500 | Loss: 3.3759 | LR: 1.69e-04
2026-04-05 23:23:30,753 | Epoch 2/3 | Step 38,600 | Loss: 3.1800 | LR: 1.68e-04
2026-04-05 23:23:38,286 | Epoch 2/3 | Step 38,700 | Loss: 3.4188 | LR: 1.68e-04
2026-04-05 23:23:45,814 | Epoch 2/3 | Step 38,800 | Loss: 3.3870 | LR: 1.67e-04
2026-04-05 23:23:53,329 | Epoch 2/3 | Step 38,900 | Loss: 3.4433 | LR: 1.67e-04
2026-04-05 23:24:00,886 | Epoch 2/3 | Step 39,000 | Loss: 3.4582 | LR: 1.66e-04
2026-04-05 23:24:43,022 |   EVAL | Loss: 3.3750 | Perplexity: 29.22
2026-04-05 23:24:43,143 |   NEW BEST
2026-04-05 23:24:50,676 | Epoch 2/3 | Step 39,100 | Loss: 3.2582 | LR: 1.66e-04
2026-04-05 23:24:58,213 | Epoch 2/3 | Step 39,200 | Loss: 3.4202 | LR: 1.65e-04
2026-04-05 23:25:05,734 | Epoch 2/3 | Step 39,300 | Loss: 3.5448 | LR: 1.64e-04
2026-04-05 23:25:13,255 | Epoch 2/3 | Step 39,400 | Loss: 3.3444 | LR: 1.64e-04
2026-04-05 23:25:20,795 | Epoch 2/3 | Step 39,500 | Loss: 3.3727 | LR: 1.63e-04
2026-04-05 23:25:28,341 | Epoch 2/3 | Step 39,600 | Loss: 3.3074 | LR: 1.63e-04
2026-04-05 23:25:35,861 | Epoch 2/3 | Step 39,700 | Loss: 3.3522 | LR: 1.62e-04
2026-04-05 23:25:43,396 | Epoch 2/3 | Step 39,800 | Loss: 3.4029 | LR: 1.62e-04
2026-04-05 23:25:50,925 | Epoch 2/3 | Step 39,900 | Loss: 3.2666 | LR: 1.61e-04
2026-04-05 23:25:58,446 | Epoch 2/3 | Step 40,000 | Loss: 3.4046 | LR: 1.60e-04
2026-04-05 23:26:40,543 |   EVAL | Loss: 3.3720 | Perplexity: 29.14
2026-04-05 23:26:40,661 |   NEW BEST
2026-04-05 23:26:48,190 | Epoch 2/3 | Step 40,100 | Loss: 3.4202 | LR: 1.60e-04
2026-04-05 23:26:55,730 | Epoch 2/3 | Step 40,200 | Loss: 3.2101 | LR: 1.59e-04
2026-04-05 23:27:03,284 | Epoch 2/3 | Step 40,300 | Loss: 3.2762 | LR: 1.59e-04
2026-04-05 23:27:10,810 | Epoch 2/3 | Step 40,400 | Loss: 3.4328 | LR: 1.58e-04
2026-04-05 23:27:18,343 | Epoch 2/3 | Step 40,500 | Loss: 3.3855 | LR: 1.58e-04
2026-04-05 23:27:25,882 | Epoch 2/3 | Step 40,600 | Loss: 3.4871 | LR: 1.57e-04
2026-04-05 23:27:33,407 | Epoch 2/3 | Step 40,700 | Loss: 3.4060 | LR: 1.56e-04
2026-04-05 23:27:40,943 | Epoch 2/3 | Step 40,800 | Loss: 3.3585 | LR: 1.56e-04
2026-04-05 23:27:48,503 | Epoch 2/3 | Step 40,900 | Loss: 3.3401 | LR: 1.55e-04
2026-04-05 23:27:56,027 | Epoch 2/3 | Step 41,000 | Loss: 3.3900 | LR: 1.55e-04
2026-04-05 23:28:38,112 |   EVAL | Loss: 3.3644 | Perplexity: 28.91
2026-04-05 23:28:38,223 |   NEW BEST
2026-04-05 23:28:45,749 | Epoch 2/3 | Step 41,100 | Loss: 3.3009 | LR: 1.54e-04
2026-04-05 23:28:53,281 | Epoch 2/3 | Step 41,200 | Loss: 3.3836 | LR: 1.53e-04
2026-04-05 23:29:00,807 | Epoch 2/3 | Step 41,300 | Loss: 3.2860 | LR: 1.53e-04
2026-04-05 23:29:08,333 | Epoch 2/3 | Step 41,400 | Loss: 3.3532 | LR: 1.52e-04
2026-04-05 23:29:15,859 | Epoch 2/3 | Step 41,500 | Loss: 3.3225 | LR: 1.52e-04
2026-04-05 23:29:23,394 | Epoch 2/3 | Step 41,600 | Loss: 3.3241 | LR: 1.51e-04
2026-04-05 23:29:30,925 | Epoch 2/3 | Step 41,700 | Loss: 3.4647 | LR: 1.51e-04
2026-04-05 23:29:38,459 | Epoch 2/3 | Step 41,800 | Loss: 3.3564 | LR: 1.50e-04
2026-04-05 23:29:45,986 | Epoch 2/3 | Step 41,900 | Loss: 3.5166 | LR: 1.49e-04
2026-04-05 23:29:53,510 | Epoch 2/3 | Step 42,000 | Loss: 3.3079 | LR: 1.49e-04
2026-04-05 23:30:35,671 |   EVAL | Loss: 3.3585 | Perplexity: 28.75
2026-04-05 23:30:35,789 |   NEW BEST
2026-04-05 23:30:43,320 | Epoch 2/3 | Step 42,100 | Loss: 3.4783 | LR: 1.48e-04
2026-04-05 23:30:50,847 | Epoch 2/3 | Step 42,200 | Loss: 3.2273 | LR: 1.48e-04
2026-04-05 23:30:58,378 | Epoch 2/3 | Step 42,300 | Loss: 3.2802 | LR: 1.47e-04
2026-04-05 23:31:05,918 | Epoch 2/3 | Step 42,400 | Loss: 3.1621 | LR: 1.47e-04
2026-04-05 23:31:13,449 | Epoch 2/3 | Step 42,500 | Loss: 3.3468 | LR: 1.46e-04
2026-04-05 23:31:20,967 | Epoch 2/3 | Step 42,600 | Loss: 3.1341 | LR: 1.45e-04
2026-04-05 23:31:28,528 | Epoch 2/3 | Step 42,700 | Loss: 3.1977 | LR: 1.45e-04
2026-04-05 23:31:36,103 | Epoch 2/3 | Step 42,800 | Loss: 3.3223 | LR: 1.44e-04
2026-04-05 23:31:43,627 | Epoch 2/3 | Step 42,900 | Loss: 3.4110 | LR: 1.44e-04
2026-04-05 23:31:51,147 | Epoch 2/3 | Step 43,000 | Loss: 3.3339 | LR: 1.43e-04
2026-04-05 23:32:33,247 |   EVAL | Loss: 3.3532 | Perplexity: 28.60
2026-04-05 23:32:33,355 |   NEW BEST
2026-04-05 23:32:40,881 | Epoch 2/3 | Step 43,100 | Loss: 3.4937 | LR: 1.43e-04
2026-04-05 23:32:48,410 | Epoch 2/3 | Step 43,200 | Loss: 3.3863 | LR: 1.42e-04
2026-04-05 23:32:55,933 | Epoch 2/3 | Step 43,300 | Loss: 3.3894 | LR: 1.41e-04
2026-04-05 23:33:03,457 | Epoch 2/3 | Step 43,400 | Loss: 3.3160 | LR: 1.41e-04
2026-04-05 23:33:11,011 | Epoch 2/3 | Step 43,500 | Loss: 3.2616 | LR: 1.40e-04
2026-04-05 23:33:18,554 | Epoch 2/3 | Step 43,600 | Loss: 3.4062 | LR: 1.40e-04
2026-04-05 23:33:26,075 | Epoch 2/3 | Step 43,700 | Loss: 3.3446 | LR: 1.39e-04
2026-04-05 23:33:33,595 | Epoch 2/3 | Step 43,800 | Loss: 3.2527 | LR: 1.38e-04
2026-04-05 23:33:41,135 | Epoch 2/3 | Step 43,900 | Loss: 3.3487 | LR: 1.38e-04
2026-04-05 23:33:48,669 | Epoch 2/3 | Step 44,000 | Loss: 3.4491 | LR: 1.37e-04
2026-04-05 23:34:30,886 |   EVAL | Loss: 3.3472 | Perplexity: 28.42
2026-04-05 23:34:30,999 |   NEW BEST
2026-04-05 23:34:38,518 | Epoch 2/3 | Step 44,100 | Loss: 3.4405 | LR: 1.37e-04
2026-04-05 23:34:46,045 | Epoch 2/3 | Step 44,200 | Loss: 3.4406 | LR: 1.36e-04
2026-04-05 23:34:53,573 | Epoch 2/3 | Step 44,300 | Loss: 3.3537 | LR: 1.36e-04
2026-04-05 23:35:01,098 | Epoch 2/3 | Step 44,400 | Loss: 3.3186 | LR: 1.35e-04
2026-04-05 23:35:08,624 | Epoch 2/3 | Step 44,500 | Loss: 3.2966 | LR: 1.34e-04
2026-04-05 23:35:16,138 | Epoch 2/3 | Step 44,600 | Loss: 3.3532 | LR: 1.34e-04
2026-04-05 23:35:23,658 | Epoch 2/3 | Step 44,700 | Loss: 3.2033 | LR: 1.33e-04
2026-04-05 23:35:31,174 | Epoch 2/3 | Step 44,800 | Loss: 3.3085 | LR: 1.33e-04
2026-04-05 23:35:38,702 | Epoch 2/3 | Step 44,900 | Loss: 3.4859 | LR: 1.32e-04
2026-04-05 23:35:46,250 | Epoch 2/3 | Step 45,000 | Loss: 3.4390 | LR: 1.32e-04
2026-04-05 23:36:28,274 |   EVAL | Loss: 3.3414 | Perplexity: 28.26
2026-04-05 23:36:28,388 |   NEW BEST
2026-04-05 23:36:35,901 | Epoch 2/3 | Step 45,100 | Loss: 3.1968 | LR: 1.31e-04
2026-04-05 23:36:43,418 | Epoch 2/3 | Step 45,200 | Loss: 3.5372 | LR: 1.30e-04
2026-04-05 23:36:50,946 | Epoch 2/3 | Step 45,300 | Loss: 3.2884 | LR: 1.30e-04
2026-04-05 23:36:58,473 | Epoch 2/3 | Step 45,400 | Loss: 3.2745 | LR: 1.29e-04
2026-04-05 23:37:05,999 | Epoch 2/3 | Step 45,500 | Loss: 3.4056 | LR: 1.29e-04
2026-04-05 23:37:13,529 | Epoch 2/3 | Step 45,600 | Loss: 3.3066 | LR: 1.28e-04
2026-04-05 23:37:21,062 | Epoch 2/3 | Step 45,700 | Loss: 3.2766 | LR: 1.28e-04
2026-04-05 23:37:28,582 | Epoch 2/3 | Step 45,800 | Loss: 3.2720 | LR: 1.27e-04
2026-04-05 23:37:36,115 | Epoch 2/3 | Step 45,900 | Loss: 3.2652 | LR: 1.26e-04
2026-04-05 23:37:43,645 | Epoch 2/3 | Step 46,000 | Loss: 3.3795 | LR: 1.26e-04
2026-04-05 23:38:25,867 |   EVAL | Loss: 3.3357 | Perplexity: 28.10
2026-04-05 23:38:25,985 |   NEW BEST
2026-04-05 23:38:33,507 | Epoch 2/3 | Step 46,100 | Loss: 3.3089 | LR: 1.25e-04
2026-04-05 23:38:41,035 | Epoch 2/3 | Step 46,200 | Loss: 3.2232 | LR: 1.25e-04
2026-04-05 23:38:48,582 | Epoch 2/3 | Step 46,300 | Loss: 3.4014 | LR: 1.24e-04
2026-04-05 23:38:56,116 | Epoch 2/3 | Step 46,400 | Loss: 3.2415 | LR: 1.24e-04
2026-04-05 23:39:03,638 | Epoch 2/3 | Step 46,500 | Loss: 3.2732 | LR: 1.23e-04
2026-04-05 23:39:11,159 | Epoch 2/3 | Step 46,600 | Loss: 3.3117 | LR: 1.22e-04
2026-04-05 23:39:18,692 | Epoch 2/3 | Step 46,700 | Loss: 3.2784 | LR: 1.22e-04
2026-04-05 23:39:26,223 | Epoch 2/3 | Step 46,800 | Loss: 3.3106 | LR: 1.21e-04
2026-04-05 23:39:33,748 | Epoch 2/3 | Step 46,900 | Loss: 3.2568 | LR: 1.21e-04
2026-04-05 23:39:41,273 | Epoch 2/3 | Step 47,000 | Loss: 3.5285 | LR: 1.20e-04
2026-04-05 23:40:23,335 |   EVAL | Loss: 3.3311 | Perplexity: 27.97
2026-04-05 23:40:23,455 |   NEW BEST
2026-04-05 23:40:30,989 | Epoch 2/3 | Step 47,100 | Loss: 3.4431 | LR: 1.20e-04
2026-04-05 23:40:38,582 | Epoch 2/3 | Step 47,200 | Loss: 3.3984 | LR: 1.19e-04
2026-04-05 23:40:46,152 | Epoch 2/3 | Step 47,300 | Loss: 3.2869 | LR: 1.18e-04
2026-04-05 23:40:53,725 | Epoch 2/3 | Step 47,400 | Loss: 3.3154 | LR: 1.18e-04
2026-04-05 23:41:01,304 | Epoch 2/3 | Step 47,500 | Loss: 3.1111 | LR: 1.17e-04
2026-04-05 23:41:08,879 | Epoch 2/3 | Step 47,600 | Loss: 3.3299 | LR: 1.17e-04
2026-04-05 23:41:16,435 | Epoch 2/3 | Step 47,700 | Loss: 3.3367 | LR: 1.16e-04
2026-04-05 23:41:24,011 | Epoch 2/3 | Step 47,800 | Loss: 3.2772 | LR: 1.16e-04
2026-04-05 23:41:31,542 | Epoch 2/3 | Step 47,900 | Loss: 3.3918 | LR: 1.15e-04
2026-04-05 23:41:39,055 | Epoch 2/3 | Step 48,000 | Loss: 3.3110 | LR: 1.15e-04
2026-04-05 23:42:21,270 |   EVAL | Loss: 3.3260 | Perplexity: 27.83
2026-04-05 23:42:21,400 |   NEW BEST
2026-04-05 23:42:28,919 | Epoch 2/3 | Step 48,100 | Loss: 3.2881 | LR: 1.14e-04
2026-04-05 23:42:36,437 | Epoch 2/3 | Step 48,200 | Loss: 3.3545 | LR: 1.13e-04
2026-04-05 23:42:43,960 | Epoch 2/3 | Step 48,300 | Loss: 3.2143 | LR: 1.13e-04
2026-04-05 23:42:51,490 | Epoch 2/3 | Step 48,400 | Loss: 3.2361 | LR: 1.12e-04
2026-04-05 23:42:59,029 | Epoch 2/3 | Step 48,500 | Loss: 3.2952 | LR: 1.12e-04
2026-04-05 23:43:06,553 | Epoch 2/3 | Step 48,600 | Loss: 3.4280 | LR: 1.11e-04
2026-04-05 23:43:14,084 | Epoch 2/3 | Step 48,700 | Loss: 3.3280 | LR: 1.11e-04
2026-04-05 23:43:21,609 | Epoch 2/3 | Step 48,800 | Loss: 3.1937 | LR: 1.10e-04
2026-04-05 23:43:29,128 | Epoch 2/3 | Step 48,900 | Loss: 3.4537 | LR: 1.10e-04
2026-04-05 23:43:36,650 | Epoch 2/3 | Step 49,000 | Loss: 3.4069 | LR: 1.09e-04
2026-04-05 23:44:18,786 |   EVAL | Loss: 3.3207 | Perplexity: 27.68
2026-04-05 23:44:18,912 |   NEW BEST
2026-04-05 23:44:26,472 | Epoch 2/3 | Step 49,100 | Loss: 3.3200 | LR: 1.08e-04
2026-04-05 23:44:34,014 | Epoch 2/3 | Step 49,200 | Loss: 3.0609 | LR: 1.08e-04
2026-04-05 23:44:41,552 | Epoch 2/3 | Step 49,300 | Loss: 3.3579 | LR: 1.07e-04
2026-04-05 23:44:49,076 | Epoch 2/3 | Step 49,400 | Loss: 3.4281 | LR: 1.07e-04
2026-04-05 23:44:56,605 | Epoch 2/3 | Step 49,500 | Loss: 3.2448 | LR: 1.06e-04
2026-04-05 23:45:04,133 | Epoch 2/3 | Step 49,600 | Loss: 3.2629 | LR: 1.06e-04
2026-04-05 23:45:11,657 | Epoch 2/3 | Step 49,700 | Loss: 3.2135 | LR: 1.05e-04
2026-04-05 23:45:19,179 | Epoch 2/3 | Step 49,800 | Loss: 3.2409 | LR: 1.05e-04
2026-04-05 23:45:26,701 | Epoch 2/3 | Step 49,900 | Loss: 3.3714 | LR: 1.04e-04
2026-04-05 23:45:34,225 | Epoch 2/3 | Step 50,000 | Loss: 3.3272 | LR: 1.03e-04
2026-04-05 23:46:16,329 |   EVAL | Loss: 3.3158 | Perplexity: 27.55
2026-04-05 23:46:16,464 |   NEW BEST
2026-04-05 23:46:24,000 | Epoch 2/3 | Step 50,100 | Loss: 3.2292 | LR: 1.03e-04
2026-04-05 23:46:31,528 | Epoch 2/3 | Step 50,200 | Loss: 3.3086 | LR: 1.02e-04
2026-04-05 23:46:39,051 | Epoch 2/3 | Step 50,300 | Loss: 3.3581 | LR: 1.02e-04
2026-04-05 23:46:46,578 | Epoch 2/3 | Step 50,400 | Loss: 3.3233 | LR: 1.01e-04
2026-04-05 23:46:54,141 | Epoch 2/3 | Step 50,500 | Loss: 3.2717 | LR: 1.01e-04
2026-04-05 23:47:01,728 | Epoch 2/3 | Step 50,600 | Loss: 3.2340 | LR: 1.00e-04
2026-04-05 23:47:09,256 | Epoch 2/3 | Step 50,700 | Loss: 3.5204 | LR: 9.96e-05
2026-04-05 23:47:16,770 | Epoch 2/3 | Step 50,800 | Loss: 3.2896 | LR: 9.91e-05
2026-04-05 23:47:24,291 | Epoch 2/3 | Step 50,900 | Loss: 3.4180 | LR: 9.85e-05
2026-04-05 23:47:31,827 | Epoch 2/3 | Step 51,000 | Loss: 3.3910 | LR: 9.80e-05
2026-04-05 23:48:13,994 |   EVAL | Loss: 3.3102 | Perplexity: 27.39
2026-04-05 23:48:14,114 |   NEW BEST
2026-04-05 23:48:21,647 | Epoch 2/3 | Step 51,100 | Loss: 3.2739 | LR: 9.74e-05
2026-04-05 23:48:29,166 | Epoch 2/3 | Step 51,200 | Loss: 3.3555 | LR: 9.69e-05
2026-04-05 23:48:36,684 | Epoch 2/3 | Step 51,300 | Loss: 3.0603 | LR: 9.64e-05
2026-04-05 23:48:44,198 | Epoch 2/3 | Step 51,400 | Loss: 3.3031 | LR: 9.58e-05
2026-04-05 23:48:51,722 | Epoch 2/3 | Step 51,500 | Loss: 3.3031 | LR: 9.53e-05
2026-04-05 23:48:59,252 | Epoch 2/3 | Step 51,600 | Loss: 3.3175 | LR: 9.48e-05
2026-04-05 23:49:06,779 | Epoch 2/3 | Step 51,700 | Loss: 3.1997 | LR: 9.42e-05
2026-04-05 23:49:14,341 | Epoch 2/3 | Step 51,800 | Loss: 3.3128 | LR: 9.37e-05
2026-04-05 23:49:21,882 | Epoch 2/3 | Step 51,900 | Loss: 3.1721 | LR: 9.31e-05
2026-04-05 23:49:29,418 | Epoch 2/3 | Step 52,000 | Loss: 3.4362 | LR: 9.26e-05
2026-04-05 23:50:11,552 |   EVAL | Loss: 3.3054 | Perplexity: 27.26
2026-04-05 23:50:11,677 |   NEW BEST
2026-04-05 23:50:19,229 | Epoch 2/3 | Step 52,100 | Loss: 3.3335 | LR: 9.21e-05
2026-04-05 23:50:26,784 | Epoch 2/3 | Step 52,200 | Loss: 3.3621 | LR: 9.15e-05
2026-04-05 23:50:34,319 | Epoch 2/3 | Step 52,300 | Loss: 3.4313 | LR: 9.10e-05
2026-04-05 23:50:41,848 | Epoch 2/3 | Step 52,400 | Loss: 3.2861 | LR: 9.05e-05
2026-04-05 23:50:49,396 | Epoch 2/3 | Step 52,500 | Loss: 3.3276 | LR: 9.00e-05
2026-04-05 23:50:56,918 | Epoch 2/3 | Step 52,600 | Loss: 3.3867 | LR: 8.94e-05
2026-04-05 23:51:04,461 | Epoch 2/3 | Step 52,700 | Loss: 3.0856 | LR: 8.89e-05
2026-04-05 23:51:12,010 | Epoch 2/3 | Step 52,800 | Loss: 3.2513 | LR: 8.84e-05
2026-04-05 23:51:19,543 | Epoch 2/3 | Step 52,900 | Loss: 3.4786 | LR: 8.78e-05
2026-04-05 23:51:27,075 | Epoch 2/3 | Step 53,000 | Loss: 3.2466 | LR: 8.73e-05
2026-04-05 23:52:09,215 |   EVAL | Loss: 3.3018 | Perplexity: 27.16
2026-04-05 23:52:09,319 |   NEW BEST
2026-04-05 23:52:16,861 | Epoch 2/3 | Step 53,100 | Loss: 3.2782 | LR: 8.68e-05
2026-04-05 23:52:24,407 | Epoch 2/3 | Step 53,200 | Loss: 3.2450 | LR: 8.63e-05
2026-04-05 23:52:31,954 | Epoch 2/3 | Step 53,300 | Loss: 3.2068 | LR: 8.57e-05
2026-04-05 23:52:39,487 | Epoch 2/3 | Step 53,400 | Loss: 3.2424 | LR: 8.52e-05
2026-04-05 23:52:47,019 | Epoch 2/3 | Step 53,500 | Loss: 3.2426 | LR: 8.47e-05
2026-04-05 23:52:54,549 | Epoch 2/3 | Step 53,600 | Loss: 3.4804 | LR: 8.42e-05
2026-04-05 23:53:02,070 | Epoch 2/3 | Step 53,700 | Loss: 3.1646 | LR: 8.37e-05
2026-04-05 23:53:09,597 | Epoch 2/3 | Step 53,800 | Loss: 3.1863 | LR: 8.32e-05
2026-04-05 23:53:17,135 | Epoch 2/3 | Step 53,900 | Loss: 3.2160 | LR: 8.26e-05
2026-04-05 23:53:24,678 | Epoch 2/3 | Step 54,000 | Loss: 3.2604 | LR: 8.21e-05
2026-04-05 23:54:06,879 |   EVAL | Loss: 3.2962 | Perplexity: 27.01
2026-04-05 23:54:07,015 |   NEW BEST
2026-04-05 23:54:14,546 | Epoch 2/3 | Step 54,100 | Loss: 3.1820 | LR: 8.16e-05
2026-04-05 23:54:22,090 | Epoch 2/3 | Step 54,200 | Loss: 3.3358 | LR: 8.11e-05
2026-04-05 23:54:29,617 | Epoch 2/3 | Step 54,300 | Loss: 3.3205 | LR: 8.06e-05
2026-04-05 23:54:37,147 | Epoch 2/3 | Step 54,400 | Loss: 3.3777 | LR: 8.01e-05
2026-04-05 23:54:44,664 | Epoch 2/3 | Step 54,500 | Loss: 3.3891 | LR: 7.96e-05
2026-04-05 23:54:52,186 | Epoch 2/3 | Step 54,600 | Loss: 3.4268 | LR: 7.90e-05
2026-04-05 23:54:59,710 | Epoch 2/3 | Step 54,700 | Loss: 3.2798 | LR: 7.85e-05
2026-04-05 23:55:07,245 | Epoch 2/3 | Step 54,800 | Loss: 3.2665 | LR: 7.80e-05
2026-04-05 23:55:14,789 | Epoch 2/3 | Step 54,900 | Loss: 3.2343 | LR: 7.75e-05
2026-04-05 23:55:22,335 | Epoch 2/3 | Step 55,000 | Loss: 3.3708 | LR: 7.70e-05
2026-04-05 23:56:04,492 |   EVAL | Loss: 3.2919 | Perplexity: 26.89
2026-04-05 23:56:04,612 |   NEW BEST
2026-04-05 23:56:09,861 | Epoch 2 complete | Avg loss: 3.3483 | Time: 108.0m
2026-04-05 23:56:12,350 | Epoch 3/3 | Step 55,100 | Loss: 3.2775 | LR: 7.65e-05
2026-04-05 23:56:19,863 | Epoch 3/3 | Step 55,200 | Loss: 3.2215 | LR: 7.60e-05
2026-04-05 23:56:27,404 | Epoch 3/3 | Step 55,300 | Loss: 3.1169 | LR: 7.55e-05
2026-04-05 23:56:34,939 | Epoch 3/3 | Step 55,400 | Loss: 3.1814 | LR: 7.50e-05
2026-04-05 23:56:42,471 | Epoch 3/3 | Step 55,500 | Loss: 3.1991 | LR: 7.45e-05
2026-04-05 23:56:50,055 | Epoch 3/3 | Step 55,600 | Loss: 3.2984 | LR: 7.40e-05
2026-04-05 23:56:57,655 | Epoch 3/3 | Step 55,700 | Loss: 3.2684 | LR: 7.35e-05
2026-04-05 23:57:05,187 | Epoch 3/3 | Step 55,800 | Loss: 3.1211 | LR: 7.30e-05
2026-04-05 23:57:12,753 | Epoch 3/3 | Step 55,900 | Loss: 3.1198 | LR: 7.25e-05
2026-04-05 23:57:20,295 | Epoch 3/3 | Step 56,000 | Loss: 3.2536 | LR: 7.20e-05
2026-04-05 23:58:02,474 |   EVAL | Loss: 3.2894 | Perplexity: 26.83
2026-04-05 23:58:02,619 |   NEW BEST
2026-04-05 23:58:10,149 | Epoch 3/3 | Step 56,100 | Loss: 3.2622 | LR: 7.15e-05
2026-04-05 23:58:17,686 | Epoch 3/3 | Step 56,200 | Loss: 3.3756 | LR: 7.10e-05
2026-04-05 23:58:25,230 | Epoch 3/3 | Step 56,300 | Loss: 3.0383 | LR: 7.06e-05
2026-04-05 23:58:32,774 | Epoch 3/3 | Step 56,400 | Loss: 3.2614 | LR: 7.01e-05
2026-04-05 23:58:40,297 | Epoch 3/3 | Step 56,500 | Loss: 3.1673 | LR: 6.96e-05
2026-04-05 23:58:47,847 | Epoch 3/3 | Step 56,600 | Loss: 3.3340 | LR: 6.91e-05
2026-04-05 23:58:55,387 | Epoch 3/3 | Step 56,700 | Loss: 3.0573 | LR: 6.86e-05
2026-04-05 23:59:02,910 | Epoch 3/3 | Step 56,800 | Loss: 3.3416 | LR: 6.81e-05
2026-04-05 23:59:10,439 | Epoch 3/3 | Step 56,900 | Loss: 3.3724 | LR: 6.76e-05
2026-04-05 23:59:17,981 | Epoch 3/3 | Step 57,000 | Loss: 3.1391 | LR: 6.72e-05
2026-04-06 00:00:00,234 |   EVAL | Loss: 3.2858 | Perplexity: 26.73
2026-04-06 00:00:00,642 |   NEW BEST
2026-04-06 00:00:08,185 | Epoch 3/3 | Step 57,100 | Loss: 3.3179 | LR: 6.67e-05
2026-04-06 00:00:15,718 | Epoch 3/3 | Step 57,200 | Loss: 3.2827 | LR: 6.62e-05
2026-04-06 00:00:23,251 | Epoch 3/3 | Step 57,300 | Loss: 3.2163 | LR: 6.57e-05
2026-04-06 00:00:30,778 | Epoch 3/3 | Step 57,400 | Loss: 3.3169 | LR: 6.52e-05
2026-04-06 00:00:38,347 | Epoch 3/3 | Step 57,500 | Loss: 3.2596 | LR: 6.48e-05
2026-04-06 00:00:45,922 | Epoch 3/3 | Step 57,600 | Loss: 3.3574 | LR: 6.43e-05
2026-04-06 00:00:53,501 | Epoch 3/3 | Step 57,700 | Loss: 3.2531 | LR: 6.38e-05
2026-04-06 00:01:01,091 | Epoch 3/3 | Step 57,800 | Loss: 3.2444 | LR: 6.33e-05
2026-04-06 00:01:08,715 | Epoch 3/3 | Step 57,900 | Loss: 3.4016 | LR: 6.29e-05
2026-04-06 00:01:16,296 | Epoch 3/3 | Step 58,000 | Loss: 3.2012 | LR: 6.24e-05
2026-04-06 00:01:58,608 |   EVAL | Loss: 3.2833 | Perplexity: 26.66
2026-04-06 00:01:58,750 |   NEW BEST
2026-04-06 00:02:06,271 | Epoch 3/3 | Step 58,100 | Loss: 3.2608 | LR: 6.19e-05
2026-04-06 00:02:13,829 | Epoch 3/3 | Step 58,200 | Loss: 3.1184 | LR: 6.15e-05
2026-04-06 00:02:21,380 | Epoch 3/3 | Step 58,300 | Loss: 3.0206 | LR: 6.10e-05
2026-04-06 00:02:28,940 | Epoch 3/3 | Step 58,400 | Loss: 3.3286 | LR: 6.05e-05
2026-04-06 00:02:36,477 | Epoch 3/3 | Step 58,500 | Loss: 3.2312 | LR: 6.01e-05
2026-04-06 00:02:43,990 | Epoch 3/3 | Step 58,600 | Loss: 3.2088 | LR: 5.96e-05
2026-04-06 00:02:51,506 | Epoch 3/3 | Step 58,700 | Loss: 3.2635 | LR: 5.92e-05
2026-04-06 00:02:59,041 | Epoch 3/3 | Step 58,800 | Loss: 3.2679 | LR: 5.87e-05
2026-04-06 00:03:06,571 | Epoch 3/3 | Step 58,900 | Loss: 3.1607 | LR: 5.82e-05
2026-04-06 00:03:14,110 | Epoch 3/3 | Step 59,000 | Loss: 3.2584 | LR: 5.78e-05
2026-04-06 00:03:56,231 |   EVAL | Loss: 3.2789 | Perplexity: 26.55
2026-04-06 00:03:56,372 |   NEW BEST
2026-04-06 00:04:03,900 | Epoch 3/3 | Step 59,100 | Loss: 3.2930 | LR: 5.73e-05
2026-04-06 00:04:11,419 | Epoch 3/3 | Step 59,200 | Loss: 3.2687 | LR: 5.69e-05
2026-04-06 00:04:18,932 | Epoch 3/3 | Step 59,300 | Loss: 3.3795 | LR: 5.64e-05
2026-04-06 00:04:26,454 | Epoch 3/3 | Step 59,400 | Loss: 3.3753 | LR: 5.60e-05
2026-04-06 00:04:33,987 | Epoch 3/3 | Step 59,500 | Loss: 3.2525 | LR: 5.55e-05
2026-04-06 00:04:41,514 | Epoch 3/3 | Step 59,600 | Loss: 3.2667 | LR: 5.51e-05
2026-04-06 00:04:49,043 | Epoch 3/3 | Step 59,700 | Loss: 3.2692 | LR: 5.46e-05
2026-04-06 00:04:56,589 | Epoch 3/3 | Step 59,800 | Loss: 3.1939 | LR: 5.42e-05
2026-04-06 00:05:04,107 | Epoch 3/3 | Step 59,900 | Loss: 3.4432 | LR: 5.37e-05
2026-04-06 00:05:11,644 | Epoch 3/3 | Step 60,000 | Loss: 3.1641 | LR: 5.33e-05
2026-04-06 00:05:53,859 |   EVAL | Loss: 3.2755 | Perplexity: 26.46
2026-04-06 00:05:53,987 |   NEW BEST
2026-04-06 00:06:01,548 | Epoch 3/3 | Step 60,100 | Loss: 3.1533 | LR: 5.29e-05
2026-04-06 00:06:09,103 | Epoch 3/3 | Step 60,200 | Loss: 3.1485 | LR: 5.24e-05
2026-04-06 00:06:16,663 | Epoch 3/3 | Step 60,300 | Loss: 3.2131 | LR: 5.20e-05
2026-04-06 00:06:24,218 | Epoch 3/3 | Step 60,400 | Loss: 3.1303 | LR: 5.15e-05
2026-04-06 00:06:31,801 | Epoch 3/3 | Step 60,500 | Loss: 3.2052 | LR: 5.11e-05
2026-04-06 00:06:39,386 | Epoch 3/3 | Step 60,600 | Loss: 3.2741 | LR: 5.07e-05
2026-04-06 00:06:46,959 | Epoch 3/3 | Step 60,700 | Loss: 3.1775 | LR: 5.02e-05
2026-04-06 00:06:54,489 | Epoch 3/3 | Step 60,800 | Loss: 3.3455 | LR: 4.98e-05
2026-04-06 00:07:02,028 | Epoch 3/3 | Step 60,900 | Loss: 3.2764 | LR: 4.94e-05
2026-04-06 00:07:09,587 | Epoch 3/3 | Step 61,000 | Loss: 3.1852 | LR: 4.90e-05
2026-04-06 00:07:51,689 |   EVAL | Loss: 3.2721 | Perplexity: 26.37
2026-04-06 00:07:51,803 |   NEW BEST
2026-04-06 00:07:59,322 | Epoch 3/3 | Step 61,100 | Loss: 3.3019 | LR: 4.85e-05
2026-04-06 00:08:06,842 | Epoch 3/3 | Step 61,200 | Loss: 3.1950 | LR: 4.81e-05
2026-04-06 00:08:14,370 | Epoch 3/3 | Step 61,300 | Loss: 3.2240 | LR: 4.77e-05
2026-04-06 00:08:21,887 | Epoch 3/3 | Step 61,400 | Loss: 3.1909 | LR: 4.73e-05
2026-04-06 00:08:29,398 | Epoch 3/3 | Step 61,500 | Loss: 2.9278 | LR: 4.68e-05
2026-04-06 00:08:36,914 | Epoch 3/3 | Step 61,600 | Loss: 3.2672 | LR: 4.64e-05
2026-04-06 00:08:44,427 | Epoch 3/3 | Step 61,700 | Loss: 3.2027 | LR: 4.60e-05
2026-04-06 00:08:51,940 | Epoch 3/3 | Step 61,800 | Loss: 3.1484 | LR: 4.56e-05
2026-04-06 00:08:59,456 | Epoch 3/3 | Step 61,900 | Loss: 3.2673 | LR: 4.52e-05
2026-04-06 00:09:06,989 | Epoch 3/3 | Step 62,000 | Loss: 3.2983 | LR: 4.48e-05
2026-04-06 00:09:49,252 |   EVAL | Loss: 3.2690 | Perplexity: 26.29
2026-04-06 00:09:49,412 |   NEW BEST
2026-04-06 00:09:56,936 | Epoch 3/3 | Step 62,100 | Loss: 3.2976 | LR: 4.44e-05
2026-04-06 00:10:04,472 | Epoch 3/3 | Step 62,200 | Loss: 3.2148 | LR: 4.39e-05
2026-04-06 00:10:11,995 | Epoch 3/3 | Step 62,300 | Loss: 3.0987 | LR: 4.35e-05
2026-04-06 00:10:19,520 | Epoch 3/3 | Step 62,400 | Loss: 3.2893 | LR: 4.31e-05
2026-04-06 00:10:27,055 | Epoch 3/3 | Step 62,500 | Loss: 3.1394 | LR: 4.27e-05
2026-04-06 00:10:34,570 | Epoch 3/3 | Step 62,600 | Loss: 3.1514 | LR: 4.23e-05
2026-04-06 00:10:42,087 | Epoch 3/3 | Step 62,700 | Loss: 3.2296 | LR: 4.19e-05
2026-04-06 00:10:49,613 | Epoch 3/3 | Step 62,800 | Loss: 3.2421 | LR: 4.15e-05
2026-04-06 00:10:57,135 | Epoch 3/3 | Step 62,900 | Loss: 3.3261 | LR: 4.11e-05
2026-04-06 00:11:04,650 | Epoch 3/3 | Step 63,000 | Loss: 3.1838 | LR: 4.07e-05
2026-04-06 00:11:46,697 |   EVAL | Loss: 3.2658 | Perplexity: 26.20
2026-04-06 00:11:46,818 |   NEW BEST
2026-04-06 00:11:54,342 | Epoch 3/3 | Step 63,100 | Loss: 3.2021 | LR: 4.03e-05
2026-04-06 00:12:01,869 | Epoch 3/3 | Step 63,200 | Loss: 3.0892 | LR: 3.99e-05
2026-04-06 00:12:09,394 | Epoch 3/3 | Step 63,300 | Loss: 3.2675 | LR: 3.95e-05
2026-04-06 00:12:16,912 | Epoch 3/3 | Step 63,400 | Loss: 3.2434 | LR: 3.92e-05
2026-04-06 00:12:24,426 | Epoch 3/3 | Step 63,500 | Loss: 3.2077 | LR: 3.88e-05
2026-04-06 00:12:31,934 | Epoch 3/3 | Step 63,600 | Loss: 3.1595 | LR: 3.84e-05
2026-04-06 00:12:39,439 | Epoch 3/3 | Step 63,700 | Loss: 3.4692 | LR: 3.80e-05
2026-04-06 00:12:46,950 | Epoch 3/3 | Step 63,800 | Loss: 3.2503 | LR: 3.76e-05
2026-04-06 00:12:54,455 | Epoch 3/3 | Step 63,900 | Loss: 3.2545 | LR: 3.72e-05
2026-04-06 00:13:01,955 | Epoch 3/3 | Step 64,000 | Loss: 3.2321 | LR: 3.69e-05
2026-04-06 00:13:43,992 |   EVAL | Loss: 3.2632 | Perplexity: 26.13
2026-04-06 00:13:44,104 |   NEW BEST
2026-04-06 00:13:51,625 | Epoch 3/3 | Step 64,100 | Loss: 3.1793 | LR: 3.65e-05
2026-04-06 00:13:59,165 | Epoch 3/3 | Step 64,200 | Loss: 3.2427 | LR: 3.61e-05
2026-04-06 00:14:06,685 | Epoch 3/3 | Step 64,300 | Loss: 3.2531 | LR: 3.57e-05
2026-04-06 00:14:14,208 | Epoch 3/3 | Step 64,400 | Loss: 3.2634 | LR: 3.54e-05
2026-04-06 00:14:21,739 | Epoch 3/3 | Step 64,500 | Loss: 3.2280 | LR: 3.50e-05
2026-04-06 00:14:29,356 | Epoch 3/3 | Step 64,600 | Loss: 3.0035 | LR: 3.46e-05
2026-04-06 00:14:36,888 | Epoch 3/3 | Step 64,700 | Loss: 3.2565 | LR: 3.42e-05
2026-04-06 00:14:44,414 | Epoch 3/3 | Step 64,800 | Loss: 3.1345 | LR: 3.39e-05
2026-04-06 00:14:51,934 | Epoch 3/3 | Step 64,900 | Loss: 3.3091 | LR: 3.35e-05
2026-04-06 00:14:59,462 | Epoch 3/3 | Step 65,000 | Loss: 3.1549 | LR: 3.31e-05
2026-04-06 00:15:41,536 |   EVAL | Loss: 3.2602 | Perplexity: 26.06
2026-04-06 00:15:41,650 |   NEW BEST
2026-04-06 00:15:49,197 | Epoch 3/3 | Step 65,100 | Loss: 3.0607 | LR: 3.28e-05
2026-04-06 00:15:56,725 | Epoch 3/3 | Step 65,200 | Loss: 3.3203 | LR: 3.24e-05
2026-04-06 00:16:04,244 | Epoch 3/3 | Step 65,300 | Loss: 3.3020 | LR: 3.21e-05
2026-04-06 00:16:11,765 | Epoch 3/3 | Step 65,400 | Loss: 3.3013 | LR: 3.17e-05
2026-04-06 00:16:19,290 | Epoch 3/3 | Step 65,500 | Loss: 3.1709 | LR: 3.14e-05
2026-04-06 00:16:26,826 | Epoch 3/3 | Step 65,600 | Loss: 3.2634 | LR: 3.10e-05
2026-04-06 00:16:34,346 | Epoch 3/3 | Step 65,700 | Loss: 3.3579 | LR: 3.07e-05
2026-04-06 00:16:41,866 | Epoch 3/3 | Step 65,800 | Loss: 3.1767 | LR: 3.03e-05
2026-04-06 00:16:49,381 | Epoch 3/3 | Step 65,900 | Loss: 3.2386 | LR: 3.00e-05
2026-04-06 00:16:56,922 | Epoch 3/3 | Step 66,000 | Loss: 3.6436 | LR: 2.96e-05
2026-04-06 00:17:39,082 |   EVAL | Loss: 3.2573 | Perplexity: 25.98
2026-04-06 00:17:39,190 |   NEW BEST
2026-04-06 00:17:46,766 | Epoch 3/3 | Step 66,100 | Loss: 3.2605 | LR: 2.93e-05
2026-04-06 00:17:54,346 | Epoch 3/3 | Step 66,200 | Loss: 3.2264 | LR: 2.89e-05
2026-04-06 00:18:01,875 | Epoch 3/3 | Step 66,300 | Loss: 3.2410 | LR: 2.86e-05
2026-04-06 00:18:09,406 | Epoch 3/3 | Step 66,400 | Loss: 3.1614 | LR: 2.83e-05
2026-04-06 00:18:16,930 | Epoch 3/3 | Step 66,500 | Loss: 3.3069 | LR: 2.79e-05
2026-04-06 00:18:24,449 | Epoch 3/3 | Step 66,600 | Loss: 3.2133 | LR: 2.76e-05
2026-04-06 00:18:31,975 | Epoch 3/3 | Step 66,700 | Loss: 3.2246 | LR: 2.72e-05
2026-04-06 00:18:39,512 | Epoch 3/3 | Step 66,800 | Loss: 3.3300 | LR: 2.69e-05
2026-04-06 00:18:47,040 | Epoch 3/3 | Step 66,900 | Loss: 3.0291 | LR: 2.66e-05
2026-04-06 00:18:54,566 | Epoch 3/3 | Step 67,000 | Loss: 3.0606 | LR: 2.63e-05
2026-04-06 00:19:36,641 |   EVAL | Loss: 3.2545 | Perplexity: 25.91
2026-04-06 00:19:36,743 |   NEW BEST
2026-04-06 00:19:44,259 | Epoch 3/3 | Step 67,100 | Loss: 3.3096 | LR: 2.59e-05
2026-04-06 00:19:51,791 | Epoch 3/3 | Step 67,200 | Loss: 3.1611 | LR: 2.56e-05
2026-04-06 00:19:59,310 | Epoch 3/3 | Step 67,300 | Loss: 3.0830 | LR: 2.53e-05
2026-04-06 00:20:06,838 | Epoch 3/3 | Step 67,400 | Loss: 3.0733 | LR: 2.50e-05
2026-04-06 00:20:14,347 | Epoch 3/3 | Step 67,500 | Loss: 3.1015 | LR: 2.46e-05
2026-04-06 00:20:21,871 | Epoch 3/3 | Step 67,600 | Loss: 3.2354 | LR: 2.43e-05
2026-04-06 00:20:29,388 | Epoch 3/3 | Step 67,700 | Loss: 3.2472 | LR: 2.40e-05
2026-04-06 00:20:36,911 | Epoch 3/3 | Step 67,800 | Loss: 3.3244 | LR: 2.37e-05
2026-04-06 00:20:44,449 | Epoch 3/3 | Step 67,900 | Loss: 2.9399 | LR: 2.34e-05
2026-04-06 00:20:51,971 | Epoch 3/3 | Step 68,000 | Loss: 3.0691 | LR: 2.31e-05
2026-04-06 00:21:34,601 |   EVAL | Loss: 3.2522 | Perplexity: 25.85
2026-04-06 00:21:34,717 |   NEW BEST
2026-04-06 00:21:42,292 | Epoch 3/3 | Step 68,100 | Loss: 3.1221 | LR: 2.28e-05
2026-04-06 00:21:49,856 | Epoch 3/3 | Step 68,200 | Loss: 3.1804 | LR: 2.25e-05
2026-04-06 00:21:57,422 | Epoch 3/3 | Step 68,300 | Loss: 3.3538 | LR: 2.22e-05
2026-04-06 00:22:04,933 | Epoch 3/3 | Step 68,400 | Loss: 3.1779 | LR: 2.19e-05
2026-04-06 00:22:12,448 | Epoch 3/3 | Step 68,500 | Loss: 3.0875 | LR: 2.16e-05
2026-04-06 00:22:19,968 | Epoch 3/3 | Step 68,600 | Loss: 3.1529 | LR: 2.13e-05
2026-04-06 00:22:27,477 | Epoch 3/3 | Step 68,700 | Loss: 3.3139 | LR: 2.10e-05
2026-04-06 00:22:34,983 | Epoch 3/3 | Step 68,800 | Loss: 3.2360 | LR: 2.07e-05
2026-04-06 00:22:42,491 | Epoch 3/3 | Step 68,900 | Loss: 3.1998 | LR: 2.04e-05
2026-04-06 00:22:50,008 | Epoch 3/3 | Step 69,000 | Loss: 3.2899 | LR: 2.01e-05
2026-04-06 00:23:32,120 |   EVAL | Loss: 3.2504 | Perplexity: 25.80
2026-04-06 00:23:32,250 |   NEW BEST
2026-04-06 00:23:39,776 | Epoch 3/3 | Step 69,100 | Loss: 3.1570 | LR: 1.98e-05
2026-04-06 00:23:47,302 | Epoch 3/3 | Step 69,200 | Loss: 3.0653 | LR: 1.95e-05
2026-04-06 00:23:54,821 | Epoch 3/3 | Step 69,300 | Loss: 3.1166 | LR: 1.92e-05
2026-04-06 00:24:02,341 | Epoch 3/3 | Step 69,400 | Loss: 3.2383 | LR: 1.90e-05
2026-04-06 00:24:09,877 | Epoch 3/3 | Step 69,500 | Loss: 3.2016 | LR: 1.87e-05
2026-04-06 00:24:17,435 | Epoch 3/3 | Step 69,600 | Loss: 3.2171 | LR: 1.84e-05
2026-04-06 00:24:24,985 | Epoch 3/3 | Step 69,700 | Loss: 3.2452 | LR: 1.81e-05
2026-04-06 00:24:32,511 | Epoch 3/3 | Step 69,800 | Loss: 3.2241 | LR: 1.79e-05
2026-04-06 00:24:40,047 | Epoch 3/3 | Step 69,900 | Loss: 3.1199 | LR: 1.76e-05
2026-04-06 00:24:47,582 | Epoch 3/3 | Step 70,000 | Loss: 3.2897 | LR: 1.73e-05
2026-04-06 00:25:29,845 |   EVAL | Loss: 3.2482 | Perplexity: 25.74
2026-04-06 00:25:29,973 |   NEW BEST
2026-04-06 00:25:37,547 | Epoch 3/3 | Step 70,100 | Loss: 3.1272 | LR: 1.70e-05
2026-04-06 00:25:45,093 | Epoch 3/3 | Step 70,200 | Loss: 3.2670 | LR: 1.68e-05
2026-04-06 00:25:52,629 | Epoch 3/3 | Step 70,300 | Loss: 3.2348 | LR: 1.65e-05
2026-04-06 00:26:00,176 | Epoch 3/3 | Step 70,400 | Loss: 3.1774 | LR: 1.63e-05
2026-04-06 00:26:07,721 | Epoch 3/3 | Step 70,500 | Loss: 3.1119 | LR: 1.60e-05
2026-04-06 00:26:15,252 | Epoch 3/3 | Step 70,600 | Loss: 3.3093 | LR: 1.57e-05
2026-04-06 00:26:22,783 | Epoch 3/3 | Step 70,700 | Loss: 3.2831 | LR: 1.55e-05
2026-04-06 00:26:30,341 | Epoch 3/3 | Step 70,800 | Loss: 2.8705 | LR: 1.52e-05
2026-04-06 00:26:37,864 | Epoch 3/3 | Step 70,900 | Loss: 3.1897 | LR: 1.50e-05
2026-04-06 00:26:45,400 | Epoch 3/3 | Step 71,000 | Loss: 3.2407 | LR: 1.47e-05
2026-04-06 00:27:27,603 |   EVAL | Loss: 3.2467 | Perplexity: 25.71
2026-04-06 00:27:27,723 |   NEW BEST
2026-04-06 00:27:35,253 | Epoch 3/3 | Step 71,100 | Loss: 3.2113 | LR: 1.45e-05
2026-04-06 00:27:42,777 | Epoch 3/3 | Step 71,200 | Loss: 3.2011 | LR: 1.42e-05
2026-04-06 00:27:50,310 | Epoch 3/3 | Step 71,300 | Loss: 3.2879 | LR: 1.40e-05
2026-04-06 00:27:57,849 | Epoch 3/3 | Step 71,400 | Loss: 3.2571 | LR: 1.37e-05
2026-04-06 00:28:05,395 | Epoch 3/3 | Step 71,500 | Loss: 3.3372 | LR: 1.35e-05
2026-04-06 00:28:12,928 | Epoch 3/3 | Step 71,600 | Loss: 3.2280 | LR: 1.33e-05
2026-04-06 00:28:20,474 | Epoch 3/3 | Step 71,700 | Loss: 3.2760 | LR: 1.30e-05
2026-04-06 00:28:27,997 | Epoch 3/3 | Step 71,800 | Loss: 3.2232 | LR: 1.28e-05
2026-04-06 00:28:35,533 | Epoch 3/3 | Step 71,900 | Loss: 3.1697 | LR: 1.26e-05
2026-04-06 00:28:43,063 | Epoch 3/3 | Step 72,000 | Loss: 3.1997 | LR: 1.23e-05
2026-04-06 00:29:25,276 |   EVAL | Loss: 3.2449 | Perplexity: 25.66
2026-04-06 00:29:25,394 |   NEW BEST
2026-04-06 00:29:32,926 | Epoch 3/3 | Step 72,100 | Loss: 3.3660 | LR: 1.21e-05
2026-04-06 00:29:40,460 | Epoch 3/3 | Step 72,200 | Loss: 3.2708 | LR: 1.19e-05
2026-04-06 00:29:48,016 | Epoch 3/3 | Step 72,300 | Loss: 3.2657 | LR: 1.16e-05
2026-04-06 00:29:55,547 | Epoch 3/3 | Step 72,400 | Loss: 3.1340 | LR: 1.14e-05
2026-04-06 00:30:03,075 | Epoch 3/3 | Step 72,500 | Loss: 3.1124 | LR: 1.12e-05
2026-04-06 00:30:10,617 | Epoch 3/3 | Step 72,600 | Loss: 3.0841 | LR: 1.10e-05
2026-04-06 00:30:18,151 | Epoch 3/3 | Step 72,700 | Loss: 3.1731 | LR: 1.08e-05
2026-04-06 00:30:25,677 | Epoch 3/3 | Step 72,800 | Loss: 3.1046 | LR: 1.06e-05
2026-04-06 00:30:33,198 | Epoch 3/3 | Step 72,900 | Loss: 3.1236 | LR: 1.03e-05
2026-04-06 00:30:40,717 | Epoch 3/3 | Step 73,000 | Loss: 3.2046 | LR: 1.01e-05
2026-04-06 00:31:22,882 |   EVAL | Loss: 3.2436 | Perplexity: 25.63
2026-04-06 00:31:22,997 |   NEW BEST
2026-04-06 00:31:30,526 | Epoch 3/3 | Step 73,100 | Loss: 2.9580 | LR: 9.93e-06
2026-04-06 00:31:38,076 | Epoch 3/3 | Step 73,200 | Loss: 3.1165 | LR: 9.72e-06
2026-04-06 00:31:45,597 | Epoch 3/3 | Step 73,300 | Loss: 3.3922 | LR: 9.52e-06
2026-04-06 00:31:53,115 | Epoch 3/3 | Step 73,400 | Loss: 3.2568 | LR: 9.32e-06
2026-04-06 00:32:00,651 | Epoch 3/3 | Step 73,500 | Loss: 3.0830 | LR: 9.12e-06
2026-04-06 00:32:08,167 | Epoch 3/3 | Step 73,600 | Loss: 3.0442 | LR: 8.92e-06
2026-04-06 00:32:15,688 | Epoch 3/3 | Step 73,700 | Loss: 3.3196 | LR: 8.73e-06
2026-04-06 00:32:23,216 | Epoch 3/3 | Step 73,800 | Loss: 3.2576 | LR: 8.53e-06
2026-04-06 00:32:30,760 | Epoch 3/3 | Step 73,900 | Loss: 3.2591 | LR: 8.34e-06
2026-04-06 00:32:38,278 | Epoch 3/3 | Step 74,000 | Loss: 3.1600 | LR: 8.15e-06
2026-04-06 00:33:20,565 |   EVAL | Loss: 3.2423 | Perplexity: 25.59
2026-04-06 00:33:20,683 |   NEW BEST
2026-04-06 00:33:28,241 | Epoch 3/3 | Step 74,100 | Loss: 3.2103 | LR: 7.97e-06
2026-04-06 00:33:35,777 | Epoch 3/3 | Step 74,200 | Loss: 3.1362 | LR: 7.78e-06
2026-04-06 00:33:43,304 | Epoch 3/3 | Step 74,300 | Loss: 3.3096 | LR: 7.60e-06
2026-04-06 00:33:50,830 | Epoch 3/3 | Step 74,400 | Loss: 3.1044 | LR: 7.42e-06
2026-04-06 00:33:58,355 | Epoch 3/3 | Step 74,500 | Loss: 3.1262 | LR: 7.24e-06
2026-04-06 00:34:05,870 | Epoch 3/3 | Step 74,600 | Loss: 3.2664 | LR: 7.06e-06
2026-04-06 00:34:13,391 | Epoch 3/3 | Step 74,700 | Loss: 3.2051 | LR: 6.89e-06
2026-04-06 00:34:20,943 | Epoch 3/3 | Step 74,800 | Loss: 3.1820 | LR: 6.72e-06
2026-04-06 00:34:28,475 | Epoch 3/3 | Step 74,900 | Loss: 3.1830 | LR: 6.55e-06
2026-04-06 00:34:36,004 | Epoch 3/3 | Step 75,000 | Loss: 3.1927 | LR: 6.38e-06
2026-04-06 00:35:18,134 |   EVAL | Loss: 3.2414 | Perplexity: 25.57
2026-04-06 00:35:18,246 |   NEW BEST
2026-04-06 00:35:25,880 | Epoch 3/3 | Step 75,100 | Loss: 2.9826 | LR: 6.21e-06
2026-04-06 00:35:33,463 | Epoch 3/3 | Step 75,200 | Loss: 3.1827 | LR: 6.05e-06
2026-04-06 00:35:41,042 | Epoch 3/3 | Step 75,300 | Loss: 3.0537 | LR: 5.89e-06
2026-04-06 00:35:48,575 | Epoch 3/3 | Step 75,400 | Loss: 3.1859 | LR: 5.73e-06
2026-04-06 00:35:56,107 | Epoch 3/3 | Step 75,500 | Loss: 3.2075 | LR: 5.57e-06
2026-04-06 00:36:03,636 | Epoch 3/3 | Step 75,600 | Loss: 3.0767 | LR: 5.42e-06
2026-04-06 00:36:11,177 | Epoch 3/3 | Step 75,700 | Loss: 3.2909 | LR: 5.27e-06
2026-04-06 00:36:18,734 | Epoch 3/3 | Step 75,800 | Loss: 3.1790 | LR: 5.12e-06
2026-04-06 00:36:26,254 | Epoch 3/3 | Step 75,900 | Loss: 3.1240 | LR: 4.97e-06
2026-04-06 00:36:33,786 | Epoch 3/3 | Step 76,000 | Loss: 3.2579 | LR: 4.82e-06
2026-04-06 00:37:15,902 |   EVAL | Loss: 3.2406 | Perplexity: 25.55
2026-04-06 00:37:16,033 |   NEW BEST
2026-04-06 00:37:23,570 | Epoch 3/3 | Step 76,100 | Loss: 3.2497 | LR: 4.68e-06
2026-04-06 00:37:31,126 | Epoch 3/3 | Step 76,200 | Loss: 3.1267 | LR: 4.53e-06
2026-04-06 00:37:38,652 | Epoch 3/3 | Step 76,300 | Loss: 3.1614 | LR: 4.39e-06
2026-04-06 00:37:46,188 | Epoch 3/3 | Step 76,400 | Loss: 3.2086 | LR: 4.26e-06
2026-04-06 00:37:53,716 | Epoch 3/3 | Step 76,500 | Loss: 3.0709 | LR: 4.12e-06
2026-04-06 00:38:01,234 | Epoch 3/3 | Step 76,600 | Loss: 3.1025 | LR: 3.99e-06
2026-04-06 00:38:08,751 | Epoch 3/3 | Step 76,700 | Loss: 3.2283 | LR: 3.86e-06
2026-04-06 00:38:16,291 | Epoch 3/3 | Step 76,800 | Loss: 3.2296 | LR: 3.73e-06
2026-04-06 00:38:23,818 | Epoch 3/3 | Step 76,900 | Loss: 3.1283 | LR: 3.60e-06
2026-04-06 00:38:31,340 | Epoch 3/3 | Step 77,000 | Loss: 3.0910 | LR: 3.48e-06
2026-04-06 00:39:13,422 |   EVAL | Loss: 3.2398 | Perplexity: 25.53
2026-04-06 00:39:13,526 |   NEW BEST
2026-04-06 00:39:21,048 | Epoch 3/3 | Step 77,100 | Loss: 3.2066 | LR: 3.35e-06
2026-04-06 00:39:28,562 | Epoch 3/3 | Step 77,200 | Loss: 3.2835 | LR: 3.23e-06
2026-04-06 00:39:36,086 | Epoch 3/3 | Step 77,300 | Loss: 3.1017 | LR: 3.12e-06
2026-04-06 00:39:43,597 | Epoch 3/3 | Step 77,400 | Loss: 3.1781 | LR: 3.00e-06
2026-04-06 00:39:51,128 | Epoch 3/3 | Step 77,500 | Loss: 3.1614 | LR: 2.89e-06
2026-04-06 00:39:58,652 | Epoch 3/3 | Step 77,600 | Loss: 3.1172 | LR: 2.77e-06
2026-04-06 00:40:06,186 | Epoch 3/3 | Step 77,700 | Loss: 3.1369 | LR: 2.66e-06
2026-04-06 00:40:13,714 | Epoch 3/3 | Step 77,800 | Loss: 3.2662 | LR: 2.56e-06
2026-04-06 00:40:21,241 | Epoch 3/3 | Step 77,900 | Loss: 3.2362 | LR: 2.45e-06
2026-04-06 00:40:28,754 | Epoch 3/3 | Step 78,000 | Loss: 3.2740 | LR: 2.35e-06
2026-04-06 00:41:10,912 |   EVAL | Loss: 3.2393 | Perplexity: 25.52
2026-04-06 00:41:11,069 |   NEW BEST
2026-04-06 00:41:18,645 | Epoch 3/3 | Step 78,100 | Loss: 3.2488 | LR: 2.25e-06
2026-04-06 00:41:26,217 | Epoch 3/3 | Step 78,200 | Loss: 3.0315 | LR: 2.15e-06
2026-04-06 00:41:33,792 | Epoch 3/3 | Step 78,300 | Loss: 3.1343 | LR: 2.05e-06
2026-04-06 00:41:41,357 | Epoch 3/3 | Step 78,400 | Loss: 3.1277 | LR: 1.96e-06
2026-04-06 00:41:48,926 | Epoch 3/3 | Step 78,500 | Loss: 3.0849 | LR: 1.87e-06
2026-04-06 00:41:56,499 | Epoch 3/3 | Step 78,600 | Loss: 3.1409 | LR: 1.78e-06
2026-04-06 00:42:04,066 | Epoch 3/3 | Step 78,700 | Loss: 3.1543 | LR: 1.69e-06
2026-04-06 00:42:11,608 | Epoch 3/3 | Step 78,800 | Loss: 3.1029 | LR: 1.60e-06
2026-04-06 00:42:19,130 | Epoch 3/3 | Step 78,900 | Loss: 3.3121 | LR: 1.52e-06
2026-04-06 00:42:26,662 | Epoch 3/3 | Step 79,000 | Loss: 3.1532 | LR: 1.44e-06
2026-04-06 00:43:08,729 |   EVAL | Loss: 3.2389 | Perplexity: 25.51
2026-04-06 00:43:08,849 |   NEW BEST
2026-04-06 00:43:16,423 | Epoch 3/3 | Step 79,100 | Loss: 3.0835 | LR: 1.36e-06
2026-04-06 00:43:23,949 | Epoch 3/3 | Step 79,200 | Loss: 3.1327 | LR: 1.29e-06
2026-04-06 00:43:31,471 | Epoch 3/3 | Step 79,300 | Loss: 3.1888 | LR: 1.21e-06
2026-04-06 00:43:39,015 | Epoch 3/3 | Step 79,400 | Loss: 3.2174 | LR: 1.14e-06
2026-04-06 00:43:46,538 | Epoch 3/3 | Step 79,500 | Loss: 3.1418 | LR: 1.07e-06
2026-04-06 00:43:54,088 | Epoch 3/3 | Step 79,600 | Loss: 3.1660 | LR: 1.00e-06
2026-04-06 00:44:01,606 | Epoch 3/3 | Step 79,700 | Loss: 3.0952 | LR: 9.36e-07
2026-04-06 00:44:09,129 | Epoch 3/3 | Step 79,800 | Loss: 3.0911 | LR: 8.73e-07
2026-04-06 00:44:16,691 | Epoch 3/3 | Step 79,900 | Loss: 3.2156 | LR: 8.11e-07
2026-04-06 00:44:24,215 | Epoch 3/3 | Step 80,000 | Loss: 3.0838 | LR: 7.53e-07
2026-04-06 00:45:06,310 |   EVAL | Loss: 3.2387 | Perplexity: 25.50
2026-04-06 00:45:06,430 |   NEW BEST
2026-04-06 00:45:13,949 | Epoch 3/3 | Step 80,100 | Loss: 3.1396 | LR: 6.96e-07
2026-04-06 00:45:21,483 | Epoch 3/3 | Step 80,200 | Loss: 3.1933 | LR: 6.41e-07
2026-04-06 00:45:29,006 | Epoch 3/3 | Step 80,300 | Loss: 3.3861 | LR: 5.89e-07
2026-04-06 00:45:36,530 | Epoch 3/3 | Step 80,400 | Loss: 3.1782 | LR: 5.39e-07
2026-04-06 00:45:44,067 | Epoch 3/3 | Step 80,500 | Loss: 3.1594 | LR: 4.91e-07
2026-04-06 00:45:51,616 | Epoch 3/3 | Step 80,600 | Loss: 3.3845 | LR: 4.46e-07
2026-04-06 00:45:59,162 | Epoch 3/3 | Step 80,700 | Loss: 3.1882 | LR: 4.02e-07
2026-04-06 00:46:06,680 | Epoch 3/3 | Step 80,800 | Loss: 3.2623 | LR: 3.61e-07
2026-04-06 00:46:14,218 | Epoch 3/3 | Step 80,900 | Loss: 3.0632 | LR: 3.22e-07
2026-04-06 00:46:21,742 | Epoch 3/3 | Step 81,000 | Loss: 3.1533 | LR: 2.86e-07
2026-04-06 00:47:03,856 |   EVAL | Loss: 3.2386 | Perplexity: 25.50
2026-04-06 00:47:04,004 |   NEW BEST
2026-04-06 00:47:11,543 | Epoch 3/3 | Step 81,100 | Loss: 3.1366 | LR: 2.51e-07
2026-04-06 00:47:19,092 | Epoch 3/3 | Step 81,200 | Loss: 3.1923 | LR: 2.19e-07
2026-04-06 00:47:26,629 | Epoch 3/3 | Step 81,300 | Loss: 3.1931 | LR: 1.89e-07
2026-04-06 00:47:34,148 | Epoch 3/3 | Step 81,400 | Loss: 3.2299 | LR: 1.61e-07
2026-04-06 00:47:41,672 | Epoch 3/3 | Step 81,500 | Loss: 3.1546 | LR: 1.35e-07
2026-04-06 00:47:49,188 | Epoch 3/3 | Step 81,600 | Loss: 3.1498 | LR: 1.12e-07
2026-04-06 00:47:56,714 | Epoch 3/3 | Step 81,700 | Loss: 3.0911 | LR: 9.06e-08
2026-04-06 00:48:04,259 | Epoch 3/3 | Step 81,800 | Loss: 3.1490 | LR: 7.17e-08
2026-04-06 00:48:11,800 | Epoch 3/3 | Step 81,900 | Loss: 3.2205 | LR: 5.49e-08
2026-04-06 00:48:19,343 | Epoch 3/3 | Step 82,000 | Loss: 3.1838 | LR: 4.04e-08
2026-04-06 00:49:01,491 |   EVAL | Loss: 3.2385 | Perplexity: 25.50
2026-04-06 00:49:01,612 |   NEW BEST
2026-04-06 00:49:09,143 | Epoch 3/3 | Step 82,100 | Loss: 3.1703 | LR: 2.81e-08
2026-04-06 00:49:16,669 | Epoch 3/3 | Step 82,200 | Loss: 3.2881 | LR: 1.81e-08
2026-04-06 00:49:24,242 | Epoch 3/3 | Step 82,300 | Loss: 3.0818 | LR: 1.02e-08
2026-04-06 00:49:31,782 | Epoch 3/3 | Step 82,400 | Loss: 3.2264 | LR: 4.58e-09
2026-04-06 00:49:39,308 | Epoch 3/3 | Step 82,500 | Loss: 3.1258 | LR: 1.18e-09
2026-04-06 00:49:46,833 | Epoch 3/3 | Step 82,600 | Loss: 3.1077 | LR: 1.00e-12
2026-04-06 00:49:47,122 | Epoch 3 complete | Avg loss: 3.2065 | Time: 161.7m
2026-04-06 00:49:47,228 | Training complete in 161.7m | Best eval: 3.2385 | Best ppl: 25.50
