2026-04-05 20:08:05,588 | ============================================================
2026-04-05 20:08:05,588 | LidiaZ 7M — Esperanto Only — Ludwik Zamenhof Method
2026-04-05 20:08:05,588 | ============================================================
2026-04-05 20:08:05,588 | Device: cuda
2026-04-05 20:08:05,588 | Loading parallel training data: C:\Users\Travi\OneDrive\Desktop\Jalek1\lidiaz_training_esperanto_only.bin
2026-04-05 20:08:05,589 |   Size: 36.2MB
2026-04-05 20:08:06,748 | Training chains: 1,613,890
2026-04-05 20:08:06,789 | Train: 1,533,195 | Eval: 80,695
2026-04-05 20:08:06,793 | Batches per epoch: 23,956
2026-04-05 20:08:06,940 | Model parameters: 7,178,880
2026-04-05 20:08:06,941 | Architecture: 3L, d=384, 8h, ff=1536
2026-04-05 20:08:07,959 | Total steps: 71,868
2026-04-05 20:08:07,959 | Warmup: 1000 steps
2026-04-05 20:08:07,959 | Epochs: 3
2026-04-05 20:08:07,959 | Batch size: 64
2026-04-05 20:08:07,959 | Seq length: 512
2026-04-05 20:08:07,959 | Learning rate: 0.0003
2026-04-05 20:08:07,959 | 
2026-04-05 20:08:26,723 | Epoch 1/3 | Step 100 | Loss: 2.7961 | LR: 3.00e-05 | Tok/s: 7256
2026-04-05 20:08:45,175 | Epoch 1/3 | Step 200 | Loss: 2.1063 | LR: 6.00e-05 | Tok/s: 7286
2026-04-05 20:09:03,436 | Epoch 1/3 | Step 300 | Loss: 1.7401 | LR: 9.00e-05 | Tok/s: 7381
2026-04-05 20:09:21,502 | Epoch 1/3 | Step 400 | Loss: 1.6048 | LR: 1.20e-04 | Tok/s: 7493
2026-04-05 20:09:39,561 | Epoch 1/3 | Step 500 | Loss: 1.6016 | LR: 1.50e-04 | Tok/s: 7543
2026-04-05 20:09:57,645 | Epoch 1/3 | Step 600 | Loss: 1.5173 | LR: 1.80e-04 | Tok/s: 7557
2026-04-05 20:10:15,856 | Epoch 1/3 | Step 700 | Loss: 1.3784 | LR: 2.10e-04 | Tok/s: 7549
2026-04-05 20:10:33,981 | Epoch 1/3 | Step 800 | Loss: 1.5338 | LR: 2.40e-04 | Tok/s: 7520
2026-04-05 20:10:52,228 | Epoch 1/3 | Step 900 | Loss: 1.3831 | LR: 2.70e-04 | Tok/s: 7529
2026-04-05 20:11:10,432 | Epoch 1/3 | Step 1,000 | Loss: 1.4828 | LR: 3.00e-04 | Tok/s: 7509
2026-04-05 20:12:35,754 |   EVAL | Loss: 1.3957 | Perplexity: 4.04
2026-04-05 20:12:35,811 |   NEW BEST — saved checkpoint
2026-04-05 20:12:53,925 | Epoch 1/3 | Step 1,100 | Loss: 1.4070 | LR: 3.00e-04 | Tok/s: 5269
2026-04-05 20:13:12,037 | Epoch 1/3 | Step 1,200 | Loss: 1.4157 | LR: 3.00e-04 | Tok/s: 5398
2026-04-05 20:13:30,175 | Epoch 1/3 | Step 1,300 | Loss: 1.3685 | LR: 3.00e-04 | Tok/s: 5507
2026-04-05 20:13:48,328 | Epoch 1/3 | Step 1,400 | Loss: 1.3387 | LR: 3.00e-04 | Tok/s: 5615
2026-04-05 20:14:06,490 | Epoch 1/3 | Step 1,500 | Loss: 1.2365 | LR: 3.00e-04 | Tok/s: 5709
2026-04-05 20:14:24,722 | Epoch 1/3 | Step 1,600 | Loss: 1.3111 | LR: 3.00e-04 | Tok/s: 5804
2026-04-05 20:14:42,815 | Epoch 1/3 | Step 1,700 | Loss: 1.3196 | LR: 3.00e-04 | Tok/s: 5884
2026-04-05 20:15:00,957 | Epoch 1/3 | Step 1,800 | Loss: 1.3467 | LR: 3.00e-04 | Tok/s: 5955
2026-04-05 20:15:19,208 | Epoch 1/3 | Step 1,900 | Loss: 1.3095 | LR: 3.00e-04 | Tok/s: 6016
2026-04-05 20:15:37,304 | Epoch 1/3 | Step 2,000 | Loss: 1.2086 | LR: 3.00e-04 | Tok/s: 6080
2026-04-05 20:17:02,858 |   EVAL | Loss: 1.2763 | Perplexity: 3.58
2026-04-05 20:17:02,920 |   NEW BEST — saved checkpoint
2026-04-05 20:17:21,042 | Epoch 1/3 | Step 2,100 | Loss: 1.3037 | LR: 3.00e-04 | Tok/s: 5182
2026-04-05 20:17:39,200 | Epoch 1/3 | Step 2,200 | Loss: 1.2744 | LR: 3.00e-04 | Tok/s: 5256
2026-04-05 20:17:57,631 | Epoch 1/3 | Step 2,300 | Loss: 1.2297 | LR: 3.00e-04 | Tok/s: 5319
2026-04-05 20:18:16,202 | Epoch 1/3 | Step 2,400 | Loss: 1.2633 | LR: 3.00e-04 | Tok/s: 5374
2026-04-05 20:18:34,568 | Epoch 1/3 | Step 2,500 | Loss: 1.3320 | LR: 3.00e-04 | Tok/s: 5428
2026-04-05 20:18:52,691 | Epoch 1/3 | Step 2,600 | Loss: 1.2971 | LR: 3.00e-04 | Tok/s: 5490
2026-04-05 20:19:10,808 | Epoch 1/3 | Step 2,700 | Loss: 1.2796 | LR: 3.00e-04 | Tok/s: 5541
2026-04-05 20:19:28,937 | Epoch 1/3 | Step 2,800 | Loss: 1.2813 | LR: 3.00e-04 | Tok/s: 5599
2026-04-05 20:19:47,120 | Epoch 1/3 | Step 2,900 | Loss: 1.1728 | LR: 2.99e-04 | Tok/s: 5649
2026-04-05 20:20:05,314 | Epoch 1/3 | Step 3,000 | Loss: 1.1582 | LR: 2.99e-04 | Tok/s: 5697
2026-04-05 20:21:30,814 |   EVAL | Loss: 1.2345 | Perplexity: 3.44
2026-04-05 20:21:30,877 |   NEW BEST — saved checkpoint
2026-04-05 20:21:49,063 | Epoch 1/3 | Step 3,100 | Loss: 1.2468 | LR: 2.99e-04 | Tok/s: 5141
2026-04-05 20:22:07,309 | Epoch 1/3 | Step 3,200 | Loss: 1.3403 | LR: 2.99e-04 | Tok/s: 5191
2026-04-05 20:22:25,501 | Epoch 1/3 | Step 3,300 | Loss: 1.1680 | LR: 2.99e-04 | Tok/s: 5238
2026-04-05 20:22:43,788 | Epoch 1/3 | Step 3,400 | Loss: 1.2196 | LR: 2.99e-04 | Tok/s: 5288
2026-04-05 20:23:01,944 | Epoch 1/3 | Step 3,500 | Loss: 1.1928 | LR: 2.99e-04 | Tok/s: 5333
2026-04-05 20:23:20,082 | Epoch 1/3 | Step 3,600 | Loss: 1.1770 | LR: 2.99e-04 | Tok/s: 5376
2026-04-05 20:23:38,206 | Epoch 1/3 | Step 3,700 | Loss: 1.1807 | LR: 2.99e-04 | Tok/s: 5420
2026-04-05 20:23:56,344 | Epoch 1/3 | Step 3,800 | Loss: 1.2714 | LR: 2.99e-04 | Tok/s: 5461
2026-04-05 20:24:14,535 | Epoch 1/3 | Step 3,900 | Loss: 1.1853 | LR: 2.99e-04 | Tok/s: 5502
2026-04-05 20:24:32,720 | Epoch 1/3 | Step 4,000 | Loss: 1.2185 | LR: 2.99e-04 | Tok/s: 5540
2026-04-05 20:25:58,001 |   EVAL | Loss: 1.2068 | Perplexity: 3.34
2026-04-05 20:25:58,065 |   NEW BEST — saved checkpoint
2026-04-05 20:26:16,263 | Epoch 1/3 | Step 4,100 | Loss: 1.1417 | LR: 2.99e-04 | Tok/s: 5139
2026-04-05 20:26:34,500 | Epoch 1/3 | Step 4,200 | Loss: 1.2225 | LR: 2.98e-04 | Tok/s: 5177
2026-04-05 20:26:52,649 | Epoch 1/3 | Step 4,300 | Loss: 1.2019 | LR: 2.98e-04 | Tok/s: 5212
2026-04-05 20:27:10,830 | Epoch 1/3 | Step 4,400 | Loss: 1.2231 | LR: 2.98e-04 | Tok/s: 5250
2026-04-05 20:27:29,018 | Epoch 1/3 | Step 4,500 | Loss: 1.1923 | LR: 2.98e-04 | Tok/s: 5288
2026-04-05 20:27:47,261 | Epoch 1/3 | Step 4,600 | Loss: 1.1497 | LR: 2.98e-04 | Tok/s: 5326
2026-04-05 20:28:05,380 | Epoch 1/3 | Step 4,700 | Loss: 1.2440 | LR: 2.98e-04 | Tok/s: 5362
2026-04-05 20:28:23,528 | Epoch 1/3 | Step 4,800 | Loss: 1.1093 | LR: 2.98e-04 | Tok/s: 5395
2026-04-05 20:28:41,682 | Epoch 1/3 | Step 4,900 | Loss: 1.1910 | LR: 2.98e-04 | Tok/s: 5430
2026-04-05 20:28:59,856 | Epoch 1/3 | Step 5,000 | Loss: 1.1936 | LR: 2.98e-04 | Tok/s: 5461
2026-04-05 20:30:25,280 |   EVAL | Loss: 1.1894 | Perplexity: 3.29
2026-04-05 20:30:25,344 |   NEW BEST — saved checkpoint
2026-04-05 20:30:43,680 | Epoch 1/3 | Step 5,100 | Loss: 1.1606 | LR: 2.98e-04 | Tok/s: 5142
2026-04-05 20:31:02,039 | Epoch 1/3 | Step 5,200 | Loss: 1.1709 | LR: 2.97e-04 | Tok/s: 5174
2026-04-05 20:31:20,256 | Epoch 1/3 | Step 5,300 | Loss: 1.1794 | LR: 2.97e-04 | Tok/s: 5201
2026-04-05 20:31:38,377 | Epoch 1/3 | Step 5,400 | Loss: 1.1701 | LR: 2.97e-04 | Tok/s: 5231
2026-04-05 20:31:56,496 | Epoch 1/3 | Step 5,500 | Loss: 1.0942 | LR: 2.97e-04 | Tok/s: 5259
2026-04-05 20:32:14,611 | Epoch 1/3 | Step 5,600 | Loss: 1.1000 | LR: 2.97e-04 | Tok/s: 5289
2026-04-05 20:32:32,780 | Epoch 1/3 | Step 5,700 | Loss: 1.2901 | LR: 2.97e-04 | Tok/s: 5315
2026-04-05 20:32:51,208 | Epoch 1/3 | Step 5,800 | Loss: 1.1639 | LR: 2.97e-04 | Tok/s: 5341
2026-04-05 20:33:09,386 | Epoch 1/3 | Step 5,900 | Loss: 1.0630 | LR: 2.96e-04 | Tok/s: 5365
2026-04-05 20:33:27,527 | Epoch 1/3 | Step 6,000 | Loss: 1.2317 | LR: 2.96e-04 | Tok/s: 5391
2026-04-05 20:34:52,956 |   EVAL | Loss: 1.1763 | Perplexity: 3.24
2026-04-05 20:34:53,019 |   NEW BEST — saved checkpoint
2026-04-05 20:35:11,198 | Epoch 1/3 | Step 6,100 | Loss: 1.2328 | LR: 2.96e-04 | Tok/s: 5129
2026-04-05 20:35:29,365 | Epoch 1/3 | Step 6,200 | Loss: 1.1068 | LR: 2.96e-04 | Tok/s: 5154
2026-04-05 20:35:47,619 | Epoch 1/3 | Step 6,300 | Loss: 1.1644 | LR: 2.96e-04 | Tok/s: 5180
2026-04-05 20:36:06,225 | Epoch 1/3 | Step 6,400 | Loss: 1.1526 | LR: 2.96e-04 | Tok/s: 5203
2026-04-05 20:36:24,535 | Epoch 1/3 | Step 6,500 | Loss: 1.1308 | LR: 2.96e-04 | Tok/s: 5228
2026-04-05 20:36:42,736 | Epoch 1/3 | Step 6,600 | Loss: 1.1654 | LR: 2.95e-04 | Tok/s: 5254
2026-04-05 20:37:00,857 | Epoch 1/3 | Step 6,700 | Loss: 1.1368 | LR: 2.95e-04 | Tok/s: 5279
2026-04-05 20:37:19,040 | Epoch 1/3 | Step 6,800 | Loss: 1.1541 | LR: 2.95e-04 | Tok/s: 5301
2026-04-05 20:37:37,307 | Epoch 1/3 | Step 6,900 | Loss: 1.1553 | LR: 2.95e-04 | Tok/s: 5323
2026-04-05 20:37:55,439 | Epoch 1/3 | Step 7,000 | Loss: 1.1544 | LR: 2.95e-04 | Tok/s: 5344
2026-04-05 20:39:20,894 |   EVAL | Loss: 1.1678 | Perplexity: 3.21
2026-04-05 20:39:20,958 |   NEW BEST — saved checkpoint
2026-04-05 20:39:39,111 | Epoch 1/3 | Step 7,100 | Loss: 1.1131 | LR: 2.95e-04 | Tok/s: 5125
2026-04-05 20:39:57,296 | Epoch 1/3 | Step 7,200 | Loss: 1.1160 | LR: 2.94e-04 | Tok/s: 5147
2026-04-05 20:40:15,467 | Epoch 1/3 | Step 7,300 | Loss: 1.1338 | LR: 2.94e-04 | Tok/s: 5170
2026-04-05 20:40:33,616 | Epoch 1/3 | Step 7,400 | Loss: 1.1627 | LR: 2.94e-04 | Tok/s: 5191
2026-04-05 20:40:51,754 | Epoch 1/3 | Step 7,500 | Loss: 1.2438 | LR: 2.94e-04 | Tok/s: 5211
2026-04-05 20:41:09,963 | Epoch 1/3 | Step 7,600 | Loss: 1.2826 | LR: 2.94e-04 | Tok/s: 5232
2026-04-05 20:41:28,103 | Epoch 1/3 | Step 7,700 | Loss: 1.0923 | LR: 2.93e-04 | Tok/s: 5253
2026-04-05 20:41:46,300 | Epoch 1/3 | Step 7,800 | Loss: 1.2099 | LR: 2.93e-04 | Tok/s: 5272
2026-04-05 20:42:04,551 | Epoch 1/3 | Step 7,900 | Loss: 1.1904 | LR: 2.93e-04 | Tok/s: 5291
2026-04-05 20:42:22,809 | Epoch 1/3 | Step 8,000 | Loss: 1.1317 | LR: 2.93e-04 | Tok/s: 5310
2026-04-05 20:43:48,332 |   EVAL | Loss: 1.1570 | Perplexity: 3.18
2026-04-05 20:43:48,394 |   NEW BEST — saved checkpoint
2026-04-05 20:44:06,819 | Epoch 1/3 | Step 8,100 | Loss: 1.1731 | LR: 2.93e-04 | Tok/s: 5119
2026-04-05 20:44:24,941 | Epoch 1/3 | Step 8,200 | Loss: 1.1193 | LR: 2.92e-04 | Tok/s: 5138
2026-04-05 20:44:43,083 | Epoch 1/3 | Step 8,300 | Loss: 1.1504 | LR: 2.92e-04 | Tok/s: 5156
2026-04-05 20:45:01,216 | Epoch 1/3 | Step 8,400 | Loss: 1.0966 | LR: 2.92e-04 | Tok/s: 5175
2026-04-05 20:45:19,360 | Epoch 1/3 | Step 8,500 | Loss: 1.2247 | LR: 2.92e-04 | Tok/s: 5194
2026-04-05 20:45:37,469 | Epoch 1/3 | Step 8,600 | Loss: 1.1630 | LR: 2.92e-04 | Tok/s: 5214
2026-04-05 20:45:55,588 | Epoch 1/3 | Step 8,700 | Loss: 1.1045 | LR: 2.91e-04 | Tok/s: 5233
2026-04-05 20:46:13,725 | Epoch 1/3 | Step 8,800 | Loss: 1.0227 | LR: 2.91e-04 | Tok/s: 5253
2026-04-05 20:46:31,876 | Epoch 1/3 | Step 8,900 | Loss: 1.1645 | LR: 2.91e-04 | Tok/s: 5271
2026-04-05 20:46:50,005 | Epoch 1/3 | Step 9,000 | Loss: 1.1572 | LR: 2.91e-04 | Tok/s: 5287
2026-04-05 20:48:15,027 |   EVAL | Loss: 1.1514 | Perplexity: 3.16
2026-04-05 20:48:15,091 |   NEW BEST — saved checkpoint
2026-04-05 20:48:33,510 | Epoch 1/3 | Step 9,100 | Loss: 1.0872 | LR: 2.90e-04 | Tok/s: 5117
2026-04-05 20:48:51,800 | Epoch 1/3 | Step 9,200 | Loss: 1.1641 | LR: 2.90e-04 | Tok/s: 5135
2026-04-05 20:49:10,021 | Epoch 1/3 | Step 9,300 | Loss: 1.1162 | LR: 2.90e-04 | Tok/s: 5153
2026-04-05 20:49:28,309 | Epoch 1/3 | Step 9,400 | Loss: 1.1141 | LR: 2.90e-04 | Tok/s: 5170
2026-04-05 20:49:46,735 | Epoch 1/3 | Step 9,500 | Loss: 1.1475 | LR: 2.89e-04 | Tok/s: 5187
2026-04-05 20:50:05,047 | Epoch 1/3 | Step 9,600 | Loss: 1.0806 | LR: 2.89e-04 | Tok/s: 5203
2026-04-05 20:50:23,270 | Epoch 1/3 | Step 9,700 | Loss: 1.0625 | LR: 2.89e-04 | Tok/s: 5218
2026-04-05 20:50:41,617 | Epoch 1/3 | Step 9,800 | Loss: 1.2269 | LR: 2.89e-04 | Tok/s: 5233
2026-04-05 20:50:59,752 | Epoch 1/3 | Step 9,900 | Loss: 1.1492 | LR: 2.88e-04 | Tok/s: 5250
2026-04-05 20:51:17,851 | Epoch 1/3 | Step 10,000 | Loss: 1.1430 | LR: 2.88e-04 | Tok/s: 5265
2026-04-05 20:52:42,680 |   EVAL | Loss: 1.1460 | Perplexity: 3.15
2026-04-05 20:52:42,743 |   NEW BEST — saved checkpoint
2026-04-05 20:53:00,923 | Epoch 1/3 | Step 10,100 | Loss: 1.0629 | LR: 2.88e-04 | Tok/s: 5115
2026-04-05 20:53:19,031 | Epoch 1/3 | Step 10,200 | Loss: 1.0874 | LR: 2.88e-04 | Tok/s: 5130
2026-04-05 20:53:37,132 | Epoch 1/3 | Step 10,300 | Loss: 1.1359 | LR: 2.87e-04 | Tok/s: 5146
2026-04-05 20:53:55,229 | Epoch 1/3 | Step 10,400 | Loss: 1.1526 | LR: 2.87e-04 | Tok/s: 5161
2026-04-05 20:54:13,417 | Epoch 1/3 | Step 10,500 | Loss: 1.1284 | LR: 2.87e-04 | Tok/s: 5175
2026-04-05 20:54:31,685 | Epoch 1/3 | Step 10,600 | Loss: 1.0448 | LR: 2.87e-04 | Tok/s: 5189
2026-04-05 20:54:49,864 | Epoch 1/3 | Step 10,700 | Loss: 1.1769 | LR: 2.86e-04 | Tok/s: 5203
2026-04-05 20:55:08,154 | Epoch 1/3 | Step 10,800 | Loss: 1.0910 | LR: 2.86e-04 | Tok/s: 5220
2026-04-05 20:55:26,252 | Epoch 1/3 | Step 10,900 | Loss: 1.1282 | LR: 2.86e-04 | Tok/s: 5234
2026-04-05 20:55:44,474 | Epoch 1/3 | Step 11,000 | Loss: 1.1690 | LR: 2.86e-04 | Tok/s: 5248
2026-04-05 20:57:11,476 |   EVAL | Loss: 1.1391 | Perplexity: 3.12
2026-04-05 20:57:11,539 |   NEW BEST — saved checkpoint
2026-04-05 20:57:29,965 | Epoch 1/3 | Step 11,100 | Loss: 1.0987 | LR: 2.85e-04 | Tok/s: 5107
2026-04-05 20:57:48,089 | Epoch 1/3 | Step 11,200 | Loss: 1.1752 | LR: 2.85e-04 | Tok/s: 5121
2026-04-05 20:58:06,222 | Epoch 1/3 | Step 11,300 | Loss: 1.0894 | LR: 2.85e-04 | Tok/s: 5135
2026-04-05 20:58:24,377 | Epoch 1/3 | Step 11,400 | Loss: 1.1288 | LR: 2.84e-04 | Tok/s: 5150
2026-04-05 20:58:42,527 | Epoch 1/3 | Step 11,500 | Loss: 1.1634 | LR: 2.84e-04 | Tok/s: 5163
2026-04-05 20:59:00,764 | Epoch 1/3 | Step 11,600 | Loss: 1.0814 | LR: 2.84e-04 | Tok/s: 5176
2026-04-05 20:59:18,901 | Epoch 1/3 | Step 11,700 | Loss: 1.0878 | LR: 2.83e-04 | Tok/s: 5191
2026-04-05 20:59:37,037 | Epoch 1/3 | Step 11,800 | Loss: 1.1277 | LR: 2.83e-04 | Tok/s: 5204
2026-04-05 20:59:55,195 | Epoch 1/3 | Step 11,900 | Loss: 1.1387 | LR: 2.83e-04 | Tok/s: 5218
2026-04-05 21:00:13,321 | Epoch 1/3 | Step 12,000 | Loss: 1.0743 | LR: 2.83e-04 | Tok/s: 5232
2026-04-05 21:01:38,605 |   EVAL | Loss: 1.1325 | Perplexity: 3.10
2026-04-05 21:01:38,669 |   NEW BEST — saved checkpoint
2026-04-05 21:01:57,150 | Epoch 1/3 | Step 12,100 | Loss: 1.1013 | LR: 2.82e-04 | Tok/s: 5106
2026-04-05 21:02:15,405 | Epoch 1/3 | Step 12,200 | Loss: 1.0442 | LR: 2.82e-04 | Tok/s: 5120
2026-04-05 21:02:33,647 | Epoch 1/3 | Step 12,300 | Loss: 1.1938 | LR: 2.82e-04 | Tok/s: 5133
2026-04-05 21:02:52,034 | Epoch 1/3 | Step 12,400 | Loss: 1.1867 | LR: 2.81e-04 | Tok/s: 5145
2026-04-05 21:03:10,408 | Epoch 1/3 | Step 12,500 | Loss: 1.1407 | LR: 2.81e-04 | Tok/s: 5158
2026-04-05 21:03:28,560 | Epoch 1/3 | Step 12,600 | Loss: 1.0967 | LR: 2.81e-04 | Tok/s: 5171
2026-04-05 21:03:46,855 | Epoch 1/3 | Step 12,700 | Loss: 1.1049 | LR: 2.80e-04 | Tok/s: 5183
2026-04-05 21:04:04,694 | Epoch 1/3 | Step 12,800 | Loss: 1.1004 | LR: 2.80e-04 | Tok/s: 5197
2026-04-05 21:04:22,608 | Epoch 1/3 | Step 12,900 | Loss: 1.0932 | LR: 2.80e-04 | Tok/s: 5209
2026-04-05 21:04:40,516 | Epoch 1/3 | Step 13,000 | Loss: 1.0702 | LR: 2.79e-04 | Tok/s: 5223
2026-04-05 21:06:05,226 |   EVAL | Loss: 1.1275 | Perplexity: 3.09
2026-04-05 21:06:05,292 |   NEW BEST — saved checkpoint
2026-04-05 21:06:23,871 | Epoch 1/3 | Step 13,100 | Loss: 0.9921 | LR: 2.79e-04 | Tok/s: 5109
2026-04-05 21:06:42,014 | Epoch 1/3 | Step 13,200 | Loss: 1.0580 | LR: 2.79e-04 | Tok/s: 5121
2026-04-05 21:07:00,273 | Epoch 1/3 | Step 13,300 | Loss: 1.0904 | LR: 2.78e-04 | Tok/s: 5134
2026-04-05 21:07:18,783 | Epoch 1/3 | Step 13,400 | Loss: 1.1897 | LR: 2.78e-04 | Tok/s: 5145
2026-04-05 21:07:37,389 | Epoch 1/3 | Step 13,500 | Loss: 1.0673 | LR: 2.78e-04 | Tok/s: 5156
2026-04-05 21:07:55,957 | Epoch 1/3 | Step 13,600 | Loss: 1.1546 | LR: 2.77e-04 | Tok/s: 5167
2026-04-05 21:08:14,467 | Epoch 1/3 | Step 13,700 | Loss: 1.1651 | LR: 2.77e-04 | Tok/s: 5177
2026-04-05 21:08:32,730 | Epoch 1/3 | Step 13,800 | Loss: 1.1087 | LR: 2.76e-04 | Tok/s: 5190
2026-04-05 21:08:50,996 | Epoch 1/3 | Step 13,900 | Loss: 1.2008 | LR: 2.76e-04 | Tok/s: 5202
2026-04-05 21:09:09,225 | Epoch 1/3 | Step 14,000 | Loss: 1.1192 | LR: 2.76e-04 | Tok/s: 5213
2026-04-05 21:10:34,373 |   EVAL | Loss: 1.1241 | Perplexity: 3.08
2026-04-05 21:10:34,438 |   NEW BEST — saved checkpoint
2026-04-05 21:10:52,578 | Epoch 1/3 | Step 14,100 | Loss: 1.1171 | LR: 2.75e-04 | Tok/s: 5105
2026-04-05 21:11:10,873 | Epoch 1/3 | Step 14,200 | Loss: 1.1502 | LR: 2.75e-04 | Tok/s: 5117
2026-04-05 21:11:29,336 | Epoch 1/3 | Step 14,300 | Loss: 1.1886 | LR: 2.75e-04 | Tok/s: 5128
2026-04-05 21:11:47,554 | Epoch 1/3 | Step 14,400 | Loss: 1.1372 | LR: 2.74e-04 | Tok/s: 5140
2026-04-05 21:12:05,719 | Epoch 1/3 | Step 14,500 | Loss: 1.1211 | LR: 2.74e-04 | Tok/s: 5151
2026-04-05 21:12:23,827 | Epoch 1/3 | Step 14,600 | Loss: 1.1528 | LR: 2.74e-04 | Tok/s: 5162
2026-04-05 21:12:41,933 | Epoch 1/3 | Step 14,700 | Loss: 1.1748 | LR: 2.73e-04 | Tok/s: 5173
2026-04-05 21:13:00,057 | Epoch 1/3 | Step 14,800 | Loss: 1.1936 | LR: 2.73e-04 | Tok/s: 5184
2026-04-05 21:13:18,164 | Epoch 1/3 | Step 14,900 | Loss: 1.1174 | LR: 2.72e-04 | Tok/s: 5194
2026-04-05 21:13:36,289 | Epoch 1/3 | Step 15,000 | Loss: 1.0302 | LR: 2.72e-04 | Tok/s: 5204
2026-04-05 21:15:01,217 |   EVAL | Loss: 1.1197 | Perplexity: 3.06
2026-04-05 21:15:01,280 |   NEW BEST — saved checkpoint
2026-04-05 21:15:19,470 | Epoch 1/3 | Step 15,100 | Loss: 1.1588 | LR: 2.72e-04 | Tok/s: 5104
2026-04-05 21:15:37,600 | Epoch 1/3 | Step 15,200 | Loss: 1.1067 | LR: 2.71e-04 | Tok/s: 5115
2026-04-05 21:15:55,750 | Epoch 1/3 | Step 15,300 | Loss: 1.1842 | LR: 2.71e-04 | Tok/s: 5126
2026-04-05 21:16:13,889 | Epoch 1/3 | Step 15,400 | Loss: 1.1454 | LR: 2.70e-04 | Tok/s: 5136
2026-04-05 21:16:32,035 | Epoch 1/3 | Step 15,500 | Loss: 1.1591 | LR: 2.70e-04 | Tok/s: 5147
2026-04-05 21:16:50,152 | Epoch 1/3 | Step 15,600 | Loss: 1.1438 | LR: 2.70e-04 | Tok/s: 5157
2026-04-05 21:17:08,263 | Epoch 1/3 | Step 15,700 | Loss: 1.0851 | LR: 2.69e-04 | Tok/s: 5168
2026-04-05 21:17:26,386 | Epoch 1/3 | Step 15,800 | Loss: 1.1013 | LR: 2.69e-04 | Tok/s: 5178
2026-04-05 21:17:44,494 | Epoch 1/3 | Step 15,900 | Loss: 1.1043 | LR: 2.68e-04 | Tok/s: 5189
2026-04-05 21:18:02,602 | Epoch 1/3 | Step 16,000 | Loss: 1.1810 | LR: 2.68e-04 | Tok/s: 5197
2026-04-05 21:19:27,537 |   EVAL | Loss: 1.1167 | Perplexity: 3.05
2026-04-05 21:19:27,600 |   NEW BEST — saved checkpoint
2026-04-05 21:19:45,724 | Epoch 1/3 | Step 16,100 | Loss: 1.0460 | LR: 2.68e-04 | Tok/s: 5104
2026-04-05 21:20:03,847 | Epoch 1/3 | Step 16,200 | Loss: 1.1156 | LR: 2.67e-04 | Tok/s: 5113
2026-04-05 21:20:21,985 | Epoch 1/3 | Step 16,300 | Loss: 1.0571 | LR: 2.67e-04 | Tok/s: 5124
2026-04-05 21:20:40,098 | Epoch 1/3 | Step 16,400 | Loss: 1.0855 | LR: 2.66e-04 | Tok/s: 5133
2026-04-05 21:20:58,209 | Epoch 1/3 | Step 16,500 | Loss: 1.1880 | LR: 2.66e-04 | Tok/s: 5143
2026-04-05 21:21:16,323 | Epoch 1/3 | Step 16,600 | Loss: 1.0708 | LR: 2.66e-04 | Tok/s: 5153
2026-04-05 21:21:34,442 | Epoch 1/3 | Step 16,700 | Loss: 1.1336 | LR: 2.65e-04 | Tok/s: 5163
2026-04-05 21:21:52,551 | Epoch 1/3 | Step 16,800 | Loss: 1.1601 | LR: 2.65e-04 | Tok/s: 5173
2026-04-05 21:22:10,659 | Epoch 1/3 | Step 16,900 | Loss: 1.0728 | LR: 2.64e-04 | Tok/s: 5183
2026-04-05 21:22:28,766 | Epoch 1/3 | Step 17,000 | Loss: 1.1197 | LR: 2.64e-04 | Tok/s: 5191
2026-04-05 21:23:53,702 |   EVAL | Loss: 1.1129 | Perplexity: 3.04
2026-04-05 21:23:53,768 |   NEW BEST — saved checkpoint
2026-04-05 21:24:11,901 | Epoch 1/3 | Step 17,100 | Loss: 1.0511 | LR: 2.63e-04 | Tok/s: 5104
2026-04-05 21:24:30,033 | Epoch 1/3 | Step 17,200 | Loss: 1.1299 | LR: 2.63e-04 | Tok/s: 5114
2026-04-05 21:24:48,150 | Epoch 1/3 | Step 17,300 | Loss: 1.0683 | LR: 2.63e-04 | Tok/s: 5123
2026-04-05 21:25:06,260 | Epoch 1/3 | Step 17,400 | Loss: 1.2067 | LR: 2.62e-04 | Tok/s: 5133
2026-04-05 21:25:24,380 | Epoch 1/3 | Step 17,500 | Loss: 1.1446 | LR: 2.62e-04 | Tok/s: 5143
2026-04-05 21:25:42,490 | Epoch 1/3 | Step 17,600 | Loss: 1.0928 | LR: 2.61e-04 | Tok/s: 5152
2026-04-05 21:26:00,597 | Epoch 1/3 | Step 17,700 | Loss: 1.1184 | LR: 2.61e-04 | Tok/s: 5162
2026-04-05 21:26:18,707 | Epoch 1/3 | Step 17,800 | Loss: 1.0742 | LR: 2.60e-04 | Tok/s: 5171
2026-04-05 21:26:36,839 | Epoch 1/3 | Step 17,900 | Loss: 1.1499 | LR: 2.60e-04 | Tok/s: 5180
2026-04-05 21:26:54,945 | Epoch 1/3 | Step 18,000 | Loss: 1.1469 | LR: 2.59e-04 | Tok/s: 5189
2026-04-05 21:28:19,879 |   EVAL | Loss: 1.1090 | Perplexity: 3.03
2026-04-05 21:28:19,943 |   NEW BEST — saved checkpoint
2026-04-05 21:28:38,067 | Epoch 1/3 | Step 18,100 | Loss: 1.0059 | LR: 2.59e-04 | Tok/s: 5106
2026-04-05 21:28:56,191 | Epoch 1/3 | Step 18,200 | Loss: 1.1169 | LR: 2.58e-04 | Tok/s: 5116
2026-04-05 21:29:14,334 | Epoch 1/3 | Step 18,300 | Loss: 1.1077 | LR: 2.58e-04 | Tok/s: 5125
2026-04-05 21:29:32,441 | Epoch 1/3 | Step 18,400 | Loss: 1.0874 | LR: 2.58e-04 | Tok/s: 5133
2026-04-05 21:29:50,546 | Epoch 1/3 | Step 18,500 | Loss: 1.1195 | LR: 2.57e-04 | Tok/s: 5142
2026-04-05 21:30:08,663 | Epoch 1/3 | Step 18,600 | Loss: 1.0707 | LR: 2.57e-04 | Tok/s: 5151
2026-04-05 21:30:26,770 | Epoch 1/3 | Step 18,700 | Loss: 1.1034 | LR: 2.56e-04 | Tok/s: 5160
2026-04-05 21:30:44,876 | Epoch 1/3 | Step 18,800 | Loss: 1.0862 | LR: 2.56e-04 | Tok/s: 5168
2026-04-05 21:31:02,982 | Epoch 1/3 | Step 18,900 | Loss: 1.1172 | LR: 2.55e-04 | Tok/s: 5177
2026-04-05 21:31:21,087 | Epoch 1/3 | Step 19,000 | Loss: 1.1883 | LR: 2.55e-04 | Tok/s: 5185
2026-04-05 21:32:45,976 |   EVAL | Loss: 1.1051 | Perplexity: 3.02
2026-04-05 21:32:46,039 |   NEW BEST — saved checkpoint
2026-04-05 21:33:04,177 | Epoch 1/3 | Step 19,100 | Loss: 1.0493 | LR: 2.54e-04 | Tok/s: 5107
2026-04-05 21:33:22,303 | Epoch 1/3 | Step 19,200 | Loss: 1.0486 | LR: 2.54e-04 | Tok/s: 5115
2026-04-05 21:33:40,419 | Epoch 1/3 | Step 19,300 | Loss: 1.1757 | LR: 2.53e-04 | Tok/s: 5124
2026-04-05 21:33:58,530 | Epoch 1/3 | Step 19,400 | Loss: 1.1165 | LR: 2.53e-04 | Tok/s: 5133
2026-04-05 21:34:16,655 | Epoch 1/3 | Step 19,500 | Loss: 1.1386 | LR: 2.52e-04 | Tok/s: 5141
2026-04-05 21:34:34,759 | Epoch 1/3 | Step 19,600 | Loss: 1.1049 | LR: 2.52e-04 | Tok/s: 5149
2026-04-05 21:34:52,862 | Epoch 1/3 | Step 19,700 | Loss: 1.1102 | LR: 2.51e-04 | Tok/s: 5158
2026-04-05 21:35:10,966 | Epoch 1/3 | Step 19,800 | Loss: 1.0471 | LR: 2.51e-04 | Tok/s: 5166
2026-04-05 21:35:29,086 | Epoch 1/3 | Step 19,900 | Loss: 1.1202 | LR: 2.50e-04 | Tok/s: 5174
2026-04-05 21:35:47,190 | Epoch 1/3 | Step 20,000 | Loss: 1.1453 | LR: 2.50e-04 | Tok/s: 5182
2026-04-05 21:37:12,086 |   EVAL | Loss: 1.1021 | Perplexity: 3.01
2026-04-05 21:37:12,149 |   NEW BEST — saved checkpoint
2026-04-05 21:37:30,343 | Epoch 1/3 | Step 20,100 | Loss: 1.1146 | LR: 2.49e-04 | Tok/s: 5107
2026-04-05 21:37:48,454 | Epoch 1/3 | Step 20,200 | Loss: 1.1383 | LR: 2.49e-04 | Tok/s: 5115
2026-04-05 21:38:06,567 | Epoch 1/3 | Step 20,300 | Loss: 1.1593 | LR: 2.48e-04 | Tok/s: 5123
2026-04-05 21:38:24,700 | Epoch 1/3 | Step 20,400 | Loss: 1.1232 | LR: 2.48e-04 | Tok/s: 5131
2026-04-05 21:38:42,816 | Epoch 1/3 | Step 20,500 | Loss: 1.1007 | LR: 2.47e-04 | Tok/s: 5139
2026-04-05 21:39:00,932 | Epoch 1/3 | Step 20,600 | Loss: 1.1725 | LR: 2.47e-04 | Tok/s: 5146
2026-04-05 21:39:19,059 | Epoch 1/3 | Step 20,700 | Loss: 1.0469 | LR: 2.46e-04 | Tok/s: 5153
2026-04-05 21:39:37,178 | Epoch 1/3 | Step 20,800 | Loss: 1.1072 | LR: 2.46e-04 | Tok/s: 5161
2026-04-05 21:39:55,281 | Epoch 1/3 | Step 20,900 | Loss: 1.0965 | LR: 2.45e-04 | Tok/s: 5169
2026-04-05 21:40:13,381 | Epoch 1/3 | Step 21,000 | Loss: 1.1337 | LR: 2.45e-04 | Tok/s: 5177
2026-04-05 21:41:38,268 |   EVAL | Loss: 1.0992 | Perplexity: 3.00
2026-04-05 21:41:38,331 |   NEW BEST — saved checkpoint
2026-04-05 21:41:56,464 | Epoch 1/3 | Step 21,100 | Loss: 1.0553 | LR: 2.44e-04 | Tok/s: 5106
2026-04-05 21:42:14,581 | Epoch 1/3 | Step 21,200 | Loss: 1.0968 | LR: 2.44e-04 | Tok/s: 5113
2026-04-05 21:42:32,707 | Epoch 1/3 | Step 21,300 | Loss: 1.0807 | LR: 2.43e-04 | Tok/s: 5120
2026-04-05 21:42:50,818 | Epoch 1/3 | Step 21,400 | Loss: 1.0629 | LR: 2.43e-04 | Tok/s: 5128
2026-04-05 21:43:08,920 | Epoch 1/3 | Step 21,500 | Loss: 1.1473 | LR: 2.42e-04 | Tok/s: 5136
2026-04-05 21:43:27,039 | Epoch 1/3 | Step 21,600 | Loss: 1.1357 | LR: 2.42e-04 | Tok/s: 5143
2026-04-05 21:43:45,141 | Epoch 1/3 | Step 21,700 | Loss: 1.0455 | LR: 2.41e-04 | Tok/s: 5150
2026-04-05 21:44:03,247 | Epoch 1/3 | Step 21,800 | Loss: 1.1515 | LR: 2.41e-04 | Tok/s: 5157
2026-04-05 21:44:21,368 | Epoch 1/3 | Step 21,900 | Loss: 1.0001 | LR: 2.40e-04 | Tok/s: 5165
2026-04-05 21:44:39,510 | Epoch 1/3 | Step 22,000 | Loss: 1.0659 | LR: 2.40e-04 | Tok/s: 5172
2026-04-05 21:46:05,144 |   EVAL | Loss: 1.0960 | Perplexity: 2.99
2026-04-05 21:46:05,208 |   NEW BEST — saved checkpoint
2026-04-05 21:46:23,370 | Epoch 1/3 | Step 22,100 | Loss: 1.1073 | LR: 2.39e-04 | Tok/s: 5104
2026-04-05 21:46:41,531 | Epoch 1/3 | Step 22,200 | Loss: 1.1064 | LR: 2.38e-04 | Tok/s: 5112
2026-04-05 21:46:59,782 | Epoch 1/3 | Step 22,300 | Loss: 1.1731 | LR: 2.38e-04 | Tok/s: 5119
2026-04-05 21:47:17,928 | Epoch 1/3 | Step 22,400 | Loss: 1.1671 | LR: 2.37e-04 | Tok/s: 5127
2026-04-05 21:47:36,085 | Epoch 1/3 | Step 22,500 | Loss: 1.0595 | LR: 2.37e-04 | Tok/s: 5135
2026-04-05 21:47:54,308 | Epoch 1/3 | Step 22,600 | Loss: 1.0316 | LR: 2.36e-04 | Tok/s: 5142
2026-04-05 21:48:12,436 | Epoch 1/3 | Step 22,700 | Loss: 1.1139 | LR: 2.36e-04 | Tok/s: 5149
2026-04-05 21:48:30,577 | Epoch 1/3 | Step 22,800 | Loss: 1.0396 | LR: 2.35e-04 | Tok/s: 5156
2026-04-05 21:48:48,705 | Epoch 1/3 | Step 22,900 | Loss: 1.0811 | LR: 2.35e-04 | Tok/s: 5162
2026-04-05 21:49:06,827 | Epoch 1/3 | Step 23,000 | Loss: 1.1117 | LR: 2.34e-04 | Tok/s: 5169
2026-04-05 21:50:32,383 |   EVAL | Loss: 1.0931 | Perplexity: 2.98
2026-04-05 21:50:32,449 |   NEW BEST — saved checkpoint
2026-04-05 21:50:50,977 | Epoch 1/3 | Step 23,100 | Loss: 1.1553 | LR: 2.34e-04 | Tok/s: 5104
