2026-04-05 18:46:06,472 | ============================================================
2026-04-05 18:46:06,474 | LidiaZ (The Translator) — Ludwik Zamenhof Method
2026-04-05 18:46:06,477 | ============================================================
2026-04-05 18:46:06,479 | Device: cuda
2026-04-05 18:46:06,485 | Loading parallel training data: /workspace/lidiaz_training_parallel.bin
2026-04-05 18:46:06,489 |   Size: 61.8MB
2026-04-05 18:46:08,035 | Training chains: 1,394,699
2026-04-05 18:46:08,158 | Train: 1,324,964 | Eval: 69,735
2026-04-05 18:46:08,160 | Batches per epoch: 20,702
2026-04-05 18:46:08,545 | Model parameters: 10,346,000
2026-04-05 18:46:08,546 | Architecture: 4L, d=400, 8h, ff=1600
2026-04-05 18:46:09,232 | Total steps: 207,020
2026-04-05 18:46:09,234 | Warmup: 1000 steps
2026-04-05 18:46:09,237 | Epochs: 10
2026-04-05 18:46:09,239 | Batch size: 64
2026-04-05 18:46:09,241 | Seq length: 512
2026-04-05 18:46:09,243 | Learning rate: 0.0003
2026-04-05 18:46:09,245 | 
2026-04-05 18:46:20,585 | Epoch 1/10 | Step 100 | Loss: 3.3174 | LR: 3.00e-05 | Tok/s: 24716
2026-04-05 18:46:31,276 | Epoch 1/10 | Step 200 | Loss: 2.8712 | LR: 6.00e-05 | Tok/s: 25638
2026-04-05 18:46:41,857 | Epoch 1/10 | Step 300 | Loss: 2.4811 | LR: 9.00e-05 | Tok/s: 25736
2026-04-05 18:46:52,439 | Epoch 1/10 | Step 400 | Loss: 2.2786 | LR: 1.20e-04 | Tok/s: 25866
2026-04-05 18:47:02,991 | Epoch 1/10 | Step 500 | Loss: 2.2413 | LR: 1.50e-04 | Tok/s: 26030
2026-04-05 18:47:13,551 | Epoch 1/10 | Step 600 | Loss: 2.2187 | LR: 1.80e-04 | Tok/s: 26065
2026-04-05 18:47:24,101 | Epoch 1/10 | Step 700 | Loss: 2.1228 | LR: 2.10e-04 | Tok/s: 26036
2026-04-05 18:47:34,644 | Epoch 1/10 | Step 800 | Loss: 2.1831 | LR: 2.40e-04 | Tok/s: 26042
2026-04-05 18:47:45,205 | Epoch 1/10 | Step 900 | Loss: 2.2175 | LR: 2.70e-04 | Tok/s: 26096
2026-04-05 18:47:55,766 | Epoch 1/10 | Step 1,000 | Loss: 1.9915 | LR: 3.00e-04 | Tok/s: 26085
2026-04-05 18:48:38,472 |   EVAL | Loss: 2.0401 | Perplexity: 7.69
2026-04-05 18:48:38,897 |   NEW BEST — saved checkpoint
2026-04-05 18:48:49,434 | Epoch 1/10 | Step 1,100 | Loss: 1.9878 | LR: 3.00e-04 | Tok/s: 19081
2026-04-05 18:48:59,956 | Epoch 1/10 | Step 1,200 | Loss: 1.9915 | LR: 3.00e-04 | Tok/s: 19552
2026-04-05 18:49:10,483 | Epoch 1/10 | Step 1,300 | Loss: 1.9656 | LR: 3.00e-04 | Tok/s: 19963
2026-04-05 18:49:21,021 | Epoch 1/10 | Step 1,400 | Loss: 1.8513 | LR: 3.00e-04 | Tok/s: 20269
2026-04-05 18:49:31,567 | Epoch 1/10 | Step 1,500 | Loss: 1.8130 | LR: 3.00e-04 | Tok/s: 20575
2026-04-05 18:49:42,116 | Epoch 1/10 | Step 1,600 | Loss: 1.8720 | LR: 3.00e-04 | Tok/s: 20862
2026-04-05 18:49:52,667 | Epoch 1/10 | Step 1,700 | Loss: 1.9380 | LR: 3.00e-04 | Tok/s: 21091
2026-04-05 18:50:03,202 | Epoch 1/10 | Step 1,800 | Loss: 1.8496 | LR: 3.00e-04 | Tok/s: 21343
2026-04-05 18:50:13,761 | Epoch 1/10 | Step 1,900 | Loss: 1.7962 | LR: 3.00e-04 | Tok/s: 21545
2026-04-05 18:50:24,346 | Epoch 1/10 | Step 2,000 | Loss: 1.8347 | LR: 3.00e-04 | Tok/s: 21736
2026-04-05 18:51:07,088 |   EVAL | Loss: 1.8558 | Perplexity: 6.40
2026-04-05 18:51:07,554 |   NEW BEST — saved checkpoint
2026-04-05 18:51:18,102 | Epoch 1/10 | Step 2,100 | Loss: 1.8111 | LR: 3.00e-04 | Tok/s: 18852
2026-04-05 18:51:28,650 | Epoch 1/10 | Step 2,200 | Loss: 1.7943 | LR: 3.00e-04 | Tok/s: 19107
2026-04-05 18:51:39,193 | Epoch 1/10 | Step 2,300 | Loss: 1.8024 | LR: 3.00e-04 | Tok/s: 19332
2026-04-05 18:51:49,733 | Epoch 1/10 | Step 2,400 | Loss: 1.8673 | LR: 3.00e-04 | Tok/s: 19543
2026-04-05 18:52:00,272 | Epoch 1/10 | Step 2,500 | Loss: 1.7549 | LR: 3.00e-04 | Tok/s: 19739
2026-04-05 18:52:10,820 | Epoch 1/10 | Step 2,600 | Loss: 1.6755 | LR: 3.00e-04 | Tok/s: 19946
2026-04-05 18:52:21,367 | Epoch 1/10 | Step 2,700 | Loss: 1.8371 | LR: 3.00e-04 | Tok/s: 20122
2026-04-05 18:52:31,918 | Epoch 1/10 | Step 2,800 | Loss: 1.7645 | LR: 3.00e-04 | Tok/s: 20273
2026-04-05 18:52:42,462 | Epoch 1/10 | Step 2,900 | Loss: 1.7999 | LR: 3.00e-04 | Tok/s: 20441
2026-04-05 18:52:53,005 | Epoch 1/10 | Step 3,000 | Loss: 1.7642 | LR: 3.00e-04 | Tok/s: 20589
2026-04-05 18:53:35,590 |   EVAL | Loss: 1.7735 | Perplexity: 5.89
2026-04-05 18:53:36,031 |   NEW BEST — saved checkpoint
2026-04-05 18:53:46,573 | Epoch 1/10 | Step 3,100 | Loss: 1.7569 | LR: 3.00e-04 | Tok/s: 18788
2026-04-05 18:53:57,104 | Epoch 1/10 | Step 3,200 | Loss: 1.6466 | LR: 3.00e-04 | Tok/s: 18964
2026-04-05 18:54:07,622 | Epoch 1/10 | Step 3,300 | Loss: 1.6845 | LR: 3.00e-04 | Tok/s: 19133
2026-04-05 18:54:18,162 | Epoch 1/10 | Step 3,400 | Loss: 1.6766 | LR: 3.00e-04 | Tok/s: 19278
2026-04-05 18:54:28,693 | Epoch 1/10 | Step 3,500 | Loss: 1.6772 | LR: 3.00e-04 | Tok/s: 19431
2026-04-05 18:54:39,239 | Epoch 1/10 | Step 3,600 | Loss: 1.6864 | LR: 3.00e-04 | Tok/s: 19566
2026-04-05 18:54:49,773 | Epoch 1/10 | Step 3,700 | Loss: 1.6944 | LR: 3.00e-04 | Tok/s: 19701
2026-04-05 18:55:00,310 | Epoch 1/10 | Step 3,800 | Loss: 1.8053 | LR: 3.00e-04 | Tok/s: 19838
2026-04-05 18:55:10,832 | Epoch 1/10 | Step 3,900 | Loss: 1.7086 | LR: 3.00e-04 | Tok/s: 19971
2026-04-05 18:55:21,353 | Epoch 1/10 | Step 4,000 | Loss: 1.7088 | LR: 3.00e-04 | Tok/s: 20115
2026-04-05 18:56:04,149 |   EVAL | Loss: 1.7200 | Perplexity: 5.58
2026-04-05 18:56:04,620 |   NEW BEST — saved checkpoint
2026-04-05 18:56:15,158 | Epoch 1/10 | Step 4,100 | Loss: 1.6429 | LR: 3.00e-04 | Tok/s: 18783
2026-04-05 18:56:25,724 | Epoch 1/10 | Step 4,200 | Loss: 1.6094 | LR: 3.00e-04 | Tok/s: 18915
2026-04-05 18:56:36,276 | Epoch 1/10 | Step 4,300 | Loss: 1.6934 | LR: 3.00e-04 | Tok/s: 19031
2026-04-05 18:56:46,825 | Epoch 1/10 | Step 4,400 | Loss: 1.7745 | LR: 3.00e-04 | Tok/s: 19142
2026-04-05 18:56:57,391 | Epoch 1/10 | Step 4,500 | Loss: 1.7051 | LR: 3.00e-04 | Tok/s: 19248
2026-04-05 18:57:07,930 | Epoch 1/10 | Step 4,600 | Loss: 1.6944 | LR: 3.00e-04 | Tok/s: 19357
2026-04-05 18:57:18,470 | Epoch 1/10 | Step 4,700 | Loss: 1.7438 | LR: 3.00e-04 | Tok/s: 19466
2026-04-05 18:57:29,012 | Epoch 1/10 | Step 4,800 | Loss: 1.5900 | LR: 3.00e-04 | Tok/s: 19570
2026-04-05 18:57:39,547 | Epoch 1/10 | Step 4,900 | Loss: 1.7870 | LR: 3.00e-04 | Tok/s: 19668
2026-04-05 18:57:50,061 | Epoch 1/10 | Step 5,000 | Loss: 1.5965 | LR: 3.00e-04 | Tok/s: 19768
2026-04-05 18:58:32,893 |   EVAL | Loss: 1.6776 | Perplexity: 5.35
2026-04-05 18:58:33,374 |   NEW BEST — saved checkpoint
2026-04-05 18:58:44,772 | Epoch 1/10 | Step 5,100 | Loss: 1.5816 | LR: 3.00e-04 | Tok/s: 18707
2026-04-05 18:58:55,301 | Epoch 1/10 | Step 5,200 | Loss: 1.6545 | LR: 3.00e-04 | Tok/s: 18809
2026-04-05 18:59:05,842 | Epoch 1/10 | Step 5,300 | Loss: 1.7068 | LR: 3.00e-04 | Tok/s: 18905
2026-04-05 18:59:16,389 | Epoch 1/10 | Step 5,400 | Loss: 1.6393 | LR: 3.00e-04 | Tok/s: 19004
2026-04-05 18:59:26,934 | Epoch 1/10 | Step 5,500 | Loss: 1.6206 | LR: 3.00e-04 | Tok/s: 19095
2026-04-05 18:59:37,451 | Epoch 1/10 | Step 5,600 | Loss: 1.7103 | LR: 3.00e-04 | Tok/s: 19188
2026-04-05 18:59:47,977 | Epoch 1/10 | Step 5,700 | Loss: 1.6845 | LR: 3.00e-04 | Tok/s: 19275
2026-04-05 18:59:58,520 | Epoch 1/10 | Step 5,800 | Loss: 1.6212 | LR: 3.00e-04 | Tok/s: 19364
2026-04-05 19:00:09,078 | Epoch 1/10 | Step 5,900 | Loss: 1.6893 | LR: 3.00e-04 | Tok/s: 19444
2026-04-05 19:00:19,611 | Epoch 1/10 | Step 6,000 | Loss: 1.7445 | LR: 3.00e-04 | Tok/s: 19527
2026-04-05 19:01:02,226 |   EVAL | Loss: 1.6495 | Perplexity: 5.20
2026-04-05 19:01:02,638 |   NEW BEST — saved checkpoint
2026-04-05 19:01:13,189 | Epoch 1/10 | Step 6,100 | Loss: 1.5408 | LR: 3.00e-04 | Tok/s: 18676
2026-04-05 19:01:23,725 | Epoch 1/10 | Step 6,200 | Loss: 1.6692 | LR: 3.00e-04 | Tok/s: 18769
2026-04-05 19:01:34,251 | Epoch 1/10 | Step 6,300 | Loss: 1.5875 | LR: 3.00e-04 | Tok/s: 18855
2026-04-05 19:01:44,788 | Epoch 1/10 | Step 6,400 | Loss: 1.6353 | LR: 2.99e-04 | Tok/s: 18937
2026-04-05 19:01:55,325 | Epoch 1/10 | Step 6,500 | Loss: 1.5995 | LR: 2.99e-04 | Tok/s: 19014
2026-04-05 19:02:05,859 | Epoch 1/10 | Step 6,600 | Loss: 1.6226 | LR: 2.99e-04 | Tok/s: 19092
2026-04-05 19:02:16,403 | Epoch 1/10 | Step 6,700 | Loss: 1.5598 | LR: 2.99e-04 | Tok/s: 19170
2026-04-05 19:02:26,942 | Epoch 1/10 | Step 6,800 | Loss: 1.6321 | LR: 2.99e-04 | Tok/s: 19239
2026-04-05 19:02:37,459 | Epoch 1/10 | Step 6,900 | Loss: 1.6108 | LR: 2.99e-04 | Tok/s: 19314
2026-04-05 19:02:47,991 | Epoch 1/10 | Step 7,000 | Loss: 1.5737 | LR: 2.99e-04 | Tok/s: 19386
2026-04-05 19:03:30,631 |   EVAL | Loss: 1.6226 | Perplexity: 5.07
2026-04-05 19:03:31,125 |   NEW BEST — saved checkpoint
2026-04-05 19:03:41,704 | Epoch 1/10 | Step 7,100 | Loss: 1.5987 | LR: 2.99e-04 | Tok/s: 18666
2026-04-05 19:03:52,255 | Epoch 1/10 | Step 7,200 | Loss: 1.6618 | LR: 2.99e-04 | Tok/s: 18742
2026-04-05 19:04:02,803 | Epoch 1/10 | Step 7,300 | Loss: 1.5241 | LR: 2.99e-04 | Tok/s: 18816
2026-04-05 19:04:13,348 | Epoch 1/10 | Step 7,400 | Loss: 1.6968 | LR: 2.99e-04 | Tok/s: 18888
2026-04-05 19:04:23,888 | Epoch 1/10 | Step 7,500 | Loss: 1.6134 | LR: 2.99e-04 | Tok/s: 18961
2026-04-05 19:04:34,459 | Epoch 1/10 | Step 7,600 | Loss: 1.6212 | LR: 2.99e-04 | Tok/s: 19029
2026-04-05 19:04:45,041 | Epoch 1/10 | Step 7,700 | Loss: 1.4927 | LR: 2.99e-04 | Tok/s: 19097
2026-04-05 19:04:55,597 | Epoch 1/10 | Step 7,800 | Loss: 1.5979 | LR: 2.99e-04 | Tok/s: 19170
2026-04-05 19:05:06,147 | Epoch 1/10 | Step 7,900 | Loss: 1.6352 | LR: 2.99e-04 | Tok/s: 19241
2026-04-05 19:05:16,680 | Epoch 1/10 | Step 8,000 | Loss: 1.6267 | LR: 2.99e-04 | Tok/s: 19313
2026-04-05 19:05:59,365 |   EVAL | Loss: 1.5966 | Perplexity: 4.94
2026-04-05 19:05:59,787 |   NEW BEST — saved checkpoint
2026-04-05 19:06:10,318 | Epoch 1/10 | Step 8,100 | Loss: 1.5495 | LR: 2.99e-04 | Tok/s: 18679
2026-04-05 19:06:20,872 | Epoch 1/10 | Step 8,200 | Loss: 1.5894 | LR: 2.99e-04 | Tok/s: 18747
2026-04-05 19:06:31,411 | Epoch 1/10 | Step 8,300 | Loss: 1.5946 | LR: 2.99e-04 | Tok/s: 18811
2026-04-05 19:06:41,954 | Epoch 1/10 | Step 8,400 | Loss: 1.6318 | LR: 2.99e-04 | Tok/s: 18874
2026-04-05 19:06:52,483 | Epoch 1/10 | Step 8,500 | Loss: 1.6499 | LR: 2.99e-04 | Tok/s: 18938
2026-04-05 19:07:03,026 | Epoch 1/10 | Step 8,600 | Loss: 1.5465 | LR: 2.99e-04 | Tok/s: 19002
2026-04-05 19:07:13,557 | Epoch 1/10 | Step 8,700 | Loss: 1.5880 | LR: 2.99e-04 | Tok/s: 19066
2026-04-05 19:07:24,089 | Epoch 1/10 | Step 8,800 | Loss: 1.6035 | LR: 2.99e-04 | Tok/s: 19126
2026-04-05 19:07:34,633 | Epoch 1/10 | Step 8,900 | Loss: 1.5540 | LR: 2.99e-04 | Tok/s: 19184
2026-04-05 19:07:45,175 | Epoch 1/10 | Step 9,000 | Loss: 1.5614 | LR: 2.99e-04 | Tok/s: 19242
2026-04-05 19:08:27,822 |   EVAL | Loss: 1.5777 | Perplexity: 4.84
2026-04-05 19:08:28,303 |   NEW BEST — saved checkpoint
2026-04-05 19:08:38,874 | Epoch 1/10 | Step 9,100 | Loss: 1.4870 | LR: 2.99e-04 | Tok/s: 18683
2026-04-05 19:08:49,407 | Epoch 1/10 | Step 9,200 | Loss: 1.5548 | LR: 2.99e-04 | Tok/s: 18745
2026-04-05 19:08:59,949 | Epoch 1/10 | Step 9,300 | Loss: 1.6528 | LR: 2.99e-04 | Tok/s: 18808
2026-04-05 19:09:10,493 | Epoch 1/10 | Step 9,400 | Loss: 1.4377 | LR: 2.99e-04 | Tok/s: 18869
2026-04-05 19:09:21,047 | Epoch 1/10 | Step 9,500 | Loss: 1.6054 | LR: 2.99e-04 | Tok/s: 18924
2026-04-05 19:09:31,574 | Epoch 1/10 | Step 9,600 | Loss: 1.6792 | LR: 2.99e-04 | Tok/s: 18982
2026-04-05 19:09:42,112 | Epoch 1/10 | Step 9,700 | Loss: 1.6208 | LR: 2.99e-04 | Tok/s: 19034
2026-04-05 19:09:52,660 | Epoch 1/10 | Step 9,800 | Loss: 1.6152 | LR: 2.99e-04 | Tok/s: 19089
2026-04-05 19:10:03,217 | Epoch 1/10 | Step 9,900 | Loss: 1.6107 | LR: 2.99e-04 | Tok/s: 19141
2026-04-05 19:10:13,758 | Epoch 1/10 | Step 10,000 | Loss: 1.5307 | LR: 2.99e-04 | Tok/s: 19192
2026-04-05 19:10:56,576 |   EVAL | Loss: 1.5649 | Perplexity: 4.78
2026-04-05 19:10:57,071 |   NEW BEST — saved checkpoint
2026-04-05 19:11:08,089 | Epoch 1/10 | Step 10,100 | Loss: 1.5346 | LR: 2.99e-04 | Tok/s: 18680
2026-04-05 19:11:18,609 | Epoch 1/10 | Step 10,200 | Loss: 1.5035 | LR: 2.99e-04 | Tok/s: 18733
2026-04-05 19:11:29,130 | Epoch 1/10 | Step 10,300 | Loss: 1.6013 | LR: 2.98e-04 | Tok/s: 18788
2026-04-05 19:11:39,663 | Epoch 1/10 | Step 10,400 | Loss: 1.5242 | LR: 2.98e-04 | Tok/s: 18840
2026-04-05 19:11:50,209 | Epoch 1/10 | Step 10,500 | Loss: 1.6324 | LR: 2.98e-04 | Tok/s: 18888
2026-04-05 19:12:00,760 | Epoch 1/10 | Step 10,600 | Loss: 1.6021 | LR: 2.98e-04 | Tok/s: 18936
2026-04-05 19:12:11,301 | Epoch 1/10 | Step 10,700 | Loss: 1.6048 | LR: 2.98e-04 | Tok/s: 18989
2026-04-05 19:12:21,841 | Epoch 1/10 | Step 10,800 | Loss: 1.5711 | LR: 2.98e-04 | Tok/s: 19038
2026-04-05 19:12:32,373 | Epoch 1/10 | Step 10,900 | Loss: 1.5567 | LR: 2.98e-04 | Tok/s: 19085
2026-04-05 19:12:42,923 | Epoch 1/10 | Step 11,000 | Loss: 1.5433 | LR: 2.98e-04 | Tok/s: 19132
2026-04-05 19:13:25,757 |   EVAL | Loss: 1.5494 | Perplexity: 4.71
2026-04-05 19:13:26,181 |   NEW BEST — saved checkpoint
2026-04-05 19:13:36,737 | Epoch 1/10 | Step 11,100 | Loss: 1.5075 | LR: 2.98e-04 | Tok/s: 18670
2026-04-05 19:13:47,286 | Epoch 1/10 | Step 11,200 | Loss: 1.5957 | LR: 2.98e-04 | Tok/s: 18718
2026-04-05 19:13:57,838 | Epoch 1/10 | Step 11,300 | Loss: 1.5374 | LR: 2.98e-04 | Tok/s: 18769
2026-04-05 19:14:08,379 | Epoch 1/10 | Step 11,400 | Loss: 1.4459 | LR: 2.98e-04 | Tok/s: 18819
2026-04-05 19:14:18,902 | Epoch 1/10 | Step 11,500 | Loss: 1.4981 | LR: 2.98e-04 | Tok/s: 18869
2026-04-05 19:14:29,425 | Epoch 1/10 | Step 11,600 | Loss: 1.4958 | LR: 2.98e-04 | Tok/s: 18914
2026-04-05 19:14:39,956 | Epoch 1/10 | Step 11,700 | Loss: 1.5331 | LR: 2.98e-04 | Tok/s: 18959
2026-04-05 19:14:50,496 | Epoch 1/10 | Step 11,800 | Loss: 1.6158 | LR: 2.98e-04 | Tok/s: 19005
2026-04-05 19:15:01,035 | Epoch 1/10 | Step 11,900 | Loss: 1.5080 | LR: 2.98e-04 | Tok/s: 19047
2026-04-05 19:15:11,563 | Epoch 1/10 | Step 12,000 | Loss: 1.5569 | LR: 2.98e-04 | Tok/s: 19088
2026-04-05 19:15:54,042 |   EVAL | Loss: 1.5368 | Perplexity: 4.65
2026-04-05 19:15:54,395 |   NEW BEST — saved checkpoint
2026-04-05 19:16:04,911 | Epoch 1/10 | Step 12,100 | Loss: 1.5278 | LR: 2.98e-04 | Tok/s: 18673
2026-04-05 19:16:15,473 | Epoch 1/10 | Step 12,200 | Loss: 1.5270 | LR: 2.98e-04 | Tok/s: 18717
2026-04-05 19:16:26,038 | Epoch 1/10 | Step 12,300 | Loss: 1.5195 | LR: 2.98e-04 | Tok/s: 18758
2026-04-05 19:16:36,565 | Epoch 1/10 | Step 12,400 | Loss: 1.5033 | LR: 2.98e-04 | Tok/s: 18799
2026-04-05 19:16:47,099 | Epoch 1/10 | Step 12,500 | Loss: 1.4994 | LR: 2.98e-04 | Tok/s: 18841
2026-04-05 19:16:57,619 | Epoch 1/10 | Step 12,600 | Loss: 1.4767 | LR: 2.98e-04 | Tok/s: 18885
2026-04-05 19:17:08,145 | Epoch 1/10 | Step 12,700 | Loss: 1.5044 | LR: 2.98e-04 | Tok/s: 18931
2026-04-05 19:17:18,664 | Epoch 1/10 | Step 12,800 | Loss: 1.5506 | LR: 2.98e-04 | Tok/s: 18974
2026-04-05 19:17:29,203 | Epoch 1/10 | Step 12,900 | Loss: 1.4374 | LR: 2.98e-04 | Tok/s: 19015
2026-04-05 19:17:39,772 | Epoch 1/10 | Step 13,000 | Loss: 1.6298 | LR: 2.97e-04 | Tok/s: 19057
2026-04-05 19:18:22,385 |   EVAL | Loss: 1.5264 | Perplexity: 4.60
2026-04-05 19:18:22,821 |   NEW BEST — saved checkpoint
2026-04-05 19:18:33,408 | Epoch 1/10 | Step 13,100 | Loss: 1.5284 | LR: 2.97e-04 | Tok/s: 18674
2026-04-05 19:18:43,992 | Epoch 1/10 | Step 13,200 | Loss: 1.4974 | LR: 2.97e-04 | Tok/s: 18717
2026-04-05 19:18:54,558 | Epoch 1/10 | Step 13,300 | Loss: 1.6630 | LR: 2.97e-04 | Tok/s: 18757
2026-04-05 19:19:05,101 | Epoch 1/10 | Step 13,400 | Loss: 1.4714 | LR: 2.97e-04 | Tok/s: 18796
2026-04-05 19:19:15,639 | Epoch 1/10 | Step 13,500 | Loss: 1.5108 | LR: 2.97e-04 | Tok/s: 18835
2026-04-05 19:19:26,212 | Epoch 1/10 | Step 13,600 | Loss: 1.5410 | LR: 2.97e-04 | Tok/s: 18873
2026-04-05 19:19:36,780 | Epoch 1/10 | Step 13,700 | Loss: 1.4155 | LR: 2.97e-04 | Tok/s: 18918
2026-04-05 19:19:47,343 | Epoch 1/10 | Step 13,800 | Loss: 1.4563 | LR: 2.97e-04 | Tok/s: 18953
2026-04-05 19:19:57,907 | Epoch 1/10 | Step 13,900 | Loss: 1.5196 | LR: 2.97e-04 | Tok/s: 18994
2026-04-05 19:20:08,487 | Epoch 1/10 | Step 14,000 | Loss: 1.5098 | LR: 2.97e-04 | Tok/s: 19031
2026-04-05 19:20:51,386 |   EVAL | Loss: 1.5156 | Perplexity: 4.55
2026-04-05 19:20:51,833 |   NEW BEST — saved checkpoint
2026-04-05 19:21:02,398 | Epoch 1/10 | Step 14,100 | Loss: 1.5352 | LR: 2.97e-04 | Tok/s: 18673
2026-04-05 19:21:12,952 | Epoch 1/10 | Step 14,200 | Loss: 1.5315 | LR: 2.97e-04 | Tok/s: 18711
2026-04-05 19:21:23,526 | Epoch 1/10 | Step 14,300 | Loss: 1.5648 | LR: 2.97e-04 | Tok/s: 18749
2026-04-05 19:21:34,083 | Epoch 1/10 | Step 14,400 | Loss: 1.4214 | LR: 2.97e-04 | Tok/s: 18785
2026-04-05 19:21:44,654 | Epoch 1/10 | Step 14,500 | Loss: 1.4843 | LR: 2.97e-04 | Tok/s: 18824
2026-04-05 19:21:55,218 | Epoch 1/10 | Step 14,600 | Loss: 1.4709 | LR: 2.97e-04 | Tok/s: 18862
2026-04-05 19:22:05,796 | Epoch 1/10 | Step 14,700 | Loss: 1.4886 | LR: 2.97e-04 | Tok/s: 18897
2026-04-05 19:22:16,376 | Epoch 1/10 | Step 14,800 | Loss: 1.4773 | LR: 2.97e-04 | Tok/s: 18934
2026-04-05 19:22:26,886 | Epoch 1/10 | Step 14,900 | Loss: 1.4407 | LR: 2.97e-04 | Tok/s: 18971
2026-04-05 19:22:37,383 | Epoch 1/10 | Step 15,000 | Loss: 1.5532 | LR: 2.97e-04 | Tok/s: 19004
2026-04-05 19:23:19,928 |   EVAL | Loss: 1.5057 | Perplexity: 4.51
2026-04-05 19:23:20,375 |   NEW BEST — saved checkpoint
2026-04-05 19:23:31,367 | Epoch 1/10 | Step 15,100 | Loss: 1.4831 | LR: 2.97e-04 | Tok/s: 18669
2026-04-05 19:23:41,950 | Epoch 1/10 | Step 15,200 | Loss: 1.4317 | LR: 2.96e-04 | Tok/s: 18705
2026-04-05 19:23:52,535 | Epoch 1/10 | Step 15,300 | Loss: 1.5022 | LR: 2.96e-04 | Tok/s: 18738
2026-04-05 19:24:03,128 | Epoch 1/10 | Step 15,400 | Loss: 1.4282 | LR: 2.96e-04 | Tok/s: 18774
2026-04-05 19:24:13,713 | Epoch 1/10 | Step 15,500 | Loss: 1.4741 | LR: 2.96e-04 | Tok/s: 18808
2026-04-05 19:24:24,309 | Epoch 1/10 | Step 15,600 | Loss: 1.4545 | LR: 2.96e-04 | Tok/s: 18846
2026-04-05 19:24:34,893 | Epoch 1/10 | Step 15,700 | Loss: 1.4957 | LR: 2.96e-04 | Tok/s: 18882
2026-04-05 19:24:45,462 | Epoch 1/10 | Step 15,800 | Loss: 1.5320 | LR: 2.96e-04 | Tok/s: 18916
2026-04-05 19:24:56,038 | Epoch 1/10 | Step 15,900 | Loss: 1.4853 | LR: 2.96e-04 | Tok/s: 18948
2026-04-05 19:25:06,609 | Epoch 1/10 | Step 16,000 | Loss: 1.4208 | LR: 2.96e-04 | Tok/s: 18980
2026-04-05 19:25:49,785 |   EVAL | Loss: 1.4964 | Perplexity: 4.47
2026-04-05 19:25:50,205 |   NEW BEST — saved checkpoint
2026-04-05 19:26:00,834 | Epoch 1/10 | Step 16,100 | Loss: 1.5517 | LR: 2.96e-04 | Tok/s: 18664
2026-04-05 19:26:11,418 | Epoch 1/10 | Step 16,200 | Loss: 1.5210 | LR: 2.96e-04 | Tok/s: 18696
2026-04-05 19:26:22,004 | Epoch 1/10 | Step 16,300 | Loss: 1.4960 | LR: 2.96e-04 | Tok/s: 18730
2026-04-05 19:26:32,590 | Epoch 1/10 | Step 16,400 | Loss: 1.4136 | LR: 2.96e-04 | Tok/s: 18764
2026-04-05 19:26:43,151 | Epoch 1/10 | Step 16,500 | Loss: 1.5573 | LR: 2.96e-04 | Tok/s: 18796
2026-04-05 19:26:53,729 | Epoch 1/10 | Step 16,600 | Loss: 1.4226 | LR: 2.96e-04 | Tok/s: 18825
2026-04-05 19:27:04,305 | Epoch 1/10 | Step 16,700 | Loss: 1.4208 | LR: 2.96e-04 | Tok/s: 18857
2026-04-05 19:27:14,882 | Epoch 1/10 | Step 16,800 | Loss: 1.4229 | LR: 2.96e-04 | Tok/s: 18891
2026-04-05 19:27:25,461 | Epoch 1/10 | Step 16,900 | Loss: 1.5324 | LR: 2.96e-04 | Tok/s: 18919
2026-04-05 19:27:36,028 | Epoch 1/10 | Step 17,000 | Loss: 1.4591 | LR: 2.96e-04 | Tok/s: 18950
2026-04-05 19:28:19,094 |   EVAL | Loss: 1.4875 | Perplexity: 4.43
2026-04-05 19:28:19,554 |   NEW BEST — saved checkpoint
2026-04-05 19:28:30,136 | Epoch 1/10 | Step 17,100 | Loss: 1.4340 | LR: 2.96e-04 | Tok/s: 18655
2026-04-05 19:28:40,712 | Epoch 1/10 | Step 17,200 | Loss: 1.6336 | LR: 2.95e-04 | Tok/s: 18684
2026-04-05 19:28:51,274 | Epoch 1/10 | Step 17,300 | Loss: 1.5901 | LR: 2.95e-04 | Tok/s: 18713
2026-04-05 19:29:01,819 | Epoch 1/10 | Step 17,400 | Loss: 1.4621 | LR: 2.95e-04 | Tok/s: 18747
2026-04-05 19:29:12,318 | Epoch 1/10 | Step 17,500 | Loss: 1.4717 | LR: 2.95e-04 | Tok/s: 18778
2026-04-05 19:29:22,813 | Epoch 1/10 | Step 17,600 | Loss: 1.4921 | LR: 2.95e-04 | Tok/s: 18809
2026-04-05 19:29:33,314 | Epoch 1/10 | Step 17,700 | Loss: 1.4934 | LR: 2.95e-04 | Tok/s: 18841
2026-04-05 19:29:43,818 | Epoch 1/10 | Step 17,800 | Loss: 1.5153 | LR: 2.95e-04 | Tok/s: 18870
2026-04-05 19:29:54,360 | Epoch 1/10 | Step 17,900 | Loss: 1.4648 | LR: 2.95e-04 | Tok/s: 18899
2026-04-05 19:30:04,901 | Epoch 1/10 | Step 18,000 | Loss: 1.4480 | LR: 2.95e-04 | Tok/s: 18929
2026-04-05 19:30:47,866 |   EVAL | Loss: 1.4836 | Perplexity: 4.41
2026-04-05 19:30:48,343 |   NEW BEST — saved checkpoint
2026-04-05 19:30:58,920 | Epoch 1/10 | Step 18,100 | Loss: 1.4840 | LR: 2.95e-04 | Tok/s: 18651
2026-04-05 19:31:09,466 | Epoch 1/10 | Step 18,200 | Loss: 1.5099 | LR: 2.95e-04 | Tok/s: 18681
2026-04-05 19:31:20,023 | Epoch 1/10 | Step 18,300 | Loss: 1.4359 | LR: 2.95e-04 | Tok/s: 18709
2026-04-05 19:31:30,601 | Epoch 1/10 | Step 18,400 | Loss: 1.5399 | LR: 2.95e-04 | Tok/s: 18739
2026-04-05 19:31:41,155 | Epoch 1/10 | Step 18,500 | Loss: 1.4682 | LR: 2.95e-04 | Tok/s: 18769
2026-04-05 19:31:51,719 | Epoch 1/10 | Step 18,600 | Loss: 1.4982 | LR: 2.95e-04 | Tok/s: 18797
2026-04-05 19:32:02,279 | Epoch 1/10 | Step 18,700 | Loss: 1.4479 | LR: 2.95e-04 | Tok/s: 18825
2026-04-05 19:32:12,835 | Epoch 1/10 | Step 18,800 | Loss: 1.4899 | LR: 2.95e-04 | Tok/s: 18856
2026-04-05 19:32:23,371 | Epoch 1/10 | Step 18,900 | Loss: 1.3516 | LR: 2.94e-04 | Tok/s: 18883
2026-04-05 19:32:33,915 | Epoch 1/10 | Step 19,000 | Loss: 1.4234 | LR: 2.94e-04 | Tok/s: 18913
2026-04-05 19:33:16,747 |   EVAL | Loss: 1.4728 | Perplexity: 4.36
2026-04-05 19:33:17,159 |   NEW BEST — saved checkpoint
2026-04-05 19:33:27,718 | Epoch 1/10 | Step 19,100 | Loss: 1.4413 | LR: 2.94e-04 | Tok/s: 18651
2026-04-05 19:33:38,270 | Epoch 1/10 | Step 19,200 | Loss: 1.4885 | LR: 2.94e-04 | Tok/s: 18680
2026-04-05 19:33:48,840 | Epoch 1/10 | Step 19,300 | Loss: 1.4924 | LR: 2.94e-04 | Tok/s: 18710
2026-04-05 19:33:59,379 | Epoch 1/10 | Step 19,400 | Loss: 1.3975 | LR: 2.94e-04 | Tok/s: 18738
2026-04-05 19:34:09,878 | Epoch 1/10 | Step 19,500 | Loss: 1.5914 | LR: 2.94e-04 | Tok/s: 18767
2026-04-05 19:34:20,404 | Epoch 1/10 | Step 19,600 | Loss: 1.4460 | LR: 2.94e-04 | Tok/s: 18795
2026-04-05 19:34:30,969 | Epoch 1/10 | Step 19,700 | Loss: 1.4429 | LR: 2.94e-04 | Tok/s: 18824
2026-04-05 19:34:41,521 | Epoch 1/10 | Step 19,800 | Loss: 1.4704 | LR: 2.94e-04 | Tok/s: 18850
2026-04-05 19:34:52,076 | Epoch 1/10 | Step 19,900 | Loss: 1.4013 | LR: 2.94e-04 | Tok/s: 18879
2026-04-05 19:35:02,604 | Epoch 1/10 | Step 20,000 | Loss: 1.4650 | LR: 2.94e-04 | Tok/s: 18903
2026-04-05 19:35:45,326 |   EVAL | Loss: 1.4695 | Perplexity: 4.35
2026-04-05 19:35:45,765 |   NEW BEST — saved checkpoint
2026-04-05 19:35:56,778 | Epoch 1/10 | Step 20,100 | Loss: 1.4319 | LR: 2.94e-04 | Tok/s: 18653
2026-04-05 19:36:07,358 | Epoch 1/10 | Step 20,200 | Loss: 1.4304 | LR: 2.94e-04 | Tok/s: 18683
2026-04-05 19:36:17,920 | Epoch 1/10 | Step 20,300 | Loss: 1.5387 | LR: 2.94e-04 | Tok/s: 18710
2026-04-05 19:36:28,488 | Epoch 1/10 | Step 20,400 | Loss: 1.3805 | LR: 2.93e-04 | Tok/s: 18735
2026-04-05 19:36:39,047 | Epoch 1/10 | Step 20,500 | Loss: 1.4878 | LR: 2.93e-04 | Tok/s: 18760
2026-04-05 19:36:49,604 | Epoch 1/10 | Step 20,600 | Loss: 1.4841 | LR: 2.93e-04 | Tok/s: 18786
2026-04-05 19:37:00,171 | Epoch 1/10 | Step 20,700 | Loss: 1.4076 | LR: 2.93e-04 | Tok/s: 18810
2026-04-05 19:37:00,487 | Epoch 1 complete | Avg loss: 1.6383 | Time: 50.9m
2026-04-05 19:37:10,889 | Epoch 2/10 | Step 20,800 | Loss: 1.5033 | LR: 2.93e-04 | Tok/s: 90
2026-04-05 19:37:21,431 | Epoch 2/10 | Step 20,900 | Loss: 1.3660 | LR: 2.93e-04 | Tok/s: 180
2026-04-05 19:37:31,980 | Epoch 2/10 | Step 21,000 | Loss: 1.6111 | LR: 2.93e-04 | Tok/s: 269
2026-04-05 19:38:14,942 |   EVAL | Loss: 1.4622 | Perplexity: 4.32
2026-04-05 19:38:15,384 |   NEW BEST — saved checkpoint
2026-04-05 19:38:25,955 | Epoch 2/10 | Step 21,100 | Loss: 1.5956 | LR: 2.93e-04 | Tok/s: 353
2026-04-05 19:38:36,502 | Epoch 2/10 | Step 21,200 | Loss: 1.3503 | LR: 2.93e-04 | Tok/s: 440
2026-04-05 19:38:47,064 | Epoch 2/10 | Step 21,300 | Loss: 1.4900 | LR: 2.93e-04 | Tok/s: 527
2026-04-05 19:38:57,627 | Epoch 2/10 | Step 21,400 | Loss: 1.4519 | LR: 2.93e-04 | Tok/s: 612
2026-04-05 19:39:08,185 | Epoch 2/10 | Step 21,500 | Loss: 1.5738 | LR: 2.93e-04 | Tok/s: 697
2026-04-05 19:39:18,741 | Epoch 2/10 | Step 21,600 | Loss: 1.3008 | LR: 2.93e-04 | Tok/s: 785
2026-04-05 19:39:29,300 | Epoch 2/10 | Step 21,700 | Loss: 1.4956 | LR: 2.93e-04 | Tok/s: 867
2026-04-05 19:39:39,864 | Epoch 2/10 | Step 21,800 | Loss: 1.4129 | LR: 2.93e-04 | Tok/s: 950
2026-04-05 19:39:50,420 | Epoch 2/10 | Step 21,900 | Loss: 1.4310 | LR: 2.92e-04 | Tok/s: 1032
2026-04-05 19:40:00,966 | Epoch 2/10 | Step 22,000 | Loss: 1.3683 | LR: 2.92e-04 | Tok/s: 1115
2026-04-05 19:40:43,798 |   EVAL | Loss: 1.4577 | Perplexity: 4.30
2026-04-05 19:40:44,271 |   NEW BEST — saved checkpoint
2026-04-05 19:40:54,831 | Epoch 2/10 | Step 22,100 | Loss: 1.4817 | LR: 2.92e-04 | Tok/s: 1180
2026-04-05 19:41:05,407 | Epoch 2/10 | Step 22,200 | Loss: 1.3847 | LR: 2.92e-04 | Tok/s: 1259
2026-04-05 19:41:15,973 | Epoch 2/10 | Step 22,300 | Loss: 1.4163 | LR: 2.92e-04 | Tok/s: 1339
2026-04-05 19:41:26,537 | Epoch 2/10 | Step 22,400 | Loss: 1.4537 | LR: 2.92e-04 | Tok/s: 1418
2026-04-05 19:41:37,113 | Epoch 2/10 | Step 22,500 | Loss: 1.5019 | LR: 2.92e-04 | Tok/s: 1495
2026-04-05 19:41:47,685 | Epoch 2/10 | Step 22,600 | Loss: 1.4739 | LR: 2.92e-04 | Tok/s: 1572
2026-04-05 19:41:58,230 | Epoch 2/10 | Step 22,700 | Loss: 1.4510 | LR: 2.92e-04 | Tok/s: 1651
2026-04-05 19:42:08,789 | Epoch 2/10 | Step 22,800 | Loss: 1.4542 | LR: 2.92e-04 | Tok/s: 1727
2026-04-05 19:42:19,336 | Epoch 2/10 | Step 22,900 | Loss: 1.4607 | LR: 2.92e-04 | Tok/s: 1805
2026-04-05 19:42:29,866 | Epoch 2/10 | Step 23,000 | Loss: 1.4896 | LR: 2.92e-04 | Tok/s: 1881
2026-04-05 19:43:12,737 |   EVAL | Loss: 1.4512 | Perplexity: 4.27
2026-04-05 19:43:13,214 |   NEW BEST — saved checkpoint
2026-04-05 19:43:23,776 | Epoch 2/10 | Step 23,100 | Loss: 1.4414 | LR: 2.92e-04 | Tok/s: 1934
2026-04-05 19:43:34,340 | Epoch 2/10 | Step 23,200 | Loss: 1.4219 | LR: 2.91e-04 | Tok/s: 2009
2026-04-05 19:43:44,906 | Epoch 2/10 | Step 23,300 | Loss: 1.4940 | LR: 2.91e-04 | Tok/s: 2084
2026-04-05 19:43:55,462 | Epoch 2/10 | Step 23,400 | Loss: 1.5136 | LR: 2.91e-04 | Tok/s: 2156
2026-04-05 19:44:06,021 | Epoch 2/10 | Step 23,500 | Loss: 1.3514 | LR: 2.91e-04 | Tok/s: 2227
2026-04-05 19:44:16,588 | Epoch 2/10 | Step 23,600 | Loss: 1.4701 | LR: 2.91e-04 | Tok/s: 2301
2026-04-05 19:44:27,159 | Epoch 2/10 | Step 23,700 | Loss: 1.4992 | LR: 2.91e-04 | Tok/s: 2373
2026-04-05 19:44:37,711 | Epoch 2/10 | Step 23,800 | Loss: 1.4586 | LR: 2.91e-04 | Tok/s: 2445
2026-04-05 19:44:48,251 | Epoch 2/10 | Step 23,900 | Loss: 1.3972 | LR: 2.91e-04 | Tok/s: 2516
2026-04-05 19:44:58,807 | Epoch 2/10 | Step 24,000 | Loss: 1.4269 | LR: 2.91e-04 | Tok/s: 2587
2026-04-05 19:45:41,558 |   EVAL | Loss: 1.4489 | Perplexity: 4.26
2026-04-05 19:45:42,098 |   NEW BEST — saved checkpoint
2026-04-05 19:45:52,652 | Epoch 2/10 | Step 24,100 | Loss: 1.4693 | LR: 2.91e-04 | Tok/s: 2626
2026-04-05 19:46:03,184 | Epoch 2/10 | Step 24,200 | Loss: 1.4256 | LR: 2.91e-04 | Tok/s: 2696
2026-04-05 19:46:13,727 | Epoch 2/10 | Step 24,300 | Loss: 1.3440 | LR: 2.91e-04 | Tok/s: 2765
2026-04-05 19:46:24,269 | Epoch 2/10 | Step 24,400 | Loss: 1.3992 | LR: 2.91e-04 | Tok/s: 2834
2026-04-05 19:46:34,805 | Epoch 2/10 | Step 24,500 | Loss: 1.4942 | LR: 2.90e-04 | Tok/s: 2900
2026-04-05 19:46:45,332 | Epoch 2/10 | Step 24,600 | Loss: 1.4279 | LR: 2.90e-04 | Tok/s: 2969
2026-04-05 19:46:55,867 | Epoch 2/10 | Step 24,700 | Loss: 1.5204 | LR: 2.90e-04 | Tok/s: 3036
2026-04-05 19:47:06,406 | Epoch 2/10 | Step 24,800 | Loss: 1.3714 | LR: 2.90e-04 | Tok/s: 3104
2026-04-05 19:47:16,946 | Epoch 2/10 | Step 24,900 | Loss: 1.4805 | LR: 2.90e-04 | Tok/s: 3171
2026-04-05 19:47:27,495 | Epoch 2/10 | Step 25,000 | Loss: 1.5468 | LR: 2.90e-04 | Tok/s: 3236
2026-04-05 19:48:10,176 |   EVAL | Loss: 1.4443 | Perplexity: 4.24
2026-04-05 19:48:10,595 |   NEW BEST — saved checkpoint
2026-04-05 19:48:21,543 | Epoch 2/10 | Step 25,100 | Loss: 1.3391 | LR: 2.90e-04 | Tok/s: 3264
2026-04-05 19:48:32,066 | Epoch 2/10 | Step 25,200 | Loss: 1.5215 | LR: 2.90e-04 | Tok/s: 3329
2026-04-05 19:48:42,604 | Epoch 2/10 | Step 25,300 | Loss: 1.4221 | LR: 2.90e-04 | Tok/s: 3394
2026-04-05 19:48:53,150 | Epoch 2/10 | Step 25,400 | Loss: 1.4634 | LR: 2.90e-04 | Tok/s: 3459
2026-04-05 19:49:03,712 | Epoch 2/10 | Step 25,500 | Loss: 1.4128 | LR: 2.90e-04 | Tok/s: 3523
2026-04-05 19:49:14,259 | Epoch 2/10 | Step 25,600 | Loss: 1.4479 | LR: 2.90e-04 | Tok/s: 3586
2026-04-05 19:49:24,823 | Epoch 2/10 | Step 25,700 | Loss: 1.4204 | LR: 2.89e-04 | Tok/s: 3651
2026-04-05 19:49:35,373 | Epoch 2/10 | Step 25,800 | Loss: 1.4366 | LR: 2.89e-04 | Tok/s: 3712
2026-04-05 19:49:45,920 | Epoch 2/10 | Step 25,900 | Loss: 1.4099 | LR: 2.89e-04 | Tok/s: 3773
2026-04-05 19:49:56,471 | Epoch 2/10 | Step 26,000 | Loss: 1.4526 | LR: 2.89e-04 | Tok/s: 3837
2026-04-05 19:50:39,593 |   EVAL | Loss: 1.4385 | Perplexity: 4.21
2026-04-05 19:50:39,968 |   NEW BEST — saved checkpoint
2026-04-05 19:50:50,554 | Epoch 2/10 | Step 26,100 | Loss: 1.3981 | LR: 2.89e-04 | Tok/s: 3856
2026-04-05 19:51:01,134 | Epoch 2/10 | Step 26,200 | Loss: 1.4300 | LR: 2.89e-04 | Tok/s: 3916
2026-04-05 19:51:11,715 | Epoch 2/10 | Step 26,300 | Loss: 1.4219 | LR: 2.89e-04 | Tok/s: 3977
2026-04-05 19:51:22,274 | Epoch 2/10 | Step 26,400 | Loss: 1.3130 | LR: 2.89e-04 | Tok/s: 4037
2026-04-05 19:51:32,813 | Epoch 2/10 | Step 26,500 | Loss: 1.3531 | LR: 2.89e-04 | Tok/s: 4097
2026-04-05 19:51:43,380 | Epoch 2/10 | Step 26,600 | Loss: 1.4301 | LR: 2.89e-04 | Tok/s: 4156
2026-04-05 19:51:53,943 | Epoch 2/10 | Step 26,700 | Loss: 1.4543 | LR: 2.89e-04 | Tok/s: 4216
2026-04-05 19:52:04,490 | Epoch 2/10 | Step 26,800 | Loss: 1.4351 | LR: 2.89e-04 | Tok/s: 4275
2026-04-05 19:52:15,051 | Epoch 2/10 | Step 26,900 | Loss: 1.4113 | LR: 2.88e-04 | Tok/s: 4334
2026-04-05 19:52:25,615 | Epoch 2/10 | Step 27,000 | Loss: 1.3686 | LR: 2.88e-04 | Tok/s: 4392
2026-04-05 19:53:08,554 |   EVAL | Loss: 1.4367 | Perplexity: 4.21
2026-04-05 19:53:09,068 |   NEW BEST — saved checkpoint
2026-04-05 19:53:19,627 | Epoch 2/10 | Step 27,100 | Loss: 1.4137 | LR: 2.88e-04 | Tok/s: 4401
2026-04-05 19:53:30,162 | Epoch 2/10 | Step 27,200 | Loss: 1.4866 | LR: 2.88e-04 | Tok/s: 4460
2026-04-05 19:53:40,735 | Epoch 2/10 | Step 27,300 | Loss: 1.5314 | LR: 2.88e-04 | Tok/s: 4515
2026-04-05 19:53:51,290 | Epoch 2/10 | Step 27,400 | Loss: 1.4550 | LR: 2.88e-04 | Tok/s: 4572
2026-04-05 19:54:01,842 | Epoch 2/10 | Step 27,500 | Loss: 1.4183 | LR: 2.88e-04 | Tok/s: 4626
2026-04-05 19:54:12,400 | Epoch 2/10 | Step 27,600 | Loss: 1.4091 | LR: 2.88e-04 | Tok/s: 4681
2026-04-05 19:54:22,956 | Epoch 2/10 | Step 27,700 | Loss: 1.4638 | LR: 2.88e-04 | Tok/s: 4737
2026-04-05 19:54:33,514 | Epoch 2/10 | Step 27,800 | Loss: 1.4252 | LR: 2.88e-04 | Tok/s: 4792
2026-04-05 19:54:44,061 | Epoch 2/10 | Step 27,900 | Loss: 1.3598 | LR: 2.88e-04 | Tok/s: 4849
2026-04-05 19:54:54,613 | Epoch 2/10 | Step 28,000 | Loss: 1.3960 | LR: 2.87e-04 | Tok/s: 4904
2026-04-05 19:55:37,591 |   EVAL | Loss: 1.4293 | Perplexity: 4.18
2026-04-05 19:55:37,930 |   NEW BEST — saved checkpoint
2026-04-05 19:55:48,477 | Epoch 2/10 | Step 28,100 | Loss: 1.4246 | LR: 2.87e-04 | Tok/s: 4907
2026-04-05 19:55:59,029 | Epoch 2/10 | Step 28,200 | Loss: 1.2811 | LR: 2.87e-04 | Tok/s: 4960
2026-04-05 19:56:09,569 | Epoch 2/10 | Step 28,300 | Loss: 1.4493 | LR: 2.87e-04 | Tok/s: 5014
2026-04-05 19:56:20,105 | Epoch 2/10 | Step 28,400 | Loss: 1.4372 | LR: 2.87e-04 | Tok/s: 5068
2026-04-05 19:56:30,656 | Epoch 2/10 | Step 28,500 | Loss: 1.3910 | LR: 2.87e-04 | Tok/s: 5122
2026-04-05 19:56:41,208 | Epoch 2/10 | Step 28,600 | Loss: 1.4619 | LR: 2.87e-04 | Tok/s: 5174
2026-04-05 19:56:51,765 | Epoch 2/10 | Step 28,700 | Loss: 1.3758 | LR: 2.87e-04 | Tok/s: 5225
2026-04-05 19:57:02,316 | Epoch 2/10 | Step 28,800 | Loss: 1.4060 | LR: 2.87e-04 | Tok/s: 5278
2026-04-05 19:57:12,858 | Epoch 2/10 | Step 28,900 | Loss: 1.4464 | LR: 2.87e-04 | Tok/s: 5330
2026-04-05 19:57:23,398 | Epoch 2/10 | Step 29,000 | Loss: 1.3476 | LR: 2.87e-04 | Tok/s: 5382
2026-04-05 19:58:06,189 |   EVAL | Loss: 1.4263 | Perplexity: 4.16
2026-04-05 19:58:06,664 |   NEW BEST — saved checkpoint
2026-04-05 19:58:17,213 | Epoch 2/10 | Step 29,100 | Loss: 1.4675 | LR: 2.86e-04 | Tok/s: 5378
2026-04-05 19:58:27,777 | Epoch 2/10 | Step 29,200 | Loss: 1.4191 | LR: 2.86e-04 | Tok/s: 5430
2026-04-05 19:58:38,339 | Epoch 2/10 | Step 29,300 | Loss: 1.3861 | LR: 2.86e-04 | Tok/s: 5481
2026-04-05 19:58:48,901 | Epoch 2/10 | Step 29,400 | Loss: 1.4382 | LR: 2.86e-04 | Tok/s: 5531
2026-04-05 19:58:59,459 | Epoch 2/10 | Step 29,500 | Loss: 1.3825 | LR: 2.86e-04 | Tok/s: 5580
2026-04-05 19:59:10,000 | Epoch 2/10 | Step 29,600 | Loss: 1.4802 | LR: 2.86e-04 | Tok/s: 5631
2026-04-05 19:59:20,547 | Epoch 2/10 | Step 29,700 | Loss: 1.4696 | LR: 2.86e-04 | Tok/s: 5679
2026-04-05 19:59:31,081 | Epoch 2/10 | Step 29,800 | Loss: 1.4168 | LR: 2.86e-04 | Tok/s: 5728
2026-04-05 19:59:41,641 | Epoch 2/10 | Step 29,900 | Loss: 1.3765 | LR: 2.86e-04 | Tok/s: 5778
2026-04-05 19:59:52,177 | Epoch 2/10 | Step 30,000 | Loss: 1.3360 | LR: 2.86e-04 | Tok/s: 5828
2026-04-05 20:00:34,950 |   EVAL | Loss: 1.4232 | Perplexity: 4.15
2026-04-05 20:00:35,462 |   NEW BEST — saved checkpoint
2026-04-05 20:00:46,515 | Epoch 2/10 | Step 30,100 | Loss: 1.3649 | LR: 2.85e-04 | Tok/s: 5820
2026-04-05 20:00:57,085 | Epoch 2/10 | Step 30,200 | Loss: 1.4088 | LR: 2.85e-04 | Tok/s: 5869
2026-04-05 20:01:07,633 | Epoch 2/10 | Step 30,300 | Loss: 1.3989 | LR: 2.85e-04 | Tok/s: 5917
2026-04-05 20:01:18,178 | Epoch 2/10 | Step 30,400 | Loss: 1.4084 | LR: 2.85e-04 | Tok/s: 5964
2026-04-05 20:01:28,743 | Epoch 2/10 | Step 30,500 | Loss: 1.4631 | LR: 2.85e-04 | Tok/s: 6011
2026-04-05 20:01:39,291 | Epoch 2/10 | Step 30,600 | Loss: 1.4704 | LR: 2.85e-04 | Tok/s: 6058
2026-04-05 20:01:49,846 | Epoch 2/10 | Step 30,700 | Loss: 1.4487 | LR: 2.85e-04 | Tok/s: 6104
2026-04-05 20:02:00,383 | Epoch 2/10 | Step 30,800 | Loss: 1.3968 | LR: 2.85e-04 | Tok/s: 6151
2026-04-05 20:02:10,952 | Epoch 2/10 | Step 30,900 | Loss: 1.4777 | LR: 2.85e-04 | Tok/s: 6198
2026-04-05 20:02:21,522 | Epoch 2/10 | Step 31,000 | Loss: 1.3740 | LR: 2.85e-04 | Tok/s: 6244
2026-04-05 20:03:04,351 |   EVAL | Loss: 1.4202 | Perplexity: 4.14
2026-04-05 20:03:04,823 |   NEW BEST — saved checkpoint
2026-04-05 20:03:15,372 | Epoch 2/10 | Step 31,100 | Loss: 1.3949 | LR: 2.84e-04 | Tok/s: 6231
2026-04-05 20:03:25,931 | Epoch 2/10 | Step 31,200 | Loss: 1.4976 | LR: 2.84e-04 | Tok/s: 6276
2026-04-05 20:03:36,511 | Epoch 2/10 | Step 31,300 | Loss: 1.3565 | LR: 2.84e-04 | Tok/s: 6320
2026-04-05 20:03:47,073 | Epoch 2/10 | Step 31,400 | Loss: 1.3790 | LR: 2.84e-04 | Tok/s: 6365
2026-04-05 20:03:57,609 | Epoch 2/10 | Step 31,500 | Loss: 1.3749 | LR: 2.84e-04 | Tok/s: 6412
2026-04-05 20:04:08,162 | Epoch 2/10 | Step 31,600 | Loss: 1.3353 | LR: 2.84e-04 | Tok/s: 6458
2026-04-05 20:04:18,719 | Epoch 2/10 | Step 31,700 | Loss: 1.3671 | LR: 2.84e-04 | Tok/s: 6503
2026-04-05 20:04:29,290 | Epoch 2/10 | Step 31,800 | Loss: 1.4390 | LR: 2.84e-04 | Tok/s: 6548
2026-04-05 20:04:39,863 | Epoch 2/10 | Step 31,900 | Loss: 1.4127 | LR: 2.84e-04 | Tok/s: 6592
2026-04-05 20:04:50,416 | Epoch 2/10 | Step 32,000 | Loss: 1.4089 | LR: 2.84e-04 | Tok/s: 6636
2026-04-05 20:05:33,345 |   EVAL | Loss: 1.4153 | Perplexity: 4.12
2026-04-05 20:05:33,801 |   NEW BEST — saved checkpoint
2026-04-05 20:05:44,361 | Epoch 2/10 | Step 32,100 | Loss: 1.3391 | LR: 2.83e-04 | Tok/s: 6619
2026-04-05 20:05:54,909 | Epoch 2/10 | Step 32,200 | Loss: 1.3155 | LR: 2.83e-04 | Tok/s: 6661
2026-04-05 20:06:05,447 | Epoch 2/10 | Step 32,300 | Loss: 1.4333 | LR: 2.83e-04 | Tok/s: 6703
2026-04-05 20:06:15,993 | Epoch 2/10 | Step 32,400 | Loss: 1.4778 | LR: 2.83e-04 | Tok/s: 6746
2026-04-05 20:06:26,537 | Epoch 2/10 | Step 32,500 | Loss: 1.4003 | LR: 2.83e-04 | Tok/s: 6787
2026-04-05 20:06:37,078 | Epoch 2/10 | Step 32,600 | Loss: 1.3606 | LR: 2.83e-04 | Tok/s: 6830
2026-04-05 20:06:47,637 | Epoch 2/10 | Step 32,700 | Loss: 1.3973 | LR: 2.83e-04 | Tok/s: 6871
2026-04-05 20:06:58,209 | Epoch 2/10 | Step 32,800 | Loss: 1.4460 | LR: 2.83e-04 | Tok/s: 6914
2026-04-05 20:07:08,760 | Epoch 2/10 | Step 32,900 | Loss: 1.3203 | LR: 2.83e-04 | Tok/s: 6955
2026-04-05 20:07:19,330 | Epoch 2/10 | Step 33,000 | Loss: 1.4368 | LR: 2.82e-04 | Tok/s: 6997
2026-04-05 20:08:02,208 |   EVAL | Loss: 1.4122 | Perplexity: 4.11
2026-04-05 20:08:02,642 |   NEW BEST — saved checkpoint
2026-04-05 20:08:13,215 | Epoch 2/10 | Step 33,100 | Loss: 1.3994 | LR: 2.82e-04 | Tok/s: 6978
2026-04-05 20:08:23,790 | Epoch 2/10 | Step 33,200 | Loss: 1.3681 | LR: 2.82e-04 | Tok/s: 7019
2026-04-05 20:08:34,355 | Epoch 2/10 | Step 33,300 | Loss: 1.3478 | LR: 2.82e-04 | Tok/s: 7060
2026-04-05 20:08:44,911 | Epoch 2/10 | Step 33,400 | Loss: 1.3383 | LR: 2.82e-04 | Tok/s: 7102
2026-04-05 20:08:55,464 | Epoch 2/10 | Step 33,500 | Loss: 1.3858 | LR: 2.82e-04 | Tok/s: 7143
2026-04-05 20:09:06,026 | Epoch 2/10 | Step 33,600 | Loss: 1.3845 | LR: 2.82e-04 | Tok/s: 7184
2026-04-05 20:09:16,585 | Epoch 2/10 | Step 33,700 | Loss: 1.3568 | LR: 2.82e-04 | Tok/s: 7225
2026-04-05 20:09:27,138 | Epoch 2/10 | Step 33,800 | Loss: 1.3911 | LR: 2.82e-04 | Tok/s: 7265
2026-04-05 20:09:37,728 | Epoch 2/10 | Step 33,900 | Loss: 1.3830 | LR: 2.82e-04 | Tok/s: 7304
2026-04-05 20:09:48,296 | Epoch 2/10 | Step 34,000 | Loss: 1.3209 | LR: 2.81e-04 | Tok/s: 7344
2026-04-05 20:10:31,316 |   EVAL | Loss: 1.4099 | Perplexity: 4.10
2026-04-05 20:10:31,719 |   NEW BEST — saved checkpoint
2026-04-05 20:10:42,307 | Epoch 2/10 | Step 34,100 | Loss: 1.4074 | LR: 2.81e-04 | Tok/s: 7320
2026-04-05 20:10:52,875 | Epoch 2/10 | Step 34,200 | Loss: 1.3937 | LR: 2.81e-04 | Tok/s: 7359
2026-04-05 20:11:03,458 | Epoch 2/10 | Step 34,300 | Loss: 1.4194 | LR: 2.81e-04 | Tok/s: 7398
2026-04-05 20:11:14,030 | Epoch 2/10 | Step 34,400 | Loss: 1.3306 | LR: 2.81e-04 | Tok/s: 7439
2026-04-05 20:11:24,595 | Epoch 2/10 | Step 34,500 | Loss: 1.3040 | LR: 2.81e-04 | Tok/s: 7478
2026-04-05 20:11:35,150 | Epoch 2/10 | Step 34,600 | Loss: 1.4838 | LR: 2.81e-04 | Tok/s: 7519
2026-04-05 20:11:45,742 | Epoch 2/10 | Step 34,700 | Loss: 1.2774 | LR: 2.81e-04 | Tok/s: 7558
2026-04-05 20:11:56,315 | Epoch 2/10 | Step 34,800 | Loss: 1.3384 | LR: 2.81e-04 | Tok/s: 7596
2026-04-05 20:12:06,839 | Epoch 2/10 | Step 34,900 | Loss: 1.4027 | LR: 2.80e-04 | Tok/s: 7634
2026-04-05 20:12:17,383 | Epoch 2/10 | Step 35,000 | Loss: 1.5424 | LR: 2.80e-04 | Tok/s: 7673
2026-04-05 20:13:00,205 |   EVAL | Loss: 1.4053 | Perplexity: 4.08
2026-04-05 20:13:00,693 |   NEW BEST — saved checkpoint
2026-04-05 20:13:11,757 | Epoch 2/10 | Step 35,100 | Loss: 1.3843 | LR: 2.80e-04 | Tok/s: 7646
2026-04-05 20:13:22,329 | Epoch 2/10 | Step 35,200 | Loss: 1.3840 | LR: 2.80e-04 | Tok/s: 7684
2026-04-05 20:13:32,886 | Epoch 2/10 | Step 35,300 | Loss: 1.5739 | LR: 2.80e-04 | Tok/s: 7720
2026-04-05 20:13:43,434 | Epoch 2/10 | Step 35,400 | Loss: 1.4730 | LR: 2.80e-04 | Tok/s: 7757
2026-04-05 20:13:53,984 | Epoch 2/10 | Step 35,500 | Loss: 1.3532 | LR: 2.80e-04 | Tok/s: 7793
2026-04-05 20:14:04,537 | Epoch 2/10 | Step 35,600 | Loss: 1.3873 | LR: 2.80e-04 | Tok/s: 7831
2026-04-05 20:14:15,099 | Epoch 2/10 | Step 35,700 | Loss: 1.2991 | LR: 2.79e-04 | Tok/s: 7867
2026-04-05 20:14:25,643 | Epoch 2/10 | Step 35,800 | Loss: 1.4816 | LR: 2.79e-04 | Tok/s: 7903
2026-04-05 20:14:36,184 | Epoch 2/10 | Step 35,900 | Loss: 1.2607 | LR: 2.79e-04 | Tok/s: 7940
2026-04-05 20:14:46,737 | Epoch 2/10 | Step 36,000 | Loss: 1.4148 | LR: 2.79e-04 | Tok/s: 7976
2026-04-05 20:15:29,603 |   EVAL | Loss: 1.4030 | Perplexity: 4.07
2026-04-05 20:15:30,048 |   NEW BEST — saved checkpoint
2026-04-05 20:15:40,591 | Epoch 2/10 | Step 36,100 | Loss: 1.3983 | LR: 2.79e-04 | Tok/s: 7948
2026-04-05 20:15:51,156 | Epoch 2/10 | Step 36,200 | Loss: 1.3753 | LR: 2.79e-04 | Tok/s: 7984
2026-04-05 20:16:01,723 | Epoch 2/10 | Step 36,300 | Loss: 1.4461 | LR: 2.79e-04 | Tok/s: 8021
2026-04-05 20:16:12,281 | Epoch 2/10 | Step 36,400 | Loss: 1.3415 | LR: 2.79e-04 | Tok/s: 8056
2026-04-05 20:16:22,843 | Epoch 2/10 | Step 36,500 | Loss: 1.4718 | LR: 2.79e-04 | Tok/s: 8092
2026-04-05 20:16:33,400 | Epoch 2/10 | Step 36,600 | Loss: 1.3370 | LR: 2.78e-04 | Tok/s: 8128
2026-04-05 20:16:43,977 | Epoch 2/10 | Step 36,700 | Loss: 1.3964 | LR: 2.78e-04 | Tok/s: 8162
2026-04-05 20:16:54,530 | Epoch 2/10 | Step 36,800 | Loss: 1.4045 | LR: 2.78e-04 | Tok/s: 8198
2026-04-05 20:17:05,081 | Epoch 2/10 | Step 36,900 | Loss: 1.2977 | LR: 2.78e-04 | Tok/s: 8232
2026-04-05 20:17:15,645 | Epoch 2/10 | Step 37,000 | Loss: 1.3317 | LR: 2.78e-04 | Tok/s: 8266
2026-04-05 20:17:58,469 |   EVAL | Loss: 1.3999 | Perplexity: 4.05
2026-04-05 20:17:58,945 |   NEW BEST — saved checkpoint
2026-04-05 20:18:09,522 | Epoch 2/10 | Step 37,100 | Loss: 1.4552 | LR: 2.78e-04 | Tok/s: 8237
2026-04-05 20:18:20,089 | Epoch 2/10 | Step 37,200 | Loss: 1.4206 | LR: 2.78e-04 | Tok/s: 8271
2026-04-05 20:18:30,642 | Epoch 2/10 | Step 37,300 | Loss: 1.4041 | LR: 2.78e-04 | Tok/s: 8306
2026-04-05 20:18:41,278 | Epoch 2/10 | Step 37,400 | Loss: 1.3543 | LR: 2.77e-04 | Tok/s: 8341
2026-04-05 20:18:51,875 | Epoch 2/10 | Step 37,500 | Loss: 1.4953 | LR: 2.77e-04 | Tok/s: 8376
2026-04-05 20:19:02,444 | Epoch 2/10 | Step 37,600 | Loss: 1.4074 | LR: 2.77e-04 | Tok/s: 8409
2026-04-05 20:19:12,987 | Epoch 2/10 | Step 37,700 | Loss: 1.4167 | LR: 2.77e-04 | Tok/s: 8442
2026-04-05 20:19:23,539 | Epoch 2/10 | Step 37,800 | Loss: 1.3007 | LR: 2.77e-04 | Tok/s: 8475
2026-04-05 20:19:34,114 | Epoch 2/10 | Step 37,900 | Loss: 1.4977 | LR: 2.77e-04 | Tok/s: 8508
2026-04-05 20:19:44,689 | Epoch 2/10 | Step 38,000 | Loss: 1.3111 | LR: 2.77e-04 | Tok/s: 8541
2026-04-05 20:20:27,556 |   EVAL | Loss: 1.3980 | Perplexity: 4.05
2026-04-05 20:20:27,991 |   NEW BEST — saved checkpoint
2026-04-05 20:20:38,532 | Epoch 2/10 | Step 38,100 | Loss: 1.3545 | LR: 2.77e-04 | Tok/s: 8509
2026-04-05 20:20:49,056 | Epoch 2/10 | Step 38,200 | Loss: 1.3651 | LR: 2.77e-04 | Tok/s: 8542
2026-04-05 20:20:59,592 | Epoch 2/10 | Step 38,300 | Loss: 1.3480 | LR: 2.76e-04 | Tok/s: 8575
2026-04-05 20:21:10,138 | Epoch 2/10 | Step 38,400 | Loss: 1.3514 | LR: 2.76e-04 | Tok/s: 8606
2026-04-05 20:21:20,693 | Epoch 2/10 | Step 38,500 | Loss: 1.3257 | LR: 2.76e-04 | Tok/s: 8639
2026-04-05 20:21:31,232 | Epoch 2/10 | Step 38,600 | Loss: 1.3932 | LR: 2.76e-04 | Tok/s: 8671
2026-04-05 20:21:41,755 | Epoch 2/10 | Step 38,700 | Loss: 1.3585 | LR: 2.76e-04 | Tok/s: 8704
2026-04-05 20:21:52,293 | Epoch 2/10 | Step 38,800 | Loss: 1.3534 | LR: 2.76e-04 | Tok/s: 8737
2026-04-05 20:22:02,809 | Epoch 2/10 | Step 38,900 | Loss: 1.4013 | LR: 2.76e-04 | Tok/s: 8768
2026-04-05 20:22:13,352 | Epoch 2/10 | Step 39,000 | Loss: 1.3426 | LR: 2.76e-04 | Tok/s: 8800
2026-04-05 20:22:56,040 |   EVAL | Loss: 1.3940 | Perplexity: 4.03
2026-04-05 20:22:56,401 |   NEW BEST — saved checkpoint
2026-04-05 20:23:06,957 | Epoch 2/10 | Step 39,100 | Loss: 1.4820 | LR: 2.75e-04 | Tok/s: 8766
2026-04-05 20:23:17,495 | Epoch 2/10 | Step 39,200 | Loss: 1.3533 | LR: 2.75e-04 | Tok/s: 8799
2026-04-05 20:23:28,058 | Epoch 2/10 | Step 39,300 | Loss: 1.3473 | LR: 2.75e-04 | Tok/s: 8831
2026-04-05 20:23:38,603 | Epoch 2/10 | Step 39,400 | Loss: 1.4444 | LR: 2.75e-04 | Tok/s: 8863
2026-04-05 20:23:49,158 | Epoch 2/10 | Step 39,500 | Loss: 1.3590 | LR: 2.75e-04 | Tok/s: 8894
2026-04-05 20:23:59,702 | Epoch 2/10 | Step 39,600 | Loss: 1.4067 | LR: 2.75e-04 | Tok/s: 8925
2026-04-05 20:24:10,251 | Epoch 2/10 | Step 39,700 | Loss: 1.3352 | LR: 2.75e-04 | Tok/s: 8954
2026-04-05 20:24:20,802 | Epoch 2/10 | Step 39,800 | Loss: 1.3888 | LR: 2.75e-04 | Tok/s: 8985
2026-04-05 20:24:31,321 | Epoch 2/10 | Step 39,900 | Loss: 1.4956 | LR: 2.74e-04 | Tok/s: 9017
2026-04-05 20:24:41,868 | Epoch 2/10 | Step 40,000 | Loss: 1.4046 | LR: 2.74e-04 | Tok/s: 9046
2026-04-05 20:25:24,524 |   EVAL | Loss: 1.3924 | Perplexity: 4.02
2026-04-05 20:25:24,952 |   NEW BEST — saved checkpoint
2026-04-05 20:25:35,959 | Epoch 2/10 | Step 40,100 | Loss: 1.3841 | LR: 2.74e-04 | Tok/s: 9011
2026-04-05 20:25:46,502 | Epoch 2/10 | Step 40,200 | Loss: 1.3506 | LR: 2.74e-04 | Tok/s: 9041
2026-04-05 20:25:57,052 | Epoch 2/10 | Step 40,300 | Loss: 1.4353 | LR: 2.74e-04 | Tok/s: 9072
2026-04-05 20:26:07,618 | Epoch 2/10 | Step 40,400 | Loss: 1.4314 | LR: 2.74e-04 | Tok/s: 9103
2026-04-05 20:26:18,190 | Epoch 2/10 | Step 40,500 | Loss: 1.4158 | LR: 2.74e-04 | Tok/s: 9132
2026-04-05 20:26:28,731 | Epoch 2/10 | Step 40,600 | Loss: 1.4715 | LR: 2.73e-04 | Tok/s: 9163
2026-04-05 20:26:39,275 | Epoch 2/10 | Step 40,700 | Loss: 1.4187 | LR: 2.73e-04 | Tok/s: 9195
2026-04-05 20:26:49,823 | Epoch 2/10 | Step 40,800 | Loss: 1.4413 | LR: 2.73e-04 | Tok/s: 9225
2026-04-05 20:27:00,360 | Epoch 2/10 | Step 40,900 | Loss: 1.3064 | LR: 2.73e-04 | Tok/s: 9255
2026-04-05 20:27:10,925 | Epoch 2/10 | Step 41,000 | Loss: 1.4684 | LR: 2.73e-04 | Tok/s: 9284
2026-04-05 20:27:53,784 |   EVAL | Loss: 1.3893 | Perplexity: 4.01
2026-04-05 20:27:54,284 |   NEW BEST — saved checkpoint
2026-04-05 20:28:04,861 | Epoch 2/10 | Step 41,100 | Loss: 1.3554 | LR: 2.73e-04 | Tok/s: 9249
2026-04-05 20:28:15,430 | Epoch 2/10 | Step 41,200 | Loss: 1.5008 | LR: 2.73e-04 | Tok/s: 9277
2026-04-05 20:28:25,963 | Epoch 2/10 | Step 41,300 | Loss: 1.4209 | LR: 2.73e-04 | Tok/s: 9306
2026-04-05 20:28:36,535 | Epoch 2/10 | Step 41,400 | Loss: 1.5266 | LR: 2.72e-04 | Tok/s: 9335
2026-04-05 20:28:37,068 | Epoch 2 complete | Avg loss: 1.4119 | Time: 102.5m
2026-04-05 20:28:47,269 | Epoch 3/10 | Step 41,500 | Loss: 1.3317 | LR: 2.72e-04 | Tok/s: 42
2026-04-05 20:28:57,813 | Epoch 3/10 | Step 41,600 | Loss: 1.4189 | LR: 2.72e-04 | Tok/s: 87
2026-04-05 20:29:08,378 | Epoch 3/10 | Step 41,700 | Loss: 1.3148 | LR: 2.72e-04 | Tok/s: 132
2026-04-05 20:29:18,910 | Epoch 3/10 | Step 41,800 | Loss: 1.4544 | LR: 2.72e-04 | Tok/s: 177
2026-04-05 20:29:29,430 | Epoch 3/10 | Step 41,900 | Loss: 1.4146 | LR: 2.72e-04 | Tok/s: 221
2026-04-05 20:29:39,944 | Epoch 3/10 | Step 42,000 | Loss: 1.3014 | LR: 2.72e-04 | Tok/s: 264
2026-04-05 20:30:22,752 |   EVAL | Loss: 1.3865 | Perplexity: 4.00
2026-04-05 20:30:23,263 |   NEW BEST — saved checkpoint
2026-04-05 20:30:33,795 | Epoch 3/10 | Step 42,100 | Loss: 1.3279 | LR: 2.71e-04 | Tok/s: 306
2026-04-05 20:30:44,317 | Epoch 3/10 | Step 42,200 | Loss: 1.3275 | LR: 2.71e-04 | Tok/s: 350
2026-04-05 20:30:54,878 | Epoch 3/10 | Step 42,300 | Loss: 1.3311 | LR: 2.71e-04 | Tok/s: 395
2026-04-05 20:31:05,411 | Epoch 3/10 | Step 42,400 | Loss: 1.4154 | LR: 2.71e-04 | Tok/s: 438
2026-04-05 20:31:15,948 | Epoch 3/10 | Step 42,500 | Loss: 1.3301 | LR: 2.71e-04 | Tok/s: 481
2026-04-05 20:31:26,484 | Epoch 3/10 | Step 42,600 | Loss: 1.3681 | LR: 2.71e-04 | Tok/s: 524
2026-04-05 20:31:37,023 | Epoch 3/10 | Step 42,700 | Loss: 1.4181 | LR: 2.71e-04 | Tok/s: 566
2026-04-05 20:31:47,563 | Epoch 3/10 | Step 42,800 | Loss: 1.3122 | LR: 2.71e-04 | Tok/s: 609
2026-04-05 20:31:58,125 | Epoch 3/10 | Step 42,900 | Loss: 1.3487 | LR: 2.70e-04 | Tok/s: 652
2026-04-05 20:32:08,711 | Epoch 3/10 | Step 43,000 | Loss: 1.3469 | LR: 2.70e-04 | Tok/s: 694
2026-04-05 20:32:51,764 |   EVAL | Loss: 1.3850 | Perplexity: 3.99
2026-04-05 20:32:52,200 |   NEW BEST — saved checkpoint
2026-04-05 20:33:02,736 | Epoch 3/10 | Step 43,100 | Loss: 1.3659 | LR: 2.70e-04 | Tok/s: 731
2026-04-05 20:33:13,280 | Epoch 3/10 | Step 43,200 | Loss: 1.2863 | LR: 2.70e-04 | Tok/s: 773
2026-04-05 20:33:23,805 | Epoch 3/10 | Step 43,300 | Loss: 1.4299 | LR: 2.70e-04 | Tok/s: 814
2026-04-05 20:33:34,359 | Epoch 3/10 | Step 43,400 | Loss: 1.2667 | LR: 2.70e-04 | Tok/s: 855
2026-04-05 20:33:44,895 | Epoch 3/10 | Step 43,500 | Loss: 1.3719 | LR: 2.70e-04 | Tok/s: 896
2026-04-05 20:33:55,446 | Epoch 3/10 | Step 43,600 | Loss: 1.3238 | LR: 2.69e-04 | Tok/s: 938
2026-04-05 20:34:05,998 | Epoch 3/10 | Step 43,700 | Loss: 1.4192 | LR: 2.69e-04 | Tok/s: 979
2026-04-05 20:34:16,542 | Epoch 3/10 | Step 43,800 | Loss: 1.3072 | LR: 2.69e-04 | Tok/s: 1020
2026-04-05 20:34:27,092 | Epoch 3/10 | Step 43,900 | Loss: 1.3486 | LR: 2.69e-04 | Tok/s: 1062
2026-04-05 20:34:37,643 | Epoch 3/10 | Step 44,000 | Loss: 1.3886 | LR: 2.69e-04 | Tok/s: 1103
2026-04-05 20:35:20,457 |   EVAL | Loss: 1.3824 | Perplexity: 3.98
2026-04-05 20:35:20,939 |   NEW BEST — saved checkpoint
2026-04-05 20:35:31,494 | Epoch 3/10 | Step 44,100 | Loss: 1.2713 | LR: 2.69e-04 | Tok/s: 1136
2026-04-05 20:35:42,050 | Epoch 3/10 | Step 44,200 | Loss: 1.3739 | LR: 2.69e-04 | Tok/s: 1177
2026-04-05 20:35:52,604 | Epoch 3/10 | Step 44,300 | Loss: 1.3102 | LR: 2.68e-04 | Tok/s: 1217
2026-04-05 20:36:03,161 | Epoch 3/10 | Step 44,400 | Loss: 1.3570 | LR: 2.68e-04 | Tok/s: 1258
2026-04-05 20:36:13,715 | Epoch 3/10 | Step 44,500 | Loss: 1.3851 | LR: 2.68e-04 | Tok/s: 1299
2026-04-05 20:36:24,248 | Epoch 3/10 | Step 44,600 | Loss: 1.3668 | LR: 2.68e-04 | Tok/s: 1339
2026-04-05 20:36:34,811 | Epoch 3/10 | Step 44,700 | Loss: 1.3007 | LR: 2.68e-04 | Tok/s: 1379
2026-04-05 20:36:45,380 | Epoch 3/10 | Step 44,800 | Loss: 1.2868 | LR: 2.68e-04 | Tok/s: 1418
2026-04-05 20:36:55,952 | Epoch 3/10 | Step 44,900 | Loss: 1.3221 | LR: 2.68e-04 | Tok/s: 1458
2026-04-05 20:37:06,499 | Epoch 3/10 | Step 45,000 | Loss: 1.4295 | LR: 2.67e-04 | Tok/s: 1497
2026-04-05 20:37:49,087 |   EVAL | Loss: 1.3820 | Perplexity: 3.98
2026-04-05 20:37:49,400 |   NEW BEST — saved checkpoint
2026-04-05 20:38:00,265 | Epoch 3/10 | Step 45,100 | Loss: 1.3560 | LR: 2.67e-04 | Tok/s: 1525
2026-04-05 20:38:10,807 | Epoch 3/10 | Step 45,200 | Loss: 1.4589 | LR: 2.67e-04 | Tok/s: 1564
2026-04-05 20:38:21,338 | Epoch 3/10 | Step 45,300 | Loss: 1.3419 | LR: 2.67e-04 | Tok/s: 1602
2026-04-05 20:38:31,875 | Epoch 3/10 | Step 45,400 | Loss: 1.3072 | LR: 2.67e-04 | Tok/s: 1641
2026-04-05 20:38:42,402 | Epoch 3/10 | Step 45,500 | Loss: 1.4510 | LR: 2.67e-04 | Tok/s: 1680
2026-04-05 20:38:52,963 | Epoch 3/10 | Step 45,600 | Loss: 1.3824 | LR: 2.67e-04 | Tok/s: 1718
2026-04-05 20:39:03,597 | Epoch 3/10 | Step 45,700 | Loss: 1.3749 | LR: 2.66e-04 | Tok/s: 1757
2026-04-05 20:39:14,096 | Epoch 3/10 | Step 45,800 | Loss: 1.2343 | LR: 2.66e-04 | Tok/s: 1795
2026-04-05 20:39:24,595 | Epoch 3/10 | Step 45,900 | Loss: 1.3771 | LR: 2.66e-04 | Tok/s: 1834
2026-04-05 20:39:35,099 | Epoch 3/10 | Step 46,000 | Loss: 1.4296 | LR: 2.66e-04 | Tok/s: 1872
2026-04-05 20:40:17,570 |   EVAL | Loss: 1.3788 | Perplexity: 3.97
2026-04-05 20:40:17,975 |   NEW BEST — saved checkpoint
2026-04-05 20:40:28,499 | Epoch 3/10 | Step 46,100 | Loss: 1.4162 | LR: 2.66e-04 | Tok/s: 1899
2026-04-05 20:40:39,049 | Epoch 3/10 | Step 46,200 | Loss: 1.3966 | LR: 2.66e-04 | Tok/s: 1936
2026-04-05 20:40:49,581 | Epoch 3/10 | Step 46,300 | Loss: 1.2080 | LR: 2.66e-04 | Tok/s: 1973
2026-04-05 20:41:00,102 | Epoch 3/10 | Step 46,400 | Loss: 1.3569 | LR: 2.65e-04 | Tok/s: 2010
2026-04-05 20:41:10,632 | Epoch 3/10 | Step 46,500 | Loss: 1.2857 | LR: 2.65e-04 | Tok/s: 2048
2026-04-05 20:41:21,166 | Epoch 3/10 | Step 46,600 | Loss: 1.3317 | LR: 2.65e-04 | Tok/s: 2085
2026-04-05 20:41:31,728 | Epoch 3/10 | Step 46,700 | Loss: 1.4450 | LR: 2.65e-04 | Tok/s: 2121
2026-04-05 20:41:42,292 | Epoch 3/10 | Step 46,800 | Loss: 1.3680 | LR: 2.65e-04 | Tok/s: 2158
2026-04-05 20:41:52,823 | Epoch 3/10 | Step 46,900 | Loss: 1.3870 | LR: 2.65e-04 | Tok/s: 2195
2026-04-05 20:42:03,358 | Epoch 3/10 | Step 47,000 | Loss: 1.4513 | LR: 2.65e-04 | Tok/s: 2231
2026-04-05 20:42:46,099 |   EVAL | Loss: 1.3780 | Perplexity: 3.97
2026-04-05 20:42:46,587 |   NEW BEST — saved checkpoint
2026-04-05 20:42:57,155 | Epoch 3/10 | Step 47,100 | Loss: 1.3400 | LR: 2.64e-04 | Tok/s: 2253
2026-04-05 20:43:07,719 | Epoch 3/10 | Step 47,200 | Loss: 1.3764 | LR: 2.64e-04 | Tok/s: 2290
2026-04-05 20:43:18,269 | Epoch 3/10 | Step 47,300 | Loss: 1.3715 | LR: 2.64e-04 | Tok/s: 2326
2026-04-05 20:43:28,806 | Epoch 3/10 | Step 47,400 | Loss: 1.3316 | LR: 2.64e-04 | Tok/s: 2362
2026-04-05 20:43:39,370 | Epoch 3/10 | Step 47,500 | Loss: 1.4466 | LR: 2.64e-04 | Tok/s: 2397
2026-04-05 20:43:49,931 | Epoch 3/10 | Step 47,600 | Loss: 1.3322 | LR: 2.64e-04 | Tok/s: 2433
2026-04-05 20:44:00,484 | Epoch 3/10 | Step 47,700 | Loss: 1.3768 | LR: 2.64e-04 | Tok/s: 2468
2026-04-05 20:44:11,040 | Epoch 3/10 | Step 47,800 | Loss: 1.4100 | LR: 2.63e-04 | Tok/s: 2503
2026-04-05 20:44:21,594 | Epoch 3/10 | Step 47,900 | Loss: 1.3253 | LR: 2.63e-04 | Tok/s: 2538
2026-04-05 20:44:32,143 | Epoch 3/10 | Step 48,000 | Loss: 1.2266 | LR: 2.63e-04 | Tok/s: 2574
2026-04-05 20:45:14,866 |   EVAL | Loss: 1.3750 | Perplexity: 3.96
2026-04-05 20:45:15,343 |   NEW BEST — saved checkpoint
2026-04-05 20:45:25,903 | Epoch 3/10 | Step 48,100 | Loss: 1.4339 | LR: 2.63e-04 | Tok/s: 2593
2026-04-05 20:45:36,452 | Epoch 3/10 | Step 48,200 | Loss: 1.2104 | LR: 2.63e-04 | Tok/s: 2627
2026-04-05 20:45:47,007 | Epoch 3/10 | Step 48,300 | Loss: 1.2348 | LR: 2.63e-04 | Tok/s: 2661
2026-04-05 20:45:57,559 | Epoch 3/10 | Step 48,400 | Loss: 1.3577 | LR: 2.62e-04 | Tok/s: 2695
2026-04-05 20:46:08,086 | Epoch 3/10 | Step 48,500 | Loss: 1.2992 | LR: 2.62e-04 | Tok/s: 2730
2026-04-05 20:46:18,646 | Epoch 3/10 | Step 48,600 | Loss: 1.3640 | LR: 2.62e-04 | Tok/s: 2765
2026-04-05 20:46:29,189 | Epoch 3/10 | Step 48,700 | Loss: 1.3753 | LR: 2.62e-04 | Tok/s: 2799
2026-04-05 20:46:39,761 | Epoch 3/10 | Step 48,800 | Loss: 1.3208 | LR: 2.62e-04 | Tok/s: 2833
2026-04-05 20:46:50,328 | Epoch 3/10 | Step 48,900 | Loss: 1.3609 | LR: 2.62e-04 | Tok/s: 2867
2026-04-05 20:47:00,894 | Epoch 3/10 | Step 49,000 | Loss: 1.3071 | LR: 2.62e-04 | Tok/s: 2901
2026-04-05 20:47:43,579 |   EVAL | Loss: 1.3721 | Perplexity: 3.94
2026-04-05 20:47:44,025 |   NEW BEST — saved checkpoint
2026-04-05 20:47:54,580 | Epoch 3/10 | Step 49,100 | Loss: 1.4340 | LR: 2.61e-04 | Tok/s: 2918
2026-04-05 20:48:05,130 | Epoch 3/10 | Step 49,200 | Loss: 1.3557 | LR: 2.61e-04 | Tok/s: 2952
2026-04-05 20:48:15,683 | Epoch 3/10 | Step 49,300 | Loss: 1.3420 | LR: 2.61e-04 | Tok/s: 2986
2026-04-05 20:48:26,236 | Epoch 3/10 | Step 49,400 | Loss: 1.3276 | LR: 2.61e-04 | Tok/s: 3020
2026-04-05 20:48:36,782 | Epoch 3/10 | Step 49,500 | Loss: 1.3949 | LR: 2.61e-04 | Tok/s: 3053
2026-04-05 20:48:47,342 | Epoch 3/10 | Step 49,600 | Loss: 1.2678 | LR: 2.61e-04 | Tok/s: 3086
2026-04-05 20:48:57,903 | Epoch 3/10 | Step 49,700 | Loss: 1.3544 | LR: 2.61e-04 | Tok/s: 3119
2026-04-05 20:49:08,457 | Epoch 3/10 | Step 49,800 | Loss: 1.4223 | LR: 2.60e-04 | Tok/s: 3152
2026-04-05 20:49:18,986 | Epoch 3/10 | Step 49,900 | Loss: 1.4301 | LR: 2.60e-04 | Tok/s: 3184
2026-04-05 20:49:29,519 | Epoch 3/10 | Step 50,000 | Loss: 1.3705 | LR: 2.60e-04 | Tok/s: 3218
2026-04-05 20:50:12,343 |   EVAL | Loss: 1.3718 | Perplexity: 3.94
2026-04-05 20:50:12,815 |   NEW BEST — saved checkpoint
2026-04-05 20:50:23,786 | Epoch 3/10 | Step 50,100 | Loss: 1.3267 | LR: 2.60e-04 | Tok/s: 3230
2026-04-05 20:50:34,317 | Epoch 3/10 | Step 50,200 | Loss: 1.4253 | LR: 2.60e-04 | Tok/s: 3262
2026-04-05 20:50:44,868 | Epoch 3/10 | Step 50,300 | Loss: 1.4430 | LR: 2.60e-04 | Tok/s: 3294
2026-04-05 20:50:55,440 | Epoch 3/10 | Step 50,400 | Loss: 1.3371 | LR: 2.59e-04 | Tok/s: 3327
2026-04-05 20:51:06,003 | Epoch 3/10 | Step 50,500 | Loss: 1.3848 | LR: 2.59e-04 | Tok/s: 3359
2026-04-05 20:51:16,562 | Epoch 3/10 | Step 50,600 | Loss: 1.3354 | LR: 2.59e-04 | Tok/s: 3391
2026-04-05 20:51:27,130 | Epoch 3/10 | Step 50,700 | Loss: 1.4230 | LR: 2.59e-04 | Tok/s: 3422
2026-04-05 20:51:37,684 | Epoch 3/10 | Step 50,800 | Loss: 1.3029 | LR: 2.59e-04 | Tok/s: 3454
2026-04-05 20:51:48,222 | Epoch 3/10 | Step 50,900 | Loss: 1.3483 | LR: 2.59e-04 | Tok/s: 3486
2026-04-05 20:51:58,752 | Epoch 3/10 | Step 51,000 | Loss: 1.3495 | LR: 2.58e-04 | Tok/s: 3517
2026-04-05 20:52:41,544 |   EVAL | Loss: 1.3688 | Perplexity: 3.93
2026-04-05 20:52:41,991 |   NEW BEST — saved checkpoint
2026-04-05 20:52:52,538 | Epoch 3/10 | Step 51,100 | Loss: 1.4737 | LR: 2.58e-04 | Tok/s: 3528
2026-04-05 20:53:03,087 | Epoch 3/10 | Step 51,200 | Loss: 1.3738 | LR: 2.58e-04 | Tok/s: 3561
2026-04-05 20:53:13,620 | Epoch 3/10 | Step 51,300 | Loss: 1.2444 | LR: 2.58e-04 | Tok/s: 3592
2026-04-05 20:53:24,173 | Epoch 3/10 | Step 51,400 | Loss: 1.3576 | LR: 2.58e-04 | Tok/s: 3624
2026-04-05 20:53:34,716 | Epoch 3/10 | Step 51,500 | Loss: 1.2536 | LR: 2.58e-04 | Tok/s: 3655
2026-04-05 20:53:45,263 | Epoch 3/10 | Step 51,600 | Loss: 1.3317 | LR: 2.58e-04 | Tok/s: 3687
2026-04-05 20:53:55,821 | Epoch 3/10 | Step 51,700 | Loss: 1.3182 | LR: 2.57e-04 | Tok/s: 3718
2026-04-05 20:54:06,376 | Epoch 3/10 | Step 51,800 | Loss: 1.5581 | LR: 2.57e-04 | Tok/s: 3751
2026-04-05 20:54:16,938 | Epoch 3/10 | Step 51,900 | Loss: 1.2649 | LR: 2.57e-04 | Tok/s: 3781
2026-04-05 20:54:27,592 | Epoch 3/10 | Step 52,000 | Loss: 1.3126 | LR: 2.57e-04 | Tok/s: 3812
2026-04-05 20:55:10,663 |   EVAL | Loss: 1.3683 | Perplexity: 3.93
2026-04-05 20:55:11,113 |   NEW BEST — saved checkpoint
2026-04-05 20:55:21,695 | Epoch 3/10 | Step 52,100 | Loss: 1.3515 | LR: 2.57e-04 | Tok/s: 3820
2026-04-05 20:55:32,232 | Epoch 3/10 | Step 52,200 | Loss: 1.3171 | LR: 2.57e-04 | Tok/s: 3851
2026-04-05 20:55:42,780 | Epoch 3/10 | Step 52,300 | Loss: 1.3272 | LR: 2.56e-04 | Tok/s: 3882
2026-04-05 20:55:53,318 | Epoch 3/10 | Step 52,400 | Loss: 1.4304 | LR: 2.56e-04 | Tok/s: 3913
2026-04-05 20:56:03,850 | Epoch 3/10 | Step 52,500 | Loss: 1.3491 | LR: 2.56e-04 | Tok/s: 3942
2026-04-05 20:56:14,407 | Epoch 3/10 | Step 52,600 | Loss: 1.2541 | LR: 2.56e-04 | Tok/s: 3972
2026-04-05 20:56:24,930 | Epoch 3/10 | Step 52,700 | Loss: 1.4039 | LR: 2.56e-04 | Tok/s: 4002
2026-04-05 20:56:35,476 | Epoch 3/10 | Step 52,800 | Loss: 1.3249 | LR: 2.56e-04 | Tok/s: 4031
2026-04-05 20:56:46,009 | Epoch 3/10 | Step 52,900 | Loss: 1.4493 | LR: 2.55e-04 | Tok/s: 4062
2026-04-05 20:56:56,543 | Epoch 3/10 | Step 53,000 | Loss: 1.3385 | LR: 2.55e-04 | Tok/s: 4091
2026-04-05 20:57:39,246 |   EVAL | Loss: 1.3648 | Perplexity: 3.92
2026-04-05 20:57:39,691 |   NEW BEST — saved checkpoint
2026-04-05 20:57:50,238 | Epoch 3/10 | Step 53,100 | Loss: 1.3599 | LR: 2.55e-04 | Tok/s: 4099
2026-04-05 20:58:00,770 | Epoch 3/10 | Step 53,200 | Loss: 1.4392 | LR: 2.55e-04 | Tok/s: 4128
2026-04-05 20:58:11,317 | Epoch 3/10 | Step 53,300 | Loss: 1.3017 | LR: 2.55e-04 | Tok/s: 4158
2026-04-05 20:58:21,876 | Epoch 3/10 | Step 53,400 | Loss: 1.1877 | LR: 2.55e-04 | Tok/s: 4187
2026-04-05 20:58:32,424 | Epoch 3/10 | Step 53,500 | Loss: 1.3493 | LR: 2.54e-04 | Tok/s: 4217
2026-04-05 20:58:42,958 | Epoch 3/10 | Step 53,600 | Loss: 1.3698 | LR: 2.54e-04 | Tok/s: 4245
2026-04-05 20:58:53,509 | Epoch 3/10 | Step 53,700 | Loss: 1.4464 | LR: 2.54e-04 | Tok/s: 4275
2026-04-05 20:59:04,047 | Epoch 3/10 | Step 53,800 | Loss: 1.4357 | LR: 2.54e-04 | Tok/s: 4304
2026-04-05 20:59:14,582 | Epoch 3/10 | Step 53,900 | Loss: 1.3454 | LR: 2.54e-04 | Tok/s: 4334
2026-04-05 20:59:25,124 | Epoch 3/10 | Step 54,000 | Loss: 1.4092 | LR: 2.54e-04 | Tok/s: 4362
2026-04-05 21:00:07,906 |   EVAL | Loss: 1.3637 | Perplexity: 3.91
2026-04-05 21:00:08,321 |   NEW BEST — saved checkpoint
2026-04-05 21:00:18,874 | Epoch 3/10 | Step 54,100 | Loss: 1.4358 | LR: 2.53e-04 | Tok/s: 4367
2026-04-05 21:00:29,411 | Epoch 3/10 | Step 54,200 | Loss: 1.2760 | LR: 2.53e-04 | Tok/s: 4396
2026-04-05 21:00:39,968 | Epoch 3/10 | Step 54,300 | Loss: 1.3870 | LR: 2.53e-04 | Tok/s: 4424
2026-04-05 21:00:50,538 | Epoch 3/10 | Step 54,400 | Loss: 1.3381 | LR: 2.53e-04 | Tok/s: 4453
2026-04-05 21:01:01,095 | Epoch 3/10 | Step 54,500 | Loss: 1.2853 | LR: 2.53e-04 | Tok/s: 4482
2026-04-05 21:01:11,656 | Epoch 3/10 | Step 54,600 | Loss: 1.4069 | LR: 2.53e-04 | Tok/s: 4511
2026-04-05 21:01:22,217 | Epoch 3/10 | Step 54,700 | Loss: 1.2972 | LR: 2.52e-04 | Tok/s: 4540
2026-04-05 21:01:32,770 | Epoch 3/10 | Step 54,800 | Loss: 1.3288 | LR: 2.52e-04 | Tok/s: 4568
2026-04-05 21:01:43,311 | Epoch 3/10 | Step 54,900 | Loss: 1.3070 | LR: 2.52e-04 | Tok/s: 4596
2026-04-05 21:01:53,833 | Epoch 3/10 | Step 55,000 | Loss: 1.4151 | LR: 2.52e-04 | Tok/s: 4625
2026-04-05 21:02:36,351 |   EVAL | Loss: 1.3612 | Perplexity: 3.90
2026-04-05 21:02:36,749 |   NEW BEST — saved checkpoint
2026-04-05 21:02:47,649 | Epoch 3/10 | Step 55,100 | Loss: 1.2824 | LR: 2.52e-04 | Tok/s: 4629
2026-04-05 21:02:58,183 | Epoch 3/10 | Step 55,200 | Loss: 1.3120 | LR: 2.52e-04 | Tok/s: 4657
2026-04-05 21:03:08,722 | Epoch 3/10 | Step 55,300 | Loss: 1.3713 | LR: 2.51e-04 | Tok/s: 4685
2026-04-05 21:03:19,276 | Epoch 3/10 | Step 55,400 | Loss: 1.2840 | LR: 2.51e-04 | Tok/s: 4713
2026-04-05 21:03:29,830 | Epoch 3/10 | Step 55,500 | Loss: 1.2953 | LR: 2.51e-04 | Tok/s: 4740
2026-04-05 21:03:40,369 | Epoch 3/10 | Step 55,600 | Loss: 1.3685 | LR: 2.51e-04 | Tok/s: 4767
2026-04-05 21:03:50,917 | Epoch 3/10 | Step 55,700 | Loss: 1.3851 | LR: 2.51e-04 | Tok/s: 4794
2026-04-05 21:04:01,454 | Epoch 3/10 | Step 55,800 | Loss: 1.3448 | LR: 2.51e-04 | Tok/s: 4822
2026-04-05 21:04:11,983 | Epoch 3/10 | Step 55,900 | Loss: 1.4376 | LR: 2.50e-04 | Tok/s: 4849
2026-04-05 21:04:22,510 | Epoch 3/10 | Step 56,000 | Loss: 1.3244 | LR: 2.50e-04 | Tok/s: 4876
2026-04-05 21:05:05,153 |   EVAL | Loss: 1.3598 | Perplexity: 3.90
2026-04-05 21:05:05,595 |   NEW BEST — saved checkpoint
2026-04-05 21:05:16,155 | Epoch 3/10 | Step 56,100 | Loss: 1.3442 | LR: 2.50e-04 | Tok/s: 4877
2026-04-05 21:05:26,713 | Epoch 3/10 | Step 56,200 | Loss: 1.3667 | LR: 2.50e-04 | Tok/s: 4903
2026-04-05 21:05:37,254 | Epoch 3/10 | Step 56,300 | Loss: 1.2307 | LR: 2.50e-04 | Tok/s: 4930
2026-04-05 21:05:47,824 | Epoch 3/10 | Step 56,400 | Loss: 1.3557 | LR: 2.50e-04 | Tok/s: 4958
2026-04-05 21:05:58,385 | Epoch 3/10 | Step 56,500 | Loss: 1.3886 | LR: 2.49e-04 | Tok/s: 4984
2026-04-05 21:06:08,945 | Epoch 3/10 | Step 56,600 | Loss: 1.2915 | LR: 2.49e-04 | Tok/s: 5011
2026-04-05 21:06:19,490 | Epoch 3/10 | Step 56,700 | Loss: 1.4667 | LR: 2.49e-04 | Tok/s: 5038
2026-04-05 21:06:30,036 | Epoch 3/10 | Step 56,800 | Loss: 1.3736 | LR: 2.49e-04 | Tok/s: 5065
2026-04-05 21:06:40,578 | Epoch 3/10 | Step 56,900 | Loss: 1.2694 | LR: 2.49e-04 | Tok/s: 5091
2026-04-05 21:06:51,129 | Epoch 3/10 | Step 57,000 | Loss: 1.3797 | LR: 2.49e-04 | Tok/s: 5118
2026-04-05 21:07:34,152 |   EVAL | Loss: 1.3589 | Perplexity: 3.89
2026-04-05 21:07:34,607 |   NEW BEST — saved checkpoint
2026-04-05 21:07:45,189 | Epoch 3/10 | Step 57,100 | Loss: 1.3194 | LR: 2.48e-04 | Tok/s: 5118
2026-04-05 21:07:55,768 | Epoch 3/10 | Step 57,200 | Loss: 1.3163 | LR: 2.48e-04 | Tok/s: 5144
2026-04-05 21:08:06,339 | Epoch 3/10 | Step 57,300 | Loss: 1.2415 | LR: 2.48e-04 | Tok/s: 5170
2026-04-05 21:08:16,903 | Epoch 3/10 | Step 57,400 | Loss: 1.4138 | LR: 2.48e-04 | Tok/s: 5196
2026-04-05 21:08:27,462 | Epoch 3/10 | Step 57,500 | Loss: 1.3730 | LR: 2.48e-04 | Tok/s: 5222
2026-04-05 21:08:38,023 | Epoch 3/10 | Step 57,600 | Loss: 1.3069 | LR: 2.48e-04 | Tok/s: 5249
2026-04-05 21:08:48,587 | Epoch 3/10 | Step 57,700 | Loss: 1.3248 | LR: 2.47e-04 | Tok/s: 5274
2026-04-05 21:08:59,155 | Epoch 3/10 | Step 57,800 | Loss: 1.3465 | LR: 2.47e-04 | Tok/s: 5300
2026-04-05 21:09:09,716 | Epoch 3/10 | Step 57,900 | Loss: 1.2962 | LR: 2.47e-04 | Tok/s: 5325
2026-04-05 21:09:20,277 | Epoch 3/10 | Step 58,000 | Loss: 1.4126 | LR: 2.47e-04 | Tok/s: 5352
2026-04-05 21:10:03,176 |   EVAL | Loss: 1.3555 | Perplexity: 3.88
2026-04-05 21:10:03,587 |   NEW BEST — saved checkpoint
2026-04-05 21:10:14,178 | Epoch 3/10 | Step 58,100 | Loss: 1.4724 | LR: 2.47e-04 | Tok/s: 5351
2026-04-05 21:10:24,740 | Epoch 3/10 | Step 58,200 | Loss: 1.3131 | LR: 2.46e-04 | Tok/s: 5376
2026-04-05 21:10:35,300 | Epoch 3/10 | Step 58,300 | Loss: 1.3240 | LR: 2.46e-04 | Tok/s: 5401
2026-04-05 21:10:45,854 | Epoch 3/10 | Step 58,400 | Loss: 1.2843 | LR: 2.46e-04 | Tok/s: 5427
2026-04-05 21:10:56,407 | Epoch 3/10 | Step 58,500 | Loss: 1.3917 | LR: 2.46e-04 | Tok/s: 5452
2026-04-05 21:11:06,967 | Epoch 3/10 | Step 58,600 | Loss: 1.3262 | LR: 2.46e-04 | Tok/s: 5477
2026-04-05 21:11:17,521 | Epoch 3/10 | Step 58,700 | Loss: 1.2661 | LR: 2.46e-04 | Tok/s: 5502
2026-04-05 21:11:28,079 | Epoch 3/10 | Step 58,800 | Loss: 1.2729 | LR: 2.45e-04 | Tok/s: 5528
2026-04-05 21:11:38,634 | Epoch 3/10 | Step 58,900 | Loss: 1.3287 | LR: 2.45e-04 | Tok/s: 5553
2026-04-05 21:11:49,189 | Epoch 3/10 | Step 59,000 | Loss: 1.3155 | LR: 2.45e-04 | Tok/s: 5579
2026-04-05 21:12:31,928 |   EVAL | Loss: 1.3543 | Perplexity: 3.87
2026-04-05 21:12:32,484 |   NEW BEST — saved checkpoint
2026-04-05 21:12:43,086 | Epoch 3/10 | Step 59,100 | Loss: 1.3650 | LR: 2.45e-04 | Tok/s: 5577
2026-04-05 21:12:53,617 | Epoch 3/10 | Step 59,200 | Loss: 1.4183 | LR: 2.45e-04 | Tok/s: 5601
2026-04-05 21:13:04,157 | Epoch 3/10 | Step 59,300 | Loss: 1.4353 | LR: 2.45e-04 | Tok/s: 5627
2026-04-05 21:13:14,761 | Epoch 3/10 | Step 59,400 | Loss: 1.3164 | LR: 2.44e-04 | Tok/s: 5651
2026-04-05 21:13:25,366 | Epoch 3/10 | Step 59,500 | Loss: 1.3140 | LR: 2.44e-04 | Tok/s: 5676
2026-04-05 21:13:35,966 | Epoch 3/10 | Step 59,600 | Loss: 1.3690 | LR: 2.44e-04 | Tok/s: 5701
2026-04-05 21:13:46,572 | Epoch 3/10 | Step 59,700 | Loss: 1.4448 | LR: 2.44e-04 | Tok/s: 5726
2026-04-05 21:13:57,187 | Epoch 3/10 | Step 59,800 | Loss: 1.3949 | LR: 2.44e-04 | Tok/s: 5751
2026-04-05 21:14:07,796 | Epoch 3/10 | Step 59,900 | Loss: 1.3633 | LR: 2.43e-04 | Tok/s: 5777
2026-04-05 21:14:18,396 | Epoch 3/10 | Step 60,000 | Loss: 1.2648 | LR: 2.43e-04 | Tok/s: 5801
2026-04-05 21:15:01,619 |   EVAL | Loss: 1.3527 | Perplexity: 3.87
2026-04-05 21:15:02,051 |   NEW BEST — saved checkpoint
2026-04-05 21:15:13,071 | Epoch 3/10 | Step 60,100 | Loss: 1.3135 | LR: 2.43e-04 | Tok/s: 5797
2026-04-05 21:15:23,675 | Epoch 3/10 | Step 60,200 | Loss: 1.1720 | LR: 2.43e-04 | Tok/s: 5821
2026-04-05 21:15:34,284 | Epoch 3/10 | Step 60,300 | Loss: 1.4063 | LR: 2.43e-04 | Tok/s: 5844
2026-04-05 21:15:44,900 | Epoch 3/10 | Step 60,400 | Loss: 1.3141 | LR: 2.43e-04 | Tok/s: 5869
2026-04-05 21:15:55,501 | Epoch 3/10 | Step 60,500 | Loss: 1.3195 | LR: 2.42e-04 | Tok/s: 5892
2026-04-05 21:16:06,087 | Epoch 3/10 | Step 60,600 | Loss: 1.2445 | LR: 2.42e-04 | Tok/s: 5916
2026-04-05 21:16:16,685 | Epoch 3/10 | Step 60,700 | Loss: 1.2919 | LR: 2.42e-04 | Tok/s: 5940
2026-04-05 21:16:27,281 | Epoch 3/10 | Step 60,800 | Loss: 1.3287 | LR: 2.42e-04 | Tok/s: 5964
2026-04-05 21:16:37,872 | Epoch 3/10 | Step 60,900 | Loss: 1.3890 | LR: 2.42e-04 | Tok/s: 5987
2026-04-05 21:16:48,467 | Epoch 3/10 | Step 61,000 | Loss: 1.2761 | LR: 2.41e-04 | Tok/s: 6011
2026-04-05 21:17:31,731 |   EVAL | Loss: 1.3500 | Perplexity: 3.86
2026-04-05 21:17:32,174 |   NEW BEST — saved checkpoint
2026-04-05 21:17:42,774 | Epoch 3/10 | Step 61,100 | Loss: 1.3389 | LR: 2.41e-04 | Tok/s: 6005
2026-04-05 21:17:53,368 | Epoch 3/10 | Step 61,200 | Loss: 1.2972 | LR: 2.41e-04 | Tok/s: 6029
2026-04-05 21:18:03,965 | Epoch 3/10 | Step 61,300 | Loss: 1.3566 | LR: 2.41e-04 | Tok/s: 6052
2026-04-05 21:18:14,557 | Epoch 3/10 | Step 61,400 | Loss: 1.2667 | LR: 2.41e-04 | Tok/s: 6075
2026-04-05 21:18:25,136 | Epoch 3/10 | Step 61,500 | Loss: 1.3440 | LR: 2.41e-04 | Tok/s: 6099
2026-04-05 21:18:35,720 | Epoch 3/10 | Step 61,600 | Loss: 1.4562 | LR: 2.40e-04 | Tok/s: 6121
2026-04-05 21:18:46,324 | Epoch 3/10 | Step 61,700 | Loss: 1.2929 | LR: 2.40e-04 | Tok/s: 6144
2026-04-05 21:18:56,915 | Epoch 3/10 | Step 61,800 | Loss: 1.2596 | LR: 2.40e-04 | Tok/s: 6168
2026-04-05 21:19:07,506 | Epoch 3/10 | Step 61,900 | Loss: 1.2632 | LR: 2.40e-04 | Tok/s: 6191
2026-04-05 21:19:18,102 | Epoch 3/10 | Step 62,000 | Loss: 1.3133 | LR: 2.40e-04 | Tok/s: 6214
2026-04-05 21:20:01,193 |   EVAL | Loss: 1.3498 | Perplexity: 3.86
2026-04-05 21:20:01,560 |   NEW BEST — saved checkpoint
2026-04-05 21:20:12,135 | Epoch 3/10 | Step 62,100 | Loss: 1.3619 | LR: 2.39e-04 | Tok/s: 6208
2026-04-05 21:20:12,904 | Epoch 3 complete | Avg loss: 1.3477 | Time: 154.1m
2026-04-05 21:20:22,890 | Epoch 4/10 | Step 62,200 | Loss: 1.2780 | LR: 2.39e-04 | Tok/s: 28
2026-04-05 21:20:33,439 | Epoch 4/10 | Step 62,300 | Loss: 1.2855 | LR: 2.39e-04 | Tok/s: 58
2026-04-05 21:20:43,996 | Epoch 4/10 | Step 62,400 | Loss: 1.2678 | LR: 2.39e-04 | Tok/s: 88
2026-04-05 21:20:54,557 | Epoch 4/10 | Step 62,500 | Loss: 1.2124 | LR: 2.39e-04 | Tok/s: 118
2026-04-05 21:21:05,117 | Epoch 4/10 | Step 62,600 | Loss: 1.4039 | LR: 2.39e-04 | Tok/s: 149
2026-04-05 21:21:15,672 | Epoch 4/10 | Step 62,700 | Loss: 1.2463 | LR: 2.38e-04 | Tok/s: 178
2026-04-05 21:21:26,214 | Epoch 4/10 | Step 62,800 | Loss: 1.2512 | LR: 2.38e-04 | Tok/s: 207
2026-04-05 21:21:36,768 | Epoch 4/10 | Step 62,900 | Loss: 1.2142 | LR: 2.38e-04 | Tok/s: 236
2026-04-05 21:21:47,330 | Epoch 4/10 | Step 63,000 | Loss: 1.2680 | LR: 2.38e-04 | Tok/s: 266
2026-04-05 21:22:30,164 |   EVAL | Loss: 1.3487 | Perplexity: 3.85
2026-04-05 21:22:30,608 |   NEW BEST — saved checkpoint
2026-04-05 21:22:41,166 | Epoch 4/10 | Step 63,100 | Loss: 1.2486 | LR: 2.38e-04 | Tok/s: 294
2026-04-05 21:22:51,757 | Epoch 4/10 | Step 63,200 | Loss: 1.2063 | LR: 2.37e-04 | Tok/s: 323
2026-04-05 21:23:02,313 | Epoch 4/10 | Step 63,300 | Loss: 1.2987 | LR: 2.37e-04 | Tok/s: 352
2026-04-05 21:23:12,878 | Epoch 4/10 | Step 63,400 | Loss: 1.3629 | LR: 2.37e-04 | Tok/s: 381
2026-04-05 21:23:23,448 | Epoch 4/10 | Step 63,500 | Loss: 1.3661 | LR: 2.37e-04 | Tok/s: 410
2026-04-05 21:23:34,006 | Epoch 4/10 | Step 63,600 | Loss: 1.3190 | LR: 2.37e-04 | Tok/s: 438
2026-04-05 21:23:44,574 | Epoch 4/10 | Step 63,700 | Loss: 1.2252 | LR: 2.37e-04 | Tok/s: 467
2026-04-05 21:23:55,134 | Epoch 4/10 | Step 63,800 | Loss: 1.2837 | LR: 2.36e-04 | Tok/s: 496
2026-04-05 21:24:05,690 | Epoch 4/10 | Step 63,900 | Loss: 1.2964 | LR: 2.36e-04 | Tok/s: 524
2026-04-05 21:24:16,254 | Epoch 4/10 | Step 64,000 | Loss: 1.2501 | LR: 2.36e-04 | Tok/s: 554
2026-04-05 21:24:59,149 |   EVAL | Loss: 1.3481 | Perplexity: 3.85
2026-04-05 21:24:59,612 |   NEW BEST — saved checkpoint
2026-04-05 21:25:10,172 | Epoch 4/10 | Step 64,100 | Loss: 1.2452 | LR: 2.36e-04 | Tok/s: 579
2026-04-05 21:25:20,738 | Epoch 4/10 | Step 64,200 | Loss: 1.2413 | LR: 2.36e-04 | Tok/s: 608
2026-04-05 21:25:31,286 | Epoch 4/10 | Step 64,300 | Loss: 1.3328 | LR: 2.35e-04 | Tok/s: 636
2026-04-05 21:25:41,851 | Epoch 4/10 | Step 64,400 | Loss: 1.3265 | LR: 2.35e-04 | Tok/s: 664
2026-04-05 21:25:52,411 | Epoch 4/10 | Step 64,500 | Loss: 1.2639 | LR: 2.35e-04 | Tok/s: 692
2026-04-05 21:26:02,960 | Epoch 4/10 | Step 64,600 | Loss: 1.3232 | LR: 2.35e-04 | Tok/s: 721
2026-04-05 21:26:13,520 | Epoch 4/10 | Step 64,700 | Loss: 1.3448 | LR: 2.35e-04 | Tok/s: 749
2026-04-05 21:26:24,072 | Epoch 4/10 | Step 64,800 | Loss: 1.3645 | LR: 2.34e-04 | Tok/s: 776
2026-04-05 21:26:34,626 | Epoch 4/10 | Step 64,900 | Loss: 1.2548 | LR: 2.34e-04 | Tok/s: 804
2026-04-05 21:26:45,179 | Epoch 4/10 | Step 65,000 | Loss: 1.2148 | LR: 2.34e-04 | Tok/s: 832
2026-04-05 21:27:28,017 |   EVAL | Loss: 1.3473 | Perplexity: 3.85
2026-04-05 21:27:28,469 |   NEW BEST — saved checkpoint
2026-04-05 21:27:39,453 | Epoch 4/10 | Step 65,100 | Loss: 1.3120 | LR: 2.34e-04 | Tok/s: 856
2026-04-05 21:27:50,009 | Epoch 4/10 | Step 65,200 | Loss: 1.2732 | LR: 2.34e-04 | Tok/s: 884
2026-04-05 21:28:00,559 | Epoch 4/10 | Step 65,300 | Loss: 1.3807 | LR: 2.33e-04 | Tok/s: 911
2026-04-05 21:28:11,107 | Epoch 4/10 | Step 65,400 | Loss: 1.3127 | LR: 2.33e-04 | Tok/s: 938
2026-04-05 21:28:21,669 | Epoch 4/10 | Step 65,500 | Loss: 1.3646 | LR: 2.33e-04 | Tok/s: 966
2026-04-05 21:28:32,224 | Epoch 4/10 | Step 65,600 | Loss: 1.3130 | LR: 2.33e-04 | Tok/s: 993
2026-04-05 21:28:42,768 | Epoch 4/10 | Step 65,700 | Loss: 1.3265 | LR: 2.33e-04 | Tok/s: 1020
2026-04-05 21:28:53,342 | Epoch 4/10 | Step 65,800 | Loss: 1.3081 | LR: 2.33e-04 | Tok/s: 1048
2026-04-05 21:29:03,892 | Epoch 4/10 | Step 65,900 | Loss: 1.2261 | LR: 2.32e-04 | Tok/s: 1076
2026-04-05 21:29:14,460 | Epoch 4/10 | Step 66,000 | Loss: 1.3707 | LR: 2.32e-04 | Tok/s: 1103
2026-04-05 21:29:57,280 |   EVAL | Loss: 1.3458 | Perplexity: 3.84
2026-04-05 21:29:57,723 |   NEW BEST — saved checkpoint
2026-04-05 21:30:08,307 | Epoch 4/10 | Step 66,100 | Loss: 1.2272 | LR: 2.32e-04 | Tok/s: 1124
2026-04-05 21:30:18,866 | Epoch 4/10 | Step 66,200 | Loss: 1.2164 | LR: 2.32e-04 | Tok/s: 1151
2026-04-05 21:30:29,409 | Epoch 4/10 | Step 66,300 | Loss: 1.2513 | LR: 2.32e-04 | Tok/s: 1179
2026-04-05 21:30:39,952 | Epoch 4/10 | Step 66,400 | Loss: 1.3195 | LR: 2.31e-04 | Tok/s: 1206
2026-04-05 21:30:50,523 | Epoch 4/10 | Step 66,500 | Loss: 1.3196 | LR: 2.31e-04 | Tok/s: 1232
2026-04-05 21:31:01,091 | Epoch 4/10 | Step 66,600 | Loss: 1.3535 | LR: 2.31e-04 | Tok/s: 1259
2026-04-05 21:31:11,669 | Epoch 4/10 | Step 66,700 | Loss: 1.3341 | LR: 2.31e-04 | Tok/s: 1286
2026-04-05 21:31:22,224 | Epoch 4/10 | Step 66,800 | Loss: 1.2587 | LR: 2.31e-04 | Tok/s: 1312
2026-04-05 21:31:32,779 | Epoch 4/10 | Step 66,900 | Loss: 1.3028 | LR: 2.30e-04 | Tok/s: 1338
2026-04-05 21:31:43,347 | Epoch 4/10 | Step 67,000 | Loss: 1.4191 | LR: 2.30e-04 | Tok/s: 1365
2026-04-05 21:32:26,170 |   EVAL | Loss: 1.3441 | Perplexity: 3.83
2026-04-05 21:32:26,631 |   NEW BEST — saved checkpoint
2026-04-05 21:32:37,185 | Epoch 4/10 | Step 67,100 | Loss: 1.3339 | LR: 2.30e-04 | Tok/s: 1384
2026-04-05 21:32:47,751 | Epoch 4/10 | Step 67,200 | Loss: 1.2682 | LR: 2.30e-04 | Tok/s: 1410
2026-04-05 21:32:58,302 | Epoch 4/10 | Step 67,300 | Loss: 1.2353 | LR: 2.30e-04 | Tok/s: 1436
2026-04-05 21:33:08,860 | Epoch 4/10 | Step 67,400 | Loss: 1.2164 | LR: 2.29e-04 | Tok/s: 1462
2026-04-05 21:33:19,430 | Epoch 4/10 | Step 67,500 | Loss: 1.3733 | LR: 2.29e-04 | Tok/s: 1488
2026-04-05 21:33:29,984 | Epoch 4/10 | Step 67,600 | Loss: 1.3638 | LR: 2.29e-04 | Tok/s: 1514
2026-04-05 21:33:40,545 | Epoch 4/10 | Step 67,700 | Loss: 1.3366 | LR: 2.29e-04 | Tok/s: 1540
2026-04-05 21:33:51,103 | Epoch 4/10 | Step 67,800 | Loss: 1.2953 | LR: 2.29e-04 | Tok/s: 1565
2026-04-05 21:34:01,664 | Epoch 4/10 | Step 67,900 | Loss: 1.3468 | LR: 2.28e-04 | Tok/s: 1591
2026-04-05 21:34:12,229 | Epoch 4/10 | Step 68,000 | Loss: 1.3152 | LR: 2.28e-04 | Tok/s: 1618
2026-04-05 21:34:55,262 |   EVAL | Loss: 1.3418 | Perplexity: 3.83
2026-04-05 21:34:55,762 |   NEW BEST — saved checkpoint
2026-04-05 21:35:06,374 | Epoch 4/10 | Step 68,100 | Loss: 1.2923 | LR: 2.28e-04 | Tok/s: 1637
2026-04-05 21:35:16,988 | Epoch 4/10 | Step 68,200 | Loss: 1.4322 | LR: 2.28e-04 | Tok/s: 1663
2026-04-05 21:35:27,603 | Epoch 4/10 | Step 68,300 | Loss: 1.3532 | LR: 2.28e-04 | Tok/s: 1688
2026-04-05 21:35:38,235 | Epoch 4/10 | Step 68,400 | Loss: 1.2402 | LR: 2.28e-04 | Tok/s: 1713
2026-04-05 21:35:48,858 | Epoch 4/10 | Step 68,500 | Loss: 1.3195 | LR: 2.27e-04 | Tok/s: 1739
2026-04-05 21:35:59,406 | Epoch 4/10 | Step 68,600 | Loss: 1.2449 | LR: 2.27e-04 | Tok/s: 1764
2026-04-05 21:36:09,959 | Epoch 4/10 | Step 68,700 | Loss: 1.3235 | LR: 2.27e-04 | Tok/s: 1790
2026-04-05 21:36:20,575 | Epoch 4/10 | Step 68,800 | Loss: 1.3480 | LR: 2.27e-04 | Tok/s: 1815
2026-04-05 21:36:31,135 | Epoch 4/10 | Step 68,900 | Loss: 1.3512 | LR: 2.27e-04 | Tok/s: 1840
2026-04-05 21:36:41,692 | Epoch 4/10 | Step 69,000 | Loss: 1.2665 | LR: 2.26e-04 | Tok/s: 1865
2026-04-05 21:37:24,511 |   EVAL | Loss: 1.3425 | Perplexity: 3.83
2026-04-05 21:37:35,065 | Epoch 4/10 | Step 69,100 | Loss: 1.2942 | LR: 2.26e-04 | Tok/s: 1882
2026-04-05 21:37:45,634 | Epoch 4/10 | Step 69,200 | Loss: 1.2758 | LR: 2.26e-04 | Tok/s: 1906
2026-04-05 21:37:56,188 | Epoch 4/10 | Step 69,300 | Loss: 1.2740 | LR: 2.26e-04 | Tok/s: 1931
2026-04-05 21:38:06,745 | Epoch 4/10 | Step 69,400 | Loss: 1.3772 | LR: 2.26e-04 | Tok/s: 1956
2026-04-05 21:38:17,307 | Epoch 4/10 | Step 69,500 | Loss: 1.2233 | LR: 2.25e-04 | Tok/s: 1981
2026-04-05 21:38:27,881 | Epoch 4/10 | Step 69,600 | Loss: 1.4068 | LR: 2.25e-04 | Tok/s: 2006
2026-04-05 21:38:38,452 | Epoch 4/10 | Step 69,700 | Loss: 1.3401 | LR: 2.25e-04 | Tok/s: 2031
2026-04-05 21:38:49,021 | Epoch 4/10 | Step 69,800 | Loss: 1.2625 | LR: 2.25e-04 | Tok/s: 2056
2026-04-05 21:38:59,566 | Epoch 4/10 | Step 69,900 | Loss: 1.3377 | LR: 2.25e-04 | Tok/s: 2081
2026-04-05 21:39:10,109 | Epoch 4/10 | Step 70,000 | Loss: 1.2511 | LR: 2.24e-04 | Tok/s: 2106
2026-04-05 21:39:52,922 |   EVAL | Loss: 1.3400 | Perplexity: 3.82
2026-04-05 21:39:53,360 |   NEW BEST — saved checkpoint
2026-04-05 21:40:04,356 | Epoch 4/10 | Step 70,100 | Loss: 1.3132 | LR: 2.24e-04 | Tok/s: 2121
2026-04-05 21:40:14,921 | Epoch 4/10 | Step 70,200 | Loss: 1.3400 | LR: 2.24e-04 | Tok/s: 2145
2026-04-05 21:40:25,495 | Epoch 4/10 | Step 70,300 | Loss: 1.2573 | LR: 2.24e-04 | Tok/s: 2170
2026-04-05 21:40:36,040 | Epoch 4/10 | Step 70,400 | Loss: 1.3761 | LR: 2.24e-04 | Tok/s: 2195
2026-04-05 21:40:46,603 | Epoch 4/10 | Step 70,500 | Loss: 1.2861 | LR: 2.23e-04 | Tok/s: 2220
2026-04-05 21:40:57,156 | Epoch 4/10 | Step 70,600 | Loss: 1.3026 | LR: 2.23e-04 | Tok/s: 2243
2026-04-05 21:41:07,705 | Epoch 4/10 | Step 70,700 | Loss: 1.3018 | LR: 2.23e-04 | Tok/s: 2267
2026-04-05 21:41:18,246 | Epoch 4/10 | Step 70,800 | Loss: 1.2674 | LR: 2.23e-04 | Tok/s: 2291
2026-04-05 21:41:28,800 | Epoch 4/10 | Step 70,900 | Loss: 1.2009 | LR: 2.23e-04 | Tok/s: 2316
2026-04-05 21:41:39,429 | Epoch 4/10 | Step 71,000 | Loss: 1.3831 | LR: 2.22e-04 | Tok/s: 2339
2026-04-05 21:42:22,002 |   EVAL | Loss: 1.3398 | Perplexity: 3.82
2026-04-05 21:42:22,379 |   NEW BEST — saved checkpoint
2026-04-05 21:42:32,909 | Epoch 4/10 | Step 71,100 | Loss: 1.2758 | LR: 2.22e-04 | Tok/s: 2354
2026-04-05 21:42:43,472 | Epoch 4/10 | Step 71,200 | Loss: 1.3578 | LR: 2.22e-04 | Tok/s: 2378
2026-04-05 21:42:54,067 | Epoch 4/10 | Step 71,300 | Loss: 1.3051 | LR: 2.22e-04 | Tok/s: 2402
2026-04-05 21:43:04,638 | Epoch 4/10 | Step 71,400 | Loss: 1.3268 | LR: 2.22e-04 | Tok/s: 2426
2026-04-05 21:43:15,168 | Epoch 4/10 | Step 71,500 | Loss: 1.3597 | LR: 2.21e-04 | Tok/s: 2450
2026-04-05 21:43:25,674 | Epoch 4/10 | Step 71,600 | Loss: 1.2264 | LR: 2.21e-04 | Tok/s: 2473
2026-04-05 21:43:36,186 | Epoch 4/10 | Step 71,700 | Loss: 1.3107 | LR: 2.21e-04 | Tok/s: 2496
2026-04-05 21:43:46,788 | Epoch 4/10 | Step 71,800 | Loss: 1.2351 | LR: 2.21e-04 | Tok/s: 2520
2026-04-05 21:43:57,366 | Epoch 4/10 | Step 71,900 | Loss: 1.1849 | LR: 2.21e-04 | Tok/s: 2543
2026-04-05 21:44:07,953 | Epoch 4/10 | Step 72,000 | Loss: 1.3576 | LR: 2.20e-04 | Tok/s: 2567
2026-04-05 21:44:51,124 |   EVAL | Loss: 1.3368 | Perplexity: 3.81
2026-04-05 21:44:51,567 |   NEW BEST — saved checkpoint
2026-04-05 21:45:02,163 | Epoch 4/10 | Step 72,100 | Loss: 1.2703 | LR: 2.20e-04 | Tok/s: 2580
2026-04-05 21:45:12,753 | Epoch 4/10 | Step 72,200 | Loss: 1.2771 | LR: 2.20e-04 | Tok/s: 2603
2026-04-05 21:45:23,348 | Epoch 4/10 | Step 72,300 | Loss: 1.3059 | LR: 2.20e-04 | Tok/s: 2626
2026-04-05 21:45:33,933 | Epoch 4/10 | Step 72,400 | Loss: 1.3099 | LR: 2.20e-04 | Tok/s: 2649
2026-04-05 21:45:44,544 | Epoch 4/10 | Step 72,500 | Loss: 1.3144 | LR: 2.19e-04 | Tok/s: 2672
2026-04-05 21:45:55,152 | Epoch 4/10 | Step 72,600 | Loss: 1.2848 | LR: 2.19e-04 | Tok/s: 2695
2026-04-05 21:46:05,762 | Epoch 4/10 | Step 72,700 | Loss: 1.3187 | LR: 2.19e-04 | Tok/s: 2718
2026-04-05 21:46:16,367 | Epoch 4/10 | Step 72,800 | Loss: 1.2959 | LR: 2.19e-04 | Tok/s: 2741
2026-04-05 21:46:26,945 | Epoch 4/10 | Step 72,900 | Loss: 1.3180 | LR: 2.19e-04 | Tok/s: 2765
2026-04-05 21:46:37,533 | Epoch 4/10 | Step 73,000 | Loss: 1.3072 | LR: 2.18e-04 | Tok/s: 2788
2026-04-05 21:47:20,715 |   EVAL | Loss: 1.3357 | Perplexity: 3.80
2026-04-05 21:47:21,203 |   NEW BEST — saved checkpoint
2026-04-05 21:47:31,788 | Epoch 4/10 | Step 73,100 | Loss: 1.2638 | LR: 2.18e-04 | Tok/s: 2799
2026-04-05 21:47:42,397 | Epoch 4/10 | Step 73,200 | Loss: 1.3745 | LR: 2.18e-04 | Tok/s: 2822
2026-04-05 21:47:52,996 | Epoch 4/10 | Step 73,300 | Loss: 1.3289 | LR: 2.18e-04 | Tok/s: 2844
2026-04-05 21:48:03,585 | Epoch 4/10 | Step 73,400 | Loss: 1.2737 | LR: 2.18e-04 | Tok/s: 2867
2026-04-05 21:48:14,181 | Epoch 4/10 | Step 73,500 | Loss: 1.3136 | LR: 2.17e-04 | Tok/s: 2890
2026-04-05 21:48:24,799 | Epoch 4/10 | Step 73,600 | Loss: 1.2681 | LR: 2.17e-04 | Tok/s: 2914
2026-04-05 21:48:35,412 | Epoch 4/10 | Step 73,700 | Loss: 1.2839 | LR: 2.17e-04 | Tok/s: 2936
2026-04-05 21:48:46,029 | Epoch 4/10 | Step 73,800 | Loss: 1.2346 | LR: 2.17e-04 | Tok/s: 2958
2026-04-05 21:48:56,692 | Epoch 4/10 | Step 73,900 | Loss: 1.3113 | LR: 2.16e-04 | Tok/s: 2981
2026-04-05 21:49:07,343 | Epoch 4/10 | Step 74,000 | Loss: 1.3179 | LR: 2.16e-04 | Tok/s: 3003
2026-04-05 21:49:50,741 |   EVAL | Loss: 1.3343 | Perplexity: 3.80
2026-04-05 21:49:51,214 |   NEW BEST — saved checkpoint
2026-04-05 21:50:01,844 | Epoch 4/10 | Step 74,100 | Loss: 1.2346 | LR: 2.16e-04 | Tok/s: 3013
2026-04-05 21:50:12,462 | Epoch 4/10 | Step 74,200 | Loss: 1.2617 | LR: 2.16e-04 | Tok/s: 3036
2026-04-05 21:50:23,064 | Epoch 4/10 | Step 74,300 | Loss: 1.2656 | LR: 2.16e-04 | Tok/s: 3058
2026-04-05 21:50:33,678 | Epoch 4/10 | Step 74,400 | Loss: 1.2863 | LR: 2.15e-04 | Tok/s: 3080
2026-04-05 21:50:44,274 | Epoch 4/10 | Step 74,500 | Loss: 1.2858 | LR: 2.15e-04 | Tok/s: 3103
2026-04-05 21:50:54,883 | Epoch 4/10 | Step 74,600 | Loss: 1.2387 | LR: 2.15e-04 | Tok/s: 3125
2026-04-05 21:51:05,483 | Epoch 4/10 | Step 74,700 | Loss: 1.3569 | LR: 2.15e-04 | Tok/s: 3147
2026-04-05 21:51:16,081 | Epoch 4/10 | Step 74,800 | Loss: 1.2949 | LR: 2.15e-04 | Tok/s: 3169
2026-04-05 21:51:26,668 | Epoch 4/10 | Step 74,900 | Loss: 1.3320 | LR: 2.14e-04 | Tok/s: 3190
2026-04-05 21:51:37,269 | Epoch 4/10 | Step 75,000 | Loss: 1.4066 | LR: 2.14e-04 | Tok/s: 3212
2026-04-05 21:52:19,833 |   EVAL | Loss: 1.3332 | Perplexity: 3.79
2026-04-05 21:52:20,234 |   NEW BEST — saved checkpoint
2026-04-05 21:52:31,202 | Epoch 4/10 | Step 75,100 | Loss: 1.2504 | LR: 2.14e-04 | Tok/s: 3222
2026-04-05 21:52:41,754 | Epoch 4/10 | Step 75,200 | Loss: 1.3097 | LR: 2.14e-04 | Tok/s: 3244
2026-04-05 21:52:52,286 | Epoch 4/10 | Step 75,300 | Loss: 1.3453 | LR: 2.14e-04 | Tok/s: 3265
2026-04-05 21:53:02,852 | Epoch 4/10 | Step 75,400 | Loss: 1.3146 | LR: 2.13e-04 | Tok/s: 3287
2026-04-05 21:53:13,466 | Epoch 4/10 | Step 75,500 | Loss: 1.2746 | LR: 2.13e-04 | Tok/s: 3308
2026-04-05 21:53:24,061 | Epoch 4/10 | Step 75,600 | Loss: 1.2038 | LR: 2.13e-04 | Tok/s: 3330
2026-04-05 21:53:34,655 | Epoch 4/10 | Step 75,700 | Loss: 1.2992 | LR: 2.13e-04 | Tok/s: 3352
2026-04-05 21:53:45,231 | Epoch 4/10 | Step 75,800 | Loss: 1.3625 | LR: 2.13e-04 | Tok/s: 3373
2026-04-05 21:53:55,825 | Epoch 4/10 | Step 75,900 | Loss: 1.3194 | LR: 2.12e-04 | Tok/s: 3394
2026-04-05 21:54:06,433 | Epoch 4/10 | Step 76,000 | Loss: 1.3569 | LR: 2.12e-04 | Tok/s: 3416
2026-04-05 21:54:49,573 |   EVAL | Loss: 1.3312 | Perplexity: 3.79
2026-04-05 21:54:50,029 |   NEW BEST — saved checkpoint
2026-04-05 21:55:00,583 | Epoch 4/10 | Step 76,100 | Loss: 1.3273 | LR: 2.12e-04 | Tok/s: 3424
2026-04-05 21:55:11,176 | Epoch 4/10 | Step 76,200 | Loss: 1.3282 | LR: 2.12e-04 | Tok/s: 3446
2026-04-05 21:55:21,742 | Epoch 4/10 | Step 76,300 | Loss: 1.3417 | LR: 2.12e-04 | Tok/s: 3467
2026-04-05 21:55:32,431 | Epoch 4/10 | Step 76,400 | Loss: 1.3809 | LR: 2.11e-04 | Tok/s: 3488
2026-04-05 21:55:43,058 | Epoch 4/10 | Step 76,500 | Loss: 1.2412 | LR: 2.11e-04 | Tok/s: 3510
2026-04-05 21:55:53,638 | Epoch 4/10 | Step 76,600 | Loss: 1.3479 | LR: 2.11e-04 | Tok/s: 3531
2026-04-05 21:56:04,277 | Epoch 4/10 | Step 76,700 | Loss: 1.1999 | LR: 2.11e-04 | Tok/s: 3552
2026-04-05 21:56:14,861 | Epoch 4/10 | Step 76,800 | Loss: 1.3852 | LR: 2.10e-04 | Tok/s: 3573
2026-04-05 21:56:25,485 | Epoch 4/10 | Step 76,900 | Loss: 1.2233 | LR: 2.10e-04 | Tok/s: 3594
2026-04-05 21:56:36,056 | Epoch 4/10 | Step 77,000 | Loss: 1.2906 | LR: 2.10e-04 | Tok/s: 3614
2026-04-05 21:57:19,015 |   EVAL | Loss: 1.3299 | Perplexity: 3.78
2026-04-05 21:57:19,404 |   NEW BEST — saved checkpoint
2026-04-05 21:57:29,922 | Epoch 4/10 | Step 77,100 | Loss: 1.2576 | LR: 2.10e-04 | Tok/s: 3622
2026-04-05 21:57:40,441 | Epoch 4/10 | Step 77,200 | Loss: 1.3523 | LR: 2.10e-04 | Tok/s: 3644
2026-04-05 21:57:50,979 | Epoch 4/10 | Step 77,300 | Loss: 1.2314 | LR: 2.09e-04 | Tok/s: 3664
2026-04-05 21:58:01,538 | Epoch 4/10 | Step 77,400 | Loss: 1.2560 | LR: 2.09e-04 | Tok/s: 3685
2026-04-05 21:58:12,095 | Epoch 4/10 | Step 77,500 | Loss: 1.3630 | LR: 2.09e-04 | Tok/s: 3705
2026-04-05 21:58:22,683 | Epoch 4/10 | Step 77,600 | Loss: 1.3728 | LR: 2.09e-04 | Tok/s: 3726
2026-04-05 21:58:33,227 | Epoch 4/10 | Step 77,700 | Loss: 1.3110 | LR: 2.09e-04 | Tok/s: 3746
2026-04-05 21:58:43,774 | Epoch 4/10 | Step 77,800 | Loss: 1.2940 | LR: 2.08e-04 | Tok/s: 3767
2026-04-05 21:58:54,303 | Epoch 4/10 | Step 77,900 | Loss: 1.2110 | LR: 2.08e-04 | Tok/s: 3787
2026-04-05 21:59:04,850 | Epoch 4/10 | Step 78,000 | Loss: 1.2716 | LR: 2.08e-04 | Tok/s: 3808
