2026-04-07 00:03:13,199 | ============================================================
2026-04-07 00:03:13,200 | EXPERIMENT BETA — Config 5 (5.6M)
2026-04-07 00:03:13,201 | d=240 L=6 h=6 ff=960
2026-04-07 00:03:13,202 | Device: cuda
2026-04-07 00:03:13,203 | ============================================================
2026-04-07 00:03:13,322 | Loaded byte table: 110284 entries from /workspace/5.6mBeta/../JalekCore_Base_Table.txt
2026-04-07 00:03:21,589 | bfloat16 enabled
2026-04-07 00:03:21,591 | bfloat16 enabled
2026-04-07 00:03:21,592 | Parameters: 5,594,160
2026-04-07 00:03:21,592 | Train: 393,816 | Eval: 20,728 | Batches/epoch: 1,538
2026-04-07 00:03:22,384 | Reference sentence (38 bytes): al [SPACE] mi [SPACE] indik [BOUNDARY] -i [SPACE] tr [BOUNDARY] -i [SPACE] en [SPACE] la [SPACE] supr [BOUNDARY] -a [SPACE] artikol [BOUNDARY] -o [SPACE] [SPACE] . [END]
2026-04-07 00:04:18,855 | Epoch 1 | Step 200 | Loss: 2.7814 | LR: 6.00e-05
2026-04-07 00:05:14,105 | Epoch 1 | Step 400 | Loss: 1.6047 | LR: 1.20e-04
2026-04-07 00:06:09,316 | Epoch 1 | Step 600 | Loss: 1.3242 | LR: 1.80e-04
2026-04-07 00:07:04,553 | Epoch 1 | Step 800 | Loss: 1.2416 | LR: 2.40e-04
2026-04-07 00:07:59,774 | Epoch 1 | Step 1,000 | Loss: 1.1536 | LR: 3.00e-04
2026-04-07 00:08:54,991 | Epoch 1 | Step 1,200 | Loss: 1.1103 | LR: 3.00e-04
2026-04-07 00:09:50,203 | Epoch 1 | Step 1,400 | Loss: 1.1103 | LR: 2.99e-04
2026-04-07 00:10:37,163 | Epoch 1 | Train: 1.7307 | Eval: 1.0752 | PPL: 2.93 | Time: 7.2m
2026-04-07 00:10:37,355 |   NEW BEST — saved
2026-04-07 00:10:54,545 | Epoch 2 | Step 1,600 | Loss: 1.0151 | LR: 2.99e-04
2026-04-07 00:11:49,765 | Epoch 2 | Step 1,800 | Loss: 1.0592 | LR: 2.98e-04
2026-04-07 00:12:45,061 | Epoch 2 | Step 2,000 | Loss: 1.0349 | LR: 2.96e-04
2026-04-07 00:13:40,287 | Epoch 2 | Step 2,200 | Loss: 1.0406 | LR: 2.95e-04
2026-04-07 00:14:35,518 | Epoch 2 | Step 2,400 | Loss: 0.9638 | LR: 2.93e-04
2026-04-07 00:15:30,747 | Epoch 2 | Step 2,600 | Loss: 0.9863 | LR: 2.91e-04
2026-04-07 00:16:25,980 | Epoch 2 | Step 2,800 | Loss: 1.0009 | LR: 2.89e-04
2026-04-07 00:17:21,210 | Epoch 2 | Step 3,000 | Loss: 0.9951 | LR: 2.86e-04
2026-04-07 00:17:50,871 | Epoch 2 | Train: 1.0243 | Eval: 1.0031 | PPL: 2.73 | Time: 14.5m
2026-04-07 00:17:51,051 |   NEW BEST — saved
2026-04-07 00:18:25,330 | Epoch 3 | Step 3,200 | Loss: 0.9917 | LR: 2.83e-04
2026-04-07 00:19:20,563 | Epoch 3 | Step 3,400 | Loss: 0.9768 | LR: 2.80e-04
2026-04-07 00:20:15,785 | Epoch 3 | Step 3,600 | Loss: 0.9815 | LR: 2.76e-04
2026-04-07 00:21:10,995 | Epoch 3 | Step 3,800 | Loss: 0.9385 | LR: 2.73e-04
2026-04-07 00:22:06,222 | Epoch 3 | Step 4,000 | Loss: 0.9788 | LR: 2.69e-04
2026-04-07 00:23:01,500 | Epoch 3 | Step 4,200 | Loss: 0.9881 | LR: 2.65e-04
2026-04-07 00:23:56,760 | Epoch 3 | Step 4,400 | Loss: 0.9779 | LR: 2.61e-04
2026-04-07 00:24:51,946 | Epoch 3 | Step 4,600 | Loss: 0.9670 | LR: 2.56e-04
2026-04-07 00:25:04,461 | Epoch 3 | Train: 0.9720 | Eval: 0.9731 | PPL: 2.65 | Time: 21.7m
2026-04-07 00:25:04,648 |   NEW BEST — saved
2026-04-07 00:25:56,028 | Epoch 4 | Step 4,800 | Loss: 0.9093 | LR: 2.51e-04
2026-04-07 00:26:51,259 | Epoch 4 | Step 5,000 | Loss: 0.9113 | LR: 2.46e-04
2026-04-07 00:27:46,486 | Epoch 4 | Step 5,200 | Loss: 0.9309 | LR: 2.41e-04
2026-04-07 00:28:41,699 | Epoch 4 | Step 5,400 | Loss: 0.9745 | LR: 2.36e-04
2026-04-07 00:29:36,912 | Epoch 4 | Step 5,600 | Loss: 0.9249 | LR: 2.30e-04
2026-04-07 00:30:32,135 | Epoch 4 | Step 5,800 | Loss: 0.9518 | LR: 2.25e-04
2026-04-07 00:31:27,375 | Epoch 4 | Step 6,000 | Loss: 0.9154 | LR: 2.19e-04
2026-04-07 00:32:17,994 | Epoch 4 | Train: 0.9387 | Eval: 0.9571 | PPL: 2.60 | Time: 28.9m
2026-04-07 00:32:18,201 |   NEW BEST — saved
2026-04-07 00:32:31,498 | Epoch 5 | Step 6,200 | Loss: 0.9131 | LR: 2.13e-04
2026-04-07 00:33:26,710 | Epoch 5 | Step 6,400 | Loss: 0.9141 | LR: 2.07e-04
2026-04-07 00:34:21,929 | Epoch 5 | Step 6,600 | Loss: 0.9241 | LR: 2.01e-04
2026-04-07 00:35:17,124 | Epoch 5 | Step 6,800 | Loss: 0.9166 | LR: 1.95e-04
2026-04-07 00:36:12,321 | Epoch 5 | Step 7,000 | Loss: 0.8736 | LR: 1.89e-04
2026-04-07 00:37:07,516 | Epoch 5 | Step 7,200 | Loss: 0.9427 | LR: 1.82e-04
2026-04-07 00:38:02,719 | Epoch 5 | Step 7,400 | Loss: 0.8888 | LR: 1.76e-04
2026-04-07 00:38:57,932 | Epoch 5 | Step 7,600 | Loss: 0.9149 | LR: 1.69e-04
2026-04-07 00:39:31,433 | Epoch 5 | Train: 0.9099 | Eval: 0.9455 | PPL: 2.57 | Time: 36.1m
2026-04-07 00:39:31,644 |   NEW BEST — saved
2026-04-07 00:40:02,043 | Epoch 6 | Step 7,800 | Loss: 0.8813 | LR: 1.63e-04
2026-04-07 00:40:57,258 | Epoch 6 | Step 8,000 | Loss: 0.8966 | LR: 1.56e-04
2026-04-07 00:41:52,477 | Epoch 6 | Step 8,200 | Loss: 0.8911 | LR: 1.50e-04
2026-04-07 00:42:47,670 | Epoch 6 | Step 8,400 | Loss: 0.8511 | LR: 1.43e-04
2026-04-07 00:43:42,877 | Epoch 6 | Step 8,600 | Loss: 0.8838 | LR: 1.37e-04
2026-04-07 00:44:38,091 | Epoch 6 | Step 8,800 | Loss: 0.8738 | LR: 1.30e-04
2026-04-07 00:45:33,313 | Epoch 6 | Step 9,000 | Loss: 0.8960 | LR: 1.24e-04
2026-04-07 00:46:28,540 | Epoch 6 | Step 9,200 | Loss: 0.8871 | LR: 1.17e-04
2026-04-07 00:46:44,902 | Epoch 6 | Train: 0.8818 | Eval: 0.9405 | PPL: 2.56 | Time: 43.4m
2026-04-07 00:46:45,075 |   NEW BEST — saved
2026-04-07 00:47:32,573 | Epoch 7 | Step 9,400 | Loss: 0.8671 | LR: 1.11e-04
2026-04-07 00:48:27,779 | Epoch 7 | Step 9,600 | Loss: 0.8539 | LR: 1.05e-04
2026-04-07 00:49:22,988 | Epoch 7 | Step 9,800 | Loss: 0.8465 | LR: 9.84e-05
2026-04-07 00:50:18,215 | Epoch 7 | Step 10,000 | Loss: 0.8482 | LR: 9.22e-05
2026-04-07 00:51:13,432 | Epoch 7 | Step 10,200 | Loss: 0.8117 | LR: 8.63e-05
2026-04-07 00:52:08,642 | Epoch 7 | Step 10,400 | Loss: 0.8806 | LR: 8.04e-05
2026-04-07 00:53:03,865 | Epoch 7 | Step 10,600 | Loss: 0.8467 | LR: 7.47e-05
2026-04-07 00:53:58,373 | Epoch 7 | Train: 0.8559 | Eval: 0.9404 | PPL: 2.56 | Time: 50.6m
2026-04-07 00:53:58,563 |   NEW BEST — saved
2026-04-07 00:54:07,992 | Epoch 8 | Step 10,800 | Loss: 0.8294 | LR: 6.91e-05
2026-04-07 00:55:03,210 | Epoch 8 | Step 11,000 | Loss: 0.8414 | LR: 6.36e-05
2026-04-07 00:55:58,422 | Epoch 8 | Step 11,200 | Loss: 0.8335 | LR: 5.83e-05
2026-04-07 00:56:53,635 | Epoch 8 | Step 11,400 | Loss: 0.8385 | LR: 5.32e-05
2026-04-07 00:57:48,864 | Epoch 8 | Step 11,600 | Loss: 0.7988 | LR: 4.83e-05
2026-04-07 00:58:44,084 | Epoch 8 | Step 11,800 | Loss: 0.8393 | LR: 4.36e-05
2026-04-07 00:59:39,300 | Epoch 8 | Step 12,000 | Loss: 0.8194 | LR: 3.91e-05
2026-04-07 01:00:34,536 | Epoch 8 | Step 12,200 | Loss: 0.8695 | LR: 3.48e-05
2026-04-07 01:01:11,914 | Epoch 8 | Train: 0.8394 | Eval: 0.9426 | PPL: 2.57 | Time: 57.8m
2026-04-07 01:01:12,025 |   No improvement (1/3)
2026-04-07 01:01:38,551 | Epoch 9 | Step 12,400 | Loss: 0.8229 | LR: 3.07e-05
2026-04-07 01:02:33,754 | Epoch 9 | Step 12,600 | Loss: 0.8099 | LR: 2.68e-05
2026-04-07 01:03:28,981 | Epoch 9 | Step 12,800 | Loss: 0.8320 | LR: 2.32e-05
2026-04-07 01:04:24,191 | Epoch 9 | Step 13,000 | Loss: 0.8343 | LR: 1.98e-05
2026-04-07 01:05:19,399 | Epoch 9 | Step 13,200 | Loss: 0.8272 | LR: 1.67e-05
2026-04-07 01:06:14,605 | Epoch 9 | Step 13,400 | Loss: 0.8384 | LR: 1.38e-05
2026-04-07 01:07:09,821 | Epoch 9 | Step 13,600 | Loss: 0.8167 | LR: 1.12e-05
2026-04-07 01:08:05,020 | Epoch 9 | Step 13,800 | Loss: 0.8224 | LR: 8.86e-06
2026-04-07 01:08:25,272 | Epoch 9 | Train: 0.8321 | Eval: 0.9442 | PPL: 2.57 | Time: 65.0m
2026-04-07 01:08:25,385 |   No improvement (2/3)
2026-04-07 01:09:09,026 | Epoch 10 | Step 14,000 | Loss: 0.8414 | LR: 6.78e-06
2026-04-07 01:10:04,234 | Epoch 10 | Step 14,200 | Loss: 0.8140 | LR: 4.97e-06
2026-04-07 01:10:59,451 | Epoch 10 | Step 14,400 | Loss: 0.8208 | LR: 3.43e-06
2026-04-07 01:11:54,668 | Epoch 10 | Step 14,600 | Loss: 0.8226 | LR: 2.18e-06
2026-04-07 01:12:49,870 | Epoch 10 | Step 14,800 | Loss: 0.8606 | LR: 1.21e-06
2026-04-07 01:13:45,103 | Epoch 10 | Step 15,000 | Loss: 0.8226 | LR: 5.19e-07
2026-04-07 01:14:40,316 | Epoch 10 | Step 15,200 | Loss: 0.8010 | LR: 1.17e-07
2026-04-07 01:15:38,664 | Epoch 10 | Train: 0.8304 | Eval: 0.9443 | PPL: 2.57 | Time: 72.3m
2026-04-07 01:15:38,780 |   No improvement (3/3)
2026-04-07 01:15:38,782 |   EARLY STOP — loss flattened after 10 epochs
2026-04-07 01:15:38,807 | 
2026-04-07 01:15:38,809 | ============================================================
2026-04-07 01:15:38,810 | Config 5 (5.6M) COMPLETE
2026-04-07 01:15:38,812 | Best eval loss: 0.9404 | Best PPL: 2.56
2026-04-07 01:15:38,814 | Total time: 72.3m | Epochs: 10
2026-04-07 01:15:38,815 | ============================================================
