2026-04-06 13:52:40,023 | ============================================================
2026-04-06 13:52:40,023 | EXPERIMENT BETA — Config 3 (1.7M)
2026-04-06 13:52:40,023 | d=160 L=4 h=4 ff=640
2026-04-06 13:52:40,023 | Device: cuda
2026-04-06 13:52:40,023 | ============================================================
2026-04-06 13:52:40,100 | Loaded byte table: 110284 entries from C:\Users\Travi\OneDrive\Desktop\Project Beta\1.7mBeta\..\JalekCore_Base_Table.txt
2026-04-06 13:52:48,215 | bfloat16 enabled
2026-04-06 13:52:48,216 | Parameters: 1,680,800
2026-04-06 13:52:48,216 | Train: 393,816 | Eval: 20,728 | Batches/epoch: 1,538
2026-04-06 13:52:49,233 | Reference sentence (38 bytes): al [SPACE] mi [SPACE] indik [BOUNDARY] -i [SPACE] tr [BOUNDARY] -i [SPACE] en [SPACE] la [SPACE] supr [BOUNDARY] -a [SPACE] artikol [BOUNDARY] -o [SPACE] [SPACE] . [END]
2026-04-06 13:54:14,648 | Epoch 1 | Step 200 | Loss: 3.7291 | LR: 6.00e-05
2026-04-06 13:55:38,159 | Epoch 1 | Step 400 | Loss: 2.1307 | LR: 1.20e-04
2026-04-06 13:57:00,252 | Epoch 1 | Step 600 | Loss: 1.5265 | LR: 1.80e-04
2026-04-06 13:58:25,806 | Epoch 1 | Step 800 | Loss: 1.3566 | LR: 2.40e-04
2026-04-06 13:59:56,031 | Epoch 1 | Step 1,000 | Loss: 1.2897 | LR: 3.00e-04
2026-04-06 14:01:25,972 | Epoch 1 | Step 1,200 | Loss: 1.1871 | LR: 3.00e-04
2026-04-06 14:02:46,600 | Epoch 1 | Step 1,400 | Loss: 1.1497 | LR: 2.99e-04
2026-04-06 14:04:03,247 | Epoch 1 | Train: 1.9735 | Eval: 1.1528 | PPL: 3.17 | Time: 11.2m
2026-04-06 14:04:03,293 |   NEW BEST — saved
2026-04-06 14:04:27,620 | Epoch 2 | Step 1,600 | Loss: 1.1644 | LR: 2.99e-04
2026-04-06 14:05:46,840 | Epoch 2 | Step 1,800 | Loss: 1.0892 | LR: 2.98e-04
2026-04-06 14:07:06,163 | Epoch 2 | Step 2,000 | Loss: 1.1413 | LR: 2.96e-04
2026-04-06 14:08:25,369 | Epoch 2 | Step 2,200 | Loss: 1.1526 | LR: 2.95e-04
2026-04-06 14:10:03,064 | Epoch 2 | Step 2,400 | Loss: 1.0817 | LR: 2.93e-04
2026-04-06 14:11:22,700 | Epoch 2 | Step 2,600 | Loss: 1.1008 | LR: 2.91e-04
2026-04-06 14:12:57,024 | Epoch 2 | Step 2,800 | Loss: 1.0629 | LR: 2.89e-04
2026-04-06 14:14:30,953 | Epoch 2 | Step 3,000 | Loss: 1.0497 | LR: 2.86e-04
2026-04-06 14:15:12,358 | Epoch 2 | Train: 1.0903 | Eval: 1.0616 | PPL: 2.89 | Time: 22.4m
2026-04-06 14:15:12,403 |   NEW BEST — saved
2026-04-06 14:16:05,267 | Epoch 3 | Step 3,200 | Loss: 1.0625 | LR: 2.83e-04
2026-04-06 14:17:29,483 | Epoch 3 | Step 3,400 | Loss: 1.0153 | LR: 2.80e-04
2026-04-06 14:18:48,429 | Epoch 3 | Step 3,600 | Loss: 1.0064 | LR: 2.76e-04
2026-04-06 14:20:05,122 | Epoch 3 | Step 3,800 | Loss: 1.0572 | LR: 2.73e-04
2026-04-06 14:21:27,575 | Epoch 3 | Step 4,000 | Loss: 1.0404 | LR: 2.69e-04
2026-04-06 14:22:48,461 | Epoch 3 | Step 4,200 | Loss: 1.0414 | LR: 2.65e-04
2026-04-06 14:24:11,903 | Epoch 3 | Step 4,400 | Loss: 1.0116 | LR: 2.61e-04
2026-04-06 14:25:31,094 | Epoch 3 | Step 4,600 | Loss: 1.0228 | LR: 2.56e-04
2026-04-06 14:25:48,744 | Epoch 3 | Train: 1.0364 | Eval: 1.0309 | PPL: 2.80 | Time: 33.0m
2026-04-06 14:25:48,793 |   NEW BEST — saved
2026-04-06 14:27:03,619 | Epoch 4 | Step 4,800 | Loss: 1.0511 | LR: 2.51e-04
2026-04-06 14:28:23,844 | Epoch 4 | Step 5,000 | Loss: 0.9822 | LR: 2.46e-04
2026-04-06 14:29:42,913 | Epoch 4 | Step 5,200 | Loss: 0.9915 | LR: 2.41e-04
2026-04-06 14:31:01,100 | Epoch 4 | Step 5,400 | Loss: 1.0206 | LR: 2.36e-04
2026-04-06 14:32:23,385 | Epoch 4 | Step 5,600 | Loss: 0.9755 | LR: 2.30e-04
2026-04-06 14:33:44,416 | Epoch 4 | Step 5,800 | Loss: 0.9879 | LR: 2.25e-04
2026-04-06 14:35:04,525 | Epoch 4 | Step 6,000 | Loss: 0.9753 | LR: 2.19e-04
2026-04-06 14:36:17,713 | Epoch 4 | Train: 1.0096 | Eval: 1.0136 | PPL: 2.76 | Time: 43.5m
2026-04-06 14:36:17,761 |   NEW BEST — saved
2026-04-06 14:36:36,315 | Epoch 5 | Step 6,200 | Loss: 0.9969 | LR: 2.13e-04
2026-04-06 14:37:56,636 | Epoch 5 | Step 6,400 | Loss: 0.9811 | LR: 2.07e-04
2026-04-06 14:39:14,264 | Epoch 5 | Step 6,600 | Loss: 0.9969 | LR: 2.01e-04
2026-04-06 14:40:46,420 | Epoch 5 | Step 6,800 | Loss: 0.9978 | LR: 1.95e-04
2026-04-06 14:42:05,398 | Epoch 5 | Step 7,000 | Loss: 1.0087 | LR: 1.89e-04
2026-04-06 14:43:27,824 | Epoch 5 | Step 7,200 | Loss: 0.9913 | LR: 1.82e-04
2026-04-06 14:44:52,707 | Epoch 5 | Step 7,400 | Loss: 1.0398 | LR: 1.76e-04
2026-04-06 14:46:13,925 | Epoch 5 | Step 7,600 | Loss: 0.9663 | LR: 1.69e-04
2026-04-06 14:47:02,417 | Epoch 5 | Train: 0.9913 | Eval: 1.0025 | PPL: 2.73 | Time: 54.2m
2026-04-06 14:47:02,464 |   NEW BEST — saved
2026-04-06 14:47:46,362 | Epoch 6 | Step 7,800 | Loss: 0.9795 | LR: 1.63e-04
2026-04-06 14:49:05,489 | Epoch 6 | Step 8,000 | Loss: 1.0358 | LR: 1.56e-04
2026-04-06 14:50:25,007 | Epoch 6 | Step 8,200 | Loss: 0.9935 | LR: 1.50e-04
2026-04-06 14:51:44,956 | Epoch 6 | Step 8,400 | Loss: 0.9541 | LR: 1.43e-04
2026-04-06 14:53:13,888 | Epoch 6 | Step 8,600 | Loss: 0.9309 | LR: 1.37e-04
2026-04-06 14:54:52,168 | Epoch 6 | Step 8,800 | Loss: 0.9672 | LR: 1.30e-04
2026-04-06 14:56:17,437 | Epoch 6 | Step 9,000 | Loss: 0.9971 | LR: 1.24e-04
2026-04-06 14:57:38,499 | Epoch 6 | Step 9,200 | Loss: 1.0075 | LR: 1.17e-04
2026-04-06 14:58:06,197 | Epoch 6 | Train: 0.9769 | Eval: 0.9945 | PPL: 2.70 | Time: 65.3m
2026-04-06 14:58:06,244 |   NEW BEST — saved
2026-04-06 14:59:35,955 | Epoch 7 | Step 9,400 | Loss: 0.9762 | LR: 1.11e-04
2026-04-06 15:00:57,028 | Epoch 7 | Step 9,600 | Loss: 0.9331 | LR: 1.05e-04
2026-04-06 15:02:15,155 | Epoch 7 | Step 9,800 | Loss: 0.9585 | LR: 9.84e-05
2026-04-06 15:03:38,713 | Epoch 7 | Step 10,000 | Loss: 0.9949 | LR: 9.22e-05
2026-04-06 15:05:05,431 | Epoch 7 | Step 10,200 | Loss: 0.9790 | LR: 8.63e-05
2026-04-06 15:06:21,901 | Epoch 7 | Step 10,400 | Loss: 0.9652 | LR: 8.04e-05
2026-04-06 15:07:56,161 | Epoch 7 | Step 10,600 | Loss: 0.9662 | LR: 7.47e-05
2026-04-06 15:09:13,622 | Epoch 7 | Train: 0.9654 | Eval: 0.9901 | PPL: 2.69 | Time: 76.4m
2026-04-06 15:09:13,668 |   NEW BEST — saved
2026-04-06 15:09:27,254 | Epoch 8 | Step 10,800 | Loss: 0.9365 | LR: 6.91e-05
2026-04-06 15:10:43,931 | Epoch 8 | Step 11,000 | Loss: 0.9682 | LR: 6.36e-05
2026-04-06 15:12:00,581 | Epoch 8 | Step 11,200 | Loss: 0.9478 | LR: 5.83e-05
2026-04-06 15:13:18,004 | Epoch 8 | Step 11,400 | Loss: 0.9418 | LR: 5.32e-05
2026-04-06 15:14:36,361 | Epoch 8 | Step 11,600 | Loss: 0.9757 | LR: 4.83e-05
2026-04-06 15:15:55,356 | Epoch 8 | Step 11,800 | Loss: 0.9568 | LR: 4.36e-05
2026-04-06 15:17:20,628 | Epoch 8 | Step 12,000 | Loss: 0.9721 | LR: 3.91e-05
2026-04-06 15:18:44,503 | Epoch 8 | Step 12,200 | Loss: 0.9546 | LR: 3.48e-05
2026-04-06 15:19:37,722 | Epoch 8 | Train: 0.9586 | Eval: 0.9890 | PPL: 2.69 | Time: 86.8m
2026-04-06 15:19:37,766 |   NEW BEST — saved
2026-04-06 15:20:17,288 | Epoch 9 | Step 12,400 | Loss: 0.9764 | LR: 3.07e-05
2026-04-06 15:21:30,110 | Epoch 9 | Step 12,600 | Loss: 0.9494 | LR: 2.68e-05
2026-04-06 15:22:31,345 | Epoch 9 | Step 12,800 | Loss: 0.9356 | LR: 2.32e-05
2026-04-06 15:23:33,084 | Epoch 9 | Step 13,000 | Loss: 0.9693 | LR: 1.98e-05
2026-04-06 15:24:32,785 | Epoch 9 | Step 13,200 | Loss: 0.9510 | LR: 1.67e-05
2026-04-06 15:25:33,153 | Epoch 9 | Step 13,400 | Loss: 0.9505 | LR: 1.38e-05
2026-04-06 15:26:32,392 | Epoch 9 | Step 13,600 | Loss: 0.9275 | LR: 1.12e-05
2026-04-06 15:27:33,867 | Epoch 9 | Step 13,800 | Loss: 0.9559 | LR: 8.86e-06
2026-04-06 15:27:57,656 | Epoch 9 | Train: 0.9556 | Eval: 0.9889 | PPL: 2.69 | Time: 95.1m
2026-04-06 15:27:57,700 |   NEW BEST — saved
2026-04-06 15:28:46,501 | Epoch 10 | Step 14,000 | Loss: 0.9148 | LR: 6.78e-06
2026-04-06 15:29:45,032 | Epoch 10 | Step 14,200 | Loss: 0.9688 | LR: 4.97e-06
2026-04-06 15:30:44,566 | Epoch 10 | Step 14,400 | Loss: 0.9446 | LR: 3.43e-06
2026-04-06 15:31:47,669 | Epoch 10 | Step 14,600 | Loss: 0.9695 | LR: 2.18e-06
2026-04-06 15:32:46,742 | Epoch 10 | Step 14,800 | Loss: 0.9522 | LR: 1.21e-06
2026-04-06 15:33:48,283 | Epoch 10 | Step 15,000 | Loss: 0.9349 | LR: 5.19e-07
2026-04-06 15:34:55,253 | Epoch 10 | Step 15,200 | Loss: 0.9296 | LR: 1.17e-07
2026-04-06 15:36:06,400 | Epoch 10 | Train: 0.9549 | Eval: 0.9887 | PPL: 2.69 | Time: 103.3m
2026-04-06 15:36:06,445 |   NEW BEST — saved
2026-04-06 15:36:06,447 | 
2026-04-06 15:36:06,447 | ============================================================
2026-04-06 15:36:06,447 | Config 3 (1.7M) COMPLETE
2026-04-06 15:36:06,447 | Best eval loss: 0.9887 | Best PPL: 2.69
2026-04-06 15:36:06,447 | Total time: 103.3m | Epochs: 10
2026-04-06 15:36:06,448 | ============================================================
