2026-04-05 22:09:58,810 | ============================================================
2026-04-05 22:09:58,812 | BPE Baseline B — Parallel, BPE tokenized
2026-04-05 22:09:58,813 | ============================================================
2026-04-05 22:09:58,815 | Device: cuda
2026-04-05 22:10:18,800 | Chains: 2,833,977
2026-04-05 22:10:18,999 | Train: 2,692,278 | Eval: 141,699 | Batches/epoch: 42,066
2026-04-05 22:10:19,432 | Params: 7,185,024 | Arch: 3L d=384 8h ff=1344 vocab=2000
2026-04-05 22:10:19,998 | Steps: 126,198 | Epochs: 3 | Batch: 64 | LR: 0.0003
2026-04-05 22:10:20,000 | 
2026-04-05 22:10:28,189 | Epoch 1/3 | Step 100 | Loss: 7.1039 | LR: 3.00e-05
2026-04-05 22:10:35,852 | Epoch 1/3 | Step 200 | Loss: 6.2403 | LR: 6.00e-05
2026-04-05 22:10:43,452 | Epoch 1/3 | Step 300 | Loss: 5.8577 | LR: 9.00e-05
2026-04-05 22:10:50,975 | Epoch 1/3 | Step 400 | Loss: 5.7883 | LR: 1.20e-04
2026-04-05 22:10:58,480 | Epoch 1/3 | Step 500 | Loss: 5.5338 | LR: 1.50e-04
2026-04-05 22:11:05,992 | Epoch 1/3 | Step 600 | Loss: 5.1608 | LR: 1.80e-04
2026-04-05 22:11:13,502 | Epoch 1/3 | Step 700 | Loss: 5.0563 | LR: 2.10e-04
2026-04-05 22:11:21,003 | Epoch 1/3 | Step 800 | Loss: 4.8401 | LR: 2.40e-04
2026-04-05 22:11:28,505 | Epoch 1/3 | Step 900 | Loss: 4.7548 | LR: 2.70e-04
2026-04-05 22:11:36,020 | Epoch 1/3 | Step 1,000 | Loss: 4.6689 | LR: 3.00e-04
2026-04-05 22:12:39,783 |   EVAL | Loss: 4.5682 | Perplexity: 96.37
2026-04-05 22:12:39,899 |   NEW BEST
2026-04-05 22:12:47,402 | Epoch 1/3 | Step 1,100 | Loss: 4.6637 | LR: 3.00e-04
2026-04-05 22:12:54,901 | Epoch 1/3 | Step 1,200 | Loss: 4.3164 | LR: 3.00e-04
2026-04-05 22:13:02,397 | Epoch 1/3 | Step 1,300 | Loss: 4.2113 | LR: 3.00e-04
2026-04-05 22:13:09,897 | Epoch 1/3 | Step 1,400 | Loss: 3.9766 | LR: 3.00e-04
2026-04-05 22:13:17,397 | Epoch 1/3 | Step 1,500 | Loss: 3.8919 | LR: 3.00e-04
2026-04-05 22:13:24,894 | Epoch 1/3 | Step 1,600 | Loss: 3.6759 | LR: 3.00e-04
2026-04-05 22:13:32,391 | Epoch 1/3 | Step 1,700 | Loss: 3.8663 | LR: 3.00e-04
2026-04-05 22:13:39,895 | Epoch 1/3 | Step 1,800 | Loss: 3.7383 | LR: 3.00e-04
2026-04-05 22:13:47,402 | Epoch 1/3 | Step 1,900 | Loss: 3.4177 | LR: 3.00e-04
2026-04-05 22:13:54,903 | Epoch 1/3 | Step 2,000 | Loss: 3.6177 | LR: 3.00e-04
2026-04-05 22:14:58,549 |   EVAL | Loss: 3.6413 | Perplexity: 38.14
2026-04-05 22:14:58,672 |   NEW BEST
2026-04-05 22:15:06,167 | Epoch 1/3 | Step 2,100 | Loss: 3.7174 | LR: 3.00e-04
2026-04-05 22:15:13,651 | Epoch 1/3 | Step 2,200 | Loss: 3.4331 | LR: 3.00e-04
2026-04-05 22:15:21,137 | Epoch 1/3 | Step 2,300 | Loss: 3.3838 | LR: 3.00e-04
2026-04-05 22:15:28,635 | Epoch 1/3 | Step 2,400 | Loss: 3.4585 | LR: 3.00e-04
2026-04-05 22:15:36,141 | Epoch 1/3 | Step 2,500 | Loss: 3.5576 | LR: 3.00e-04
2026-04-05 22:15:43,652 | Epoch 1/3 | Step 2,600 | Loss: 3.4830 | LR: 3.00e-04
2026-04-05 22:15:51,151 | Epoch 1/3 | Step 2,700 | Loss: 3.2000 | LR: 3.00e-04
2026-04-05 22:15:58,658 | Epoch 1/3 | Step 2,800 | Loss: 3.1272 | LR: 3.00e-04
2026-04-05 22:16:06,157 | Epoch 1/3 | Step 2,900 | Loss: 3.2628 | LR: 3.00e-04
2026-04-05 22:16:13,658 | Epoch 1/3 | Step 3,000 | Loss: 3.4434 | LR: 3.00e-04
2026-04-05 22:17:17,369 |   EVAL | Loss: 3.2639 | Perplexity: 26.15
2026-04-05 22:17:17,494 |   NEW BEST
2026-04-05 22:17:25,067 | Epoch 1/3 | Step 3,100 | Loss: 3.2125 | LR: 3.00e-04
2026-04-05 22:17:32,589 | Epoch 1/3 | Step 3,200 | Loss: 3.0877 | LR: 3.00e-04
2026-04-05 22:17:40,101 | Epoch 1/3 | Step 3,300 | Loss: 3.1513 | LR: 3.00e-04
2026-04-05 22:17:47,617 | Epoch 1/3 | Step 3,400 | Loss: 3.3078 | LR: 3.00e-04
2026-04-05 22:17:55,151 | Epoch 1/3 | Step 3,500 | Loss: 3.3036 | LR: 3.00e-04
2026-04-05 22:18:02,663 | Epoch 1/3 | Step 3,600 | Loss: 3.2099 | LR: 3.00e-04
2026-04-05 22:18:10,182 | Epoch 1/3 | Step 3,700 | Loss: 2.9887 | LR: 3.00e-04
2026-04-05 22:18:17,698 | Epoch 1/3 | Step 3,800 | Loss: 3.0859 | LR: 3.00e-04
2026-04-05 22:18:25,229 | Epoch 1/3 | Step 3,900 | Loss: 3.3320 | LR: 3.00e-04
2026-04-05 22:18:32,752 | Epoch 1/3 | Step 4,000 | Loss: 3.1094 | LR: 3.00e-04
2026-04-05 22:19:36,765 |   EVAL | Loss: 3.0592 | Perplexity: 21.31
2026-04-05 22:19:36,879 |   NEW BEST
2026-04-05 22:19:44,379 | Epoch 1/3 | Step 4,100 | Loss: 3.2765 | LR: 3.00e-04
2026-04-05 22:19:51,875 | Epoch 1/3 | Step 4,200 | Loss: 3.0086 | LR: 3.00e-04
2026-04-05 22:19:59,370 | Epoch 1/3 | Step 4,300 | Loss: 3.0560 | LR: 2.99e-04
2026-04-05 22:20:06,889 | Epoch 1/3 | Step 4,400 | Loss: 2.9128 | LR: 2.99e-04
2026-04-05 22:20:14,408 | Epoch 1/3 | Step 4,500 | Loss: 2.9418 | LR: 2.99e-04
2026-04-05 22:20:21,918 | Epoch 1/3 | Step 4,600 | Loss: 3.0344 | LR: 2.99e-04
2026-04-05 22:20:29,420 | Epoch 1/3 | Step 4,700 | Loss: 2.9779 | LR: 2.99e-04
2026-04-05 22:20:36,921 | Epoch 1/3 | Step 4,800 | Loss: 2.9266 | LR: 2.99e-04
2026-04-05 22:20:44,640 | Epoch 1/3 | Step 4,900 | Loss: 2.9899 | LR: 2.99e-04
2026-04-05 22:20:52,148 | Epoch 1/3 | Step 5,000 | Loss: 2.8997 | LR: 2.99e-04
2026-04-05 22:21:55,886 |   EVAL | Loss: 2.9511 | Perplexity: 19.13
2026-04-05 22:21:56,010 |   NEW BEST
2026-04-05 22:22:03,517 | Epoch 1/3 | Step 5,100 | Loss: 2.8852 | LR: 2.99e-04
2026-04-05 22:22:11,029 | Epoch 1/3 | Step 5,200 | Loss: 2.8510 | LR: 2.99e-04
2026-04-05 22:22:18,553 | Epoch 1/3 | Step 5,300 | Loss: 2.9080 | LR: 2.99e-04
2026-04-05 22:22:26,058 | Epoch 1/3 | Step 5,400 | Loss: 3.2010 | LR: 2.99e-04
2026-04-05 22:22:33,569 | Epoch 1/3 | Step 5,500 | Loss: 2.9511 | LR: 2.99e-04
2026-04-05 22:22:41,071 | Epoch 1/3 | Step 5,600 | Loss: 2.9550 | LR: 2.99e-04
2026-04-05 22:22:48,571 | Epoch 1/3 | Step 5,700 | Loss: 2.9483 | LR: 2.99e-04
2026-04-05 22:22:56,083 | Epoch 1/3 | Step 5,800 | Loss: 2.8277 | LR: 2.99e-04
2026-04-05 22:23:03,585 | Epoch 1/3 | Step 5,900 | Loss: 3.0961 | LR: 2.99e-04
2026-04-05 22:23:11,084 | Epoch 1/3 | Step 6,000 | Loss: 2.9191 | LR: 2.99e-04
2026-04-05 22:24:15,030 |   EVAL | Loss: 2.8728 | Perplexity: 17.69
2026-04-05 22:24:15,136 |   NEW BEST
2026-04-05 22:24:22,635 | Epoch 1/3 | Step 6,100 | Loss: 2.7091 | LR: 2.99e-04
2026-04-05 22:24:30,134 | Epoch 1/3 | Step 6,200 | Loss: 2.8725 | LR: 2.99e-04
2026-04-05 22:24:37,630 | Epoch 1/3 | Step 6,300 | Loss: 2.7509 | LR: 2.99e-04
2026-04-05 22:24:45,123 | Epoch 1/3 | Step 6,400 | Loss: 2.7139 | LR: 2.99e-04
2026-04-05 22:24:52,613 | Epoch 1/3 | Step 6,500 | Loss: 2.7745 | LR: 2.99e-04
2026-04-05 22:25:00,108 | Epoch 1/3 | Step 6,600 | Loss: 2.8935 | LR: 2.99e-04
2026-04-05 22:25:07,602 | Epoch 1/3 | Step 6,700 | Loss: 2.7665 | LR: 2.98e-04
2026-04-05 22:25:15,094 | Epoch 1/3 | Step 6,800 | Loss: 2.6791 | LR: 2.98e-04
2026-04-05 22:25:23,003 | Epoch 1/3 | Step 6,900 | Loss: 2.8560 | LR: 2.98e-04
2026-04-05 22:25:30,512 | Epoch 1/3 | Step 7,000 | Loss: 2.9243 | LR: 2.98e-04
2026-04-05 22:26:34,299 |   EVAL | Loss: 2.8128 | Perplexity: 16.66
2026-04-05 22:26:34,411 |   NEW BEST
2026-04-05 22:26:41,906 | Epoch 1/3 | Step 7,100 | Loss: 2.9057 | LR: 2.98e-04
2026-04-05 22:26:49,401 | Epoch 1/3 | Step 7,200 | Loss: 2.8936 | LR: 2.98e-04
2026-04-05 22:26:56,891 | Epoch 1/3 | Step 7,300 | Loss: 2.8046 | LR: 2.98e-04
2026-04-05 22:27:04,381 | Epoch 1/3 | Step 7,400 | Loss: 2.8717 | LR: 2.98e-04
2026-04-05 22:27:11,872 | Epoch 1/3 | Step 7,500 | Loss: 2.6639 | LR: 2.98e-04
2026-04-05 22:27:19,389 | Epoch 1/3 | Step 7,600 | Loss: 2.8514 | LR: 2.98e-04
2026-04-05 22:27:26,892 | Epoch 1/3 | Step 7,700 | Loss: 3.3892 | LR: 2.98e-04
2026-04-05 22:27:34,386 | Epoch 1/3 | Step 7,800 | Loss: 2.8984 | LR: 2.98e-04
2026-04-05 22:27:41,879 | Epoch 1/3 | Step 7,900 | Loss: 2.6311 | LR: 2.98e-04
2026-04-05 22:27:49,386 | Epoch 1/3 | Step 8,000 | Loss: 2.7713 | LR: 2.98e-04
2026-04-05 22:28:52,961 |   EVAL | Loss: 2.7702 | Perplexity: 15.96
2026-04-05 22:28:53,071 |   NEW BEST
2026-04-05 22:29:00,568 | Epoch 1/3 | Step 8,100 | Loss: 2.7375 | LR: 2.98e-04
2026-04-05 22:29:08,061 | Epoch 1/3 | Step 8,200 | Loss: 2.9872 | LR: 2.98e-04
2026-04-05 22:29:15,545 | Epoch 1/3 | Step 8,300 | Loss: 2.8317 | LR: 2.97e-04
2026-04-05 22:29:23,032 | Epoch 1/3 | Step 8,400 | Loss: 2.7993 | LR: 2.97e-04
2026-04-05 22:29:30,526 | Epoch 1/3 | Step 8,500 | Loss: 2.7908 | LR: 2.97e-04
2026-04-05 22:29:38,015 | Epoch 1/3 | Step 8,600 | Loss: 2.7255 | LR: 2.97e-04
2026-04-05 22:29:45,501 | Epoch 1/3 | Step 8,700 | Loss: 2.6738 | LR: 2.97e-04
2026-04-05 22:29:53,001 | Epoch 1/3 | Step 8,800 | Loss: 2.8711 | LR: 2.97e-04
2026-04-05 22:30:00,499 | Epoch 1/3 | Step 8,900 | Loss: 2.9669 | LR: 2.97e-04
2026-04-05 22:30:08,018 | Epoch 1/3 | Step 9,000 | Loss: 2.9489 | LR: 2.97e-04
2026-04-05 22:31:11,804 |   EVAL | Loss: 2.7329 | Perplexity: 15.38
2026-04-05 22:31:11,923 |   NEW BEST
2026-04-05 22:31:19,428 | Epoch 1/3 | Step 9,100 | Loss: 2.7695 | LR: 2.97e-04
2026-04-05 22:31:26,931 | Epoch 1/3 | Step 9,200 | Loss: 2.5451 | LR: 2.97e-04
2026-04-05 22:31:34,445 | Epoch 1/3 | Step 9,300 | Loss: 2.8632 | LR: 2.97e-04
2026-04-05 22:31:41,949 | Epoch 1/3 | Step 9,400 | Loss: 2.7939 | LR: 2.97e-04
2026-04-05 22:31:49,450 | Epoch 1/3 | Step 9,500 | Loss: 2.7003 | LR: 2.97e-04
2026-04-05 22:31:56,947 | Epoch 1/3 | Step 9,600 | Loss: 2.7094 | LR: 2.97e-04
2026-04-05 22:32:04,443 | Epoch 1/3 | Step 9,700 | Loss: 2.7457 | LR: 2.96e-04
2026-04-05 22:32:11,946 | Epoch 1/3 | Step 9,800 | Loss: 2.7950 | LR: 2.96e-04
2026-04-05 22:32:19,442 | Epoch 1/3 | Step 9,900 | Loss: 2.6690 | LR: 2.96e-04
2026-04-05 22:32:26,945 | Epoch 1/3 | Step 10,000 | Loss: 2.5615 | LR: 2.96e-04
2026-04-05 22:33:30,869 |   EVAL | Loss: 2.7000 | Perplexity: 14.88
2026-04-05 22:33:30,974 |   NEW BEST
2026-04-05 22:33:38,472 | Epoch 1/3 | Step 10,100 | Loss: 2.6704 | LR: 2.96e-04
2026-04-05 22:33:45,974 | Epoch 1/3 | Step 10,200 | Loss: 2.6329 | LR: 2.96e-04
2026-04-05 22:33:53,474 | Epoch 1/3 | Step 10,300 | Loss: 2.6759 | LR: 2.96e-04
2026-04-05 22:34:00,985 | Epoch 1/3 | Step 10,400 | Loss: 2.6710 | LR: 2.96e-04
2026-04-05 22:34:08,487 | Epoch 1/3 | Step 10,500 | Loss: 2.4598 | LR: 2.96e-04
2026-04-05 22:34:15,970 | Epoch 1/3 | Step 10,600 | Loss: 2.6741 | LR: 2.96e-04
2026-04-05 22:34:23,464 | Epoch 1/3 | Step 10,700 | Loss: 2.5687 | LR: 2.96e-04
2026-04-05 22:34:30,955 | Epoch 1/3 | Step 10,800 | Loss: 2.9109 | LR: 2.95e-04
2026-04-05 22:34:38,467 | Epoch 1/3 | Step 10,900 | Loss: 2.7532 | LR: 2.95e-04
2026-04-05 22:34:45,972 | Epoch 1/3 | Step 11,000 | Loss: 2.6885 | LR: 2.95e-04
2026-04-05 22:35:49,808 |   EVAL | Loss: 2.6720 | Perplexity: 14.47
2026-04-05 22:35:49,928 |   NEW BEST
2026-04-05 22:35:57,444 | Epoch 1/3 | Step 11,100 | Loss: 2.5743 | LR: 2.95e-04
2026-04-05 22:36:04,950 | Epoch 1/3 | Step 11,200 | Loss: 2.6422 | LR: 2.95e-04
2026-04-05 22:36:12,452 | Epoch 1/3 | Step 11,300 | Loss: 2.4975 | LR: 2.95e-04
2026-04-05 22:36:19,960 | Epoch 1/3 | Step 11,400 | Loss: 2.6567 | LR: 2.95e-04
2026-04-05 22:36:27,467 | Epoch 1/3 | Step 11,500 | Loss: 2.6068 | LR: 2.95e-04
2026-04-05 22:36:36,093 | Epoch 1/3 | Step 11,600 | Loss: 2.7390 | LR: 2.95e-04
2026-04-05 22:36:43,611 | Epoch 1/3 | Step 11,700 | Loss: 2.8539 | LR: 2.95e-04
2026-04-05 22:36:51,151 | Epoch 1/3 | Step 11,800 | Loss: 2.7633 | LR: 2.95e-04
2026-04-05 22:36:58,689 | Epoch 1/3 | Step 11,900 | Loss: 2.5147 | LR: 2.94e-04
2026-04-05 22:37:06,226 | Epoch 1/3 | Step 12,000 | Loss: 2.6832 | LR: 2.94e-04
2026-04-05 22:38:10,108 |   EVAL | Loss: 2.6467 | Perplexity: 14.11
2026-04-05 22:38:10,235 |   NEW BEST
2026-04-05 22:38:17,734 | Epoch 1/3 | Step 12,100 | Loss: 2.5722 | LR: 2.94e-04
2026-04-05 22:38:25,231 | Epoch 1/3 | Step 12,200 | Loss: 2.7233 | LR: 2.94e-04
2026-04-05 22:38:32,740 | Epoch 1/3 | Step 12,300 | Loss: 2.5362 | LR: 2.94e-04
2026-04-05 22:38:40,242 | Epoch 1/3 | Step 12,400 | Loss: 2.7629 | LR: 2.94e-04
2026-04-05 22:38:47,739 | Epoch 1/3 | Step 12,500 | Loss: 2.8205 | LR: 2.94e-04
2026-04-05 22:38:55,232 | Epoch 1/3 | Step 12,600 | Loss: 2.7539 | LR: 2.94e-04
2026-04-05 22:39:02,730 | Epoch 1/3 | Step 12,700 | Loss: 2.6468 | LR: 2.94e-04
2026-04-05 22:39:10,275 | Epoch 1/3 | Step 12,800 | Loss: 2.5562 | LR: 2.93e-04
2026-04-05 22:39:17,828 | Epoch 1/3 | Step 12,900 | Loss: 2.6846 | LR: 2.93e-04
2026-04-05 22:39:25,363 | Epoch 1/3 | Step 13,000 | Loss: 2.5812 | LR: 2.93e-04
2026-04-05 22:40:29,518 |   EVAL | Loss: 2.6251 | Perplexity: 13.81
2026-04-05 22:40:29,641 |   NEW BEST
2026-04-05 22:40:37,133 | Epoch 1/3 | Step 13,100 | Loss: 2.8335 | LR: 2.93e-04
2026-04-05 22:40:44,623 | Epoch 1/3 | Step 13,200 | Loss: 2.6997 | LR: 2.93e-04
2026-04-05 22:40:52,115 | Epoch 1/3 | Step 13,300 | Loss: 2.6943 | LR: 2.93e-04
2026-04-05 22:40:59,607 | Epoch 1/3 | Step 13,400 | Loss: 2.6684 | LR: 2.93e-04
2026-04-05 22:41:07,103 | Epoch 1/3 | Step 13,500 | Loss: 2.6343 | LR: 2.93e-04
2026-04-05 22:41:14,594 | Epoch 1/3 | Step 13,600 | Loss: 2.5082 | LR: 2.93e-04
2026-04-05 22:41:22,090 | Epoch 1/3 | Step 13,700 | Loss: 2.5505 | LR: 2.92e-04
2026-04-05 22:41:29,581 | Epoch 1/3 | Step 13,800 | Loss: 2.6039 | LR: 2.92e-04
2026-04-05 22:41:37,068 | Epoch 1/3 | Step 13,900 | Loss: 2.5172 | LR: 2.92e-04
2026-04-05 22:41:44,561 | Epoch 1/3 | Step 14,000 | Loss: 2.6318 | LR: 2.92e-04
2026-04-05 22:42:49,025 |   EVAL | Loss: 2.6022 | Perplexity: 13.49
2026-04-05 22:42:49,139 |   NEW BEST
2026-04-05 22:42:56,655 | Epoch 1/3 | Step 14,100 | Loss: 2.4634 | LR: 2.92e-04
2026-04-05 22:43:04,185 | Epoch 1/3 | Step 14,200 | Loss: 2.7832 | LR: 2.92e-04
2026-04-05 22:43:11,708 | Epoch 1/3 | Step 14,300 | Loss: 2.5162 | LR: 2.92e-04
2026-04-05 22:43:19,212 | Epoch 1/3 | Step 14,400 | Loss: 2.7786 | LR: 2.92e-04
2026-04-05 22:43:26,722 | Epoch 1/3 | Step 14,500 | Loss: 2.6174 | LR: 2.91e-04
2026-04-05 22:43:34,238 | Epoch 1/3 | Step 14,600 | Loss: 2.7495 | LR: 2.91e-04
2026-04-05 22:43:41,747 | Epoch 1/3 | Step 14,700 | Loss: 2.7278 | LR: 2.91e-04
2026-04-05 22:43:49,266 | Epoch 1/3 | Step 14,800 | Loss: 2.4864 | LR: 2.91e-04
2026-04-05 22:43:56,789 | Epoch 1/3 | Step 14,900 | Loss: 2.5703 | LR: 2.91e-04
2026-04-05 22:44:04,296 | Epoch 1/3 | Step 15,000 | Loss: 2.7515 | LR: 2.91e-04
2026-04-05 22:45:08,283 |   EVAL | Loss: 2.5850 | Perplexity: 13.26
2026-04-05 22:45:08,400 |   NEW BEST
2026-04-05 22:45:15,912 | Epoch 1/3 | Step 15,100 | Loss: 2.6481 | LR: 2.91e-04
2026-04-05 22:45:23,431 | Epoch 1/3 | Step 15,200 | Loss: 2.4527 | LR: 2.91e-04
2026-04-05 22:45:30,942 | Epoch 1/3 | Step 15,300 | Loss: 2.8423 | LR: 2.90e-04
2026-04-05 22:45:38,440 | Epoch 1/3 | Step 15,400 | Loss: 2.6475 | LR: 2.90e-04
2026-04-05 22:45:45,955 | Epoch 1/3 | Step 15,500 | Loss: 2.6379 | LR: 2.90e-04
2026-04-05 22:45:53,458 | Epoch 1/3 | Step 15,600 | Loss: 2.7695 | LR: 2.90e-04
2026-04-05 22:46:00,964 | Epoch 1/3 | Step 15,700 | Loss: 2.5332 | LR: 2.90e-04
2026-04-05 22:46:08,465 | Epoch 1/3 | Step 15,800 | Loss: 2.6897 | LR: 2.90e-04
2026-04-05 22:46:15,965 | Epoch 1/3 | Step 15,900 | Loss: 2.6906 | LR: 2.90e-04
2026-04-05 22:46:23,464 | Epoch 1/3 | Step 16,000 | Loss: 2.5800 | LR: 2.90e-04
2026-04-05 22:47:27,152 |   EVAL | Loss: 2.5684 | Perplexity: 13.05
2026-04-05 22:47:27,335 |   NEW BEST
2026-04-05 22:47:34,829 | Epoch 1/3 | Step 16,100 | Loss: 2.5290 | LR: 2.89e-04
2026-04-05 22:47:42,315 | Epoch 1/3 | Step 16,200 | Loss: 2.7608 | LR: 2.89e-04
2026-04-05 22:47:49,796 | Epoch 1/3 | Step 16,300 | Loss: 2.6868 | LR: 2.89e-04
2026-04-05 22:47:57,281 | Epoch 1/3 | Step 16,400 | Loss: 2.4804 | LR: 2.89e-04
2026-04-05 22:48:04,773 | Epoch 1/3 | Step 16,500 | Loss: 2.7375 | LR: 2.89e-04
2026-04-05 22:48:12,268 | Epoch 1/3 | Step 16,600 | Loss: 2.4614 | LR: 2.89e-04
2026-04-05 22:48:19,760 | Epoch 1/3 | Step 16,700 | Loss: 2.4926 | LR: 2.89e-04
2026-04-05 22:48:27,266 | Epoch 1/3 | Step 16,800 | Loss: 2.5270 | LR: 2.88e-04
2026-04-05 22:48:34,760 | Epoch 1/3 | Step 16,900 | Loss: 2.4206 | LR: 2.88e-04
2026-04-05 22:48:42,250 | Epoch 1/3 | Step 17,000 | Loss: 2.6031 | LR: 2.88e-04
2026-04-05 22:49:47,046 |   EVAL | Loss: 2.5562 | Perplexity: 12.89
2026-04-05 22:49:47,154 |   NEW BEST
2026-04-05 22:49:54,649 | Epoch 1/3 | Step 17,100 | Loss: 2.4172 | LR: 2.88e-04
2026-04-05 22:50:02,138 | Epoch 1/3 | Step 17,200 | Loss: 2.6244 | LR: 2.88e-04
2026-04-05 22:50:09,975 | Epoch 1/3 | Step 17,300 | Loss: 2.8627 | LR: 2.88e-04
2026-04-05 22:50:17,473 | Epoch 1/3 | Step 17,400 | Loss: 2.4893 | LR: 2.87e-04
2026-04-05 22:50:24,974 | Epoch 1/3 | Step 17,500 | Loss: 2.7039 | LR: 2.87e-04
2026-04-05 22:50:32,466 | Epoch 1/3 | Step 17,600 | Loss: 2.6186 | LR: 2.87e-04
2026-04-05 22:50:39,975 | Epoch 1/3 | Step 17,700 | Loss: 2.4318 | LR: 2.87e-04
2026-04-05 22:50:47,469 | Epoch 1/3 | Step 17,800 | Loss: 2.5912 | LR: 2.87e-04
2026-04-05 22:50:54,968 | Epoch 1/3 | Step 17,900 | Loss: 2.5672 | LR: 2.87e-04
2026-04-05 22:51:02,464 | Epoch 1/3 | Step 18,000 | Loss: 2.6073 | LR: 2.87e-04
2026-04-05 22:52:06,131 |   EVAL | Loss: 2.5422 | Perplexity: 12.71
2026-04-05 22:52:06,247 |   NEW BEST
2026-04-05 22:52:13,733 | Epoch 1/3 | Step 18,100 | Loss: 2.4924 | LR: 2.86e-04
2026-04-05 22:52:21,216 | Epoch 1/3 | Step 18,200 | Loss: 2.4572 | LR: 2.86e-04
2026-04-05 22:52:28,701 | Epoch 1/3 | Step 18,300 | Loss: 2.5096 | LR: 2.86e-04
2026-04-05 22:52:36,189 | Epoch 1/3 | Step 18,400 | Loss: 2.5342 | LR: 2.86e-04
2026-04-05 22:52:43,675 | Epoch 1/3 | Step 18,500 | Loss: 2.3565 | LR: 2.86e-04
2026-04-05 22:52:51,164 | Epoch 1/3 | Step 18,600 | Loss: 2.4163 | LR: 2.86e-04
2026-04-05 22:52:58,659 | Epoch 1/3 | Step 18,700 | Loss: 2.6757 | LR: 2.85e-04
2026-04-05 22:53:06,152 | Epoch 1/3 | Step 18,800 | Loss: 2.4128 | LR: 2.85e-04
2026-04-05 22:53:13,656 | Epoch 1/3 | Step 18,900 | Loss: 2.3018 | LR: 2.85e-04
2026-04-05 22:53:21,152 | Epoch 1/3 | Step 19,000 | Loss: 2.5188 | LR: 2.85e-04
2026-04-05 22:54:25,026 |   EVAL | Loss: 2.5290 | Perplexity: 12.54
2026-04-05 22:54:25,169 |   NEW BEST
2026-04-05 22:54:32,690 | Epoch 1/3 | Step 19,100 | Loss: 2.7007 | LR: 2.85e-04
2026-04-05 22:54:40,213 | Epoch 1/3 | Step 19,200 | Loss: 2.5892 | LR: 2.85e-04
2026-04-05 22:54:47,727 | Epoch 1/3 | Step 19,300 | Loss: 2.3350 | LR: 2.84e-04
2026-04-05 22:54:55,236 | Epoch 1/3 | Step 19,400 | Loss: 2.5719 | LR: 2.84e-04
2026-04-05 22:55:02,743 | Epoch 1/3 | Step 19,500 | Loss: 2.6210 | LR: 2.84e-04
2026-04-05 22:55:10,252 | Epoch 1/3 | Step 19,600 | Loss: 2.5639 | LR: 2.84e-04
2026-04-05 22:55:17,755 | Epoch 1/3 | Step 19,700 | Loss: 2.4263 | LR: 2.84e-04
2026-04-05 22:55:25,253 | Epoch 1/3 | Step 19,800 | Loss: 2.3914 | LR: 2.84e-04
2026-04-05 22:55:32,751 | Epoch 1/3 | Step 19,900 | Loss: 2.5554 | LR: 2.83e-04
2026-04-05 22:55:40,253 | Epoch 1/3 | Step 20,000 | Loss: 2.4641 | LR: 2.83e-04
2026-04-05 22:56:44,227 |   EVAL | Loss: 2.5126 | Perplexity: 12.34
2026-04-05 22:56:44,354 |   NEW BEST
2026-04-05 22:56:51,860 | Epoch 1/3 | Step 20,100 | Loss: 2.4429 | LR: 2.83e-04
2026-04-05 22:56:59,365 | Epoch 1/3 | Step 20,200 | Loss: 2.3134 | LR: 2.83e-04
2026-04-05 22:57:06,863 | Epoch 1/3 | Step 20,300 | Loss: 2.4657 | LR: 2.83e-04
2026-04-05 22:57:14,356 | Epoch 1/3 | Step 20,400 | Loss: 2.2706 | LR: 2.83e-04
2026-04-05 22:57:21,852 | Epoch 1/3 | Step 20,500 | Loss: 2.5815 | LR: 2.82e-04
2026-04-05 22:57:29,341 | Epoch 1/3 | Step 20,600 | Loss: 2.5086 | LR: 2.82e-04
2026-04-05 22:57:36,832 | Epoch 1/3 | Step 20,700 | Loss: 2.6421 | LR: 2.82e-04
2026-04-05 22:57:44,320 | Epoch 1/3 | Step 20,800 | Loss: 2.5679 | LR: 2.82e-04
2026-04-05 22:57:51,811 | Epoch 1/3 | Step 20,900 | Loss: 2.5716 | LR: 2.82e-04
2026-04-05 22:57:59,304 | Epoch 1/3 | Step 21,000 | Loss: 2.7506 | LR: 2.82e-04
2026-04-05 22:59:03,046 |   EVAL | Loss: 2.5036 | Perplexity: 12.23
2026-04-05 22:59:03,157 |   NEW BEST
2026-04-05 22:59:10,682 | Epoch 1/3 | Step 21,100 | Loss: 2.4613 | LR: 2.81e-04
2026-04-05 22:59:18,187 | Epoch 1/3 | Step 21,200 | Loss: 2.3749 | LR: 2.81e-04
2026-04-05 22:59:25,692 | Epoch 1/3 | Step 21,300 | Loss: 2.5914 | LR: 2.81e-04
2026-04-05 22:59:33,192 | Epoch 1/3 | Step 21,400 | Loss: 2.3724 | LR: 2.81e-04
2026-04-05 22:59:40,693 | Epoch 1/3 | Step 21,500 | Loss: 2.3315 | LR: 2.81e-04
2026-04-05 22:59:48,183 | Epoch 1/3 | Step 21,600 | Loss: 2.5774 | LR: 2.80e-04
2026-04-05 22:59:55,674 | Epoch 1/3 | Step 21,700 | Loss: 2.6212 | LR: 2.80e-04
2026-04-05 23:00:03,192 | Epoch 1/3 | Step 21,800 | Loss: 2.5005 | LR: 2.80e-04
2026-04-05 23:00:10,729 | Epoch 1/3 | Step 21,900 | Loss: 2.4271 | LR: 2.80e-04
2026-04-05 23:00:18,266 | Epoch 1/3 | Step 22,000 | Loss: 2.5448 | LR: 2.80e-04
2026-04-05 23:01:22,315 |   EVAL | Loss: 2.4895 | Perplexity: 12.05
2026-04-05 23:01:22,437 |   NEW BEST
2026-04-05 23:01:29,956 | Epoch 1/3 | Step 22,100 | Loss: 2.3580 | LR: 2.79e-04
2026-04-05 23:01:37,482 | Epoch 1/3 | Step 22,200 | Loss: 2.4974 | LR: 2.79e-04
2026-04-05 23:01:45,024 | Epoch 1/3 | Step 22,300 | Loss: 2.5043 | LR: 2.79e-04
2026-04-05 23:01:52,545 | Epoch 1/3 | Step 22,400 | Loss: 2.5331 | LR: 2.79e-04
2026-04-05 23:02:00,083 | Epoch 1/3 | Step 22,500 | Loss: 2.4487 | LR: 2.79e-04
2026-04-05 23:02:07,622 | Epoch 1/3 | Step 22,600 | Loss: 2.4375 | LR: 2.79e-04
2026-04-05 23:02:15,160 | Epoch 1/3 | Step 22,700 | Loss: 2.5689 | LR: 2.78e-04
2026-04-05 23:02:22,691 | Epoch 1/3 | Step 22,800 | Loss: 2.4353 | LR: 2.78e-04
2026-04-05 23:02:30,202 | Epoch 1/3 | Step 22,900 | Loss: 2.5254 | LR: 2.78e-04
2026-04-05 23:02:37,706 | Epoch 1/3 | Step 23,000 | Loss: 2.3779 | LR: 2.78e-04
2026-04-05 23:03:41,587 |   EVAL | Loss: 2.4803 | Perplexity: 11.95
2026-04-05 23:03:41,703 |   NEW BEST
2026-04-05 23:03:49,208 | Epoch 1/3 | Step 23,100 | Loss: 2.4586 | LR: 2.78e-04
2026-04-05 23:03:56,707 | Epoch 1/3 | Step 23,200 | Loss: 2.3492 | LR: 2.77e-04
2026-04-05 23:04:04,206 | Epoch 1/3 | Step 23,300 | Loss: 2.4059 | LR: 2.77e-04
2026-04-05 23:04:11,708 | Epoch 1/3 | Step 23,400 | Loss: 2.4635 | LR: 2.77e-04
2026-04-05 23:04:19,208 | Epoch 1/3 | Step 23,500 | Loss: 2.4889 | LR: 2.77e-04
2026-04-05 23:04:26,702 | Epoch 1/3 | Step 23,600 | Loss: 2.3108 | LR: 2.77e-04
2026-04-05 23:04:34,197 | Epoch 1/3 | Step 23,700 | Loss: 2.4709 | LR: 2.76e-04
2026-04-05 23:04:41,687 | Epoch 1/3 | Step 23,800 | Loss: 2.3608 | LR: 2.76e-04
2026-04-05 23:04:49,178 | Epoch 1/3 | Step 23,900 | Loss: 2.5780 | LR: 2.76e-04
2026-04-05 23:04:56,666 | Epoch 1/3 | Step 24,000 | Loss: 2.2896 | LR: 2.76e-04
2026-04-05 23:06:00,238 |   EVAL | Loss: 2.4693 | Perplexity: 11.81
2026-04-05 23:06:00,360 |   NEW BEST
2026-04-05 23:06:07,850 | Epoch 1/3 | Step 24,100 | Loss: 2.4867 | LR: 2.76e-04
2026-04-05 23:06:15,354 | Epoch 1/3 | Step 24,200 | Loss: 2.5711 | LR: 2.75e-04
2026-04-05 23:06:22,836 | Epoch 1/3 | Step 24,300 | Loss: 2.3041 | LR: 2.75e-04
2026-04-05 23:06:30,315 | Epoch 1/3 | Step 24,400 | Loss: 2.5650 | LR: 2.75e-04
2026-04-05 23:06:37,812 | Epoch 1/3 | Step 24,500 | Loss: 2.3356 | LR: 2.75e-04
2026-04-05 23:06:45,293 | Epoch 1/3 | Step 24,600 | Loss: 2.3901 | LR: 2.74e-04
2026-04-05 23:06:52,774 | Epoch 1/3 | Step 24,700 | Loss: 2.2874 | LR: 2.74e-04
2026-04-05 23:07:00,255 | Epoch 1/3 | Step 24,800 | Loss: 2.2957 | LR: 2.74e-04
2026-04-05 23:07:07,743 | Epoch 1/3 | Step 24,900 | Loss: 2.3902 | LR: 2.74e-04
2026-04-05 23:07:15,232 | Epoch 1/3 | Step 25,000 | Loss: 2.6059 | LR: 2.74e-04
2026-04-05 23:08:18,660 |   EVAL | Loss: 2.4586 | Perplexity: 11.69
2026-04-05 23:08:18,803 |   NEW BEST
2026-04-05 23:08:26,312 | Epoch 1/3 | Step 25,100 | Loss: 2.3482 | LR: 2.73e-04
2026-04-05 23:08:33,816 | Epoch 1/3 | Step 25,200 | Loss: 2.4932 | LR: 2.73e-04
2026-04-05 23:08:41,316 | Epoch 1/3 | Step 25,300 | Loss: 2.4713 | LR: 2.73e-04
2026-04-05 23:08:48,814 | Epoch 1/3 | Step 25,400 | Loss: 2.3315 | LR: 2.73e-04
2026-04-05 23:08:56,327 | Epoch 1/3 | Step 25,500 | Loss: 2.3839 | LR: 2.73e-04
2026-04-05 23:09:03,826 | Epoch 1/3 | Step 25,600 | Loss: 2.6614 | LR: 2.72e-04
2026-04-05 23:09:11,319 | Epoch 1/3 | Step 25,700 | Loss: 2.6558 | LR: 2.72e-04
2026-04-05 23:09:18,811 | Epoch 1/3 | Step 25,800 | Loss: 2.4289 | LR: 2.72e-04
2026-04-05 23:09:26,301 | Epoch 1/3 | Step 25,900 | Loss: 2.4359 | LR: 2.72e-04
2026-04-05 23:09:33,817 | Epoch 1/3 | Step 26,000 | Loss: 2.4338 | LR: 2.71e-04
2026-04-05 23:10:37,453 |   EVAL | Loss: 2.4528 | Perplexity: 11.62
2026-04-05 23:10:37,571 |   NEW BEST
2026-04-05 23:10:45,069 | Epoch 1/3 | Step 26,100 | Loss: 2.6225 | LR: 2.71e-04
2026-04-05 23:10:52,567 | Epoch 1/3 | Step 26,200 | Loss: 2.4013 | LR: 2.71e-04
2026-04-05 23:11:00,058 | Epoch 1/3 | Step 26,300 | Loss: 2.3451 | LR: 2.71e-04
2026-04-05 23:11:07,548 | Epoch 1/3 | Step 26,400 | Loss: 2.2563 | LR: 2.71e-04
2026-04-05 23:11:15,043 | Epoch 1/3 | Step 26,500 | Loss: 2.5545 | LR: 2.70e-04
2026-04-05 23:11:22,557 | Epoch 1/3 | Step 26,600 | Loss: 2.5570 | LR: 2.70e-04
2026-04-05 23:11:30,068 | Epoch 1/3 | Step 26,700 | Loss: 2.4310 | LR: 2.70e-04
2026-04-05 23:11:37,575 | Epoch 1/3 | Step 26,800 | Loss: 2.5792 | LR: 2.70e-04
2026-04-05 23:11:45,089 | Epoch 1/3 | Step 26,900 | Loss: 2.5998 | LR: 2.69e-04
2026-04-05 23:11:52,586 | Epoch 1/3 | Step 27,000 | Loss: 2.5956 | LR: 2.69e-04
2026-04-05 23:12:56,215 |   EVAL | Loss: 2.4390 | Perplexity: 11.46
2026-04-05 23:12:56,336 |   NEW BEST
2026-04-05 23:13:03,836 | Epoch 1/3 | Step 27,100 | Loss: 2.4088 | LR: 2.69e-04
2026-04-05 23:13:11,328 | Epoch 1/3 | Step 27,200 | Loss: 2.3253 | LR: 2.69e-04
2026-04-05 23:13:18,820 | Epoch 1/3 | Step 27,300 | Loss: 2.3917 | LR: 2.69e-04
2026-04-05 23:13:26,318 | Epoch 1/3 | Step 27,400 | Loss: 2.5315 | LR: 2.68e-04
2026-04-05 23:13:33,833 | Epoch 1/3 | Step 27,500 | Loss: 2.5937 | LR: 2.68e-04
2026-04-05 23:13:41,337 | Epoch 1/3 | Step 27,600 | Loss: 2.4002 | LR: 2.68e-04
2026-04-05 23:13:48,837 | Epoch 1/3 | Step 27,700 | Loss: 2.3440 | LR: 2.68e-04
2026-04-05 23:13:56,340 | Epoch 1/3 | Step 27,800 | Loss: 2.3272 | LR: 2.67e-04
2026-04-05 23:14:03,841 | Epoch 1/3 | Step 27,900 | Loss: 2.4554 | LR: 2.67e-04
2026-04-05 23:14:11,336 | Epoch 1/3 | Step 28,000 | Loss: 2.3998 | LR: 2.67e-04
2026-04-05 23:15:15,019 |   EVAL | Loss: 2.4377 | Perplexity: 11.45
2026-04-05 23:15:15,146 |   NEW BEST
2026-04-05 23:15:22,633 | Epoch 1/3 | Step 28,100 | Loss: 2.3431 | LR: 2.67e-04
2026-04-05 23:15:30,123 | Epoch 1/3 | Step 28,200 | Loss: 2.3117 | LR: 2.66e-04
2026-04-05 23:15:37,617 | Epoch 1/3 | Step 28,300 | Loss: 2.5592 | LR: 2.66e-04
2026-04-05 23:15:45,102 | Epoch 1/3 | Step 28,400 | Loss: 2.4563 | LR: 2.66e-04
2026-04-05 23:15:52,600 | Epoch 1/3 | Step 28,500 | Loss: 2.5659 | LR: 2.66e-04
2026-04-05 23:16:00,103 | Epoch 1/3 | Step 28,600 | Loss: 2.3522 | LR: 2.65e-04
2026-04-05 23:16:07,598 | Epoch 1/3 | Step 28,700 | Loss: 2.5029 | LR: 2.65e-04
2026-04-05 23:16:15,092 | Epoch 1/3 | Step 28,800 | Loss: 2.5266 | LR: 2.65e-04
2026-04-05 23:16:22,578 | Epoch 1/3 | Step 28,900 | Loss: 2.7537 | LR: 2.65e-04
2026-04-05 23:16:30,057 | Epoch 1/3 | Step 29,000 | Loss: 2.1809 | LR: 2.64e-04
2026-04-05 23:17:33,726 |   EVAL | Loss: 2.4252 | Perplexity: 11.30
2026-04-05 23:17:33,842 |   NEW BEST
2026-04-05 23:17:41,359 | Epoch 1/3 | Step 29,100 | Loss: 2.2772 | LR: 2.64e-04
2026-04-05 23:17:48,868 | Epoch 1/3 | Step 29,200 | Loss: 2.2923 | LR: 2.64e-04
2026-04-05 23:17:56,376 | Epoch 1/3 | Step 29,300 | Loss: 2.2813 | LR: 2.64e-04
2026-04-05 23:18:03,882 | Epoch 1/3 | Step 29,400 | Loss: 2.3741 | LR: 2.63e-04
2026-04-05 23:18:11,384 | Epoch 1/3 | Step 29,500 | Loss: 2.2705 | LR: 2.63e-04
2026-04-05 23:18:18,882 | Epoch 1/3 | Step 29,600 | Loss: 2.4696 | LR: 2.63e-04
2026-04-05 23:18:26,380 | Epoch 1/3 | Step 29,700 | Loss: 2.3614 | LR: 2.63e-04
2026-04-05 23:18:33,890 | Epoch 1/3 | Step 29,800 | Loss: 2.3579 | LR: 2.63e-04
2026-04-05 23:18:41,398 | Epoch 1/3 | Step 29,900 | Loss: 2.5404 | LR: 2.62e-04
2026-04-05 23:18:48,928 | Epoch 1/3 | Step 30,000 | Loss: 2.4674 | LR: 2.62e-04
2026-04-05 23:19:52,740 |   EVAL | Loss: 2.4188 | Perplexity: 11.23
2026-04-05 23:19:52,844 |   NEW BEST
2026-04-05 23:20:00,354 | Epoch 1/3 | Step 30,100 | Loss: 2.4252 | LR: 2.62e-04
2026-04-05 23:20:07,874 | Epoch 1/3 | Step 30,200 | Loss: 2.5242 | LR: 2.62e-04
2026-04-05 23:20:15,376 | Epoch 1/3 | Step 30,300 | Loss: 2.5253 | LR: 2.61e-04
2026-04-05 23:20:22,889 | Epoch 1/3 | Step 30,400 | Loss: 2.2751 | LR: 2.61e-04
2026-04-05 23:20:30,446 | Epoch 1/3 | Step 30,500 | Loss: 2.3267 | LR: 2.61e-04
2026-04-05 23:20:37,988 | Epoch 1/3 | Step 30,600 | Loss: 2.4399 | LR: 2.60e-04
2026-04-05 23:20:45,524 | Epoch 1/3 | Step 30,700 | Loss: 2.4885 | LR: 2.60e-04
2026-04-05 23:20:53,054 | Epoch 1/3 | Step 30,800 | Loss: 2.3656 | LR: 2.60e-04
2026-04-05 23:21:00,580 | Epoch 1/3 | Step 30,900 | Loss: 2.5108 | LR: 2.60e-04
2026-04-05 23:21:08,105 | Epoch 1/3 | Step 31,000 | Loss: 2.4953 | LR: 2.59e-04
2026-04-05 23:22:11,949 |   EVAL | Loss: 2.4118 | Perplexity: 11.15
2026-04-05 23:22:12,071 |   NEW BEST
2026-04-05 23:22:19,584 | Epoch 1/3 | Step 31,100 | Loss: 2.4847 | LR: 2.59e-04
2026-04-05 23:22:27,095 | Epoch 1/3 | Step 31,200 | Loss: 2.2849 | LR: 2.59e-04
2026-04-05 23:22:34,596 | Epoch 1/3 | Step 31,300 | Loss: 2.3935 | LR: 2.59e-04
2026-04-05 23:22:42,094 | Epoch 1/3 | Step 31,400 | Loss: 2.4050 | LR: 2.58e-04
2026-04-05 23:22:49,598 | Epoch 1/3 | Step 31,500 | Loss: 2.4182 | LR: 2.58e-04
2026-04-05 23:22:57,101 | Epoch 1/3 | Step 31,600 | Loss: 2.3301 | LR: 2.58e-04
2026-04-05 23:23:04,606 | Epoch 1/3 | Step 31,700 | Loss: 2.4256 | LR: 2.58e-04
2026-04-05 23:23:12,104 | Epoch 1/3 | Step 31,800 | Loss: 2.3173 | LR: 2.57e-04
2026-04-05 23:23:19,602 | Epoch 1/3 | Step 31,900 | Loss: 2.5370 | LR: 2.57e-04
2026-04-05 23:23:27,097 | Epoch 1/3 | Step 32,000 | Loss: 2.2759 | LR: 2.57e-04
2026-04-05 23:24:30,739 |   EVAL | Loss: 2.4047 | Perplexity: 11.08
2026-04-05 23:24:30,854 |   NEW BEST
2026-04-05 23:24:38,361 | Epoch 1/3 | Step 32,100 | Loss: 2.3102 | LR: 2.57e-04
2026-04-05 23:24:45,853 | Epoch 1/3 | Step 32,200 | Loss: 2.4888 | LR: 2.56e-04
2026-04-05 23:24:53,346 | Epoch 1/3 | Step 32,300 | Loss: 2.3615 | LR: 2.56e-04
2026-04-05 23:25:00,839 | Epoch 1/3 | Step 32,400 | Loss: 2.5065 | LR: 2.56e-04
2026-04-05 23:25:08,329 | Epoch 1/3 | Step 32,500 | Loss: 2.2891 | LR: 2.56e-04
2026-04-05 23:25:15,819 | Epoch 1/3 | Step 32,600 | Loss: 2.4970 | LR: 2.55e-04
2026-04-05 23:25:23,310 | Epoch 1/3 | Step 32,700 | Loss: 2.4489 | LR: 2.55e-04
2026-04-05 23:25:30,802 | Epoch 1/3 | Step 32,800 | Loss: 2.1725 | LR: 2.55e-04
2026-04-05 23:25:38,293 | Epoch 1/3 | Step 32,900 | Loss: 2.3229 | LR: 2.54e-04
2026-04-05 23:25:45,788 | Epoch 1/3 | Step 33,000 | Loss: 2.3329 | LR: 2.54e-04
2026-04-05 23:26:49,679 |   EVAL | Loss: 2.3979 | Perplexity: 11.00
2026-04-05 23:26:49,788 |   NEW BEST
2026-04-05 23:26:57,298 | Epoch 1/3 | Step 33,100 | Loss: 2.4760 | LR: 2.54e-04
2026-04-05 23:27:04,811 | Epoch 1/3 | Step 33,200 | Loss: 2.4130 | LR: 2.54e-04
2026-04-05 23:27:12,327 | Epoch 1/3 | Step 33,300 | Loss: 2.6035 | LR: 2.53e-04
2026-04-05 23:27:19,831 | Epoch 1/3 | Step 33,400 | Loss: 2.4480 | LR: 2.53e-04
2026-04-05 23:27:27,335 | Epoch 1/3 | Step 33,500 | Loss: 2.2818 | LR: 2.53e-04
2026-04-05 23:27:34,828 | Epoch 1/3 | Step 33,600 | Loss: 2.3157 | LR: 2.53e-04
2026-04-05 23:27:42,334 | Epoch 1/3 | Step 33,700 | Loss: 2.3643 | LR: 2.52e-04
2026-04-05 23:27:49,831 | Epoch 1/3 | Step 33,800 | Loss: 2.4104 | LR: 2.52e-04
2026-04-05 23:27:57,337 | Epoch 1/3 | Step 33,900 | Loss: 2.3894 | LR: 2.52e-04
2026-04-05 23:28:04,832 | Epoch 1/3 | Step 34,000 | Loss: 2.2902 | LR: 2.51e-04
2026-04-05 23:29:08,462 |   EVAL | Loss: 2.3938 | Perplexity: 10.95
2026-04-05 23:29:08,579 |   NEW BEST
2026-04-05 23:29:16,078 | Epoch 1/3 | Step 34,100 | Loss: 2.3778 | LR: 2.51e-04
2026-04-05 23:29:23,593 | Epoch 1/3 | Step 34,200 | Loss: 2.2399 | LR: 2.51e-04
2026-04-05 23:29:31,086 | Epoch 1/3 | Step 34,300 | Loss: 2.5001 | LR: 2.51e-04
2026-04-05 23:29:38,583 | Epoch 1/3 | Step 34,400 | Loss: 2.3198 | LR: 2.50e-04
2026-04-05 23:29:46,084 | Epoch 1/3 | Step 34,500 | Loss: 2.2724 | LR: 2.50e-04
2026-04-05 23:29:53,595 | Epoch 1/3 | Step 34,600 | Loss: 2.4813 | LR: 2.50e-04
2026-04-05 23:30:01,129 | Epoch 1/3 | Step 34,700 | Loss: 2.2623 | LR: 2.49e-04
2026-04-05 23:30:08,656 | Epoch 1/3 | Step 34,800 | Loss: 2.3390 | LR: 2.49e-04
2026-04-05 23:30:16,170 | Epoch 1/3 | Step 34,900 | Loss: 2.3184 | LR: 2.49e-04
2026-04-05 23:30:23,694 | Epoch 1/3 | Step 35,000 | Loss: 2.3266 | LR: 2.49e-04
2026-04-05 23:31:27,604 |   EVAL | Loss: 2.3895 | Perplexity: 10.91
2026-04-05 23:31:27,715 |   NEW BEST
2026-04-05 23:31:35,256 | Epoch 1/3 | Step 35,100 | Loss: 2.4270 | LR: 2.48e-04
2026-04-05 23:31:42,772 | Epoch 1/3 | Step 35,200 | Loss: 2.3729 | LR: 2.48e-04
2026-04-05 23:31:50,280 | Epoch 1/3 | Step 35,300 | Loss: 2.3088 | LR: 2.48e-04
2026-04-05 23:31:57,772 | Epoch 1/3 | Step 35,400 | Loss: 2.4517 | LR: 2.48e-04
2026-04-05 23:32:05,269 | Epoch 1/3 | Step 35,500 | Loss: 2.3589 | LR: 2.47e-04
2026-04-05 23:32:12,768 | Epoch 1/3 | Step 35,600 | Loss: 2.4101 | LR: 2.47e-04
2026-04-05 23:32:20,275 | Epoch 1/3 | Step 35,700 | Loss: 2.4347 | LR: 2.47e-04
2026-04-05 23:32:27,773 | Epoch 1/3 | Step 35,800 | Loss: 2.4643 | LR: 2.46e-04
2026-04-05 23:32:35,281 | Epoch 1/3 | Step 35,900 | Loss: 2.3884 | LR: 2.46e-04
2026-04-05 23:32:42,784 | Epoch 1/3 | Step 36,000 | Loss: 2.3688 | LR: 2.46e-04
2026-04-05 23:33:46,840 |   EVAL | Loss: 2.3802 | Perplexity: 10.81
2026-04-05 23:33:46,959 |   NEW BEST
2026-04-05 23:33:54,485 | Epoch 1/3 | Step 36,100 | Loss: 2.3883 | LR: 2.45e-04
2026-04-05 23:34:01,999 | Epoch 1/3 | Step 36,200 | Loss: 2.4510 | LR: 2.45e-04
2026-04-05 23:34:09,505 | Epoch 1/3 | Step 36,300 | Loss: 2.1676 | LR: 2.45e-04
2026-04-05 23:34:17,010 | Epoch 1/3 | Step 36,400 | Loss: 2.2458 | LR: 2.45e-04
2026-04-05 23:34:24,520 | Epoch 1/3 | Step 36,500 | Loss: 2.4999 | LR: 2.44e-04
2026-04-05 23:34:32,021 | Epoch 1/3 | Step 36,600 | Loss: 2.3211 | LR: 2.44e-04
2026-04-05 23:34:39,530 | Epoch 1/3 | Step 36,700 | Loss: 2.2218 | LR: 2.44e-04
2026-04-05 23:34:47,033 | Epoch 1/3 | Step 36,800 | Loss: 2.4019 | LR: 2.43e-04
2026-04-05 23:34:54,542 | Epoch 1/3 | Step 36,900 | Loss: 2.3070 | LR: 2.43e-04
2026-04-05 23:35:02,042 | Epoch 1/3 | Step 37,000 | Loss: 2.3901 | LR: 2.43e-04
2026-04-05 23:36:05,859 |   EVAL | Loss: 2.3756 | Perplexity: 10.76
2026-04-05 23:36:05,970 |   NEW BEST
2026-04-05 23:36:13,467 | Epoch 1/3 | Step 37,100 | Loss: 2.5345 | LR: 2.43e-04
2026-04-05 23:36:20,967 | Epoch 1/3 | Step 37,200 | Loss: 2.2504 | LR: 2.42e-04
2026-04-05 23:36:28,498 | Epoch 1/3 | Step 37,300 | Loss: 2.2553 | LR: 2.42e-04
2026-04-05 23:36:36,047 | Epoch 1/3 | Step 37,400 | Loss: 2.4057 | LR: 2.42e-04
2026-04-05 23:36:43,568 | Epoch 1/3 | Step 37,500 | Loss: 2.2521 | LR: 2.41e-04
2026-04-05 23:36:51,080 | Epoch 1/3 | Step 37,600 | Loss: 2.2384 | LR: 2.41e-04
2026-04-05 23:36:58,590 | Epoch 1/3 | Step 37,700 | Loss: 2.3031 | LR: 2.41e-04
2026-04-05 23:37:06,088 | Epoch 1/3 | Step 37,800 | Loss: 2.3141 | LR: 2.40e-04
2026-04-05 23:37:13,591 | Epoch 1/3 | Step 37,900 | Loss: 2.2747 | LR: 2.40e-04
2026-04-05 23:37:21,115 | Epoch 1/3 | Step 38,000 | Loss: 2.2220 | LR: 2.40e-04
2026-04-05 23:38:24,766 |   EVAL | Loss: 2.3678 | Perplexity: 10.67
2026-04-05 23:38:24,880 |   NEW BEST
2026-04-05 23:38:32,375 | Epoch 1/3 | Step 38,100 | Loss: 2.4138 | LR: 2.40e-04
2026-04-05 23:38:39,877 | Epoch 1/3 | Step 38,200 | Loss: 2.6346 | LR: 2.39e-04
2026-04-05 23:38:47,380 | Epoch 1/3 | Step 38,300 | Loss: 2.2693 | LR: 2.39e-04
2026-04-05 23:38:54,869 | Epoch 1/3 | Step 38,400 | Loss: 2.3575 | LR: 2.39e-04
2026-04-05 23:39:02,379 | Epoch 1/3 | Step 38,500 | Loss: 2.4618 | LR: 2.38e-04
2026-04-05 23:39:09,878 | Epoch 1/3 | Step 38,600 | Loss: 2.1586 | LR: 2.38e-04
2026-04-05 23:39:17,371 | Epoch 1/3 | Step 38,700 | Loss: 2.4361 | LR: 2.38e-04
2026-04-05 23:39:24,869 | Epoch 1/3 | Step 38,800 | Loss: 2.4520 | LR: 2.37e-04
2026-04-05 23:39:32,372 | Epoch 1/3 | Step 38,900 | Loss: 2.3857 | LR: 2.37e-04
2026-04-05 23:39:39,867 | Epoch 1/3 | Step 39,000 | Loss: 2.3328 | LR: 2.37e-04
2026-04-05 23:40:43,585 |   EVAL | Loss: 2.3599 | Perplexity: 10.59
2026-04-05 23:40:43,711 |   NEW BEST
2026-04-05 23:40:51,237 | Epoch 1/3 | Step 39,100 | Loss: 2.3186 | LR: 2.37e-04
2026-04-05 23:40:58,774 | Epoch 1/3 | Step 39,200 | Loss: 2.3554 | LR: 2.36e-04
2026-04-05 23:41:06,302 | Epoch 1/3 | Step 39,300 | Loss: 2.3925 | LR: 2.36e-04
2026-04-05 23:41:13,824 | Epoch 1/3 | Step 39,400 | Loss: 2.3848 | LR: 2.36e-04
2026-04-05 23:41:21,342 | Epoch 1/3 | Step 39,500 | Loss: 2.2046 | LR: 2.35e-04
2026-04-05 23:41:28,853 | Epoch 1/3 | Step 39,600 | Loss: 2.3008 | LR: 2.35e-04
2026-04-05 23:41:36,354 | Epoch 1/3 | Step 39,700 | Loss: 2.5955 | LR: 2.35e-04
2026-04-05 23:41:43,850 | Epoch 1/3 | Step 39,800 | Loss: 2.3083 | LR: 2.34e-04
2026-04-05 23:41:51,346 | Epoch 1/3 | Step 39,900 | Loss: 2.5197 | LR: 2.34e-04
2026-04-05 23:41:58,845 | Epoch 1/3 | Step 40,000 | Loss: 2.2097 | LR: 2.34e-04
2026-04-05 23:43:02,583 |   EVAL | Loss: 2.3565 | Perplexity: 10.55
2026-04-05 23:43:02,702 |   NEW BEST
2026-04-05 23:43:10,211 | Epoch 1/3 | Step 40,100 | Loss: 2.5360 | LR: 2.33e-04
2026-04-05 23:43:17,747 | Epoch 1/3 | Step 40,200 | Loss: 2.5756 | LR: 2.33e-04
2026-04-05 23:43:25,293 | Epoch 1/3 | Step 40,300 | Loss: 2.3339 | LR: 2.33e-04
2026-04-05 23:43:32,815 | Epoch 1/3 | Step 40,400 | Loss: 2.3874 | LR: 2.32e-04
2026-04-05 23:43:40,352 | Epoch 1/3 | Step 40,500 | Loss: 2.4585 | LR: 2.32e-04
2026-04-05 23:43:47,867 | Epoch 1/3 | Step 40,600 | Loss: 2.3698 | LR: 2.32e-04
2026-04-05 23:43:55,375 | Epoch 1/3 | Step 40,700 | Loss: 2.4501 | LR: 2.32e-04
2026-04-05 23:44:02,879 | Epoch 1/3 | Step 40,800 | Loss: 2.2746 | LR: 2.31e-04
2026-04-05 23:44:10,378 | Epoch 1/3 | Step 40,900 | Loss: 2.3234 | LR: 2.31e-04
2026-04-05 23:44:17,884 | Epoch 1/3 | Step 41,000 | Loss: 2.3644 | LR: 2.31e-04
2026-04-05 23:45:21,508 |   EVAL | Loss: 2.3532 | Perplexity: 10.52
2026-04-05 23:45:21,653 |   NEW BEST
2026-04-05 23:45:29,150 | Epoch 1/3 | Step 41,100 | Loss: 2.3414 | LR: 2.30e-04
2026-04-05 23:45:36,640 | Epoch 1/3 | Step 41,200 | Loss: 2.3387 | LR: 2.30e-04
2026-04-05 23:45:44,136 | Epoch 1/3 | Step 41,300 | Loss: 2.2001 | LR: 2.30e-04
2026-04-05 23:45:51,628 | Epoch 1/3 | Step 41,400 | Loss: 2.3220 | LR: 2.29e-04
2026-04-05 23:45:59,124 | Epoch 1/3 | Step 41,500 | Loss: 2.4213 | LR: 2.29e-04
2026-04-05 23:46:06,616 | Epoch 1/3 | Step 41,600 | Loss: 2.4126 | LR: 2.29e-04
2026-04-05 23:46:14,135 | Epoch 1/3 | Step 41,700 | Loss: 2.5140 | LR: 2.28e-04
2026-04-05 23:46:21,626 | Epoch 1/3 | Step 41,800 | Loss: 2.4861 | LR: 2.28e-04
2026-04-05 23:46:29,110 | Epoch 1/3 | Step 41,900 | Loss: 2.2672 | LR: 2.28e-04
2026-04-05 23:46:36,602 | Epoch 1/3 | Step 42,000 | Loss: 2.2879 | LR: 2.27e-04
2026-04-05 23:47:40,394 |   EVAL | Loss: 2.3472 | Perplexity: 10.46
2026-04-05 23:47:40,513 |   NEW BEST
2026-04-05 23:47:45,677 | Epoch 1 complete | Avg loss: 2.6758 | Time: 97.4m
2026-04-05 23:47:48,358 | Epoch 2/3 | Step 42,100 | Loss: 2.4963 | LR: 2.27e-04
2026-04-05 23:47:55,882 | Epoch 2/3 | Step 42,200 | Loss: 2.3327 | LR: 2.27e-04
2026-04-05 23:48:03,392 | Epoch 2/3 | Step 42,300 | Loss: 2.2422 | LR: 2.26e-04
2026-04-05 23:48:10,906 | Epoch 2/3 | Step 42,400 | Loss: 2.3136 | LR: 2.26e-04
2026-04-05 23:48:18,422 | Epoch 2/3 | Step 42,500 | Loss: 2.1353 | LR: 2.26e-04
2026-04-05 23:48:25,927 | Epoch 2/3 | Step 42,600 | Loss: 2.1899 | LR: 2.25e-04
2026-04-05 23:48:33,451 | Epoch 2/3 | Step 42,700 | Loss: 2.1931 | LR: 2.25e-04
2026-04-05 23:48:40,951 | Epoch 2/3 | Step 42,800 | Loss: 2.3112 | LR: 2.25e-04
2026-04-05 23:48:48,450 | Epoch 2/3 | Step 42,900 | Loss: 2.2331 | LR: 2.24e-04
2026-04-05 23:48:55,947 | Epoch 2/3 | Step 43,000 | Loss: 2.2307 | LR: 2.24e-04
2026-04-05 23:49:59,782 |   EVAL | Loss: 2.3406 | Perplexity: 10.39
2026-04-05 23:49:59,893 |   NEW BEST
2026-04-05 23:50:07,411 | Epoch 2/3 | Step 43,100 | Loss: 2.4340 | LR: 2.24e-04
2026-04-05 23:50:14,909 | Epoch 2/3 | Step 43,200 | Loss: 2.2409 | LR: 2.23e-04
2026-04-05 23:50:22,409 | Epoch 2/3 | Step 43,300 | Loss: 2.4332 | LR: 2.23e-04
2026-04-05 23:50:29,948 | Epoch 2/3 | Step 43,400 | Loss: 2.1297 | LR: 2.23e-04
2026-04-05 23:50:37,464 | Epoch 2/3 | Step 43,500 | Loss: 2.4791 | LR: 2.22e-04
2026-04-05 23:50:44,991 | Epoch 2/3 | Step 43,600 | Loss: 2.3489 | LR: 2.22e-04
2026-04-05 23:50:52,503 | Epoch 2/3 | Step 43,700 | Loss: 2.1094 | LR: 2.22e-04
2026-04-05 23:51:00,001 | Epoch 2/3 | Step 43,800 | Loss: 2.3165 | LR: 2.21e-04
2026-04-05 23:51:07,526 | Epoch 2/3 | Step 43,900 | Loss: 2.5000 | LR: 2.21e-04
2026-04-05 23:51:15,031 | Epoch 2/3 | Step 44,000 | Loss: 2.2871 | LR: 2.21e-04
2026-04-05 23:52:18,782 |   EVAL | Loss: 2.3325 | Perplexity: 10.30
2026-04-05 23:52:18,903 |   NEW BEST
2026-04-05 23:52:26,406 | Epoch 2/3 | Step 44,100 | Loss: 2.3790 | LR: 2.21e-04
2026-04-05 23:52:33,926 | Epoch 2/3 | Step 44,200 | Loss: 2.3589 | LR: 2.20e-04
2026-04-05 23:52:41,431 | Epoch 2/3 | Step 44,300 | Loss: 2.2559 | LR: 2.20e-04
2026-04-05 23:52:48,933 | Epoch 2/3 | Step 44,400 | Loss: 2.3083 | LR: 2.20e-04
2026-04-05 23:52:56,434 | Epoch 2/3 | Step 44,500 | Loss: 2.3723 | LR: 2.19e-04
2026-04-05 23:53:03,932 | Epoch 2/3 | Step 44,600 | Loss: 2.3158 | LR: 2.19e-04
2026-04-05 23:53:11,438 | Epoch 2/3 | Step 44,700 | Loss: 2.4094 | LR: 2.19e-04
2026-04-05 23:53:18,945 | Epoch 2/3 | Step 44,800 | Loss: 2.2346 | LR: 2.18e-04
2026-04-05 23:53:26,446 | Epoch 2/3 | Step 44,900 | Loss: 2.2654 | LR: 2.18e-04
2026-04-05 23:53:33,941 | Epoch 2/3 | Step 45,000 | Loss: 2.2637 | LR: 2.17e-04
2026-04-05 23:54:37,499 |   EVAL | Loss: 2.3315 | Perplexity: 10.29
2026-04-05 23:54:37,619 |   NEW BEST
2026-04-05 23:54:45,112 | Epoch 2/3 | Step 45,100 | Loss: 2.2338 | LR: 2.17e-04
2026-04-05 23:54:52,604 | Epoch 2/3 | Step 45,200 | Loss: 2.3297 | LR: 2.17e-04
2026-04-05 23:55:00,099 | Epoch 2/3 | Step 45,300 | Loss: 2.3829 | LR: 2.16e-04
2026-04-05 23:55:07,591 | Epoch 2/3 | Step 45,400 | Loss: 2.4193 | LR: 2.16e-04
2026-04-05 23:55:15,080 | Epoch 2/3 | Step 45,500 | Loss: 2.5051 | LR: 2.16e-04
2026-04-05 23:55:22,568 | Epoch 2/3 | Step 45,600 | Loss: 2.1130 | LR: 2.15e-04
2026-04-05 23:55:30,058 | Epoch 2/3 | Step 45,700 | Loss: 2.2902 | LR: 2.15e-04
2026-04-05 23:55:37,559 | Epoch 2/3 | Step 45,800 | Loss: 2.3184 | LR: 2.15e-04
2026-04-05 23:55:45,071 | Epoch 2/3 | Step 45,900 | Loss: 2.2898 | LR: 2.14e-04
2026-04-05 23:55:52,570 | Epoch 2/3 | Step 46,000 | Loss: 2.4296 | LR: 2.14e-04
2026-04-05 23:56:56,636 |   EVAL | Loss: 2.3270 | Perplexity: 10.25
2026-04-05 23:56:56,751 |   NEW BEST
2026-04-05 23:57:04,268 | Epoch 2/3 | Step 46,100 | Loss: 2.2195 | LR: 2.14e-04
2026-04-05 23:57:11,790 | Epoch 2/3 | Step 46,200 | Loss: 2.3178 | LR: 2.13e-04
2026-04-05 23:57:19,296 | Epoch 2/3 | Step 46,300 | Loss: 2.5088 | LR: 2.13e-04
2026-04-05 23:57:26,809 | Epoch 2/3 | Step 46,400 | Loss: 2.1418 | LR: 2.13e-04
2026-04-05 23:57:34,318 | Epoch 2/3 | Step 46,500 | Loss: 2.3984 | LR: 2.12e-04
2026-04-05 23:57:41,823 | Epoch 2/3 | Step 46,600 | Loss: 2.3135 | LR: 2.12e-04
2026-04-05 23:57:49,322 | Epoch 2/3 | Step 46,700 | Loss: 2.2618 | LR: 2.12e-04
2026-04-05 23:57:56,844 | Epoch 2/3 | Step 46,800 | Loss: 2.2364 | LR: 2.11e-04
2026-04-05 23:58:04,349 | Epoch 2/3 | Step 46,900 | Loss: 2.0358 | LR: 2.11e-04
2026-04-05 23:58:11,849 | Epoch 2/3 | Step 47,000 | Loss: 2.2296 | LR: 2.11e-04
2026-04-05 23:59:15,623 |   EVAL | Loss: 2.3247 | Perplexity: 10.22
2026-04-05 23:59:15,728 |   NEW BEST
2026-04-05 23:59:23,232 | Epoch 2/3 | Step 47,100 | Loss: 2.4710 | LR: 2.10e-04
2026-04-05 23:59:30,730 | Epoch 2/3 | Step 47,200 | Loss: 2.0787 | LR: 2.10e-04
2026-04-05 23:59:38,221 | Epoch 2/3 | Step 47,300 | Loss: 2.4508 | LR: 2.10e-04
2026-04-05 23:59:45,720 | Epoch 2/3 | Step 47,400 | Loss: 2.2838 | LR: 2.09e-04
2026-04-05 23:59:53,216 | Epoch 2/3 | Step 47,500 | Loss: 2.3254 | LR: 2.09e-04
2026-04-06 00:00:00,712 | Epoch 2/3 | Step 47,600 | Loss: 2.2194 | LR: 2.09e-04
2026-04-06 00:00:08,226 | Epoch 2/3 | Step 47,700 | Loss: 2.2486 | LR: 2.08e-04
2026-04-06 00:00:15,728 | Epoch 2/3 | Step 47,800 | Loss: 2.3180 | LR: 2.08e-04
2026-04-06 00:00:23,229 | Epoch 2/3 | Step 47,900 | Loss: 2.1667 | LR: 2.08e-04
2026-04-06 00:00:30,721 | Epoch 2/3 | Step 48,000 | Loss: 2.2531 | LR: 2.07e-04
2026-04-06 00:01:34,990 |   EVAL | Loss: 2.3172 | Perplexity: 10.15
2026-04-06 00:01:35,108 |   NEW BEST
2026-04-06 00:01:42,605 | Epoch 2/3 | Step 48,100 | Loss: 2.2874 | LR: 2.07e-04
2026-04-06 00:01:50,101 | Epoch 2/3 | Step 48,200 | Loss: 2.3111 | LR: 2.07e-04
2026-04-06 00:01:57,593 | Epoch 2/3 | Step 48,300 | Loss: 2.2167 | LR: 2.06e-04
2026-04-06 00:02:05,090 | Epoch 2/3 | Step 48,400 | Loss: 2.2554 | LR: 2.06e-04
2026-04-06 00:02:12,595 | Epoch 2/3 | Step 48,500 | Loss: 2.2878 | LR: 2.05e-04
2026-04-06 00:02:20,088 | Epoch 2/3 | Step 48,600 | Loss: 2.3964 | LR: 2.05e-04
2026-04-06 00:02:27,595 | Epoch 2/3 | Step 48,700 | Loss: 2.1208 | LR: 2.05e-04
2026-04-06 00:02:35,095 | Epoch 2/3 | Step 48,800 | Loss: 2.1895 | LR: 2.04e-04
2026-04-06 00:02:42,594 | Epoch 2/3 | Step 48,900 | Loss: 2.2674 | LR: 2.04e-04
2026-04-06 00:02:50,081 | Epoch 2/3 | Step 49,000 | Loss: 2.2306 | LR: 2.04e-04
2026-04-06 00:03:53,826 |   EVAL | Loss: 2.3138 | Perplexity: 10.11
2026-04-06 00:03:53,942 |   NEW BEST
2026-04-06 00:04:01,455 | Epoch 2/3 | Step 49,100 | Loss: 2.3700 | LR: 2.03e-04
2026-04-06 00:04:08,967 | Epoch 2/3 | Step 49,200 | Loss: 2.1785 | LR: 2.03e-04
2026-04-06 00:04:16,470 | Epoch 2/3 | Step 49,300 | Loss: 2.3396 | LR: 2.03e-04
2026-04-06 00:04:23,970 | Epoch 2/3 | Step 49,400 | Loss: 2.2460 | LR: 2.02e-04
2026-04-06 00:04:31,475 | Epoch 2/3 | Step 49,500 | Loss: 2.2166 | LR: 2.02e-04
2026-04-06 00:04:38,975 | Epoch 2/3 | Step 49,600 | Loss: 2.0858 | LR: 2.02e-04
2026-04-06 00:04:46,474 | Epoch 2/3 | Step 49,700 | Loss: 2.2462 | LR: 2.01e-04
2026-04-06 00:04:53,992 | Epoch 2/3 | Step 49,800 | Loss: 2.2366 | LR: 2.01e-04
2026-04-06 00:05:01,497 | Epoch 2/3 | Step 49,900 | Loss: 2.1617 | LR: 2.01e-04
2026-04-06 00:05:08,995 | Epoch 2/3 | Step 50,000 | Loss: 2.1377 | LR: 2.00e-04
2026-04-06 00:06:12,967 |   EVAL | Loss: 2.3107 | Perplexity: 10.08
2026-04-06 00:06:13,074 |   NEW BEST
2026-04-06 00:06:20,605 | Epoch 2/3 | Step 50,100 | Loss: 2.5027 | LR: 2.00e-04
2026-04-06 00:06:28,133 | Epoch 2/3 | Step 50,200 | Loss: 2.2385 | LR: 1.99e-04
2026-04-06 00:06:35,656 | Epoch 2/3 | Step 50,300 | Loss: 2.2654 | LR: 1.99e-04
2026-04-06 00:06:43,183 | Epoch 2/3 | Step 50,400 | Loss: 2.1745 | LR: 1.99e-04
2026-04-06 00:06:50,697 | Epoch 2/3 | Step 50,500 | Loss: 2.2311 | LR: 1.98e-04
2026-04-06 00:06:58,192 | Epoch 2/3 | Step 50,600 | Loss: 2.1140 | LR: 1.98e-04
2026-04-06 00:07:05,686 | Epoch 2/3 | Step 50,700 | Loss: 2.2055 | LR: 1.98e-04
2026-04-06 00:07:13,197 | Epoch 2/3 | Step 50,800 | Loss: 2.2496 | LR: 1.97e-04
2026-04-06 00:07:20,707 | Epoch 2/3 | Step 50,900 | Loss: 2.2673 | LR: 1.97e-04
2026-04-06 00:07:28,213 | Epoch 2/3 | Step 51,000 | Loss: 2.0987 | LR: 1.97e-04
2026-04-06 00:08:31,953 |   EVAL | Loss: 2.3057 | Perplexity: 10.03
2026-04-06 00:08:32,076 |   NEW BEST
2026-04-06 00:08:39,579 | Epoch 2/3 | Step 51,100 | Loss: 2.3003 | LR: 1.96e-04
2026-04-06 00:08:47,076 | Epoch 2/3 | Step 51,200 | Loss: 2.1580 | LR: 1.96e-04
2026-04-06 00:08:54,575 | Epoch 2/3 | Step 51,300 | Loss: 2.3877 | LR: 1.96e-04
2026-04-06 00:09:02,064 | Epoch 2/3 | Step 51,400 | Loss: 2.5004 | LR: 1.95e-04
2026-04-06 00:09:09,552 | Epoch 2/3 | Step 51,500 | Loss: 2.1373 | LR: 1.95e-04
2026-04-06 00:09:17,047 | Epoch 2/3 | Step 51,600 | Loss: 2.4401 | LR: 1.94e-04
2026-04-06 00:09:24,536 | Epoch 2/3 | Step 51,700 | Loss: 2.4052 | LR: 1.94e-04
2026-04-06 00:09:32,094 | Epoch 2/3 | Step 51,800 | Loss: 2.2462 | LR: 1.94e-04
2026-04-06 00:09:39,597 | Epoch 2/3 | Step 51,900 | Loss: 2.2199 | LR: 1.93e-04
2026-04-06 00:09:47,098 | Epoch 2/3 | Step 52,000 | Loss: 2.2158 | LR: 1.93e-04
2026-04-06 00:10:50,703 |   EVAL | Loss: 2.3016 | Perplexity: 9.99
2026-04-06 00:10:50,818 |   NEW BEST
2026-04-06 00:10:58,335 | Epoch 2/3 | Step 52,100 | Loss: 2.1503 | LR: 1.93e-04
2026-04-06 00:11:05,836 | Epoch 2/3 | Step 52,200 | Loss: 2.2277 | LR: 1.92e-04
2026-04-06 00:11:13,343 | Epoch 2/3 | Step 52,300 | Loss: 2.3844 | LR: 1.92e-04
2026-04-06 00:11:20,850 | Epoch 2/3 | Step 52,400 | Loss: 2.4666 | LR: 1.92e-04
2026-04-06 00:11:28,353 | Epoch 2/3 | Step 52,500 | Loss: 2.1687 | LR: 1.91e-04
2026-04-06 00:11:35,848 | Epoch 2/3 | Step 52,600 | Loss: 2.1490 | LR: 1.91e-04
2026-04-06 00:11:43,341 | Epoch 2/3 | Step 52,700 | Loss: 2.3387 | LR: 1.91e-04
2026-04-06 00:11:50,840 | Epoch 2/3 | Step 52,800 | Loss: 2.2735 | LR: 1.90e-04
2026-04-06 00:11:58,332 | Epoch 2/3 | Step 52,900 | Loss: 2.3424 | LR: 1.90e-04
2026-04-06 00:12:05,820 | Epoch 2/3 | Step 53,000 | Loss: 2.3667 | LR: 1.89e-04
2026-04-06 00:13:09,564 |   EVAL | Loss: 2.2963 | Perplexity: 9.94
2026-04-06 00:13:09,680 |   NEW BEST
2026-04-06 00:13:17,195 | Epoch 2/3 | Step 53,100 | Loss: 2.2799 | LR: 1.89e-04
2026-04-06 00:13:24,700 | Epoch 2/3 | Step 53,200 | Loss: 2.2934 | LR: 1.89e-04
2026-04-06 00:13:32,202 | Epoch 2/3 | Step 53,300 | Loss: 2.4427 | LR: 1.88e-04
2026-04-06 00:13:39,710 | Epoch 2/3 | Step 53,400 | Loss: 2.2189 | LR: 1.88e-04
2026-04-06 00:13:47,211 | Epoch 2/3 | Step 53,500 | Loss: 2.4096 | LR: 1.88e-04
2026-04-06 00:13:54,709 | Epoch 2/3 | Step 53,600 | Loss: 2.1919 | LR: 1.87e-04
2026-04-06 00:14:02,204 | Epoch 2/3 | Step 53,700 | Loss: 2.1329 | LR: 1.87e-04
2026-04-06 00:14:09,723 | Epoch 2/3 | Step 53,800 | Loss: 2.5034 | LR: 1.87e-04
2026-04-06 00:14:17,237 | Epoch 2/3 | Step 53,900 | Loss: 2.1632 | LR: 1.86e-04
2026-04-06 00:14:24,749 | Epoch 2/3 | Step 54,000 | Loss: 2.1721 | LR: 1.86e-04
2026-04-06 00:15:28,538 |   EVAL | Loss: 2.2938 | Perplexity: 9.91
2026-04-06 00:15:28,647 |   NEW BEST
2026-04-06 00:15:36,151 | Epoch 2/3 | Step 54,100 | Loss: 2.2714 | LR: 1.85e-04
2026-04-06 00:15:43,655 | Epoch 2/3 | Step 54,200 | Loss: 2.1314 | LR: 1.85e-04
2026-04-06 00:15:51,156 | Epoch 2/3 | Step 54,300 | Loss: 2.4075 | LR: 1.85e-04
2026-04-06 00:15:58,654 | Epoch 2/3 | Step 54,400 | Loss: 2.3708 | LR: 1.84e-04
2026-04-06 00:16:06,151 | Epoch 2/3 | Step 54,500 | Loss: 2.3665 | LR: 1.84e-04
2026-04-06 00:16:13,646 | Epoch 2/3 | Step 54,600 | Loss: 2.3846 | LR: 1.84e-04
2026-04-06 00:16:21,137 | Epoch 2/3 | Step 54,700 | Loss: 2.1625 | LR: 1.83e-04
2026-04-06 00:16:28,629 | Epoch 2/3 | Step 54,800 | Loss: 2.1619 | LR: 1.83e-04
2026-04-06 00:16:36,123 | Epoch 2/3 | Step 54,900 | Loss: 2.1008 | LR: 1.82e-04
2026-04-06 00:16:43,624 | Epoch 2/3 | Step 55,000 | Loss: 2.1897 | LR: 1.82e-04
2026-04-06 00:17:47,280 |   EVAL | Loss: 2.2886 | Perplexity: 9.86
2026-04-06 00:17:47,386 |   NEW BEST
2026-04-06 00:17:54,893 | Epoch 2/3 | Step 55,100 | Loss: 2.2622 | LR: 1.82e-04
2026-04-06 00:18:02,381 | Epoch 2/3 | Step 55,200 | Loss: 2.3075 | LR: 1.81e-04
2026-04-06 00:18:09,870 | Epoch 2/3 | Step 55,300 | Loss: 2.2285 | LR: 1.81e-04
2026-04-06 00:18:17,357 | Epoch 2/3 | Step 55,400 | Loss: 2.2759 | LR: 1.81e-04
2026-04-06 00:18:24,842 | Epoch 2/3 | Step 55,500 | Loss: 2.1854 | LR: 1.80e-04
2026-04-06 00:18:32,338 | Epoch 2/3 | Step 55,600 | Loss: 2.2599 | LR: 1.80e-04
2026-04-06 00:18:39,830 | Epoch 2/3 | Step 55,700 | Loss: 2.2799 | LR: 1.80e-04
2026-04-06 00:18:47,321 | Epoch 2/3 | Step 55,800 | Loss: 2.3077 | LR: 1.79e-04
2026-04-06 00:18:54,812 | Epoch 2/3 | Step 55,900 | Loss: 2.1237 | LR: 1.79e-04
2026-04-06 00:19:02,305 | Epoch 2/3 | Step 56,000 | Loss: 2.4550 | LR: 1.78e-04
2026-04-06 00:20:05,949 |   EVAL | Loss: 2.2843 | Perplexity: 9.82
2026-04-06 00:20:06,052 |   NEW BEST
2026-04-06 00:20:13,570 | Epoch 2/3 | Step 56,100 | Loss: 2.2265 | LR: 1.78e-04
2026-04-06 00:20:21,060 | Epoch 2/3 | Step 56,200 | Loss: 2.2541 | LR: 1.78e-04
2026-04-06 00:20:28,556 | Epoch 2/3 | Step 56,300 | Loss: 2.1004 | LR: 1.77e-04
2026-04-06 00:20:36,055 | Epoch 2/3 | Step 56,400 | Loss: 2.1521 | LR: 1.77e-04
2026-04-06 00:20:43,550 | Epoch 2/3 | Step 56,500 | Loss: 2.2659 | LR: 1.77e-04
2026-04-06 00:20:51,046 | Epoch 2/3 | Step 56,600 | Loss: 2.2399 | LR: 1.76e-04
2026-04-06 00:20:58,552 | Epoch 2/3 | Step 56,700 | Loss: 2.3532 | LR: 1.76e-04
2026-04-06 00:21:06,059 | Epoch 2/3 | Step 56,800 | Loss: 2.3771 | LR: 1.75e-04
2026-04-06 00:21:13,576 | Epoch 2/3 | Step 56,900 | Loss: 2.4733 | LR: 1.75e-04
2026-04-06 00:21:21,124 | Epoch 2/3 | Step 57,000 | Loss: 2.0960 | LR: 1.75e-04
2026-04-06 00:22:25,293 |   EVAL | Loss: 2.2816 | Perplexity: 9.79
2026-04-06 00:22:25,407 |   NEW BEST
2026-04-06 00:22:32,918 | Epoch 2/3 | Step 57,100 | Loss: 2.3348 | LR: 1.74e-04
2026-04-06 00:22:40,417 | Epoch 2/3 | Step 57,200 | Loss: 2.2523 | LR: 1.74e-04
2026-04-06 00:22:47,927 | Epoch 2/3 | Step 57,300 | Loss: 2.2579 | LR: 1.74e-04
2026-04-06 00:22:55,427 | Epoch 2/3 | Step 57,400 | Loss: 2.3185 | LR: 1.73e-04
2026-04-06 00:23:02,937 | Epoch 2/3 | Step 57,500 | Loss: 2.4608 | LR: 1.73e-04
2026-04-06 00:23:10,431 | Epoch 2/3 | Step 57,600 | Loss: 2.2930 | LR: 1.72e-04
2026-04-06 00:23:17,934 | Epoch 2/3 | Step 57,700 | Loss: 2.1508 | LR: 1.72e-04
2026-04-06 00:23:25,424 | Epoch 2/3 | Step 57,800 | Loss: 2.1252 | LR: 1.72e-04
2026-04-06 00:23:32,917 | Epoch 2/3 | Step 57,900 | Loss: 2.2030 | LR: 1.71e-04
2026-04-06 00:23:40,410 | Epoch 2/3 | Step 58,000 | Loss: 2.2300 | LR: 1.71e-04
2026-04-06 00:24:44,158 |   EVAL | Loss: 2.2754 | Perplexity: 9.73
2026-04-06 00:24:44,282 |   NEW BEST
2026-04-06 00:24:51,777 | Epoch 2/3 | Step 58,100 | Loss: 2.2324 | LR: 1.71e-04
2026-04-06 00:24:59,268 | Epoch 2/3 | Step 58,200 | Loss: 2.1414 | LR: 1.70e-04
2026-04-06 00:25:06,758 | Epoch 2/3 | Step 58,300 | Loss: 2.4425 | LR: 1.70e-04
2026-04-06 00:25:14,269 | Epoch 2/3 | Step 58,400 | Loss: 2.2449 | LR: 1.70e-04
2026-04-06 00:25:21,775 | Epoch 2/3 | Step 58,500 | Loss: 2.3281 | LR: 1.69e-04
2026-04-06 00:25:29,279 | Epoch 2/3 | Step 58,600 | Loss: 2.2668 | LR: 1.69e-04
2026-04-06 00:25:36,805 | Epoch 2/3 | Step 58,700 | Loss: 2.2026 | LR: 1.68e-04
2026-04-06 00:25:44,301 | Epoch 2/3 | Step 58,800 | Loss: 2.2830 | LR: 1.68e-04
2026-04-06 00:25:51,818 | Epoch 2/3 | Step 58,900 | Loss: 2.2725 | LR: 1.68e-04
2026-04-06 00:25:59,318 | Epoch 2/3 | Step 59,000 | Loss: 2.3379 | LR: 1.67e-04
2026-04-06 00:27:03,029 |   EVAL | Loss: 2.2707 | Perplexity: 9.69
2026-04-06 00:27:03,147 |   NEW BEST
2026-04-06 00:27:10,647 | Epoch 2/3 | Step 59,100 | Loss: 2.3022 | LR: 1.67e-04
2026-04-06 00:27:18,145 | Epoch 2/3 | Step 59,200 | Loss: 2.2528 | LR: 1.67e-04
2026-04-06 00:27:25,645 | Epoch 2/3 | Step 59,300 | Loss: 2.2027 | LR: 1.66e-04
2026-04-06 00:27:33,143 | Epoch 2/3 | Step 59,400 | Loss: 2.2083 | LR: 1.66e-04
2026-04-06 00:27:40,641 | Epoch 2/3 | Step 59,500 | Loss: 2.1197 | LR: 1.65e-04
2026-04-06 00:27:48,163 | Epoch 2/3 | Step 59,600 | Loss: 2.1345 | LR: 1.65e-04
2026-04-06 00:27:55,672 | Epoch 2/3 | Step 59,700 | Loss: 2.4144 | LR: 1.65e-04
2026-04-06 00:28:03,173 | Epoch 2/3 | Step 59,800 | Loss: 2.0241 | LR: 1.64e-04
2026-04-06 00:28:10,677 | Epoch 2/3 | Step 59,900 | Loss: 2.2932 | LR: 1.64e-04
2026-04-06 00:28:18,170 | Epoch 2/3 | Step 60,000 | Loss: 2.2016 | LR: 1.64e-04
2026-04-06 00:29:21,905 |   EVAL | Loss: 2.2681 | Perplexity: 9.66
2026-04-06 00:29:22,029 |   NEW BEST
2026-04-06 00:29:29,532 | Epoch 2/3 | Step 60,100 | Loss: 2.3490 | LR: 1.63e-04
2026-04-06 00:29:37,029 | Epoch 2/3 | Step 60,200 | Loss: 2.3747 | LR: 1.63e-04
2026-04-06 00:29:44,527 | Epoch 2/3 | Step 60,300 | Loss: 2.4382 | LR: 1.62e-04
2026-04-06 00:29:52,018 | Epoch 2/3 | Step 60,400 | Loss: 2.4246 | LR: 1.62e-04
2026-04-06 00:29:59,513 | Epoch 2/3 | Step 60,500 | Loss: 2.3827 | LR: 1.62e-04
2026-04-06 00:30:07,023 | Epoch 2/3 | Step 60,600 | Loss: 2.1533 | LR: 1.61e-04
2026-04-06 00:30:14,513 | Epoch 2/3 | Step 60,700 | Loss: 2.1159 | LR: 1.61e-04
2026-04-06 00:30:22,008 | Epoch 2/3 | Step 60,800 | Loss: 2.2832 | LR: 1.61e-04
2026-04-06 00:30:29,507 | Epoch 2/3 | Step 60,900 | Loss: 2.1917 | LR: 1.60e-04
2026-04-06 00:30:37,001 | Epoch 2/3 | Step 61,000 | Loss: 2.2894 | LR: 1.60e-04
2026-04-06 00:31:40,671 |   EVAL | Loss: 2.2670 | Perplexity: 9.65
2026-04-06 00:31:40,788 |   NEW BEST
2026-04-06 00:31:48,287 | Epoch 2/3 | Step 61,100 | Loss: 2.2267 | LR: 1.59e-04
2026-04-06 00:31:55,808 | Epoch 2/3 | Step 61,200 | Loss: 2.1749 | LR: 1.59e-04
2026-04-06 00:32:03,325 | Epoch 2/3 | Step 61,300 | Loss: 2.2355 | LR: 1.59e-04
2026-04-06 00:32:10,830 | Epoch 2/3 | Step 61,400 | Loss: 2.2201 | LR: 1.58e-04
2026-04-06 00:32:18,332 | Epoch 2/3 | Step 61,500 | Loss: 2.1939 | LR: 1.58e-04
2026-04-06 00:32:25,829 | Epoch 2/3 | Step 61,600 | Loss: 2.2819 | LR: 1.58e-04
2026-04-06 00:32:33,323 | Epoch 2/3 | Step 61,700 | Loss: 2.2692 | LR: 1.57e-04
2026-04-06 00:32:40,813 | Epoch 2/3 | Step 61,800 | Loss: 2.0735 | LR: 1.57e-04
2026-04-06 00:32:48,301 | Epoch 2/3 | Step 61,900 | Loss: 2.4611 | LR: 1.56e-04
2026-04-06 00:32:55,798 | Epoch 2/3 | Step 62,000 | Loss: 2.3364 | LR: 1.56e-04
2026-04-06 00:33:59,406 |   EVAL | Loss: 2.2601 | Perplexity: 9.58
2026-04-06 00:33:59,508 |   NEW BEST
2026-04-06 00:34:07,019 | Epoch 2/3 | Step 62,100 | Loss: 2.1497 | LR: 1.56e-04
2026-04-06 00:34:14,537 | Epoch 2/3 | Step 62,200 | Loss: 2.2379 | LR: 1.55e-04
2026-04-06 00:34:22,043 | Epoch 2/3 | Step 62,300 | Loss: 2.2196 | LR: 1.55e-04
2026-04-06 00:34:29,559 | Epoch 2/3 | Step 62,400 | Loss: 2.3754 | LR: 1.55e-04
2026-04-06 00:34:37,067 | Epoch 2/3 | Step 62,500 | Loss: 2.3109 | LR: 1.54e-04
2026-04-06 00:34:44,585 | Epoch 2/3 | Step 62,600 | Loss: 2.3071 | LR: 1.54e-04
2026-04-06 00:34:52,089 | Epoch 2/3 | Step 62,700 | Loss: 2.3663 | LR: 1.53e-04
2026-04-06 00:34:59,602 | Epoch 2/3 | Step 62,800 | Loss: 2.1115 | LR: 1.53e-04
2026-04-06 00:35:07,131 | Epoch 2/3 | Step 62,900 | Loss: 2.3838 | LR: 1.53e-04
2026-04-06 00:35:14,637 | Epoch 2/3 | Step 63,000 | Loss: 2.1096 | LR: 1.52e-04
2026-04-06 00:36:18,343 |   EVAL | Loss: 2.2564 | Perplexity: 9.55
2026-04-06 00:36:18,452 |   NEW BEST
2026-04-06 00:36:25,949 | Epoch 2/3 | Step 63,100 | Loss: 2.0962 | LR: 1.52e-04
2026-04-06 00:36:33,454 | Epoch 2/3 | Step 63,200 | Loss: 2.1703 | LR: 1.52e-04
2026-04-06 00:36:40,967 | Epoch 2/3 | Step 63,300 | Loss: 2.2422 | LR: 1.51e-04
2026-04-06 00:36:48,467 | Epoch 2/3 | Step 63,400 | Loss: 2.3638 | LR: 1.51e-04
2026-04-06 00:36:55,970 | Epoch 2/3 | Step 63,500 | Loss: 2.0421 | LR: 1.50e-04
2026-04-06 00:37:03,472 | Epoch 2/3 | Step 63,600 | Loss: 2.2898 | LR: 1.50e-04
2026-04-06 00:37:10,973 | Epoch 2/3 | Step 63,700 | Loss: 2.1468 | LR: 1.50e-04
2026-04-06 00:37:18,462 | Epoch 2/3 | Step 63,800 | Loss: 2.2918 | LR: 1.49e-04
2026-04-06 00:37:25,957 | Epoch 2/3 | Step 63,900 | Loss: 2.2342 | LR: 1.49e-04
2026-04-06 00:37:33,454 | Epoch 2/3 | Step 64,000 | Loss: 2.1384 | LR: 1.48e-04
2026-04-06 00:38:37,221 |   EVAL | Loss: 2.2534 | Perplexity: 9.52
2026-04-06 00:38:37,337 |   NEW BEST
2026-04-06 00:38:44,840 | Epoch 2/3 | Step 64,100 | Loss: 2.2442 | LR: 1.48e-04
2026-04-06 00:38:52,335 | Epoch 2/3 | Step 64,200 | Loss: 2.2579 | LR: 1.48e-04
2026-04-06 00:38:59,835 | Epoch 2/3 | Step 64,300 | Loss: 2.3709 | LR: 1.47e-04
2026-04-06 00:39:07,326 | Epoch 2/3 | Step 64,400 | Loss: 2.0981 | LR: 1.47e-04
2026-04-06 00:39:14,824 | Epoch 2/3 | Step 64,500 | Loss: 2.5083 | LR: 1.47e-04
2026-04-06 00:39:22,328 | Epoch 2/3 | Step 64,600 | Loss: 2.4686 | LR: 1.46e-04
2026-04-06 00:39:29,835 | Epoch 2/3 | Step 64,700 | Loss: 2.1974 | LR: 1.46e-04
2026-04-06 00:39:37,341 | Epoch 2/3 | Step 64,800 | Loss: 2.2121 | LR: 1.45e-04
2026-04-06 00:39:44,849 | Epoch 2/3 | Step 64,900 | Loss: 2.2257 | LR: 1.45e-04
2026-04-06 00:39:52,342 | Epoch 2/3 | Step 65,000 | Loss: 2.2190 | LR: 1.45e-04
2026-04-06 00:40:56,263 |   EVAL | Loss: 2.2500 | Perplexity: 9.49
2026-04-06 00:40:56,395 |   NEW BEST
2026-04-06 00:41:03,961 | Epoch 2/3 | Step 65,100 | Loss: 2.3263 | LR: 1.44e-04
2026-04-06 00:41:11,476 | Epoch 2/3 | Step 65,200 | Loss: 2.1882 | LR: 1.44e-04
2026-04-06 00:41:19,030 | Epoch 2/3 | Step 65,300 | Loss: 2.1816 | LR: 1.44e-04
2026-04-06 00:41:26,561 | Epoch 2/3 | Step 65,400 | Loss: 2.1388 | LR: 1.43e-04
2026-04-06 00:41:34,096 | Epoch 2/3 | Step 65,500 | Loss: 2.1295 | LR: 1.43e-04
2026-04-06 00:41:41,634 | Epoch 2/3 | Step 65,600 | Loss: 2.3117 | LR: 1.42e-04
2026-04-06 00:41:49,164 | Epoch 2/3 | Step 65,700 | Loss: 2.2576 | LR: 1.42e-04
2026-04-06 00:41:56,694 | Epoch 2/3 | Step 65,800 | Loss: 2.2005 | LR: 1.42e-04
2026-04-06 00:42:04,229 | Epoch 2/3 | Step 65,900 | Loss: 2.1192 | LR: 1.41e-04
2026-04-06 00:42:11,755 | Epoch 2/3 | Step 66,000 | Loss: 2.3030 | LR: 1.41e-04
2026-04-06 00:43:15,797 |   EVAL | Loss: 2.2442 | Perplexity: 9.43
2026-04-06 00:43:15,928 |   NEW BEST
2026-04-06 00:43:23,433 | Epoch 2/3 | Step 66,100 | Loss: 2.0722 | LR: 1.41e-04
2026-04-06 00:43:30,938 | Epoch 2/3 | Step 66,200 | Loss: 2.2243 | LR: 1.40e-04
2026-04-06 00:43:38,439 | Epoch 2/3 | Step 66,300 | Loss: 2.1210 | LR: 1.40e-04
2026-04-06 00:43:45,942 | Epoch 2/3 | Step 66,400 | Loss: 2.1478 | LR: 1.39e-04
2026-04-06 00:43:53,456 | Epoch 2/3 | Step 66,500 | Loss: 2.2063 | LR: 1.39e-04
2026-04-06 00:44:00,968 | Epoch 2/3 | Step 66,600 | Loss: 2.1011 | LR: 1.39e-04
2026-04-06 00:44:08,473 | Epoch 2/3 | Step 66,700 | Loss: 2.4699 | LR: 1.38e-04
2026-04-06 00:44:15,986 | Epoch 2/3 | Step 66,800 | Loss: 2.2373 | LR: 1.38e-04
2026-04-06 00:44:23,491 | Epoch 2/3 | Step 66,900 | Loss: 2.3747 | LR: 1.38e-04
2026-04-06 00:44:30,995 | Epoch 2/3 | Step 67,000 | Loss: 2.2292 | LR: 1.37e-04
2026-04-06 00:45:34,816 |   EVAL | Loss: 2.2424 | Perplexity: 9.42
2026-04-06 00:45:34,995 |   NEW BEST
2026-04-06 00:45:42,515 | Epoch 2/3 | Step 67,100 | Loss: 2.0707 | LR: 1.37e-04
2026-04-06 00:45:50,024 | Epoch 2/3 | Step 67,200 | Loss: 2.4082 | LR: 1.36e-04
2026-04-06 00:45:57,543 | Epoch 2/3 | Step 67,300 | Loss: 2.2955 | LR: 1.36e-04
2026-04-06 00:46:05,049 | Epoch 2/3 | Step 67,400 | Loss: 2.3788 | LR: 1.36e-04
2026-04-06 00:46:12,559 | Epoch 2/3 | Step 67,500 | Loss: 2.2283 | LR: 1.35e-04
2026-04-06 00:46:20,069 | Epoch 2/3 | Step 67,600 | Loss: 1.9882 | LR: 1.35e-04
2026-04-06 00:46:27,591 | Epoch 2/3 | Step 67,700 | Loss: 2.4760 | LR: 1.35e-04
2026-04-06 00:46:35,104 | Epoch 2/3 | Step 67,800 | Loss: 2.1264 | LR: 1.34e-04
2026-04-06 00:46:42,614 | Epoch 2/3 | Step 67,900 | Loss: 2.3295 | LR: 1.34e-04
2026-04-06 00:46:50,127 | Epoch 2/3 | Step 68,000 | Loss: 2.2003 | LR: 1.33e-04
2026-04-06 00:47:54,086 |   EVAL | Loss: 2.2373 | Perplexity: 9.37
2026-04-06 00:47:54,195 |   NEW BEST
2026-04-06 00:48:01,729 | Epoch 2/3 | Step 68,100 | Loss: 2.3361 | LR: 1.33e-04
2026-04-06 00:48:09,249 | Epoch 2/3 | Step 68,200 | Loss: 2.1454 | LR: 1.33e-04
2026-04-06 00:48:16,763 | Epoch 2/3 | Step 68,300 | Loss: 2.1832 | LR: 1.32e-04
2026-04-06 00:48:24,317 | Epoch 2/3 | Step 68,400 | Loss: 2.2785 | LR: 1.32e-04
2026-04-06 00:48:31,843 | Epoch 2/3 | Step 68,500 | Loss: 2.1809 | LR: 1.32e-04
2026-04-06 00:48:39,351 | Epoch 2/3 | Step 68,600 | Loss: 2.1794 | LR: 1.31e-04
2026-04-06 00:48:46,855 | Epoch 2/3 | Step 68,700 | Loss: 2.1883 | LR: 1.31e-04
2026-04-06 00:48:54,366 | Epoch 2/3 | Step 68,800 | Loss: 2.4093 | LR: 1.30e-04
2026-04-06 00:49:01,862 | Epoch 2/3 | Step 68,900 | Loss: 2.1221 | LR: 1.30e-04
2026-04-06 00:49:09,365 | Epoch 2/3 | Step 69,000 | Loss: 2.4303 | LR: 1.30e-04
2026-04-06 00:50:13,102 |   EVAL | Loss: 2.2360 | Perplexity: 9.36
2026-04-06 00:50:13,211 |   NEW BEST
2026-04-06 00:50:20,715 | Epoch 2/3 | Step 69,100 | Loss: 2.1075 | LR: 1.29e-04
2026-04-06 00:50:28,211 | Epoch 2/3 | Step 69,200 | Loss: 2.1140 | LR: 1.29e-04
2026-04-06 00:50:35,715 | Epoch 2/3 | Step 69,300 | Loss: 2.1971 | LR: 1.29e-04
2026-04-06 00:50:43,212 | Epoch 2/3 | Step 69,400 | Loss: 2.2976 | LR: 1.28e-04
2026-04-06 00:50:50,726 | Epoch 2/3 | Step 69,500 | Loss: 2.2284 | LR: 1.28e-04
2026-04-06 00:50:58,247 | Epoch 2/3 | Step 69,600 | Loss: 2.1432 | LR: 1.28e-04
2026-04-06 00:51:05,741 | Epoch 2/3 | Step 69,700 | Loss: 2.1480 | LR: 1.27e-04
2026-04-06 00:51:13,245 | Epoch 2/3 | Step 69,800 | Loss: 2.1919 | LR: 1.27e-04
2026-04-06 00:51:20,760 | Epoch 2/3 | Step 69,900 | Loss: 2.3960 | LR: 1.26e-04
2026-04-06 00:51:28,271 | Epoch 2/3 | Step 70,000 | Loss: 2.2915 | LR: 1.26e-04
2026-04-06 00:52:32,407 |   EVAL | Loss: 2.2312 | Perplexity: 9.31
2026-04-06 00:52:32,545 |   NEW BEST
2026-04-06 00:52:40,063 | Epoch 2/3 | Step 70,100 | Loss: 2.0347 | LR: 1.26e-04
2026-04-06 00:52:47,570 | Epoch 2/3 | Step 70,200 | Loss: 2.0817 | LR: 1.25e-04
2026-04-06 00:52:55,075 | Epoch 2/3 | Step 70,300 | Loss: 2.0566 | LR: 1.25e-04
2026-04-06 00:53:02,581 | Epoch 2/3 | Step 70,400 | Loss: 2.3250 | LR: 1.25e-04
2026-04-06 00:53:10,086 | Epoch 2/3 | Step 70,500 | Loss: 2.2169 | LR: 1.24e-04
2026-04-06 00:53:17,588 | Epoch 2/3 | Step 70,600 | Loss: 2.0712 | LR: 1.24e-04
2026-04-06 00:53:25,086 | Epoch 2/3 | Step 70,700 | Loss: 2.3254 | LR: 1.23e-04
2026-04-06 00:53:32,592 | Epoch 2/3 | Step 70,800 | Loss: 2.1641 | LR: 1.23e-04
2026-04-06 00:53:40,093 | Epoch 2/3 | Step 70,900 | Loss: 2.2566 | LR: 1.23e-04
2026-04-06 00:53:47,594 | Epoch 2/3 | Step 71,000 | Loss: 2.1369 | LR: 1.22e-04
2026-04-06 00:54:51,693 |   EVAL | Loss: 2.2280 | Perplexity: 9.28
2026-04-06 00:54:51,820 |   NEW BEST
2026-04-06 00:54:59,343 | Epoch 2/3 | Step 71,100 | Loss: 2.2707 | LR: 1.22e-04
2026-04-06 00:55:06,880 | Epoch 2/3 | Step 71,200 | Loss: 2.2475 | LR: 1.22e-04
2026-04-06 00:55:14,431 | Epoch 2/3 | Step 71,300 | Loss: 2.0603 | LR: 1.21e-04
2026-04-06 00:55:21,942 | Epoch 2/3 | Step 71,400 | Loss: 2.3562 | LR: 1.21e-04
2026-04-06 00:55:29,471 | Epoch 2/3 | Step 71,500 | Loss: 2.2045 | LR: 1.20e-04
2026-04-06 00:55:36,999 | Epoch 2/3 | Step 71,600 | Loss: 2.1092 | LR: 1.20e-04
2026-04-06 00:55:44,523 | Epoch 2/3 | Step 71,700 | Loss: 2.1909 | LR: 1.20e-04
2026-04-06 00:55:52,031 | Epoch 2/3 | Step 71,800 | Loss: 2.2525 | LR: 1.19e-04
2026-04-06 00:55:59,546 | Epoch 2/3 | Step 71,900 | Loss: 2.1996 | LR: 1.19e-04
2026-04-06 00:56:07,067 | Epoch 2/3 | Step 72,000 | Loss: 2.2876 | LR: 1.19e-04
2026-04-06 00:57:10,867 |   EVAL | Loss: 2.2234 | Perplexity: 9.24
2026-04-06 00:57:10,986 |   NEW BEST
2026-04-06 00:57:18,491 | Epoch 2/3 | Step 72,100 | Loss: 2.1699 | LR: 1.18e-04
2026-04-06 00:57:26,001 | Epoch 2/3 | Step 72,200 | Loss: 1.9881 | LR: 1.18e-04
2026-04-06 00:57:33,504 | Epoch 2/3 | Step 72,300 | Loss: 2.1809 | LR: 1.18e-04
2026-04-06 00:57:41,005 | Epoch 2/3 | Step 72,400 | Loss: 2.3081 | LR: 1.17e-04
2026-04-06 00:57:48,513 | Epoch 2/3 | Step 72,500 | Loss: 2.1711 | LR: 1.17e-04
2026-04-06 00:57:56,014 | Epoch 2/3 | Step 72,600 | Loss: 2.2996 | LR: 1.16e-04
2026-04-06 00:58:03,515 | Epoch 2/3 | Step 72,700 | Loss: 2.1616 | LR: 1.16e-04
2026-04-06 00:58:11,014 | Epoch 2/3 | Step 72,800 | Loss: 2.4926 | LR: 1.16e-04
2026-04-06 00:58:18,548 | Epoch 2/3 | Step 72,900 | Loss: 2.4624 | LR: 1.15e-04
2026-04-06 00:58:26,057 | Epoch 2/3 | Step 73,000 | Loss: 2.2882 | LR: 1.15e-04
2026-04-06 00:59:29,791 |   EVAL | Loss: 2.2223 | Perplexity: 9.23
2026-04-06 00:59:29,901 |   NEW BEST
2026-04-06 00:59:37,394 | Epoch 2/3 | Step 73,100 | Loss: 2.2818 | LR: 1.15e-04
2026-04-06 00:59:44,884 | Epoch 2/3 | Step 73,200 | Loss: 2.1519 | LR: 1.14e-04
2026-04-06 00:59:52,386 | Epoch 2/3 | Step 73,300 | Loss: 2.0393 | LR: 1.14e-04
2026-04-06 00:59:59,897 | Epoch 2/3 | Step 73,400 | Loss: 2.1506 | LR: 1.13e-04
2026-04-06 01:00:07,427 | Epoch 2/3 | Step 73,500 | Loss: 2.2429 | LR: 1.13e-04
2026-04-06 01:00:14,945 | Epoch 2/3 | Step 73,600 | Loss: 2.1531 | LR: 1.13e-04
2026-04-06 01:00:22,517 | Epoch 2/3 | Step 73,700 | Loss: 2.3251 | LR: 1.12e-04
2026-04-06 01:00:30,052 | Epoch 2/3 | Step 73,800 | Loss: 2.2429 | LR: 1.12e-04
2026-04-06 01:00:37,565 | Epoch 2/3 | Step 73,900 | Loss: 2.2480 | LR: 1.12e-04
2026-04-06 01:00:45,068 | Epoch 2/3 | Step 74,000 | Loss: 2.3349 | LR: 1.11e-04
2026-04-06 01:01:49,295 |   EVAL | Loss: 2.2183 | Perplexity: 9.19
2026-04-06 01:01:49,454 |   NEW BEST
2026-04-06 01:01:56,977 | Epoch 2/3 | Step 74,100 | Loss: 2.2560 | LR: 1.11e-04
2026-04-06 01:02:04,538 | Epoch 2/3 | Step 74,200 | Loss: 2.2292 | LR: 1.11e-04
2026-04-06 01:02:12,085 | Epoch 2/3 | Step 74,300 | Loss: 2.2948 | LR: 1.10e-04
2026-04-06 01:02:19,638 | Epoch 2/3 | Step 74,400 | Loss: 2.1698 | LR: 1.10e-04
2026-04-06 01:02:27,159 | Epoch 2/3 | Step 74,500 | Loss: 2.2455 | LR: 1.09e-04
2026-04-06 01:02:34,680 | Epoch 2/3 | Step 74,600 | Loss: 2.0280 | LR: 1.09e-04
2026-04-06 01:02:42,193 | Epoch 2/3 | Step 74,700 | Loss: 2.2369 | LR: 1.09e-04
2026-04-06 01:02:49,700 | Epoch 2/3 | Step 74,800 | Loss: 2.4058 | LR: 1.08e-04
2026-04-06 01:02:57,210 | Epoch 2/3 | Step 74,900 | Loss: 2.0520 | LR: 1.08e-04
2026-04-06 01:03:04,713 | Epoch 2/3 | Step 75,000 | Loss: 1.9748 | LR: 1.08e-04
2026-04-06 01:04:08,473 |   EVAL | Loss: 2.2145 | Perplexity: 9.16
2026-04-06 01:04:08,640 |   NEW BEST
2026-04-06 01:04:16,143 | Epoch 2/3 | Step 75,100 | Loss: 2.2670 | LR: 1.07e-04
2026-04-06 01:04:23,676 | Epoch 2/3 | Step 75,200 | Loss: 2.3781 | LR: 1.07e-04
2026-04-06 01:04:31,174 | Epoch 2/3 | Step 75,300 | Loss: 2.3432 | LR: 1.07e-04
2026-04-06 01:04:38,681 | Epoch 2/3 | Step 75,400 | Loss: 2.0964 | LR: 1.06e-04
2026-04-06 01:04:46,197 | Epoch 2/3 | Step 75,500 | Loss: 2.1727 | LR: 1.06e-04
2026-04-06 01:04:53,698 | Epoch 2/3 | Step 75,600 | Loss: 2.1652 | LR: 1.06e-04
2026-04-06 01:05:01,205 | Epoch 2/3 | Step 75,700 | Loss: 2.3278 | LR: 1.05e-04
2026-04-06 01:05:08,700 | Epoch 2/3 | Step 75,800 | Loss: 2.1653 | LR: 1.05e-04
2026-04-06 01:05:16,206 | Epoch 2/3 | Step 75,900 | Loss: 2.0620 | LR: 1.04e-04
2026-04-06 01:05:23,701 | Epoch 2/3 | Step 76,000 | Loss: 2.3424 | LR: 1.04e-04
2026-04-06 01:06:27,486 |   EVAL | Loss: 2.2118 | Perplexity: 9.13
2026-04-06 01:06:27,596 |   NEW BEST
2026-04-06 01:06:35,094 | Epoch 2/3 | Step 76,100 | Loss: 2.3147 | LR: 1.04e-04
2026-04-06 01:06:42,602 | Epoch 2/3 | Step 76,200 | Loss: 2.1447 | LR: 1.03e-04
2026-04-06 01:06:50,160 | Epoch 2/3 | Step 76,300 | Loss: 2.1467 | LR: 1.03e-04
2026-04-06 01:06:57,710 | Epoch 2/3 | Step 76,400 | Loss: 1.9566 | LR: 1.03e-04
2026-04-06 01:07:05,219 | Epoch 2/3 | Step 76,500 | Loss: 2.3210 | LR: 1.02e-04
2026-04-06 01:07:12,723 | Epoch 2/3 | Step 76,600 | Loss: 2.4203 | LR: 1.02e-04
2026-04-06 01:07:20,239 | Epoch 2/3 | Step 76,700 | Loss: 2.0610 | LR: 1.02e-04
2026-04-06 01:07:27,738 | Epoch 2/3 | Step 76,800 | Loss: 2.1112 | LR: 1.01e-04
2026-04-06 01:07:35,245 | Epoch 2/3 | Step 76,900 | Loss: 2.0383 | LR: 1.01e-04
2026-04-06 01:07:42,762 | Epoch 2/3 | Step 77,000 | Loss: 2.2202 | LR: 1.01e-04
2026-04-06 01:08:46,828 |   EVAL | Loss: 2.2074 | Perplexity: 9.09
2026-04-06 01:08:46,934 |   NEW BEST
2026-04-06 01:08:54,448 | Epoch 2/3 | Step 77,100 | Loss: 2.2017 | LR: 1.00e-04
2026-04-06 01:09:01,954 | Epoch 2/3 | Step 77,200 | Loss: 2.1172 | LR: 9.98e-05
2026-04-06 01:09:09,468 | Epoch 2/3 | Step 77,300 | Loss: 2.3296 | LR: 9.94e-05
2026-04-06 01:09:16,982 | Epoch 2/3 | Step 77,400 | Loss: 2.3247 | LR: 9.91e-05
2026-04-06 01:09:24,512 | Epoch 2/3 | Step 77,500 | Loss: 2.2804 | LR: 9.87e-05
2026-04-06 01:09:32,032 | Epoch 2/3 | Step 77,600 | Loss: 2.3822 | LR: 9.84e-05
2026-04-06 01:09:39,545 | Epoch 2/3 | Step 77,700 | Loss: 2.0406 | LR: 9.80e-05
2026-04-06 01:09:47,050 | Epoch 2/3 | Step 77,800 | Loss: 2.1792 | LR: 9.77e-05
2026-04-06 01:09:54,556 | Epoch 2/3 | Step 77,900 | Loss: 2.3333 | LR: 9.73e-05
2026-04-06 01:10:02,074 | Epoch 2/3 | Step 78,000 | Loss: 2.2367 | LR: 9.70e-05
2026-04-06 01:11:06,381 |   EVAL | Loss: 2.2046 | Perplexity: 9.07
2026-04-06 01:11:06,490 |   NEW BEST
2026-04-06 01:11:14,032 | Epoch 2/3 | Step 78,100 | Loss: 2.0496 | LR: 9.66e-05
2026-04-06 01:11:21,544 | Epoch 2/3 | Step 78,200 | Loss: 2.1531 | LR: 9.63e-05
2026-04-06 01:11:29,052 | Epoch 2/3 | Step 78,300 | Loss: 2.2131 | LR: 9.59e-05
2026-04-06 01:11:36,563 | Epoch 2/3 | Step 78,400 | Loss: 2.2372 | LR: 9.56e-05
2026-04-06 01:11:44,078 | Epoch 2/3 | Step 78,500 | Loss: 2.2137 | LR: 9.52e-05
2026-04-06 01:11:51,580 | Epoch 2/3 | Step 78,600 | Loss: 2.1863 | LR: 9.49e-05
2026-04-06 01:11:59,088 | Epoch 2/3 | Step 78,700 | Loss: 2.1513 | LR: 9.45e-05
2026-04-06 01:12:06,588 | Epoch 2/3 | Step 78,800 | Loss: 2.1416 | LR: 9.42e-05
2026-04-06 01:12:14,088 | Epoch 2/3 | Step 78,900 | Loss: 2.2915 | LR: 9.38e-05
2026-04-06 01:12:21,587 | Epoch 2/3 | Step 79,000 | Loss: 2.1841 | LR: 9.35e-05
2026-04-06 01:13:25,557 |   EVAL | Loss: 2.2016 | Perplexity: 9.04
2026-04-06 01:13:25,680 |   NEW BEST
2026-04-06 01:13:33,186 | Epoch 2/3 | Step 79,100 | Loss: 2.3682 | LR: 9.31e-05
2026-04-06 01:13:40,692 | Epoch 2/3 | Step 79,200 | Loss: 2.3717 | LR: 9.28e-05
2026-04-06 01:13:48,200 | Epoch 2/3 | Step 79,300 | Loss: 2.3476 | LR: 9.24e-05
2026-04-06 01:13:55,705 | Epoch 2/3 | Step 79,400 | Loss: 2.2487 | LR: 9.21e-05
2026-04-06 01:14:03,236 | Epoch 2/3 | Step 79,500 | Loss: 2.2580 | LR: 9.17e-05
2026-04-06 01:14:10,737 | Epoch 2/3 | Step 79,600 | Loss: 2.0949 | LR: 9.14e-05
2026-04-06 01:14:18,273 | Epoch 2/3 | Step 79,700 | Loss: 2.2677 | LR: 9.10e-05
2026-04-06 01:14:25,789 | Epoch 2/3 | Step 79,800 | Loss: 2.2518 | LR: 9.07e-05
2026-04-06 01:14:33,313 | Epoch 2/3 | Step 79,900 | Loss: 2.0380 | LR: 9.03e-05
2026-04-06 01:14:40,829 | Epoch 2/3 | Step 80,000 | Loss: 2.0758 | LR: 9.00e-05
2026-04-06 01:15:44,638 |   EVAL | Loss: 2.2007 | Perplexity: 9.03
2026-04-06 01:15:44,780 |   NEW BEST
2026-04-06 01:15:52,284 | Epoch 2/3 | Step 80,100 | Loss: 2.0255 | LR: 8.97e-05
2026-04-06 01:15:59,778 | Epoch 2/3 | Step 80,200 | Loss: 2.1206 | LR: 8.93e-05
2026-04-06 01:16:07,271 | Epoch 2/3 | Step 80,300 | Loss: 2.3319 | LR: 8.90e-05
2026-04-06 01:16:14,761 | Epoch 2/3 | Step 80,400 | Loss: 2.2149 | LR: 8.86e-05
2026-04-06 01:16:22,291 | Epoch 2/3 | Step 80,500 | Loss: 2.1355 | LR: 8.83e-05
2026-04-06 01:16:29,789 | Epoch 2/3 | Step 80,600 | Loss: 2.2845 | LR: 8.79e-05
2026-04-06 01:16:37,283 | Epoch 2/3 | Step 80,700 | Loss: 2.3704 | LR: 8.76e-05
2026-04-06 01:16:44,777 | Epoch 2/3 | Step 80,800 | Loss: 2.0687 | LR: 8.73e-05
2026-04-06 01:16:52,281 | Epoch 2/3 | Step 80,900 | Loss: 2.3566 | LR: 8.69e-05
2026-04-06 01:16:59,793 | Epoch 2/3 | Step 81,000 | Loss: 2.2382 | LR: 8.66e-05
2026-04-06 01:18:04,001 |   EVAL | Loss: 2.1956 | Perplexity: 8.99
2026-04-06 01:18:04,139 |   NEW BEST
2026-04-06 01:18:11,648 | Epoch 2/3 | Step 81,100 | Loss: 2.2813 | LR: 8.62e-05
2026-04-06 01:18:19,164 | Epoch 2/3 | Step 81,200 | Loss: 2.0729 | LR: 8.59e-05
2026-04-06 01:18:26,664 | Epoch 2/3 | Step 81,300 | Loss: 2.2693 | LR: 8.55e-05
2026-04-06 01:18:34,159 | Epoch 2/3 | Step 81,400 | Loss: 2.0908 | LR: 8.52e-05
2026-04-06 01:18:41,690 | Epoch 2/3 | Step 81,500 | Loss: 1.9880 | LR: 8.49e-05
2026-04-06 01:18:49,241 | Epoch 2/3 | Step 81,600 | Loss: 2.2772 | LR: 8.45e-05
2026-04-06 01:18:56,764 | Epoch 2/3 | Step 81,700 | Loss: 2.1767 | LR: 8.42e-05
2026-04-06 01:19:04,272 | Epoch 2/3 | Step 81,800 | Loss: 2.2568 | LR: 8.39e-05
2026-04-06 01:19:11,779 | Epoch 2/3 | Step 81,900 | Loss: 2.2127 | LR: 8.35e-05
2026-04-06 01:19:19,301 | Epoch 2/3 | Step 82,000 | Loss: 2.3222 | LR: 8.32e-05
2026-04-06 01:20:23,269 |   EVAL | Loss: 2.1929 | Perplexity: 8.96
2026-04-06 01:20:23,375 |   NEW BEST
2026-04-06 01:20:30,882 | Epoch 2/3 | Step 82,100 | Loss: 2.2403 | LR: 8.28e-05
2026-04-06 01:20:38,385 | Epoch 2/3 | Step 82,200 | Loss: 2.1903 | LR: 8.25e-05
2026-04-06 01:20:45,883 | Epoch 2/3 | Step 82,300 | Loss: 2.1287 | LR: 8.22e-05
2026-04-06 01:20:53,380 | Epoch 2/3 | Step 82,400 | Loss: 2.1461 | LR: 8.18e-05
2026-04-06 01:21:00,881 | Epoch 2/3 | Step 82,500 | Loss: 2.2648 | LR: 8.15e-05
2026-04-06 01:21:08,373 | Epoch 2/3 | Step 82,600 | Loss: 2.4176 | LR: 8.12e-05
2026-04-06 01:21:15,871 | Epoch 2/3 | Step 82,700 | Loss: 2.3793 | LR: 8.08e-05
2026-04-06 01:21:23,363 | Epoch 2/3 | Step 82,800 | Loss: 2.1117 | LR: 8.05e-05
2026-04-06 01:21:30,857 | Epoch 2/3 | Step 82,900 | Loss: 2.2432 | LR: 8.02e-05
2026-04-06 01:21:38,426 | Epoch 2/3 | Step 83,000 | Loss: 2.1961 | LR: 7.98e-05
2026-04-06 01:22:42,790 |   EVAL | Loss: 2.1894 | Perplexity: 8.93
2026-04-06 01:22:42,917 |   NEW BEST
2026-04-06 01:22:50,433 | Epoch 2/3 | Step 83,100 | Loss: 2.0138 | LR: 7.95e-05
2026-04-06 01:22:57,928 | Epoch 2/3 | Step 83,200 | Loss: 2.1730 | LR: 7.92e-05
2026-04-06 01:23:05,422 | Epoch 2/3 | Step 83,300 | Loss: 2.2068 | LR: 7.88e-05
2026-04-06 01:23:12,986 | Epoch 2/3 | Step 83,400 | Loss: 2.1610 | LR: 7.85e-05
2026-04-06 01:23:20,533 | Epoch 2/3 | Step 83,500 | Loss: 2.2818 | LR: 7.82e-05
2026-04-06 01:23:28,047 | Epoch 2/3 | Step 83,600 | Loss: 2.1071 | LR: 7.78e-05
2026-04-06 01:23:35,570 | Epoch 2/3 | Step 83,700 | Loss: 2.2850 | LR: 7.75e-05
2026-04-06 01:23:43,114 | Epoch 2/3 | Step 83,800 | Loss: 2.1914 | LR: 7.72e-05
2026-04-06 01:23:50,632 | Epoch 2/3 | Step 83,900 | Loss: 2.1033 | LR: 7.69e-05
2026-04-06 01:23:58,140 | Epoch 2/3 | Step 84,000 | Loss: 2.2456 | LR: 7.65e-05
2026-04-06 01:25:02,001 |   EVAL | Loss: 2.1876 | Perplexity: 8.91
2026-04-06 01:25:02,112 |   NEW BEST
2026-04-06 01:25:09,627 | Epoch 2/3 | Step 84,100 | Loss: 2.0567 | LR: 7.62e-05
2026-04-06 01:25:12,213 | Epoch 2 complete | Avg loss: 2.2422 | Time: 194.9m
2026-04-06 01:25:17,416 | Epoch 3/3 | Step 84,200 | Loss: 2.0136 | LR: 7.59e-05
2026-04-06 01:25:24,924 | Epoch 3/3 | Step 84,300 | Loss: 2.0783 | LR: 7.55e-05
2026-04-06 01:25:32,434 | Epoch 3/3 | Step 84,400 | Loss: 2.0397 | LR: 7.52e-05
2026-04-06 01:25:39,942 | Epoch 3/3 | Step 84,500 | Loss: 2.1684 | LR: 7.49e-05
2026-04-06 01:25:47,470 | Epoch 3/3 | Step 84,600 | Loss: 2.1895 | LR: 7.46e-05
2026-04-06 01:25:55,000 | Epoch 3/3 | Step 84,700 | Loss: 2.1948 | LR: 7.42e-05
2026-04-06 01:26:02,508 | Epoch 3/3 | Step 84,800 | Loss: 2.1647 | LR: 7.39e-05
2026-04-06 01:26:10,019 | Epoch 3/3 | Step 84,900 | Loss: 2.2537 | LR: 7.36e-05
2026-04-06 01:26:17,530 | Epoch 3/3 | Step 85,000 | Loss: 2.0583 | LR: 7.33e-05
2026-04-06 01:27:21,399 |   EVAL | Loss: 2.1846 | Perplexity: 8.89
2026-04-06 01:27:21,536 |   NEW BEST
2026-04-06 01:27:29,043 | Epoch 3/3 | Step 85,100 | Loss: 2.0784 | LR: 7.29e-05
2026-04-06 01:27:36,542 | Epoch 3/3 | Step 85,200 | Loss: 2.0182 | LR: 7.26e-05
2026-04-06 01:27:44,102 | Epoch 3/3 | Step 85,300 | Loss: 2.1568 | LR: 7.23e-05
2026-04-06 01:27:51,632 | Epoch 3/3 | Step 85,400 | Loss: 1.8656 | LR: 7.20e-05
2026-04-06 01:27:59,179 | Epoch 3/3 | Step 85,500 | Loss: 2.0762 | LR: 7.17e-05
2026-04-06 01:28:06,694 | Epoch 3/3 | Step 85,600 | Loss: 2.0307 | LR: 7.13e-05
2026-04-06 01:28:14,202 | Epoch 3/3 | Step 85,700 | Loss: 2.0856 | LR: 7.10e-05
2026-04-06 01:28:21,720 | Epoch 3/3 | Step 85,800 | Loss: 2.2069 | LR: 7.07e-05
2026-04-06 01:28:29,236 | Epoch 3/3 | Step 85,900 | Loss: 2.1884 | LR: 7.04e-05
2026-04-06 01:28:36,750 | Epoch 3/3 | Step 86,000 | Loss: 2.1436 | LR: 7.01e-05
2026-04-06 01:29:40,655 |   EVAL | Loss: 2.1831 | Perplexity: 8.87
2026-04-06 01:29:40,787 |   NEW BEST
2026-04-06 01:29:48,297 | Epoch 3/3 | Step 86,100 | Loss: 2.4163 | LR: 6.97e-05
2026-04-06 01:29:55,818 | Epoch 3/3 | Step 86,200 | Loss: 2.1727 | LR: 6.94e-05
2026-04-06 01:30:03,331 | Epoch 3/3 | Step 86,300 | Loss: 2.0504 | LR: 6.91e-05
2026-04-06 01:30:10,862 | Epoch 3/3 | Step 86,400 | Loss: 2.2626 | LR: 6.88e-05
2026-04-06 01:30:18,373 | Epoch 3/3 | Step 86,500 | Loss: 2.1473 | LR: 6.85e-05
2026-04-06 01:30:25,873 | Epoch 3/3 | Step 86,600 | Loss: 2.4584 | LR: 6.82e-05
2026-04-06 01:30:33,372 | Epoch 3/3 | Step 86,700 | Loss: 2.2456 | LR: 6.78e-05
2026-04-06 01:30:40,883 | Epoch 3/3 | Step 86,800 | Loss: 2.2876 | LR: 6.75e-05
2026-04-06 01:30:48,391 | Epoch 3/3 | Step 86,900 | Loss: 2.0529 | LR: 6.72e-05
2026-04-06 01:30:55,893 | Epoch 3/3 | Step 87,000 | Loss: 2.1884 | LR: 6.69e-05
2026-04-06 01:31:59,859 |   EVAL | Loss: 2.1805 | Perplexity: 8.85
2026-04-06 01:31:59,975 |   NEW BEST
2026-04-06 01:32:07,485 | Epoch 3/3 | Step 87,100 | Loss: 2.2812 | LR: 6.66e-05
2026-04-06 01:32:14,992 | Epoch 3/3 | Step 87,200 | Loss: 1.9651 | LR: 6.63e-05
2026-04-06 01:32:22,497 | Epoch 3/3 | Step 87,300 | Loss: 2.1410 | LR: 6.60e-05
2026-04-06 01:32:30,014 | Epoch 3/3 | Step 87,400 | Loss: 2.0840 | LR: 6.56e-05
2026-04-06 01:32:37,544 | Epoch 3/3 | Step 87,500 | Loss: 2.1998 | LR: 6.53e-05
2026-04-06 01:32:45,059 | Epoch 3/3 | Step 87,600 | Loss: 2.1193 | LR: 6.50e-05
2026-04-06 01:32:52,564 | Epoch 3/3 | Step 87,700 | Loss: 1.9150 | LR: 6.47e-05
2026-04-06 01:33:00,061 | Epoch 3/3 | Step 87,800 | Loss: 2.1023 | LR: 6.44e-05
2026-04-06 01:33:07,562 | Epoch 3/3 | Step 87,900 | Loss: 2.1115 | LR: 6.41e-05
2026-04-06 01:33:15,061 | Epoch 3/3 | Step 88,000 | Loss: 2.1928 | LR: 6.38e-05
2026-04-06 01:34:18,951 |   EVAL | Loss: 2.1787 | Perplexity: 8.83
2026-04-06 01:34:19,111 |   NEW BEST
2026-04-06 01:34:26,626 | Epoch 3/3 | Step 88,100 | Loss: 2.2170 | LR: 6.35e-05
2026-04-06 01:34:34,139 | Epoch 3/3 | Step 88,200 | Loss: 2.0476 | LR: 6.32e-05
2026-04-06 01:34:41,647 | Epoch 3/3 | Step 88,300 | Loss: 2.0947 | LR: 6.29e-05
2026-04-06 01:34:49,176 | Epoch 3/3 | Step 88,400 | Loss: 2.0607 | LR: 6.26e-05
2026-04-06 01:34:56,688 | Epoch 3/3 | Step 88,500 | Loss: 2.2240 | LR: 6.23e-05
2026-04-06 01:35:04,189 | Epoch 3/3 | Step 88,600 | Loss: 1.9379 | LR: 6.20e-05
2026-04-06 01:35:11,690 | Epoch 3/3 | Step 88,700 | Loss: 2.2666 | LR: 6.16e-05
2026-04-06 01:35:19,180 | Epoch 3/3 | Step 88,800 | Loss: 2.0139 | LR: 6.13e-05
2026-04-06 01:35:26,693 | Epoch 3/3 | Step 88,900 | Loss: 2.1377 | LR: 6.10e-05
2026-04-06 01:35:34,199 | Epoch 3/3 | Step 89,000 | Loss: 2.1484 | LR: 6.07e-05
2026-04-06 01:36:37,937 |   EVAL | Loss: 2.1764 | Perplexity: 8.81
2026-04-06 01:36:38,040 |   NEW BEST
2026-04-06 01:36:45,555 | Epoch 3/3 | Step 89,100 | Loss: 2.4141 | LR: 6.04e-05
2026-04-06 01:36:53,065 | Epoch 3/3 | Step 89,200 | Loss: 1.9768 | LR: 6.01e-05
2026-04-06 01:37:00,575 | Epoch 3/3 | Step 89,300 | Loss: 2.1653 | LR: 5.98e-05
2026-04-06 01:37:08,082 | Epoch 3/3 | Step 89,400 | Loss: 2.3548 | LR: 5.95e-05
2026-04-06 01:37:15,588 | Epoch 3/3 | Step 89,500 | Loss: 2.2582 | LR: 5.92e-05
2026-04-06 01:37:23,090 | Epoch 3/3 | Step 89,600 | Loss: 2.1531 | LR: 5.89e-05
2026-04-06 01:37:30,595 | Epoch 3/3 | Step 89,700 | Loss: 2.0336 | LR: 5.86e-05
2026-04-06 01:37:38,096 | Epoch 3/3 | Step 89,800 | Loss: 2.1462 | LR: 5.83e-05
2026-04-06 01:37:45,600 | Epoch 3/3 | Step 89,900 | Loss: 2.1462 | LR: 5.80e-05
2026-04-06 01:37:53,100 | Epoch 3/3 | Step 90,000 | Loss: 2.0898 | LR: 5.77e-05
2026-04-06 01:38:57,564 |   EVAL | Loss: 2.1743 | Perplexity: 8.80
2026-04-06 01:38:57,676 |   NEW BEST
2026-04-06 01:39:05,192 | Epoch 3/3 | Step 90,100 | Loss: 2.1315 | LR: 5.74e-05
2026-04-06 01:39:12,724 | Epoch 3/3 | Step 90,200 | Loss: 2.2941 | LR: 5.71e-05
2026-04-06 01:39:20,233 | Epoch 3/3 | Step 90,300 | Loss: 2.0505 | LR: 5.69e-05
2026-04-06 01:39:27,749 | Epoch 3/3 | Step 90,400 | Loss: 2.1260 | LR: 5.66e-05
2026-04-06 01:39:35,286 | Epoch 3/3 | Step 90,500 | Loss: 2.0940 | LR: 5.63e-05
2026-04-06 01:39:42,808 | Epoch 3/3 | Step 90,600 | Loss: 2.0776 | LR: 5.60e-05
2026-04-06 01:39:50,325 | Epoch 3/3 | Step 90,700 | Loss: 1.9452 | LR: 5.57e-05
2026-04-06 01:39:57,829 | Epoch 3/3 | Step 90,800 | Loss: 2.3101 | LR: 5.54e-05
2026-04-06 01:40:05,404 | Epoch 3/3 | Step 90,900 | Loss: 2.1537 | LR: 5.51e-05
2026-04-06 01:40:12,935 | Epoch 3/3 | Step 91,000 | Loss: 2.2271 | LR: 5.48e-05
2026-04-06 01:41:17,033 |   EVAL | Loss: 2.1711 | Perplexity: 8.77
2026-04-06 01:41:17,144 |   NEW BEST
2026-04-06 01:41:24,659 | Epoch 3/3 | Step 91,100 | Loss: 2.0020 | LR: 5.45e-05
2026-04-06 01:41:32,174 | Epoch 3/3 | Step 91,200 | Loss: 2.0597 | LR: 5.42e-05
2026-04-06 01:41:39,689 | Epoch 3/3 | Step 91,300 | Loss: 2.1009 | LR: 5.39e-05
2026-04-06 01:41:47,263 | Epoch 3/3 | Step 91,400 | Loss: 2.0715 | LR: 5.36e-05
2026-04-06 01:41:54,794 | Epoch 3/3 | Step 91,500 | Loss: 2.1898 | LR: 5.34e-05
2026-04-06 01:42:02,305 | Epoch 3/3 | Step 91,600 | Loss: 2.2893 | LR: 5.31e-05
2026-04-06 01:42:09,843 | Epoch 3/3 | Step 91,700 | Loss: 2.1096 | LR: 5.28e-05
2026-04-06 01:42:17,383 | Epoch 3/3 | Step 91,800 | Loss: 2.1291 | LR: 5.25e-05
2026-04-06 01:42:24,920 | Epoch 3/3 | Step 91,900 | Loss: 2.1367 | LR: 5.22e-05
2026-04-06 01:42:32,465 | Epoch 3/3 | Step 92,000 | Loss: 2.0830 | LR: 5.19e-05
2026-04-06 01:43:36,578 |   EVAL | Loss: 2.1696 | Perplexity: 8.75
2026-04-06 01:43:36,686 |   NEW BEST
2026-04-06 01:43:44,188 | Epoch 3/3 | Step 92,100 | Loss: 2.1055 | LR: 5.16e-05
2026-04-06 01:43:51,699 | Epoch 3/3 | Step 92,200 | Loss: 2.1909 | LR: 5.14e-05
2026-04-06 01:43:59,232 | Epoch 3/3 | Step 92,300 | Loss: 2.1276 | LR: 5.11e-05
2026-04-06 01:44:06,806 | Epoch 3/3 | Step 92,400 | Loss: 2.1296 | LR: 5.08e-05
2026-04-06 01:44:14,348 | Epoch 3/3 | Step 92,500 | Loss: 2.1687 | LR: 5.05e-05
2026-04-06 01:44:21,892 | Epoch 3/3 | Step 92,600 | Loss: 2.1745 | LR: 5.02e-05
2026-04-06 01:44:29,458 | Epoch 3/3 | Step 92,700 | Loss: 2.0807 | LR: 4.99e-05
2026-04-06 01:44:36,984 | Epoch 3/3 | Step 92,800 | Loss: 1.9780 | LR: 4.97e-05
2026-04-06 01:44:44,495 | Epoch 3/3 | Step 92,900 | Loss: 2.3789 | LR: 4.94e-05
2026-04-06 01:44:51,998 | Epoch 3/3 | Step 93,000 | Loss: 2.2078 | LR: 4.91e-05
2026-04-06 01:45:55,841 |   EVAL | Loss: 2.1668 | Perplexity: 8.73
2026-04-06 01:45:55,963 |   NEW BEST
2026-04-06 01:46:03,461 | Epoch 3/3 | Step 93,100 | Loss: 2.1951 | LR: 4.88e-05
2026-04-06 01:46:10,960 | Epoch 3/3 | Step 93,200 | Loss: 2.0184 | LR: 4.86e-05
2026-04-06 01:46:18,462 | Epoch 3/3 | Step 93,300 | Loss: 1.9973 | LR: 4.83e-05
2026-04-06 01:46:25,980 | Epoch 3/3 | Step 93,400 | Loss: 2.1479 | LR: 4.80e-05
2026-04-06 01:46:33,492 | Epoch 3/3 | Step 93,500 | Loss: 2.1850 | LR: 4.77e-05
2026-04-06 01:46:40,994 | Epoch 3/3 | Step 93,600 | Loss: 2.0793 | LR: 4.74e-05
2026-04-06 01:46:48,536 | Epoch 3/3 | Step 93,700 | Loss: 2.2128 | LR: 4.72e-05
2026-04-06 01:46:56,058 | Epoch 3/3 | Step 93,800 | Loss: 2.0855 | LR: 4.69e-05
2026-04-06 01:47:03,566 | Epoch 3/3 | Step 93,900 | Loss: 2.2579 | LR: 4.66e-05
2026-04-06 01:47:11,073 | Epoch 3/3 | Step 94,000 | Loss: 2.2003 | LR: 4.64e-05
2026-04-06 01:48:14,841 |   EVAL | Loss: 2.1655 | Perplexity: 8.72
2026-04-06 01:48:15,014 |   NEW BEST
2026-04-06 01:48:22,540 | Epoch 3/3 | Step 94,100 | Loss: 2.0562 | LR: 4.61e-05
2026-04-06 01:48:30,045 | Epoch 3/3 | Step 94,200 | Loss: 2.2571 | LR: 4.58e-05
2026-04-06 01:48:37,550 | Epoch 3/3 | Step 94,300 | Loss: 2.1797 | LR: 4.55e-05
2026-04-06 01:48:45,051 | Epoch 3/3 | Step 94,400 | Loss: 2.0295 | LR: 4.53e-05
2026-04-06 01:48:52,554 | Epoch 3/3 | Step 94,500 | Loss: 2.2139 | LR: 4.50e-05
2026-04-06 01:49:00,064 | Epoch 3/3 | Step 94,600 | Loss: 1.8974 | LR: 4.47e-05
2026-04-06 01:49:07,566 | Epoch 3/3 | Step 94,700 | Loss: 2.1154 | LR: 4.45e-05
2026-04-06 01:49:15,069 | Epoch 3/3 | Step 94,800 | Loss: 2.2558 | LR: 4.42e-05
2026-04-06 01:49:22,573 | Epoch 3/3 | Step 94,900 | Loss: 2.0200 | LR: 4.39e-05
2026-04-06 01:49:30,070 | Epoch 3/3 | Step 95,000 | Loss: 2.1672 | LR: 4.37e-05
