2026-04-09 20:21:22,778 | ============================================================
2026-04-09 20:21:22,778 | MATCHED COMPARISON — Concept Byte Model
2026-04-09 20:21:22,779 | Vocab: 256 | d=384 L=3 h=8 ff=1536
2026-04-09 20:21:22,780 | ============================================================
2026-04-09 20:21:22,780 | Device: cuda
2026-04-09 20:21:23,400 | Parameters: 7,178,880
2026-04-09 20:21:23,401 | Training chains: 414,515
2026-04-09 20:21:23,401 | Train: 393,789 | Eval: 20,726
2026-04-09 20:21:23,402 | Batches/epoch: 1,538
2026-04-09 20:21:23,402 | Hyperparams: batch=256 seq=512 lr=0.0003 warmup=1000
2026-04-09 20:21:23,402 | BF16: True
2026-04-09 20:21:23,403 | 
2026-04-09 20:27:05,541 | Epoch  1 | Train: 1.4082 | Eval: 1.0259 | PPL: 2.79 | Time: 342s
2026-04-09 20:27:05,654 |   -> New best! Saved checkpoint.
2026-04-09 20:32:46,611 | Epoch  2 | Train: 0.9901 | Eval: 0.9740 | PPL: 2.65 | Time: 683s
2026-04-09 20:32:46,743 |   -> New best! Saved checkpoint.
2026-04-09 20:44:57,930 | Epoch  3 | Train: 0.9437 | Eval: 0.9526 | PPL: 2.59 | Time: 1414s
2026-04-09 20:44:58,051 |   -> New best! Saved checkpoint.
2026-04-09 20:57:44,277 | Epoch  4 | Train: 0.9078 | Eval: 0.9389 | PPL: 2.56 | Time: 2180s
2026-04-09 20:57:44,483 |   -> New best! Saved checkpoint.
2026-04-09 21:10:31,324 | Epoch  5 | Train: 0.8710 | Eval: 0.9317 | PPL: 2.54 | Time: 2947s
2026-04-09 21:10:31,484 |   -> New best! Saved checkpoint.
2026-04-09 21:23:16,163 | Epoch  6 | Train: 0.8300 | Eval: 0.9305 | PPL: 2.54 | Time: 3712s
2026-04-09 21:23:16,287 |   -> New best! Saved checkpoint.
2026-04-09 21:36:01,002 | Epoch  7 | Train: 0.7867 | Eval: 0.9387 | PPL: 2.56 | Time: 4477s
2026-04-09 21:48:45,816 | Epoch  8 | Train: 0.7459 | Eval: 0.9518 | PPL: 2.59 | Time: 5242s
2026-04-09 22:01:30,400 | Epoch  9 | Train: 0.7143 | Eval: 0.9630 | PPL: 2.62 | Time: 6006s
2026-04-09 22:01:30,404 |   -> Early stopping (no improvement for 3 epochs)
2026-04-09 22:01:30,417 | 
2026-04-09 22:01:30,418 | ============================================================
2026-04-09 22:01:30,419 | CONCEPT BYTE — FINAL RESULTS
2026-04-09 22:01:30,419 | Parameters: 7,178,880
2026-04-09 22:01:30,420 | Best eval loss: 0.930485
2026-04-09 22:01:30,420 | Best perplexity: 2.5357
2026-04-09 22:01:30,421 | Epochs: 9
2026-04-09 22:01:30,421 | Total time: 6006s
2026-04-09 22:01:30,422 | ============================================================
