2026-04-09 20:33:11,641 | ============================================================
2026-04-09 20:33:11,642 | MATCHED COMPARISON — BPE Baseline Model
2026-04-09 20:33:11,642 | Vocab: 2000 | d=384 L=3 h=8 ff=1344
2026-04-09 20:33:11,643 | ============================================================
2026-04-09 20:33:11,645 | Device: cuda
2026-04-09 20:33:13,330 | Parameters: 7,185,024
2026-04-09 20:33:13,331 | Training chains: 414,515
2026-04-09 20:33:13,332 | Train: 393,789 | Eval: 20,726
2026-04-09 20:33:13,332 | Batches/epoch: 1,538
2026-04-09 20:33:13,333 | Hyperparams: batch=256 seq=512 lr=0.0003 warmup=1000
2026-04-09 20:33:13,334 | BF16: True
2026-04-09 20:33:13,335 | 
2026-04-09 20:45:59,290 | Epoch  1 | Train: 4.1606 | Eval: 3.0496 | PPL: 21.11 | Time: 765s
2026-04-09 20:45:59,428 |   -> New best! Saved checkpoint.
2026-04-09 20:58:44,853 | Epoch  2 | Train: 2.8573 | Eval: 2.7840 | PPL: 16.18 | Time: 1531s
2026-04-09 20:58:44,958 |   -> New best! Saved checkpoint.
2026-04-09 21:11:30,741 | Epoch  3 | Train: 2.6369 | Eval: 2.6767 | PPL: 14.54 | Time: 2297s
2026-04-09 21:11:30,855 |   -> New best! Saved checkpoint.
2026-04-09 21:24:15,599 | Epoch  4 | Train: 2.4888 | Eval: 2.6176 | PPL: 13.70 | Time: 3062s
2026-04-09 21:24:15,721 |   -> New best! Saved checkpoint.
2026-04-09 21:37:00,056 | Epoch  5 | Train: 2.3556 | Eval: 2.5843 | PPL: 13.25 | Time: 3826s
2026-04-09 21:37:00,188 |   -> New best! Saved checkpoint.
2026-04-09 21:49:44,711 | Epoch  6 | Train: 2.2252 | Eval: 2.5737 | PPL: 13.11 | Time: 4591s
2026-04-09 21:49:44,856 |   -> New best! Saved checkpoint.
2026-04-09 22:01:57,513 | Epoch  7 | Train: 2.0995 | Eval: 2.5775 | PPL: 13.16 | Time: 5324s
2026-04-09 22:07:44,223 | Epoch  8 | Train: 1.9883 | Eval: 2.5950 | PPL: 13.40 | Time: 5670s
2026-04-09 22:13:31,006 | Epoch  9 | Train: 1.9056 | Eval: 2.6114 | PPL: 13.62 | Time: 6017s
2026-04-09 22:13:31,008 |   -> Early stopping (no improvement for 3 epochs)
2026-04-09 22:13:31,020 | 
2026-04-09 22:13:31,021 | ============================================================
2026-04-09 22:13:31,022 | BPE BASELINE — FINAL RESULTS
2026-04-09 22:13:31,023 | Parameters: 7,185,024
2026-04-09 22:13:31,024 | Best eval loss: 2.573659
2026-04-09 22:13:31,025 | Best perplexity: 13.1137
2026-04-09 22:13:31,026 | Epochs: 9
2026-04-09 22:13:31,027 | Total time: 6017s
2026-04-09 22:13:31,028 | ============================================================
