2026-04-06 21:35:45,953 | ============================================================
2026-04-06 21:35:45,954 | EXPERIMENT BETA — Config 6 (8.9M)
2026-04-06 21:35:45,955 | d=280 L=7 h=7 ff=1120
2026-04-06 21:35:45,956 | Device: cuda
2026-04-06 21:35:45,957 | ============================================================
2026-04-06 21:35:46,068 | Loaded byte table: 110284 entries from /workspace/8.9mBeta/../JalekCore_Base_Table.txt
2026-04-06 21:35:54,195 | bfloat16 enabled
2026-04-06 21:35:54,197 | bfloat16 enabled
2026-04-06 21:35:54,199 | Parameters: 8,856,680
2026-04-06 21:35:54,200 | Train: 393,816 | Eval: 20,728 | Batches/epoch: 1,538
2026-04-06 21:35:54,907 | Reference sentence (38 bytes): al [SPACE] mi [SPACE] indik [BOUNDARY] -i [SPACE] tr [BOUNDARY] -i [SPACE] en [SPACE] la [SPACE] supr [BOUNDARY] -a [SPACE] artikol [BOUNDARY] -o [SPACE] [SPACE] . [END]
2026-04-06 21:37:15,150 | Epoch 1 | Step 200 | Loss: 2.5103 | LR: 6.00e-05
2026-04-06 21:38:34,126 | Epoch 1 | Step 400 | Loss: 1.5116 | LR: 1.20e-04
2026-04-06 21:39:53,097 | Epoch 1 | Step 600 | Loss: 1.2953 | LR: 1.80e-04
2026-04-06 21:41:12,082 | Epoch 1 | Step 800 | Loss: 1.1793 | LR: 2.40e-04
2026-04-06 21:42:31,030 | Epoch 1 | Step 1,000 | Loss: 1.1225 | LR: 3.00e-04
2026-04-06 21:43:49,970 | Epoch 1 | Step 1,200 | Loss: 1.1569 | LR: 3.00e-04
2026-04-06 21:45:08,924 | Epoch 1 | Step 1,400 | Loss: 1.0886 | LR: 2.99e-04
2026-04-06 21:46:15,961 | Epoch 1 | Train: 1.6487 | Eval: 1.0582 | PPL: 2.88 | Time: 10.3m
2026-04-06 21:46:16,220 |   NEW BEST — saved
2026-04-06 21:46:40,763 | Epoch 2 | Step 1,600 | Loss: 1.0535 | LR: 2.99e-04
2026-04-06 21:47:59,719 | Epoch 2 | Step 1,800 | Loss: 1.0300 | LR: 2.98e-04
2026-04-06 21:49:18,670 | Epoch 2 | Step 2,000 | Loss: 1.0120 | LR: 2.96e-04
2026-04-06 21:50:37,637 | Epoch 2 | Step 2,200 | Loss: 1.0203 | LR: 2.95e-04
2026-04-06 21:51:56,644 | Epoch 2 | Step 2,400 | Loss: 0.9909 | LR: 2.93e-04
2026-04-06 21:53:15,623 | Epoch 2 | Step 2,600 | Loss: 0.9713 | LR: 2.91e-04
2026-04-06 21:54:34,600 | Epoch 2 | Step 2,800 | Loss: 0.9978 | LR: 2.89e-04
2026-04-06 21:55:53,578 | Epoch 2 | Step 3,000 | Loss: 0.9533 | LR: 2.86e-04
2026-04-06 21:56:36,028 | Epoch 2 | Train: 1.0103 | Eval: 0.9890 | PPL: 2.69 | Time: 20.7m
2026-04-06 21:56:36,271 |   NEW BEST — saved
2026-04-06 21:57:25,262 | Epoch 3 | Step 3,200 | Loss: 0.9433 | LR: 2.83e-04
2026-04-06 21:58:44,206 | Epoch 3 | Step 3,400 | Loss: 0.9589 | LR: 2.80e-04
2026-04-06 22:00:03,148 | Epoch 3 | Step 3,600 | Loss: 0.9514 | LR: 2.76e-04
2026-04-06 22:01:22,112 | Epoch 3 | Step 3,800 | Loss: 0.9397 | LR: 2.73e-04
2026-04-06 22:02:41,080 | Epoch 3 | Step 4,000 | Loss: 0.9729 | LR: 2.69e-04
2026-04-06 22:04:00,027 | Epoch 3 | Step 4,200 | Loss: 0.9711 | LR: 2.65e-04
2026-04-06 22:05:18,989 | Epoch 3 | Step 4,400 | Loss: 0.9617 | LR: 2.61e-04
2026-04-06 22:06:37,935 | Epoch 3 | Step 4,600 | Loss: 0.9926 | LR: 2.56e-04
2026-04-06 22:06:55,844 | Epoch 3 | Train: 0.9570 | Eval: 0.9614 | PPL: 2.62 | Time: 31.0m
2026-04-06 22:06:56,094 |   NEW BEST — saved
2026-04-06 22:08:09,547 | Epoch 4 | Step 4,800 | Loss: 0.9154 | LR: 2.51e-04
2026-04-06 22:09:28,515 | Epoch 4 | Step 5,000 | Loss: 0.9229 | LR: 2.46e-04
2026-04-06 22:10:47,511 | Epoch 4 | Step 5,200 | Loss: 0.9849 | LR: 2.41e-04
2026-04-06 22:12:06,476 | Epoch 4 | Step 5,400 | Loss: 0.8859 | LR: 2.36e-04
2026-04-06 22:13:25,430 | Epoch 4 | Step 5,600 | Loss: 0.9607 | LR: 2.30e-04
2026-04-06 22:14:44,374 | Epoch 4 | Step 5,800 | Loss: 0.9499 | LR: 2.25e-04
2026-04-06 22:16:03,344 | Epoch 4 | Step 6,000 | Loss: 0.9284 | LR: 2.19e-04
2026-04-06 22:17:15,739 | Epoch 4 | Train: 0.9202 | Eval: 0.9439 | PPL: 2.57 | Time: 41.3m
2026-04-06 22:17:15,978 |   NEW BEST — saved
2026-04-06 22:17:34,979 | Epoch 5 | Step 6,200 | Loss: 0.8859 | LR: 2.13e-04
2026-04-06 22:18:53,935 | Epoch 5 | Step 6,400 | Loss: 0.9111 | LR: 2.07e-04
2026-04-06 22:20:12,890 | Epoch 5 | Step 6,600 | Loss: 0.9035 | LR: 2.01e-04
2026-04-06 22:21:31,822 | Epoch 5 | Step 6,800 | Loss: 0.9080 | LR: 1.95e-04
2026-04-06 22:22:50,762 | Epoch 5 | Step 7,000 | Loss: 0.9225 | LR: 1.89e-04
2026-04-06 22:24:09,706 | Epoch 5 | Step 7,200 | Loss: 0.9151 | LR: 1.82e-04
2026-04-06 22:25:28,649 | Epoch 5 | Step 7,400 | Loss: 0.8833 | LR: 1.76e-04
2026-04-06 22:26:47,564 | Epoch 5 | Step 7,600 | Loss: 0.8961 | LR: 1.69e-04
2026-04-06 22:27:35,483 | Epoch 5 | Train: 0.8851 | Eval: 0.9353 | PPL: 2.55 | Time: 51.7m
2026-04-06 22:27:35,729 |   NEW BEST — saved
2026-04-06 22:28:19,195 | Epoch 6 | Step 7,800 | Loss: 0.8539 | LR: 1.63e-04
2026-04-06 22:29:38,132 | Epoch 6 | Step 8,000 | Loss: 0.8359 | LR: 1.56e-04
2026-04-06 22:30:57,067 | Epoch 6 | Step 8,200 | Loss: 0.8388 | LR: 1.50e-04
2026-04-06 22:32:16,015 | Epoch 6 | Step 8,400 | Loss: 0.8429 | LR: 1.43e-04
2026-04-06 22:33:34,932 | Epoch 6 | Step 8,600 | Loss: 0.8639 | LR: 1.37e-04
2026-04-06 22:34:53,887 | Epoch 6 | Step 8,800 | Loss: 0.8451 | LR: 1.30e-04
2026-04-06 22:36:12,865 | Epoch 6 | Step 9,000 | Loss: 0.8434 | LR: 1.24e-04
2026-04-06 22:37:31,824 | Epoch 6 | Step 9,200 | Loss: 0.8348 | LR: 1.17e-04
2026-04-06 22:37:55,264 | Epoch 6 | Train: 0.8488 | Eval: 0.9316 | PPL: 2.54 | Time: 62.0m
2026-04-06 22:37:55,517 |   NEW BEST — saved
2026-04-06 22:39:03,437 | Epoch 7 | Step 9,400 | Loss: 0.8055 | LR: 1.11e-04
2026-04-06 22:40:22,384 | Epoch 7 | Step 9,600 | Loss: 0.8509 | LR: 1.05e-04
2026-04-06 22:41:41,338 | Epoch 7 | Step 9,800 | Loss: 0.7987 | LR: 9.84e-05
2026-04-06 22:43:00,305 | Epoch 7 | Step 10,000 | Loss: 0.8188 | LR: 9.22e-05
2026-04-06 22:44:19,285 | Epoch 7 | Step 10,200 | Loss: 0.8026 | LR: 8.63e-05
2026-04-06 22:45:38,246 | Epoch 7 | Step 10,400 | Loss: 0.7818 | LR: 8.04e-05
2026-04-06 22:46:57,178 | Epoch 7 | Step 10,600 | Loss: 0.8104 | LR: 7.47e-05
2026-04-06 22:48:15,121 | Epoch 7 | Train: 0.8140 | Eval: 0.9362 | PPL: 2.55 | Time: 72.3m
2026-04-06 22:48:15,267 |   No improvement (1/3)
2026-04-06 22:48:28,728 | Epoch 8 | Step 10,800 | Loss: 0.8128 | LR: 6.91e-05
2026-04-06 22:49:47,676 | Epoch 8 | Step 11,000 | Loss: 0.7864 | LR: 6.36e-05
2026-04-06 22:51:06,646 | Epoch 8 | Step 11,200 | Loss: 0.7852 | LR: 5.83e-05
2026-04-06 22:52:25,589 | Epoch 8 | Step 11,400 | Loss: 0.8084 | LR: 5.32e-05
2026-04-06 22:53:44,526 | Epoch 8 | Step 11,600 | Loss: 0.8241 | LR: 4.83e-05
2026-04-06 22:55:03,459 | Epoch 8 | Step 11,800 | Loss: 0.7943 | LR: 4.36e-05
2026-04-06 22:56:22,397 | Epoch 8 | Step 12,000 | Loss: 0.7974 | LR: 3.91e-05
2026-04-06 22:57:41,341 | Epoch 8 | Step 12,200 | Loss: 0.8077 | LR: 3.48e-05
2026-04-06 22:58:34,787 | Epoch 8 | Train: 0.7915 | Eval: 0.9418 | PPL: 2.56 | Time: 82.7m
2026-04-06 22:58:35,031 |   No improvement (2/3)
2026-04-06 22:59:12,959 | Epoch 9 | Step 12,400 | Loss: 0.7717 | LR: 3.07e-05
2026-04-06 23:00:31,905 | Epoch 9 | Step 12,600 | Loss: 0.7904 | LR: 2.68e-05
2026-04-06 23:01:50,848 | Epoch 9 | Step 12,800 | Loss: 0.7895 | LR: 2.32e-05
2026-04-06 23:03:09,778 | Epoch 9 | Step 13,000 | Loss: 0.7894 | LR: 1.98e-05
2026-04-06 23:04:28,718 | Epoch 9 | Step 13,200 | Loss: 0.7809 | LR: 1.67e-05
2026-04-06 23:05:47,640 | Epoch 9 | Step 13,400 | Loss: 0.7749 | LR: 1.38e-05
2026-04-06 23:07:06,559 | Epoch 9 | Step 13,600 | Loss: 0.7523 | LR: 1.12e-05
2026-04-06 23:08:25,491 | Epoch 9 | Step 13,800 | Loss: 0.7834 | LR: 8.86e-06
2026-04-06 23:08:54,460 | Epoch 9 | Train: 0.7816 | Eval: 0.9443 | PPL: 2.57 | Time: 93.0m
2026-04-06 23:08:54,593 |   No improvement (3/3)
2026-04-06 23:08:54,595 |   EARLY STOP — loss flattened after 9 epochs
2026-04-06 23:08:54,622 | 
2026-04-06 23:08:54,623 | ============================================================
2026-04-06 23:08:54,624 | Config 6 (8.9M) COMPLETE
2026-04-06 23:08:54,626 | Best eval loss: 0.9316 | Best PPL: 2.54
2026-04-06 23:08:54,627 | Total time: 93.0m | Epochs: 9
2026-04-06 23:08:54,629 | ============================================================
