2026-04-06 23:10:02,582 | ============================================================
2026-04-06 23:10:02,583 | EXPERIMENT BETA — Config 4 (3.3M)
2026-04-06 23:10:02,584 | d=200 L=5 h=5 ff=800
2026-04-06 23:10:02,586 | Device: cuda
2026-04-06 23:10:02,587 | ============================================================
2026-04-06 23:10:02,689 | Loaded byte table: 110284 entries from /workspace/3.3mBeta/../JalekCore_Base_Table.txt
2026-04-06 23:10:10,743 | bfloat16 enabled
2026-04-06 23:10:10,745 | bfloat16 enabled
2026-04-06 23:10:10,746 | Parameters: 3,253,400
2026-04-06 23:10:10,746 | Train: 393,816 | Eval: 20,728 | Batches/epoch: 1,538
2026-04-06 23:10:11,435 | Reference sentence (38 bytes): al [SPACE] mi [SPACE] indik [BOUNDARY] -i [SPACE] tr [BOUNDARY] -i [SPACE] en [SPACE] la [SPACE] supr [BOUNDARY] -a [SPACE] artikol [BOUNDARY] -o [SPACE] [SPACE] . [END]
2026-04-06 23:10:51,174 | Epoch 1 | Step 200 | Loss: 3.2650 | LR: 6.00e-05
2026-04-06 23:11:29,751 | Epoch 1 | Step 400 | Loss: 1.7961 | LR: 1.20e-04
2026-04-06 23:12:08,312 | Epoch 1 | Step 600 | Loss: 1.4349 | LR: 1.80e-04
2026-04-06 23:12:46,882 | Epoch 1 | Step 800 | Loss: 1.2792 | LR: 2.40e-04
2026-04-06 23:13:25,441 | Epoch 1 | Step 1,000 | Loss: 1.2179 | LR: 3.00e-04
2026-04-06 23:14:03,996 | Epoch 1 | Step 1,200 | Loss: 1.1421 | LR: 3.00e-04
2026-04-06 23:14:42,553 | Epoch 1 | Step 1,400 | Loss: 1.1000 | LR: 2.99e-04
2026-04-06 23:15:15,349 | Epoch 1 | Train: 1.8289 | Eval: 1.1001 | PPL: 3.00 | Time: 5.1m
2026-04-06 23:15:15,515 |   NEW BEST — saved
2026-04-06 23:15:27,535 | Epoch 2 | Step 1,600 | Loss: 1.1387 | LR: 2.99e-04
2026-04-06 23:16:06,090 | Epoch 2 | Step 1,800 | Loss: 1.0837 | LR: 2.98e-04
2026-04-06 23:16:44,639 | Epoch 2 | Step 2,000 | Loss: 1.0458 | LR: 2.96e-04
2026-04-06 23:17:23,203 | Epoch 2 | Step 2,200 | Loss: 1.0314 | LR: 2.95e-04
2026-04-06 23:18:01,760 | Epoch 2 | Step 2,400 | Loss: 1.0459 | LR: 2.93e-04
2026-04-06 23:18:40,311 | Epoch 2 | Step 2,600 | Loss: 1.0287 | LR: 2.91e-04
2026-04-06 23:19:18,853 | Epoch 2 | Step 2,800 | Loss: 0.9859 | LR: 2.89e-04
2026-04-06 23:19:57,406 | Epoch 2 | Step 3,000 | Loss: 1.0236 | LR: 2.86e-04
2026-04-06 23:20:18,085 | Epoch 2 | Train: 1.0456 | Eval: 1.0209 | PPL: 2.78 | Time: 10.1m
2026-04-06 23:20:18,235 |   NEW BEST — saved
2026-04-06 23:20:42,180 | Epoch 3 | Step 3,200 | Loss: 0.9672 | LR: 2.83e-04
2026-04-06 23:21:20,747 | Epoch 3 | Step 3,400 | Loss: 0.9840 | LR: 2.80e-04
2026-04-06 23:21:59,291 | Epoch 3 | Step 3,600 | Loss: 0.9961 | LR: 2.76e-04
2026-04-06 23:22:37,836 | Epoch 3 | Step 3,800 | Loss: 0.9563 | LR: 2.73e-04
2026-04-06 23:23:16,385 | Epoch 3 | Step 4,000 | Loss: 0.9992 | LR: 2.69e-04
2026-04-06 23:23:54,937 | Epoch 3 | Step 4,200 | Loss: 0.9949 | LR: 2.65e-04
2026-04-06 23:24:33,510 | Epoch 3 | Step 4,400 | Loss: 0.9873 | LR: 2.61e-04
2026-04-06 23:25:12,069 | Epoch 3 | Step 4,600 | Loss: 1.0060 | LR: 2.56e-04
2026-04-06 23:25:20,785 | Epoch 3 | Train: 0.9934 | Eval: 0.9924 | PPL: 2.70 | Time: 15.1m
2026-04-06 23:25:20,936 |   NEW BEST — saved
2026-04-06 23:25:56,861 | Epoch 4 | Step 4,800 | Loss: 0.9660 | LR: 2.51e-04
2026-04-06 23:26:35,460 | Epoch 4 | Step 5,000 | Loss: 0.9330 | LR: 2.46e-04
2026-04-06 23:27:14,023 | Epoch 4 | Step 5,200 | Loss: 0.9508 | LR: 2.41e-04
2026-04-06 23:27:52,584 | Epoch 4 | Step 5,400 | Loss: 0.9789 | LR: 2.36e-04
2026-04-06 23:28:31,153 | Epoch 4 | Step 5,600 | Loss: 0.9586 | LR: 2.30e-04
2026-04-06 23:29:09,719 | Epoch 4 | Step 5,800 | Loss: 0.9557 | LR: 2.25e-04
2026-04-06 23:29:48,276 | Epoch 4 | Step 6,000 | Loss: 0.9573 | LR: 2.19e-04
2026-04-06 23:30:23,609 | Epoch 4 | Train: 0.9639 | Eval: 0.9760 | PPL: 2.65 | Time: 20.2m
2026-04-06 23:30:23,768 |   NEW BEST — saved
2026-04-06 23:30:33,058 | Epoch 5 | Step 6,200 | Loss: 0.8925 | LR: 2.13e-04
2026-04-06 23:31:11,641 | Epoch 5 | Step 6,400 | Loss: 0.9918 | LR: 2.07e-04
2026-04-06 23:31:50,243 | Epoch 5 | Step 6,600 | Loss: 0.9214 | LR: 2.01e-04
2026-04-06 23:32:28,870 | Epoch 5 | Step 6,800 | Loss: 0.9175 | LR: 1.95e-04
2026-04-06 23:33:07,458 | Epoch 5 | Step 7,000 | Loss: 0.9459 | LR: 1.89e-04
2026-04-06 23:33:46,024 | Epoch 5 | Step 7,200 | Loss: 0.9514 | LR: 1.82e-04
2026-04-06 23:34:24,572 | Epoch 5 | Step 7,400 | Loss: 0.9367 | LR: 1.76e-04
2026-04-06 23:35:03,133 | Epoch 5 | Step 7,600 | Loss: 0.9162 | LR: 1.69e-04
2026-04-06 23:35:26,489 | Epoch 5 | Train: 0.9408 | Eval: 0.9635 | PPL: 2.62 | Time: 25.2m
2026-04-06 23:35:26,639 |   NEW BEST — saved
2026-04-06 23:35:47,876 | Epoch 6 | Step 7,800 | Loss: 0.9205 | LR: 1.63e-04
2026-04-06 23:36:26,444 | Epoch 6 | Step 8,000 | Loss: 0.9832 | LR: 1.56e-04
2026-04-06 23:37:05,033 | Epoch 6 | Step 8,200 | Loss: 0.9843 | LR: 1.50e-04
2026-04-06 23:37:43,626 | Epoch 6 | Step 8,400 | Loss: 0.9108 | LR: 1.43e-04
2026-04-06 23:38:22,187 | Epoch 6 | Step 8,600 | Loss: 0.9425 | LR: 1.37e-04
2026-04-06 23:39:00,737 | Epoch 6 | Step 8,800 | Loss: 0.9042 | LR: 1.30e-04
2026-04-06 23:39:39,290 | Epoch 6 | Step 9,000 | Loss: 0.8937 | LR: 1.24e-04
2026-04-06 23:40:17,872 | Epoch 6 | Step 9,200 | Loss: 0.9046 | LR: 1.17e-04
2026-04-06 23:40:29,291 | Epoch 6 | Train: 0.9201 | Eval: 0.9563 | PPL: 2.60 | Time: 30.3m
2026-04-06 23:40:29,448 |   NEW BEST — saved
2026-04-06 23:41:02,654 | Epoch 7 | Step 9,400 | Loss: 0.8778 | LR: 1.11e-04
2026-04-06 23:41:41,214 | Epoch 7 | Step 9,600 | Loss: 0.8919 | LR: 1.05e-04
2026-04-06 23:42:19,791 | Epoch 7 | Step 9,800 | Loss: 0.8805 | LR: 9.84e-05
2026-04-06 23:42:58,357 | Epoch 7 | Step 10,000 | Loss: 0.8758 | LR: 9.22e-05
2026-04-06 23:43:36,913 | Epoch 7 | Step 10,200 | Loss: 0.8946 | LR: 8.63e-05
2026-04-06 23:44:15,478 | Epoch 7 | Step 10,400 | Loss: 0.8889 | LR: 8.04e-05
2026-04-06 23:44:54,052 | Epoch 7 | Step 10,600 | Loss: 0.9249 | LR: 7.47e-05
2026-04-06 23:45:32,062 | Epoch 7 | Train: 0.9023 | Eval: 0.9535 | PPL: 2.59 | Time: 35.3m
2026-04-06 23:45:32,195 |   NEW BEST — saved
2026-04-06 23:45:38,789 | Epoch 8 | Step 10,800 | Loss: 0.9173 | LR: 6.91e-05
2026-04-06 23:46:17,339 | Epoch 8 | Step 11,000 | Loss: 0.8865 | LR: 6.36e-05
2026-04-06 23:46:55,904 | Epoch 8 | Step 11,200 | Loss: 0.9009 | LR: 5.83e-05
2026-04-06 23:47:34,471 | Epoch 8 | Step 11,400 | Loss: 0.8838 | LR: 5.32e-05
2026-04-06 23:48:13,028 | Epoch 8 | Step 11,600 | Loss: 0.8999 | LR: 4.83e-05
2026-04-06 23:48:51,584 | Epoch 8 | Step 11,800 | Loss: 0.8973 | LR: 4.36e-05
2026-04-06 23:49:30,147 | Epoch 8 | Step 12,000 | Loss: 0.8867 | LR: 3.91e-05
2026-04-06 23:50:08,732 | Epoch 8 | Step 12,200 | Loss: 0.8722 | LR: 3.48e-05
2026-04-06 23:50:34,796 | Epoch 8 | Train: 0.8912 | Eval: 0.9535 | PPL: 2.59 | Time: 40.4m
2026-04-06 23:50:34,936 |   NEW BEST — saved
2026-04-06 23:50:53,484 | Epoch 9 | Step 12,400 | Loss: 0.9279 | LR: 3.07e-05
2026-04-06 23:51:32,049 | Epoch 9 | Step 12,600 | Loss: 0.9252 | LR: 2.68e-05
2026-04-06 23:52:10,607 | Epoch 9 | Step 12,800 | Loss: 0.8852 | LR: 2.32e-05
2026-04-06 23:52:49,170 | Epoch 9 | Step 13,000 | Loss: 0.9271 | LR: 1.98e-05
2026-04-06 23:53:27,720 | Epoch 9 | Step 13,200 | Loss: 0.9316 | LR: 1.67e-05
2026-04-06 23:54:06,291 | Epoch 9 | Step 13,400 | Loss: 0.8717 | LR: 1.38e-05
2026-04-06 23:54:44,852 | Epoch 9 | Step 13,600 | Loss: 0.9150 | LR: 1.12e-05
2026-04-06 23:55:23,415 | Epoch 9 | Step 13,800 | Loss: 0.8695 | LR: 8.86e-06
2026-04-06 23:55:37,531 | Epoch 9 | Train: 0.8863 | Eval: 0.9539 | PPL: 2.60 | Time: 45.4m
2026-04-06 23:55:37,620 |   No improvement (1/3)
2026-04-06 23:56:08,160 | Epoch 10 | Step 14,000 | Loss: 0.9158 | LR: 6.78e-06
2026-04-06 23:56:46,756 | Epoch 10 | Step 14,200 | Loss: 0.9361 | LR: 4.97e-06
2026-04-06 23:57:25,336 | Epoch 10 | Step 14,400 | Loss: 0.8652 | LR: 3.43e-06
2026-04-06 23:58:03,900 | Epoch 10 | Step 14,600 | Loss: 0.8769 | LR: 2.18e-06
2026-04-06 23:58:42,460 | Epoch 10 | Step 14,800 | Loss: 0.8847 | LR: 1.21e-06
2026-04-06 23:59:21,034 | Epoch 10 | Step 15,000 | Loss: 0.9008 | LR: 5.19e-07
2026-04-06 23:59:59,598 | Epoch 10 | Step 15,200 | Loss: 0.8750 | LR: 1.17e-07
2026-04-07 00:00:40,328 | Epoch 10 | Train: 0.8851 | Eval: 0.9538 | PPL: 2.60 | Time: 50.5m
2026-04-07 00:00:40,419 |   No improvement (2/3)
2026-04-07 00:00:40,441 | 
2026-04-07 00:00:40,443 | ============================================================
2026-04-07 00:00:40,445 | Config 4 (3.3M) COMPLETE
2026-04-07 00:00:40,447 | Best eval loss: 0.9535 | Best PPL: 2.59
2026-04-07 00:00:40,448 | Total time: 50.5m | Epochs: 10
2026-04-07 00:00:40,450 | ============================================================
