2026-04-06 18:54:23,570 | ============================================================
2026-04-06 18:54:23,571 | EXPERIMENT BETA — Config 7 (13.2M)
2026-04-06 18:54:23,573 | d=320 L=8 h=8 ff=1280
2026-04-06 18:54:23,574 | Device: cuda
2026-04-06 18:54:23,574 | ============================================================
2026-04-06 18:54:23,704 | Loaded byte table: 110284 entries from /workspace/13.2mBeta/../JalekCore_Base_Table.txt
2026-04-06 18:54:32,319 | bfloat16 enabled
2026-04-06 18:54:32,320 | bfloat16 enabled
2026-04-06 18:54:32,321 | Parameters: 13,194,560
2026-04-06 18:54:32,322 | Train: 393,816 | Eval: 20,728 | Batches/epoch: 1,538
2026-04-06 18:54:33,274 | Reference sentence (38 bytes): al [SPACE] mi [SPACE] indik [BOUNDARY] -i [SPACE] tr [BOUNDARY] -i [SPACE] en [SPACE] la [SPACE] supr [BOUNDARY] -a [SPACE] artikol [BOUNDARY] -o [SPACE] [SPACE] . [END]
2026-04-06 18:56:14,873 | Epoch 1 | Step 200 | Loss: 2.2882 | LR: 6.00e-05
2026-04-06 18:57:55,274 | Epoch 1 | Step 400 | Loss: 1.4709 | LR: 1.20e-04
2026-04-06 18:59:35,650 | Epoch 1 | Step 600 | Loss: 1.2755 | LR: 1.80e-04
2026-04-06 19:01:16,046 | Epoch 1 | Step 800 | Loss: 1.1567 | LR: 2.40e-04
2026-04-06 19:02:56,430 | Epoch 1 | Step 1,000 | Loss: 1.1300 | LR: 3.00e-04
2026-04-06 19:04:36,803 | Epoch 1 | Step 1,200 | Loss: 1.0717 | LR: 3.00e-04
2026-04-06 19:06:17,183 | Epoch 1 | Step 1,400 | Loss: 1.0704 | LR: 2.99e-04
2026-04-06 19:07:42,522 | Epoch 1 | Train: 1.6021 | Eval: 1.0467 | PPL: 2.85 | Time: 13.1m
2026-04-06 19:07:42,852 |   NEW BEST — saved
2026-04-06 19:08:14,052 | Epoch 2 | Step 1,600 | Loss: 1.0790 | LR: 2.99e-04
2026-04-06 19:09:54,465 | Epoch 2 | Step 1,800 | Loss: 1.0155 | LR: 2.98e-04
2026-04-06 19:11:34,881 | Epoch 2 | Step 2,000 | Loss: 1.0060 | LR: 2.96e-04
2026-04-06 19:13:15,273 | Epoch 2 | Step 2,200 | Loss: 1.0419 | LR: 2.95e-04
2026-04-06 19:14:55,714 | Epoch 2 | Step 2,400 | Loss: 0.9572 | LR: 2.93e-04
2026-04-06 19:16:36,148 | Epoch 2 | Step 2,600 | Loss: 1.0174 | LR: 2.91e-04
2026-04-06 19:18:16,592 | Epoch 2 | Step 2,800 | Loss: 0.9707 | LR: 2.89e-04
2026-04-06 19:19:57,028 | Epoch 2 | Step 3,000 | Loss: 0.9886 | LR: 2.86e-04
2026-04-06 19:20:51,059 | Epoch 2 | Train: 1.0005 | Eval: 0.9792 | PPL: 2.66 | Time: 26.3m
2026-04-06 19:20:51,411 |   NEW BEST — saved
2026-04-06 19:21:53,753 | Epoch 3 | Step 3,200 | Loss: 0.9613 | LR: 2.83e-04
2026-04-06 19:23:34,171 | Epoch 3 | Step 3,400 | Loss: 0.9469 | LR: 2.80e-04
2026-04-06 19:25:14,541 | Epoch 3 | Step 3,600 | Loss: 0.9745 | LR: 2.76e-04
2026-04-06 19:26:54,916 | Epoch 3 | Step 3,800 | Loss: 0.9652 | LR: 2.73e-04
2026-04-06 19:28:35,298 | Epoch 3 | Step 4,000 | Loss: 0.9301 | LR: 2.69e-04
2026-04-06 19:30:15,684 | Epoch 3 | Step 4,200 | Loss: 0.9144 | LR: 2.65e-04
2026-04-06 19:31:56,062 | Epoch 3 | Step 4,400 | Loss: 0.9160 | LR: 2.61e-04
2026-04-06 19:33:36,462 | Epoch 3 | Step 4,600 | Loss: 0.9087 | LR: 2.56e-04
2026-04-06 19:33:59,254 | Epoch 3 | Train: 0.9461 | Eval: 0.9532 | PPL: 2.59 | Time: 39.4m
2026-04-06 19:33:59,561 |   NEW BEST — saved
2026-04-06 19:35:32,946 | Epoch 4 | Step 4,800 | Loss: 0.9119 | LR: 2.51e-04
2026-04-06 19:37:13,293 | Epoch 4 | Step 5,000 | Loss: 0.8938 | LR: 2.46e-04
2026-04-06 19:38:53,630 | Epoch 4 | Step 5,200 | Loss: 0.9076 | LR: 2.41e-04
2026-04-06 19:40:34,009 | Epoch 4 | Step 5,400 | Loss: 0.9251 | LR: 2.36e-04
2026-04-06 19:42:14,373 | Epoch 4 | Step 5,600 | Loss: 0.8846 | LR: 2.30e-04
2026-04-06 19:43:54,739 | Epoch 4 | Step 5,800 | Loss: 0.9014 | LR: 2.25e-04
2026-04-06 19:45:35,108 | Epoch 4 | Step 6,000 | Loss: 0.8875 | LR: 2.19e-04
2026-04-06 19:47:07,167 | Epoch 4 | Train: 0.9055 | Eval: 0.9357 | PPL: 2.55 | Time: 52.6m
2026-04-06 19:47:07,470 |   NEW BEST — saved
2026-04-06 19:47:31,594 | Epoch 5 | Step 6,200 | Loss: 0.8437 | LR: 2.13e-04
2026-04-06 19:49:11,946 | Epoch 5 | Step 6,400 | Loss: 0.8779 | LR: 2.07e-04
2026-04-06 19:50:52,327 | Epoch 5 | Step 6,600 | Loss: 0.8697 | LR: 2.01e-04
2026-04-06 19:52:32,686 | Epoch 5 | Step 6,800 | Loss: 0.8415 | LR: 1.95e-04
2026-04-06 19:54:13,053 | Epoch 5 | Step 7,000 | Loss: 0.8760 | LR: 1.89e-04
2026-04-06 19:55:53,404 | Epoch 5 | Step 7,200 | Loss: 0.8489 | LR: 1.82e-04
2026-04-06 19:57:33,763 | Epoch 5 | Step 7,400 | Loss: 0.8677 | LR: 1.76e-04
2026-04-06 19:59:14,131 | Epoch 5 | Step 7,600 | Loss: 0.8402 | LR: 1.69e-04
2026-04-06 20:00:15,073 | Epoch 5 | Train: 0.8642 | Eval: 0.9279 | PPL: 2.53 | Time: 65.7m
2026-04-06 20:00:15,393 |   NEW BEST — saved
2026-04-06 20:01:10,644 | Epoch 6 | Step 7,800 | Loss: 0.8408 | LR: 1.63e-04
2026-04-06 20:02:51,008 | Epoch 6 | Step 8,000 | Loss: 0.8271 | LR: 1.56e-04
2026-04-06 20:04:31,394 | Epoch 6 | Step 8,200 | Loss: 0.8490 | LR: 1.50e-04
2026-04-06 20:06:11,772 | Epoch 6 | Step 8,400 | Loss: 0.8090 | LR: 1.43e-04
2026-04-06 20:07:52,147 | Epoch 6 | Step 8,600 | Loss: 0.8416 | LR: 1.37e-04
2026-04-06 20:09:32,529 | Epoch 6 | Step 8,800 | Loss: 0.7778 | LR: 1.30e-04
2026-04-06 20:11:12,931 | Epoch 6 | Step 9,000 | Loss: 0.8257 | LR: 1.24e-04
2026-04-06 20:12:53,324 | Epoch 6 | Step 9,200 | Loss: 0.8272 | LR: 1.17e-04
2026-04-06 20:13:23,147 | Epoch 6 | Train: 0.8196 | Eval: 0.9278 | PPL: 2.53 | Time: 78.8m
2026-04-06 20:13:23,562 |   NEW BEST — saved
2026-04-06 20:14:49,934 | Epoch 7 | Step 9,400 | Loss: 0.7874 | LR: 1.11e-04
2026-04-06 20:16:30,318 | Epoch 7 | Step 9,600 | Loss: 0.7791 | LR: 1.05e-04
2026-04-06 20:18:10,679 | Epoch 7 | Step 9,800 | Loss: 0.7975 | LR: 9.84e-05
2026-04-06 20:19:51,051 | Epoch 7 | Step 10,000 | Loss: 0.7760 | LR: 9.22e-05
2026-04-06 20:21:31,452 | Epoch 7 | Step 10,200 | Loss: 0.7959 | LR: 8.63e-05
2026-04-06 20:23:11,841 | Epoch 7 | Step 10,400 | Loss: 0.7923 | LR: 8.04e-05
2026-04-06 20:24:52,212 | Epoch 7 | Step 10,600 | Loss: 0.7866 | LR: 7.47e-05
2026-04-06 20:26:31,322 | Epoch 7 | Train: 0.7754 | Eval: 0.9372 | PPL: 2.55 | Time: 92.0m
2026-04-06 20:26:31,500 |   No improvement (1/3)
2026-04-06 20:26:48,604 | Epoch 8 | Step 10,800 | Loss: 0.7397 | LR: 6.91e-05
2026-04-06 20:28:28,980 | Epoch 8 | Step 11,000 | Loss: 0.7289 | LR: 6.36e-05
2026-04-06 20:30:09,359 | Epoch 8 | Step 11,200 | Loss: 0.7224 | LR: 5.83e-05
2026-04-06 20:31:49,735 | Epoch 8 | Step 11,400 | Loss: 0.7367 | LR: 5.32e-05
2026-04-06 20:33:30,110 | Epoch 8 | Step 11,600 | Loss: 0.7486 | LR: 4.83e-05
2026-04-06 20:35:10,520 | Epoch 8 | Step 11,800 | Loss: 0.7572 | LR: 4.36e-05
2026-04-06 20:36:50,893 | Epoch 8 | Step 12,000 | Loss: 0.7160 | LR: 3.91e-05
2026-04-06 20:38:31,277 | Epoch 8 | Step 12,200 | Loss: 0.7738 | LR: 3.48e-05
2026-04-06 20:39:39,239 | Epoch 8 | Train: 0.7467 | Eval: 0.9461 | PPL: 2.58 | Time: 105.1m
2026-04-06 20:39:39,413 |   No improvement (2/3)
2026-04-06 20:40:27,660 | Epoch 9 | Step 12,400 | Loss: 0.7658 | LR: 3.07e-05
2026-04-06 20:42:08,031 | Epoch 9 | Step 12,600 | Loss: 0.7397 | LR: 2.68e-05
2026-04-06 20:43:48,413 | Epoch 9 | Step 12,800 | Loss: 0.7607 | LR: 2.32e-05
2026-04-06 20:45:28,792 | Epoch 9 | Step 13,000 | Loss: 0.7590 | LR: 1.98e-05
2026-04-06 20:47:09,183 | Epoch 9 | Step 13,200 | Loss: 0.7388 | LR: 1.67e-05
2026-04-06 20:48:49,565 | Epoch 9 | Step 13,400 | Loss: 0.7383 | LR: 1.38e-05
2026-04-06 20:50:29,965 | Epoch 9 | Step 13,600 | Loss: 0.7424 | LR: 1.12e-05
2026-04-06 20:52:10,355 | Epoch 9 | Step 13,800 | Loss: 0.7210 | LR: 8.86e-06
2026-04-06 20:52:47,211 | Epoch 9 | Train: 0.7342 | Eval: 0.9506 | PPL: 2.59 | Time: 118.2m
2026-04-06 20:52:47,374 |   No improvement (3/3)
2026-04-06 20:52:47,376 |   EARLY STOP — loss flattened after 9 epochs
2026-04-06 20:52:47,406 | 
2026-04-06 20:52:47,407 | ============================================================
2026-04-06 20:52:47,408 | Config 7 (13.2M) COMPLETE
2026-04-06 20:52:47,410 | Best eval loss: 0.9278 | Best PPL: 2.53
2026-04-06 20:52:47,411 | Total time: 118.2m | Epochs: 9
2026-04-06 20:52:47,412 | ============================================================
