2026-04-06 12:45:13,394 | ============================================================
2026-04-06 12:45:13,394 | EXPERIMENT BETA — Config 1 (226K)
2026-04-06 12:45:13,394 | d=80 L=2 h=2 ff=320
2026-04-06 12:45:13,394 | Device: cuda
2026-04-06 12:45:13,394 | ============================================================
2026-04-06 12:45:13,471 | Loaded byte table: 110284 entries from C:\Users\Travi\OneDrive\Desktop\Project Beta\226kBeta\..\JalekCore_Base_Table.txt
2026-04-06 12:45:21,508 | bfloat16 enabled
2026-04-06 12:45:21,512 | Parameters: 225,680
2026-04-06 12:45:21,512 | Train: 393,816 | Eval: 20,728 | Batches/epoch: 1,538
2026-04-06 12:45:22,487 | Reference sentence (38 bytes): al [SPACE] mi [SPACE] indik [BOUNDARY] -i [SPACE] tr [BOUNDARY] -i [SPACE] en [SPACE] la [SPACE] supr [BOUNDARY] -a [SPACE] artikol [BOUNDARY] -o [SPACE] [SPACE] . [END]
2026-04-06 12:45:44,563 | Epoch 1 | Step 200 | Loss: 4.7579 | LR: 6.00e-05
2026-04-06 12:45:59,559 | Epoch 1 | Step 400 | Loss: 3.5436 | LR: 1.20e-04
2026-04-06 12:46:14,561 | Epoch 1 | Step 600 | Loss: 2.1529 | LR: 1.80e-04
2026-04-06 12:46:29,563 | Epoch 1 | Step 800 | Loss: 1.9273 | LR: 2.40e-04
2026-04-06 12:46:44,563 | Epoch 1 | Step 1,000 | Loss: 1.6610 | LR: 3.00e-04
2026-04-06 12:46:59,569 | Epoch 1 | Step 1,200 | Loss: 1.5870 | LR: 3.00e-04
2026-04-06 12:47:14,566 | Epoch 1 | Step 1,400 | Loss: 1.5124 | LR: 2.99e-04
2026-04-06 12:47:33,839 | Epoch 1 | Train: 2.6033 | Eval: 1.4750 | PPL: 4.37 | Time: 2.2m
2026-04-06 12:47:33,903 |   NEW BEST — saved
2026-04-06 12:47:38,588 | Epoch 2 | Step 1,600 | Loss: 1.4484 | LR: 2.99e-04
2026-04-06 12:47:53,586 | Epoch 2 | Step 1,800 | Loss: 1.4476 | LR: 2.98e-04
2026-04-06 12:48:08,739 | Epoch 2 | Step 2,000 | Loss: 1.4039 | LR: 2.96e-04
2026-04-06 12:48:23,847 | Epoch 2 | Step 2,200 | Loss: 1.3908 | LR: 2.95e-04
2026-04-06 12:48:38,845 | Epoch 2 | Step 2,400 | Loss: 1.3995 | LR: 2.93e-04
2026-04-06 12:48:53,839 | Epoch 2 | Step 2,600 | Loss: 1.3889 | LR: 2.91e-04
2026-04-06 12:49:08,834 | Epoch 2 | Step 2,800 | Loss: 1.3340 | LR: 2.89e-04
2026-04-06 12:49:23,834 | Epoch 2 | Step 3,000 | Loss: 1.3973 | LR: 2.86e-04
2026-04-06 12:49:31,789 | Epoch 2 | Train: 1.4025 | Eval: 1.3720 | PPL: 3.94 | Time: 4.2m
2026-04-06 12:49:31,806 |   NEW BEST — saved
2026-04-06 12:49:41,137 | Epoch 3 | Step 3,200 | Loss: 1.3673 | LR: 2.83e-04
2026-04-06 12:49:56,140 | Epoch 3 | Step 3,400 | Loss: 1.3281 | LR: 2.80e-04
2026-04-06 12:50:11,139 | Epoch 3 | Step 3,600 | Loss: 1.4040 | LR: 2.76e-04
2026-04-06 12:50:26,140 | Epoch 3 | Step 3,800 | Loss: 1.3625 | LR: 2.73e-04
2026-04-06 12:50:41,143 | Epoch 3 | Step 4,000 | Loss: 1.3755 | LR: 2.69e-04
2026-04-06 12:50:56,153 | Epoch 3 | Step 4,200 | Loss: 1.3217 | LR: 2.65e-04
2026-04-06 12:51:11,152 | Epoch 3 | Step 4,400 | Loss: 1.4084 | LR: 2.61e-04
2026-04-06 12:51:26,155 | Epoch 3 | Step 4,600 | Loss: 1.3361 | LR: 2.56e-04
2026-04-06 12:51:29,460 | Epoch 3 | Train: 1.3449 | Eval: 1.3380 | PPL: 3.81 | Time: 6.1m
2026-04-06 12:51:29,477 |   NEW BEST — saved
2026-04-06 12:51:43,463 | Epoch 4 | Step 4,800 | Loss: 1.3617 | LR: 2.51e-04
2026-04-06 12:51:58,466 | Epoch 4 | Step 5,000 | Loss: 1.2896 | LR: 2.46e-04
2026-04-06 12:52:13,466 | Epoch 4 | Step 5,200 | Loss: 1.3384 | LR: 2.41e-04
2026-04-06 12:52:28,468 | Epoch 4 | Step 5,400 | Loss: 1.3716 | LR: 2.36e-04
2026-04-06 12:52:43,469 | Epoch 4 | Step 5,600 | Loss: 1.3429 | LR: 2.30e-04
2026-04-06 12:52:58,462 | Epoch 4 | Step 5,800 | Loss: 1.2998 | LR: 2.25e-04
2026-04-06 12:53:13,454 | Epoch 4 | Step 6,000 | Loss: 1.3059 | LR: 2.19e-04
2026-04-06 12:53:27,105 | Epoch 4 | Train: 1.3232 | Eval: 1.3232 | PPL: 3.76 | Time: 8.1m
2026-04-06 12:53:27,122 |   NEW BEST — saved
2026-04-06 12:53:30,761 | Epoch 5 | Step 6,200 | Loss: 1.3276 | LR: 2.13e-04
2026-04-06 12:53:45,765 | Epoch 5 | Step 6,400 | Loss: 1.3118 | LR: 2.07e-04
2026-04-06 12:54:00,758 | Epoch 5 | Step 6,600 | Loss: 1.3025 | LR: 2.01e-04
2026-04-06 12:54:15,752 | Epoch 5 | Step 6,800 | Loss: 1.2755 | LR: 1.95e-04
2026-04-06 12:54:30,743 | Epoch 5 | Step 7,000 | Loss: 1.3468 | LR: 1.89e-04
2026-04-06 12:54:45,729 | Epoch 5 | Step 7,200 | Loss: 1.3338 | LR: 1.82e-04
2026-04-06 12:55:00,723 | Epoch 5 | Step 7,400 | Loss: 1.3331 | LR: 1.76e-04
2026-04-06 12:55:15,714 | Epoch 5 | Step 7,600 | Loss: 1.3504 | LR: 1.69e-04
2026-04-06 12:55:24,711 | Epoch 5 | Train: 1.3128 | Eval: 1.3161 | PPL: 3.73 | Time: 10.0m
2026-04-06 12:55:24,727 |   NEW BEST — saved
2026-04-06 12:55:33,008 | Epoch 6 | Step 7,800 | Loss: 1.2851 | LR: 1.63e-04
2026-04-06 12:55:48,000 | Epoch 6 | Step 8,000 | Loss: 1.2923 | LR: 1.56e-04
2026-04-06 12:56:03,004 | Epoch 6 | Step 8,200 | Loss: 1.2957 | LR: 1.50e-04
2026-04-06 12:56:17,999 | Epoch 6 | Step 8,400 | Loss: 1.3056 | LR: 1.43e-04
2026-04-06 12:56:32,985 | Epoch 6 | Step 8,600 | Loss: 1.3244 | LR: 1.37e-04
2026-04-06 12:56:47,977 | Epoch 6 | Step 8,800 | Loss: 1.2571 | LR: 1.30e-04
2026-04-06 12:57:02,965 | Epoch 6 | Step 9,000 | Loss: 1.2659 | LR: 1.24e-04
2026-04-06 12:57:17,957 | Epoch 6 | Step 9,200 | Loss: 1.2971 | LR: 1.17e-04
2026-04-06 12:57:22,309 | Epoch 6 | Train: 1.3071 | Eval: 1.3121 | PPL: 3.71 | Time: 12.0m
2026-04-06 12:57:22,329 |   NEW BEST — saved
2026-04-06 12:57:35,259 | Epoch 7 | Step 9,400 | Loss: 1.3177 | LR: 1.11e-04
2026-04-06 12:57:50,254 | Epoch 7 | Step 9,600 | Loss: 1.2865 | LR: 1.05e-04
2026-04-06 12:58:05,247 | Epoch 7 | Step 9,800 | Loss: 1.2946 | LR: 9.84e-05
2026-04-06 12:58:20,242 | Epoch 7 | Step 10,000 | Loss: 1.3584 | LR: 9.22e-05
2026-04-06 12:58:35,237 | Epoch 7 | Step 10,200 | Loss: 1.2804 | LR: 8.63e-05
2026-04-06 12:58:50,230 | Epoch 7 | Step 10,400 | Loss: 1.3629 | LR: 8.04e-05
2026-04-06 12:59:05,225 | Epoch 7 | Step 10,600 | Loss: 1.2703 | LR: 7.47e-05
2026-04-06 12:59:19,919 | Epoch 7 | Train: 1.3039 | Eval: 1.3097 | PPL: 3.71 | Time: 14.0m
2026-04-06 12:59:19,936 |   NEW BEST — saved
2026-04-06 12:59:22,507 | Epoch 8 | Step 10,800 | Loss: 1.2817 | LR: 6.91e-05
2026-04-06 12:59:37,510 | Epoch 8 | Step 11,000 | Loss: 1.2895 | LR: 6.36e-05
2026-04-06 12:59:52,501 | Epoch 8 | Step 11,200 | Loss: 1.2860 | LR: 5.83e-05
2026-04-06 13:00:07,492 | Epoch 8 | Step 11,400 | Loss: 1.2896 | LR: 5.32e-05
2026-04-06 13:00:22,484 | Epoch 8 | Step 11,600 | Loss: 1.3602 | LR: 4.83e-05
2026-04-06 13:00:37,484 | Epoch 8 | Step 11,800 | Loss: 1.2739 | LR: 4.36e-05
2026-04-06 13:00:52,477 | Epoch 8 | Step 12,000 | Loss: 1.3166 | LR: 3.91e-05
2026-04-06 13:01:07,482 | Epoch 8 | Step 12,200 | Loss: 1.3369 | LR: 3.48e-05
2026-04-06 13:01:17,542 | Epoch 8 | Train: 1.3023 | Eval: 1.3093 | PPL: 3.70 | Time: 15.9m
2026-04-06 13:01:17,560 |   NEW BEST — saved
2026-04-06 13:01:24,794 | Epoch 9 | Step 12,400 | Loss: 1.3569 | LR: 3.07e-05
2026-04-06 13:01:39,786 | Epoch 9 | Step 12,600 | Loss: 1.2937 | LR: 2.68e-05
2026-04-06 13:01:54,781 | Epoch 9 | Step 12,800 | Loss: 1.3192 | LR: 2.32e-05
2026-04-06 13:02:09,771 | Epoch 9 | Step 13,000 | Loss: 1.2438 | LR: 1.98e-05
2026-04-06 13:02:24,759 | Epoch 9 | Step 13,200 | Loss: 1.2457 | LR: 1.67e-05
2026-04-06 13:02:39,749 | Epoch 9 | Step 13,400 | Loss: 1.3492 | LR: 1.38e-05
2026-04-06 13:02:54,739 | Epoch 9 | Step 13,600 | Loss: 1.2520 | LR: 1.12e-05
2026-04-06 13:03:09,728 | Epoch 9 | Step 13,800 | Loss: 1.3032 | LR: 8.86e-06
2026-04-06 13:03:15,130 | Epoch 9 | Train: 1.3017 | Eval: 1.3090 | PPL: 3.70 | Time: 17.9m
2026-04-06 13:03:15,149 |   NEW BEST — saved
2026-04-06 13:03:27,031 | Epoch 10 | Step 14,000 | Loss: 1.2876 | LR: 6.78e-06
2026-04-06 13:03:42,019 | Epoch 10 | Step 14,200 | Loss: 1.3185 | LR: 4.97e-06
2026-04-06 13:03:57,012 | Epoch 10 | Step 14,400 | Loss: 1.2909 | LR: 3.43e-06
2026-04-06 13:04:12,009 | Epoch 10 | Step 14,600 | Loss: 1.3373 | LR: 2.18e-06
2026-04-06 13:04:26,996 | Epoch 10 | Step 14,800 | Loss: 1.3412 | LR: 1.21e-06
2026-04-06 13:04:41,985 | Epoch 10 | Step 15,000 | Loss: 1.2974 | LR: 5.19e-07
2026-04-06 13:04:56,974 | Epoch 10 | Step 15,200 | Loss: 1.3014 | LR: 1.17e-07
2026-04-06 13:05:12,721 | Epoch 10 | Train: 1.3016 | Eval: 1.3089 | PPL: 3.70 | Time: 19.8m
2026-04-06 13:05:12,738 |   NEW BEST — saved
2026-04-06 13:05:12,739 | 
2026-04-06 13:05:12,739 | ============================================================
2026-04-06 13:05:12,739 | Config 1 (226K) COMPLETE
2026-04-06 13:05:12,739 | Best eval loss: 1.3089 | Best PPL: 3.70
2026-04-06 13:05:12,739 | Total time: 19.8m | Epochs: 10
2026-04-06 13:05:12,739 | ============================================================
