2026-04-06 16:18:04,998 | ============================================================
2026-04-06 16:18:04,999 | EXPERIMENT BETA — Config 8 (18.8M)
2026-04-06 16:18:05,000 | d=360 L=9 h=9 ff=1440
2026-04-06 16:18:05,000 | Device: cuda
2026-04-06 16:18:05,001 | ============================================================
2026-04-06 16:18:05,136 | Loaded byte table: 110284 entries from /workspace/18.8mBeta/../JalekCore_Base_Table.txt
2026-04-06 16:18:13,180 | bfloat16 enabled
2026-04-06 16:18:13,181 | Parameters: 18,761,400
2026-04-06 16:18:13,182 | Train: 393,816 | Eval: 20,728 | Batches/epoch: 1,538
2026-04-06 16:18:13,851 | Reference sentence (38 bytes): al [SPACE] mi [SPACE] indik [BOUNDARY] -i [SPACE] tr [BOUNDARY] -i [SPACE] en [SPACE] la [SPACE] supr [BOUNDARY] -a [SPACE] artikol [BOUNDARY] -o [SPACE] [SPACE] . [END]
2026-04-06 16:20:21,744 | Epoch 1 | Step 200 | Loss: 2.0567 | LR: 6.00e-05
2026-04-06 16:22:28,395 | Epoch 1 | Step 400 | Loss: 1.4384 | LR: 1.20e-04
2026-04-06 16:24:35,048 | Epoch 1 | Step 600 | Loss: 1.2597 | LR: 1.80e-04
2026-04-06 16:26:41,687 | Epoch 1 | Step 800 | Loss: 1.1470 | LR: 2.40e-04
2026-04-06 16:28:48,326 | Epoch 1 | Step 1,000 | Loss: 1.1461 | LR: 3.00e-04
2026-04-06 16:30:54,978 | Epoch 1 | Step 1,200 | Loss: 1.0681 | LR: 3.00e-04
2026-04-06 16:33:01,614 | Epoch 1 | Step 1,400 | Loss: 1.0527 | LR: 2.99e-04
2026-04-06 16:34:48,634 | Epoch 1 | Train: 1.5565 | Eval: 1.0415 | PPL: 2.83 | Time: 16.6m
2026-04-06 16:34:49,045 |   NEW BEST — saved
2026-04-06 16:35:28,356 | Epoch 2 | Step 1,600 | Loss: 1.0038 | LR: 2.99e-04
2026-04-06 16:37:35,006 | Epoch 2 | Step 1,800 | Loss: 1.0025 | LR: 2.98e-04
2026-04-06 16:39:41,664 | Epoch 2 | Step 2,000 | Loss: 0.9612 | LR: 2.96e-04
2026-04-06 16:41:48,334 | Epoch 2 | Step 2,200 | Loss: 0.9581 | LR: 2.95e-04
2026-04-06 16:43:54,995 | Epoch 2 | Step 2,400 | Loss: 0.9814 | LR: 2.93e-04
2026-04-06 16:46:01,698 | Epoch 2 | Step 2,600 | Loss: 0.9657 | LR: 2.91e-04
2026-04-06 16:48:08,405 | Epoch 2 | Step 2,800 | Loss: 0.9880 | LR: 2.89e-04
2026-04-06 16:50:15,108 | Epoch 2 | Step 3,000 | Loss: 0.9286 | LR: 2.86e-04
2026-04-06 16:51:22,765 | Epoch 2 | Train: 0.9939 | Eval: 0.9755 | PPL: 2.65 | Time: 33.1m
2026-04-06 16:51:23,147 |   NEW BEST — saved
2026-04-06 16:52:41,759 | Epoch 3 | Step 3,200 | Loss: 0.9624 | LR: 2.83e-04
2026-04-06 16:54:48,533 | Epoch 3 | Step 3,400 | Loss: 0.9492 | LR: 2.80e-04
2026-04-06 16:56:55,199 | Epoch 3 | Step 3,600 | Loss: 0.9290 | LR: 2.76e-04
2026-04-06 16:59:01,951 | Epoch 3 | Step 3,800 | Loss: 0.9343 | LR: 2.73e-04
2026-04-06 17:01:08,725 | Epoch 3 | Step 4,000 | Loss: 0.9229 | LR: 2.69e-04
2026-04-06 17:03:15,465 | Epoch 3 | Step 4,200 | Loss: 0.9382 | LR: 2.65e-04
2026-04-06 17:05:22,222 | Epoch 3 | Step 4,400 | Loss: 0.9289 | LR: 2.61e-04
2026-04-06 17:07:29,010 | Epoch 3 | Step 4,600 | Loss: 0.9234 | LR: 2.56e-04
2026-04-06 17:07:57,425 | Epoch 3 | Train: 0.9383 | Eval: 0.9467 | PPL: 2.58 | Time: 49.7m
2026-04-06 17:07:57,817 |   NEW BEST — saved
2026-04-06 17:09:55,699 | Epoch 4 | Step 4,800 | Loss: 0.8889 | LR: 2.51e-04
2026-04-06 17:12:02,438 | Epoch 4 | Step 5,000 | Loss: 0.8793 | LR: 2.46e-04
2026-04-06 17:14:09,199 | Epoch 4 | Step 5,200 | Loss: 0.9021 | LR: 2.41e-04
2026-04-06 17:16:15,890 | Epoch 4 | Step 5,400 | Loss: 0.9006 | LR: 2.36e-04
2026-04-06 17:18:22,620 | Epoch 4 | Step 5,600 | Loss: 0.9135 | LR: 2.30e-04
2026-04-06 17:20:29,293 | Epoch 4 | Step 5,800 | Loss: 0.8842 | LR: 2.25e-04
2026-04-06 17:22:35,973 | Epoch 4 | Step 6,000 | Loss: 0.9035 | LR: 2.19e-04
2026-04-06 17:24:31,813 | Epoch 4 | Train: 0.8946 | Eval: 0.9311 | PPL: 2.54 | Time: 66.3m
2026-04-06 17:24:32,235 |   NEW BEST — saved
2026-04-06 17:25:02,676 | Epoch 5 | Step 6,200 | Loss: 0.8546 | LR: 2.13e-04
2026-04-06 17:27:09,365 | Epoch 5 | Step 6,400 | Loss: 0.8582 | LR: 2.07e-04
2026-04-06 17:29:16,058 | Epoch 5 | Step 6,600 | Loss: 0.8158 | LR: 2.01e-04
2026-04-06 17:31:22,728 | Epoch 5 | Step 6,800 | Loss: 0.8429 | LR: 1.95e-04
2026-04-06 17:33:29,400 | Epoch 5 | Step 7,000 | Loss: 0.8515 | LR: 1.89e-04
2026-04-06 17:35:36,042 | Epoch 5 | Step 7,200 | Loss: 0.8493 | LR: 1.82e-04
2026-04-06 17:37:42,664 | Epoch 5 | Step 7,400 | Loss: 0.8476 | LR: 1.76e-04
2026-04-06 17:39:49,305 | Epoch 5 | Step 7,600 | Loss: 0.8507 | LR: 1.69e-04
2026-04-06 17:41:05,817 | Epoch 5 | Train: 0.8473 | Eval: 0.9246 | PPL: 2.52 | Time: 82.9m
2026-04-06 17:41:06,365 |   NEW BEST — saved
2026-04-06 17:42:16,087 | Epoch 6 | Step 7,800 | Loss: 0.7913 | LR: 1.63e-04
2026-04-06 17:44:22,778 | Epoch 6 | Step 8,000 | Loss: 0.7886 | LR: 1.56e-04
2026-04-06 17:46:29,451 | Epoch 6 | Step 8,200 | Loss: 0.8081 | LR: 1.50e-04
2026-04-06 17:48:36,152 | Epoch 6 | Step 8,400 | Loss: 0.7914 | LR: 1.43e-04
2026-04-06 17:50:42,846 | Epoch 6 | Step 8,600 | Loss: 0.7912 | LR: 1.37e-04
2026-04-06 17:52:49,517 | Epoch 6 | Step 8,800 | Loss: 0.7857 | LR: 1.30e-04
2026-04-06 17:54:56,182 | Epoch 6 | Step 9,000 | Loss: 0.7665 | LR: 1.24e-04
2026-04-06 17:57:02,848 | Epoch 6 | Step 9,200 | Loss: 0.7825 | LR: 1.17e-04
2026-04-06 17:57:40,118 | Epoch 6 | Train: 0.7942 | Eval: 0.9272 | PPL: 2.53 | Time: 99.4m
2026-04-06 17:57:40,329 |   No improvement (1/3)
2026-04-06 17:59:29,343 | Epoch 7 | Step 9,400 | Loss: 0.7277 | LR: 1.11e-04
2026-04-06 18:01:36,034 | Epoch 7 | Step 9,600 | Loss: 0.7353 | LR: 1.05e-04
2026-04-06 18:03:42,754 | Epoch 7 | Step 9,800 | Loss: 0.7469 | LR: 9.84e-05
2026-04-06 18:05:49,469 | Epoch 7 | Step 10,000 | Loss: 0.7454 | LR: 9.22e-05
2026-04-06 18:07:56,179 | Epoch 7 | Step 10,200 | Loss: 0.7094 | LR: 8.63e-05
2026-04-06 18:10:02,884 | Epoch 7 | Step 10,400 | Loss: 0.7263 | LR: 8.04e-05
2026-04-06 18:12:09,561 | Epoch 7 | Step 10,600 | Loss: 0.7411 | LR: 7.47e-05
2026-04-06 18:14:14,229 | Epoch 7 | Train: 0.7407 | Eval: 0.9418 | PPL: 2.56 | Time: 116.0m
2026-04-06 18:14:14,429 |   No improvement (2/3)
2026-04-06 18:14:36,015 | Epoch 8 | Step 10,800 | Loss: 0.7117 | LR: 6.91e-05
2026-04-06 18:16:42,700 | Epoch 8 | Step 11,000 | Loss: 0.7184 | LR: 6.36e-05
2026-04-06 18:18:49,383 | Epoch 8 | Step 11,200 | Loss: 0.6973 | LR: 5.83e-05
2026-04-06 18:20:56,087 | Epoch 8 | Step 11,400 | Loss: 0.6931 | LR: 5.32e-05
2026-04-06 18:23:02,768 | Epoch 8 | Step 11,600 | Loss: 0.7088 | LR: 4.83e-05
2026-04-06 18:25:09,446 | Epoch 8 | Step 11,800 | Loss: 0.7085 | LR: 4.36e-05
2026-04-06 18:27:16,119 | Epoch 8 | Step 12,000 | Loss: 0.7110 | LR: 3.91e-05
2026-04-06 18:29:22,786 | Epoch 8 | Step 12,200 | Loss: 0.7133 | LR: 3.48e-05
2026-04-06 18:30:48,205 | Epoch 8 | Train: 0.7056 | Eval: 0.9566 | PPL: 2.60 | Time: 132.6m
2026-04-06 18:30:48,426 |   No improvement (3/3)
2026-04-06 18:30:48,428 |   EARLY STOP — loss flattened after 8 epochs
2026-04-06 18:30:48,446 | 
2026-04-06 18:30:48,448 | ============================================================
2026-04-06 18:30:48,449 | Config 8 (18.8M) COMPLETE
2026-04-06 18:30:48,450 | Best eval loss: 0.9246 | Best PPL: 2.52
2026-04-06 18:30:48,452 | Total time: 132.6m | Epochs: 8
2026-04-06 18:30:48,453 | ============================================================
